<?xml version="1.0" encoding="utf-8"?>
<ESRXmlFile Version="1" Timestamp="2020-11-18T15:56:51.7011438Z">
  <Data>
    <Measurement Name="Trityl_02" Device="MS-5000 [11-0096]" FWV="FW master: 2.12.2&#xD;&#xA;FW slavemw: 2.19.9&#xD;&#xA;FW slavebf: 2.4.6&#xD;&#xA;FW slaveiq: 2.3.0&#xD;&#xA;FW goniometer: 2.2.1" SWV="ESRStudio 1.74.2" Timestamp="2020-11-18T16:56:04.7711468+01:00" MwFreq="9.48958423609322" GonAngle="0" Temperature="30.1159439086914" Concentration="0" ConcentrationUnit="" XDatasource="BField" XUnit="mT" YDatasource="MW_Absorption" YUnit="" Mode="Vis" Mass="0" SampleDiameter="1" SampleHeight="60" SpinConcentration="-2.15561088721293E+17" SpinCount="-1.01580769908995E+16" SpinsPerMole="-0.000357947603418691" TotalElectronSpin="0.5" MarkerAmplitude="NaN" MarkerPosition="NaN" NonMarkerAmplitude="250.839833472544" AmbientTemperature1="0" AmbientTemperature2="0" AmbientHumidity="0" QFactor="2441.60766601563" Phase="0" FilterPrm0="0.01" FilterType="DIG">
      <Recipe Name="Trityl" Author="" Type="single" MeasurementCount="1" CreationDate="2020-11-18T15:56:04.761972Z">
        <Parameters>
          <Param Name="Accumulations">1</Param>
          <Param Name="RetryCount">0</Param>
          <Param Name="AbortOnError">True</Param>
          <Param Name="EnableQFactorMeasurement">True</Param>
          <Param Name="EnableFirstHarmonic">False</Param>
          <Param Name="EnableMeasurementCoupling">False</Param>
          <Param Name="Bfrom" Unit="mT">336.095684448245</Param>
          <Param Name="Bto" Unit="mT">340.421648992911</Param>
          <Param Name="SweepTime" Unit="s">30</Param>
          <Param Name="Modulation" Unit="mT">0.001</Param>
          <Param Name="ModulationFreq" Unit="kHz">10</Param>
          <Param Name="BHoldEnabled">False</Param>
          <Param Name="BHold" Unit="mT">0</Param>
          <Param Name="MicrowavePower" Unit="mW">1</Param>
          <Param Name="ManualTuning">False</Param>
          <Param Name="MarkerEnabled">False</Param>
          <Param Name="MarkerStartField" Unit="mT">0</Param>
          <Param Name="MarkerEndField" Unit="mT">0</Param>
          <Param Name="KineticMode">FieldSweep</Param>
          <Param Name="KineticSamples">2</Param>
          <Param Name="KineticSamplingTime" Unit="s">0</Param>
          <Param Name="KineticTotalTransientTime" Unit="s">10</Param>
          <Param Name="KineticTimeResolution" Unit="s">0.001</Param>
          <Param Name="KineticPrematureCouplingTime" Unit="s">10</Param>
          <Param Name="KineticEnablePrematureCoupling" Unit="s">False</Param>
          <Param Name="TempFrom" Unit="°C">5</Param>
          <Param Name="TempUseSlope">False</Param>
          <Param Name="TempTo" Unit="°C">5</Param>
          <Param Name="TempdT" Unit="K">1</Param>
          <Param Name="TempSetupTime" Unit="s">0</Param>
          <Param Name="GonFrom" Unit="°">0</Param>
          <Param Name="GonTo" Unit="°">0</Param>
          <Param Name="GonSteps">1</Param>
          <Param Name="OxygenContentFrom" Unit="%">0</Param>
          <Param Name="OxygenContentTo" Unit="%">0</Param>
          <Param Name="OxygenSeriesStepWidth" Unit="%">1</Param>
          <Param Name="OxygenSeriesSetupTime" Unit="s">0</Param>
          <Param Name="OxygenSeriesPressure" Unit="mmHg">0</Param>
          <Param Name="OxygenSeriesUseSlope">False</Param>
          <Param Name="XRayEnabled">False</Param>
          <Param Name="XRayTime" Unit="s">3</Param>
          <Param Name="XRayVoltage" Unit="kV">35</Param>
          <Param Name="XRayCurrent" Unit="mA">0</Param>
          <Param Name="UVEnabled">False</Param>
          <Param Name="UVIntensity" Unit="%">0</Param>
          <Param Name="UVTime" Unit="s">0</Param>
          <Param Name="UVLeadTime" Unit="s">0</Param>
          <Param Name="UVWavelength" Unit="nm">0</Param>
          <Param Name="PowSweepFrom" Unit="mW">1</Param>
          <Param Name="PowSweepTo" Unit="mW">5</Param>
          <Param Name="PowSweepSteps">5</Param>
          <Param Name="PowSweepFullRange">False</Param>
          <Param Name="AmpModSweepFrom" Unit="mT">0</Param>
          <Param Name="AmpModSweepTo" Unit="mT">1</Param>
          <Param Name="AmpModSweepSteps">10</Param>
          <Param Name="ExtTriggerEnabled">False</Param>
          <Param Name="ExtTrigLeadTime" Unit="s">0</Param>
          <Param Name="ExtTrigOnTime" Unit="s">5</Param>
          <Param Name="MotorizedStandardEnabled">False</Param>
          <Param Name="UseSpecialFilter">False</Param>
          <Param Name="SpecialFilterType" />
          <Param Name="SpecialFilterParameter">0</Param>
        </Parameters>
      </Recipe>
      <DataCurves>
        <Curve Name="BField" XType="Time" YType="BField" XUnit="s" YUnit="mT" XOffset="0" XSlope="0.02" XSummations="1" Mode="Pre" Compression="Base64">EsJF5rb/dEA=2weoFML/dEA=o00KQ83/dEA=bJNscdj/dEA=NdnOn+P/dEA=/R4xzu7/dEA=xmST/Pn/dEA=jqr1KgUAdUA=V/BXWRAAdUA=IDa6hxsAdUA=6HsctiYAdUA=scF+5DEAdUA=egfhEj0AdUA=Qk1DQUgAdUA=C5Olb1MAdUA=1NgHnl4AdUA=nB5qzGkAdUA=ZWTM+nQAdUA=LqouKYAAdUA=9u+QV4sAdUA=vzXzhZYAdUA=h3tVtKEAdUA=UMG34qwAdUA=GQcaEbgAdUA=4Ux8P8MAdUA=qpLebc4AdUA=c9hAnNkAdUA=Ox6jyuQAdUA=BGQF+e8AdUA=zalnJ/sAdUA=le/JVQYBdUA=XjUshBEBdUA=J3uOshwBdUA=78Dw4CcBdUA=uAZTDzMBdUA=gEy1PT4BdUA=SZIXbEkBdUA=Eth5mlQBdUA=2h3cyF8BdUA=o2M+92oBdUA=bKmgJXYBdUA=NO8CVIEBdUA=/TRlgowBdUA=xnrHsJcBdUA=jsAp36IBdUA=VwaMDa4BdUA=H0zuO7kBdUA=6JFQasQBdUA=sdeymM8BdUA=eR0Vx9oBdUA=QmN39eUBdUA=C6nZI/EBdUA=0+47UvwBdUA=nDSegAcCdUA=ZXoArxICdUA=LcBi3R0CdUA=9gXFCykCdUA=v0snOjQCdUA=h5GJaD8CdUA=UNfrlkoCdUA=GB1OxVUCdUA=4WKw82ACdUA=qqgSImwCdUA=cu50UHcCdUA=OzTXfoICdUA=BHo5rY0CdUA=zL+b25gCdUA=lQX+CaQCdUA=XktgOK8CdUA=JpHCZroCdUA=79YklcUCdUA=txyHw9ACdUA=gGLp8dsCdUA=SahLIOcCdUA=Ee6tTvICdUA=2jMQff0CdUA=o3lyqwgDdUA=a7/U2RMDdUA=NAU3CB8DdUA=/UqZNioDdUA=xZD7ZDUDdUA=jtZdk0ADdUA=VxzAwUsDdUA=H2Ii8FYDdUA=6KeEHmIDdUA=sO3mTG0DdUA=eTNJe3gDdUA=QnmrqYMDdUA=Cr8N2I4DdUA=0wRwBpoDdUA=nErSNKUDdUA=ZJA0Y7ADdUA=LdaWkbsDdUA=9hv5v8YDdUA=vmFb7tEDdUA=h6e9HN0DdUA=UO0fS+gDdUA=GDOCefMDdUA=4Xjkp/4DdUA=qb5G1gkEdUA=cgSpBBUEdUA=O0oLMyAEdUA=A5BtYSsEdUA=zNXPjzYEdUA=lRsyvkEEdUA=XWGU7EwEdUA=Jqf2GlgEdUA=7+xYSWMEdUA=tzK7d24EdUA=gHgdpnkEdUA=SL5/1IQEdUA=EQTiApAEdUA=2klEMZsEdUA=oo+mX6YEdUA=a9UIjrEEdUA=NBtrvLwEdUA=/GDN6scEdUA=xaYvGdMEdUA=juyRR94EdUA=VjL0dekEdUA=H3hWpPQEdUA=6L240v8EdUA=sAMbAQsFdUA=eUl9LxYFdUA=QY/fXSEFdUA=CtVBjCwFdUA=0xqkujcFdUA=m2AG6UIFdUA=ZKZoF04FdUA=LezKRVkFdUA=9TEtdGQFdUA=vnePom8FdUA=h73x0HoFdUA=TwNU/4UFdUA=GEm2LZEFdUA=4I4YXJwFdUA=qdR6iqcFdUA=chrduLIFdUA=OmA/570FdUA=A6ahFckFdUA=zOsDRNQFdUA=lDFmct8FdUA=XXfIoOoFdUA=Jr0qz/UFdUA=7gKN/QAGdUA=t0jvKwwGdUA=gI5RWhcGdUA=SNSziCIGdUA=ERoWty0GdUA=2V945TgGdUA=oqXaE0QGdUA=a+s8Qk8GdUA=MzGfcFoGdUA=/HYBn2UGdUA=xbxjzXAGdUA=jQLG+3sGdUA=VkgoKocGdUA=H46KWJIGdUA=59Pshp0GdUA=sBlPtagGdUA=eV+x47MGdUA=QaUTEr8GdUA=Cut1QMoGdUA=0jDYbtUGdUA=m3Y6neAGdUA=ZLycy+sGdUA=LAL/+fYGdUA=9UdhKAIHdUA=vo3DVg0HdUA=htMlhRgHdUA=TxmIsyMHdUA=GF/q4S4HdUA=4KRMEDoHdUA=qequPkUHdUA=8Mh2NVAHdUA=cUNZLFsHdUA=MvgrIGYHdUA=+466F3EHdUA=gwKyEHwHdUA=LLtnCYcHdUA=mRMRCJIHdUA=zuIsDp0HdUA=SkyGF6gHdUA=XZAzJbMHdUA=hyqROr4HdUA=My3/VckHdUA=wLhZc9QHdUA=ybskkd8HdUA=Tle2sOoHdUA=Mcm/1PUHdUA=5EYMAAEIdUA=I1y6MwwIdUA=Q5hFahcIdUA=djkYmiIIdUA=iGjyui0IdUA=XBjWyTgIdUA=hA6zzUMIdUA=QhWVzk4IdUA=CbuF0FkIdUA=xTuM4WQIdUA=CMq5DnAIdUA=jANQTnsIdUA=ayHji4YIdUA=cR/Fv5EIdUA=FxCG8JwIdUA=JR67KqgIdUA=AKQSebMIdUA=wySb174IdUA=DUxRMsoIdUA=1PXie9UIdUA=2VM3vOAIdUA=4/QJ/OsIdUA=h8HEOPcIdUA=Fg1YdQIJdUA=mu70vQ0JdUA=0+8tFBkJdUA=AzVLayQJdUA=Xhmfuy8JdUA=WQ2/CzsJdUA=+t14Z0YJdUA=9SEVz1EJdUA=EeRmOF0JdUA=xRcDn2gJdUA=c/kUBnQJdUA=PtAAcH8JdUA=gkY42ooJdUA=P56nPZYJdUA=njbtkKEJdUA=I56Vz6wJdUA=VEhNBrgJdUA=OfC1R8MJdUA=bVexk84JdUA=1XCh39kJdUA=CSx0K+UJdUA=6bDfgPAJdUA=W4me5fsJdUA=muvFVQcKdUA=PqopyhIKdUA=9mmwQR4KdUA=HF+zuykKdUA=uSMdMDUKdUA=4NtrlEAKdUA=r2jW6EsKdUA=d/uCOlcKdUA=cNB3lGIKdUA=bdGv9W0KdUA=ZNeZWHkKdUA=9dEsuYQKdUA=6H/xF5AKdUA=KnTLfJsKdUA=vbLe7qYKdUA=1wU7bbIKdUA=w+8y870KdUA=igW1fMkKdUA=CXpzBtUKdUA=WApAh+AKdUA=FPkX8OsKdUA=7SqdP/cKdUA=YNC/iwILdUA=TT715g0LdUA=GTu6SxkLdUA=PrpBryQLdUA=9aIqEjALdUA=AtYheDsLdUA=ytIL3kYLdUA=f0BoPVILdUA=5xfvmV0LdUA=fNsJAGkLdUA=1qN+cXQLdUA=k5uH5H8LdUA=4aRbTosLdUA=MJKppZYLdUA=eXEj6KELdUA=CDX2I60LdUA=GLsecLgLdUA=JEmO1sMLdUA=tFj/Us8LdUA=rGMk29oLdUA=1fyGXuYLdUA=+TK70PELdUA=g9QiNv0LdUA=xzGSmwgMdUA=RlFLBhQMdUA=0xqAcB8MdUA=zJl20yoMdUA=LlzGNjYMdUA=eo/zqUEMdUA=WIR1Kk0MdUA=670rp1gMdUA=YXzYG2QMdUA=VGI8j28MdUA=hqGx/XoMdUA=vcB0W4YMdUA=IK3DpJEMdUA=GGrC4JwMdUA=V7ECHagMdUA=kftLZ7MMdUA=7pncwr4MdUA=OpftK8oMdUA=s7+4odUMdUA=Jn+qIOEMdUA=ffCInOwMdUA=Lsq1CvgMdUA=FeuCcAMNdUA=52PM3g4NdUA=nJpcXRoNdUA=zxP05SUNdUA=a5ZlbzENdUA=B6Oy9DwNdUA=A7wSdEgNdUA=2Lv57VMNdUA=WVXLYl8NdUA=cPSe1WoNdUA=tMaeT3YNdUA=Mm212YENdUA=j6ftbo0NdUA=qPWVAJkNdUA=MJRei6QNdUA=ZdQ+GbANdUA=P2KEsLsNdUA=RQaYTMcNdUA=4uGU4tINdUA=ruALa94NdUA=oMG65OkNdUA=CW3JTfUNdUA=aMEdpgAOdUA=JT869wsOdUA=hk8LTRcOdUA=AviLqyIOdUA=rMNbEi4OdUA=ukyogTkOdUA=njni9UQOdUA=/ISralAOdUA=MT6R4lsOdUA=G17aXmcOdUA=fnjO23IOdUA=qy9tWn4OdUA=3EPL3IkOdUA=vkSVXJUOdUA=5H/m0qAOdUA=lUxoQKwOdUA=sf+WqLcOdUA=FaMMEMMOdUA=JmJ8f84OdUA=CjO8+tkOdUA=9DEAeuUOdUA=z75R9fAOdUA=F+6pcPwOdUA=dDKj8AcPdUA=ekUZbRMPdUA=yzXR3B4PdUA=BnEGRCoPdUA=JJXgrjUPdUA=UZTKKEEPdUA=8+5ws0wPdUA=AzqgPVgPdUA=hoWDr2MPdUA=zWDC/24PdUA=vbE9O3oPdUA=tIwWe4UPdUA=+VSw0JAPdUA=tj93OpwPdUA=WGDgsKcPdUA=p1FFMLMPdUA=sImgsL4PdUA=hGzoKcoPdUA=acaqodUPdUA=4xCyHuEPdUA=lSE+newPdUA=szZbHPgPdUA=oeI6ngMQdUA=Py11HQ8QdUA=Z9S+lhoQdUA=oi+2DyYQdUA=AuyKjjEQdUA=43XVED0QdUA=Ik7KjUgQdUA=de/tAFQQdUA=1NWCa18QdUA=Sb6s02oQdUA=uvawRXYQdUA=Hg9Yx4EQdUA=5vQaT40QdUA=FyzM0ZgQdUA=gzIbTaQQdUA=O4OKv68QdUA=sQafJrsQdUA=1WIPh8YQdUA=u0ey6dEQdUA=EZFbUd0QdUA=osAOvegQdUA=N9DoK/QQdUA=W1Mbmf8QdUA=IS++AAsRdUA=tbQEaBYRdUA=Sju20yERdUA=mOu+Py0RdUA=4n1bqjgRdUA=9fiLF0QRdUA=ZW6Xgk8RdUA=yhiI5loRdUA=MfUcTmYRdUA=CerRxXERdUA=zesdTH0RdUA=4h4A14gRdUA=7nY4WZQRdUA=YpARy58RdUA=k32dNasRdUA=EdVvqbYRdUA=2ikIK8IRdUA=UXqlsM0RdUA=bjXBL9kRdUA=SZdMqOQRdUA=SNMdH/ARdUA=hqlBlPsRdUA=rCmKAQcSdUA=7CEkYRISdUA=ZFMfuR0SdUA=Ht7IGCkSdUA=BmO/hjQSdUA=oMRR/D8SdUA=TCS8b0sSdUA=0MFE4FYSdUA=BDKPV2ISdUA=YtrM2W0SdUA=obCpYnkSdUA=9Ria8YQSdUA=fhJjgpASdUA=o/NjCZwSdUA=LegOhKcSdUA=wnK0+rISdUA=SLfHcr4SdUA=h3u578kSdUA=PDq9edUSdUA=mWFxEuESdUA=Ec8irOwSdUA=1XhDO/gSdUA=ykoUwQMTdUA=ZSY/Qw8TdUA=Hnu5xhoTdUA=6ZWRSiYTdUA=T/w6yTETdUA=EB3jQj0TdUA=of7kukgTdUA=DUhhNlQTdUA=VP/eul8TdUA=mV3NQ2sTdUA=WHa/x3YTdUA=c6bsSoITdUA=PEcp240TdUA=L8BneZkTdUA=eCnlFaUTdUA=L7cwobATdUA=Gru9FrwTdUA=++qJfccTdUA=eeSd4tITdUA=JnhTTt4TdUA=gT3gvukTdUA=xAxKLvUTdUA=gh0TngAUdUA=NJ0SFQwUdUA=mppWlBcUdUA=UOX+GSMUdUA=wtJOpS4UdUA=/tS9MzoUdUA=K2NlvUUUdUA=FauTNlEUdUA=ix3qnlwUdUA=Qv0+CWgUdUA=KT+bhnMUdUA=zTKWE38UdUA=MNxRoooUdUA=2u8rK5YUdUA=WfoeraEUdUA=ozx0J60UdUA=4HJNnLgUdUA=5nLhDsQUdUA=MthjgM8UdUA=nVJZ9toUdUA=TQTZdeYUdUA=GmBc/PEUdUA=xcRuhf0UdUA=B051DAkVdUA=QbAxkBQVdUA=jB7eFSAVdUA=n5wMnSsVdUA=tOr7HzcVdUA=sR55okIVdUA=PkpHK04VdUA=CzsJuVkVdUA=nEdLSGUVdUA=wzOl2HAVdUA=WPtCanwVdUA=cjh2/ocVdUA=8gTdlZMVdUA=RtC2LZ8VdUA=iJM2xqoVdUA=mQsKZLYVdUA=OPArCMIVdUA=9Vsmsc0VdUA=4D5BXtkVdUA=pJuKCOUVdUA=VsZSpfAVdUA=rIfjLPwVdUA=nShHmQcWdUA=VLb37BIWdUA=GoD8PR4WdUA=657kpCkWdUA=YY6xIjUWdUA=w9zppkAWdUA=cLfUJkwWdUA=xK5holcWdUA=IxUtIGMWdUA=y5iDqW4WdUA=hiUdP3oWdUA=jE0c2oUWdUA=Mi6XeZEWdUA=azvuG50WdUA=7mmwsKgWdUA=8FATLLQWdUA=grKwn78WdUA=o+icIssWdUA=E+OhtdYWdUA=HfySUeIWdUA=anKb8+0WdUA=HQoNl/kWdUA=/jHrOQUXdUA=8u4F4hAXdUA=7ljvjxwXdUA=IABaOCgXdUA=CKgS0TMXdUA=ttNFXD8XdUA=ORFP4UoXdUA=B3d0ZFYXdUA=f9vT62EXdUA=iGNqgG0XdUA=mz3dIHkXdUA=VOyqv4QXdUA=RusXVpAXdUA=Xd7H6ZsXdUA=0pNJgqcXdUA=OZp8ILMXdUA=BFl0wb4XdUA=+6UIZ8oXdUA=zu7WE9YXdUA=LSeRv+EXdUA=203oX+0XdUA=3ZDn8/gXdUA=+EOggAQYdUA=RKBHDRAYdUA=QAKwohsYdUA=4Z6IRScYdUA=tWID8TIYdUA=p7BUmz4YdUA=Y8mOPUoYdUA=AED21FUYdUA=HwUfYmEYdUA=VUOJ6WwYdUA=CF7WcngYdUA=Ux0RA4QYdUA=OKU1lo8YdUA=N9TsIZsYdUA=SR6soaYYdUA=72WlH7IYdUA=siHBqr0YdUA=7hVVP8kYdUA=ex1XzdQYdUA=AQbWT+AYdUA=RB21zesYdUA=zWC8UfcYdUA=jqzb4wIZdUA=bAd5gQ4ZdUA=gt83JBoZdUA=FnZYzCUZdUA=eJDDezEZdUA=t8xVLD0ZdUA=Gm5f1EgZdUA=xdk8cVQZdUA=V48LA2AZdUA=6PDHhGsZdUA=mCWu8XYZdUA=Wro5UIIZdUA=wc01sI0ZdUA=sAvdF5kZdUA=AmdWe6QZdUA=Ka0v1K8ZdUA=j40YM7sZdUA=1AXbqsYZdUA=yTrlNdIZdUA=koGvwd0ZdUA=S6l9SekZdUA=nRf+0vQZdUA=jdmMYAAadUA=ss7X8wsadUA=h4W1ihcadUA=Jr3EGSMadUA=Heywmy4adUA=ZR+xGToadUA=f3wFmkUadUA=wvRCGFEadUA=Ph6LklwadUA=ptwNDWgadUA=eMAIiXMadUA=GlD/BH8adUA=N4OvgIoadUA=k2R8/5UadUA=jfmEhqEadUA=BnsxE60adUA=0sfVnbgadUA=FjFEJsQadUA=VWxFrs8adUA=QOOoMdsadUA=ZpyJq+YadUA=DtG5GvIadUA=irc6hf0adUA=lUgY/QgbdUA=ED3DlRQbdUA=8sijTyAbdUA=4Ae4FSwbdUA=IeM8zzcbdUA=gQmycEMbdUA=/fYX/E4bdUA=h/pqdlobdUA=wPdn6GUbdUA=40PbXXEbdUA=mZ1I13wbdUA=OiddTIgbdUA=UGI1vpMbdUA=Ixf6OJ8bdUA=Abqlx6obdUA=yY9sbLYbdUA=GKBsHsIbdUA=HWUM0M0bdUA=/i/6dtkbdUA=caK6DeUbdUA=NH+4k/AbdUA=7HAoC/wbdUA=7aduewccdUA=Moqr8RIcdUA=Jjswcx4cdUA=gRXm9SkcdUA=kWj6bjUcdUA=T+Ay30AcdUA=eB36UUwcdUA=COVl0lccdUA=DN/+XWMcdUA=JuWj6G4cdUA=cMq2cHocdUA=aGXY/4UcdUA=fvtJlZEcdUA=a+xeJZ0cdUA=awpzrKgcdUA=Wp65K7QcdUA=KwM/nr8cdUA=yP3+BMscdUA=qmsdbtYcdUA=Xd+J5eEcdUA=fjLZa+0cdUA=TVLA/fgcdUA=0OPllAQddUA=NafgIxAddUA=JIYPpBsddUA=fhzBHicddUA=80EQnDIddUA=tNPCFz4ddUA=e2B3jkkddUA=pZIyCFUddUA=SJWsjmAddUA=GQymH2wddUA=Wg54sncddUA=BwUZRoMddUA=H6b53Y4ddUA=UO+ld5oddUA=kAgVDqYddUA=nu/OorEddUA=B6jyOr0ddUA=N4pc2MgddUA=yp8ld9QddUA=cSfID+AddUA=P9GwoesddUA=ckd6NvcddUA=WOLY0gIedUA=hJfecg4edUA=FC8TFxoedUA=4uVQxCUedUA=nGOXdzEedUA=Cr36JD0edUA=+wTOw0gedUA=TGhWU1QedUA=7tiX1F8edUA=/bWRS2sedUA=FekBwHYedUA=pFAANYIedUA=OW4apo0edUA=AuCxD5kedUA=LjJNd6QedUA=XCBu6K8edUA=kf/SZrsedUA=8lJF6MYedUA=eAzWYtIedUA=SVRY2d0edUA=ZUkgV+kedUA=LUgr5vQedUA=+LrcigAfdUA=ep58QAwfdUA=y782+BcfdUA=M7zNoiMfdUA=rC5+Py8fdUA=YLCW1zofdUA=ZquqckYfdUA=atRpFFIfdUA=jJIMtl0fdUA=DicFR2kfdUA=CW1Vx3QfdUA=L2+GS4AfdUA=KZMF24sfdUA=lXt8bJcfdUA=u/lq+qIfdUA=S3qtgq4fdUA=fWrkA7ofdUA=fdMogMUfdUA=RUUZ+9AfdUA=2CazftwfdUA=/65nGOgfdUA=f4ROyfMfdUA=FpMZgv8fdUA=NehmNAsgdUA=QRQa3xYgdUA=wjfLgyIgdUA=Twu6HS4gdUA=AbXFqDkgdUA=q4fCKUUgdUA=dMvJq1AgdUA=gDJVNVwgdUA=e2RnxWcgdUA=lG9AX3MgdUA=hZ5tCX8gdUA=jiaJwYogdUA=34oHgpYgdUA=V4LrSaIgdUA=9T0GE64gdUA=Ge7S1rkgdUA=UPaomcUgdUA=Nq4fXtEgdUA=6+mDH90gdUA=4o7k4eggdUA=4mear/QgdUA=BU6IgwAhdUA=m13ETgwhdUA=cXTdEBghdUA=gJ0U1CMhdUA=zrsjmi8hdUA=Wfu3XTshdUA=qxk9GkchdUA=GesozVIhdUA=f48gel4hdUA=E6zZKGohdUA=lq2P2nUhdUA=aJZBioEhdUA=DxQWNI0hdUA=qSQr15ghdUA=kX+LdqQhdUA=yTQ7GLAhdUA=s60yvrshdUA=hkumYschdUA=Y2By/9IhdUA=UYcAmt4hdUA=xuZvPOohdUA=mhXU3vUhdUA=LjWHbgEidUA=/uyh7AwidUA=toyLaRgidUA=3dSF6yMidUA=U1MPcS8idUA=Q4ti+zoidUA=ScghkUYidUA=DsXgO1IidUA=wYEJ/F0idUA=k7/MwWkidUA=hArfeHUidUA=VtDBGYEidUA=9CrerowidUA=SUwCRpgidUA=3BeC4qMidUA=GAyPfq8idUA=QdXSE7sidUA=IN4/ocYidUA=f8vXKNIidUA=F24Grd0idUA=hUGwNekidUA=ZAzqyfQidUA=In3SYgAjdUA=pCBp8QsjdUA=0sfjbhcjdUA=HNsV3yIjdUA=KuGQSi4jdUA=hHutvTkjdUA=L4lbR0UjdUA=dFoS7VAjdUA=tKq5olwjdUA=pOnMVmgjdUA=N7SGA3QjdUA=rGBwr38jdUA=nMuaYosjdUA=yvGJHJcjdUA=x5/t0qIjdUA=ul3mfa4jdUA=qKFXHrojdUA=k9Vit8UjdUA=FK6+T9EjdUA=qZ2Y8NwjdUA=erFxnOgjdUA=aN4hT/QjdUA=VglhAQAkdUA=39iZrAskdUA=ioQPURckdUA=6Sbx8iIkdUA=T8bply4kdUA=Kk5mQzokdUA=9ljD7kUkdUA=f8EGk1EkdUA=KrXPNV0kdUA=EF3X3WgkdUA=+AWiiXQkdUA=bEsmN4AkdUA=Wm2c6YskdUA=Q32lopckdUA=gGOJXaMkdUA=y/NoFa8kdUA=N6xfybokdUA=dF3GeMYkdUA=wgAEJNIkdUA=2pPxzt0kdUA=WVHDeOkkdUA=Kht7G/UkdUA=zeIRuQAldUA=ejlVWgwldUA=dEIRABgldUA=/jFfoCMldUA=RlJuNi8ldUA=CNR0yzoldUA=2znKZUYldUA=1UKt/FEldUA=iQ4Oil0ldUA=bii/EmkldUA=0tHWmXQldUA=/CPbHYAldUA=Tdfzo4sldUA=SjC2NpcldUA=E3tt16IldUA=z6sMfa4ldUA=IiX0ILoldUA=RDLHvsUldUA=hu1EVNEldUA=ixxs6NwldUA=bTaZhOgldUA=zNbNKPQldUA=Pg430P8ldUA=bJaacQsmdUA=gUpW/RYmdUA=TkXbbyImdUA=+uDV2y0mdUA=Dm/KUTkmdUA=YtWTzkQmdUA=WVSRTFAmdUA=GPEW0FsmdUA=lNKCWWcmdUA=duXf4HImdUA=r79iYX4mdUA=+7jw3okmdUA=UZIGZZUmdUA=o91a+qAmdUA=xt/QlawmdUA=3SRiKrgmdUA=enXMt8MmdUA=HOUIRc8mdUA=K3Gu1NomdUA=8q4+ZuYmdUA=16aj/PEmdUA=ZHFbnv0mdUA=fw0QSgkndUA=V8q88BQndUA=OUzBiiAndUA=Wje6IiwndUA=2+EGvjcndUA=Yz/7VUMndUA=7zs06E4ndUA=B1vxeFondUA=AyVUCWYndUA=fZ0omHEndUA=TXyIJ30ndUA=o2MCuogndUA=MZdfTJQndUA=ytn/3J8ndUA=MPQHdKsndUA=tlUOGLcndUA=EgNFvsIndUA=JntrVc4ndUA=X0Go3dkndUA=1M2eZOUndUA=YAHv8vAndUA=YGfQjPwndUA=G+HzNggodUA=TK2H7RModUA=hwNEoR8odUA=hYn6QysodUA=jnxD0zYodUA=WJIEXEIodUA=8xzJ8U0odUA=NQ4JmFkodUA=rBHGPmUodUA=TeoL3XAodUA=DVied3wodUA=Y/XUEIgodUA=JrKGpZModUA=VEjnMJ8odUA=gGgOsaoodUA=WcraLLYodUA=3HV5rMEodUA=rnl+Ls0odUA=XkV5sNgodUA=dNeFNuQodUA=0suCwe8odUA=HTxaTfsodUA=dmbH3AYpdUA=HVTleRIpdUA=Kzs1Kh4pdUA=Hju96CkpdUA=T0sCqTUpdUA=95wYYEEpdUA=Kbx1Ek0pdUA=8m6xzVgpdUA=LQVNkGQpdUA=7vfJSnApdUA=CITu9nspdUA=eOP4mocpdUA=ZT2VOpMpdUA=BhH9054pdUA=jUoVa6opdUA=h2+ZCbYpdUA=L56rr8EpdUA=4hlDVc0pdUA=CF1B9tgpdUA=x1GTkeQpdUA=2hMUKPApdUA=E/8Nu/spdUA=G1NdRgcqdUA=fsNxyhIqdUA=K+AVVh4qdUA=iYUd9SkqdUA=aBTfnjUqdUA=obe2QUEqdUA=YJhu2UwqdUA=/m9zcFgqdUA=RDg2DGQqdUA=u8AppW8qdUA=nD/DOXsqdUA=llFe04YqdUA=sO+ldJIqdUA=2Kl0F54qdUA=qja7t6kqdUA=OM1CUbUqdUA=9CU54MAqdUA=P6p8aMwqdUA=ENwv89cqdUA=QEbZhuMqdUA=PR5uI+8qdUA=D9ulxfoqdUA=LJVSbAYrdUA=o4d0FhIrdUA=McKuwR0rdUA=dBSmbykrdUA=sCbaJDUrdUA=trmY3kArdUA=K18yjkwrdUA=rg6+IlgrdUA=FMTJmGMrdUA=mcV5/G4rdUA=Nf9yXXordUA=rZxOyoUrdUA=ndNKT5ErdUA=t5Z27JwrdUA=YtCHnagrdUA=SEg+YbQrdUA=zbUqLcArdUA=wns288srdUA=LfQ+tdcrdUA=OpBreeMrdUA=alj2OO8rdUA=6sLo6PordUA=28PkhQYsdUA=ehE4FBIsdUA=HyDNnx0sdUA=XoyFNCksdUA=Cvev0zQsdUA=VQ56dkAsdUA=oewxGEwsdUA=UL9muFcsdUA=ivonWWMsdUA=hGW8AW8sdUA=8Qt5tXosdUA=pE4+a4YsdUA=pMfXFpIsdUA=HpGStJ0sdUA=E87dRqksdUA=tTSD1LQsdUA=bwF4Z8AsdUA=EUzJAswsdUA=of6UntcsdUA=zBNjNeMsdUA=IPUKzO4sdUA=CvKmafosdUA=0qwADwYtdUA=DDGotREtdUA=vpG7VR0tdUA=K2rk7SgtdUA=VBujhDQtdUA=D+NbIEAtdUA=i2qqwkstdUA=aNqhalctdUA=n/PeFGMtdUA=jUYrvW4tdUA=aZFoYXotdUA=21CoAoYtdUA=TxEPo5EtdUA=q/ScQ50tdUA=mgnb5KgtdUA=ZtC4hrQtdUA=U0wpI8AtdUA=tF23s8stdUA=/AdCPtctdUA=kF+pzuItdUA=YD1yZ+4tdUA=xH/nAPotdUA=xG5flgUudUA=I51pLxEudUA=0HXf1RwudUA=R/LiiSgudUA=k5hFRTQudUA=2yTrAUAudUA=gHzdu0sudUA=SMsYdVcudUA=nDL6MmMudUA=P7+s9W4udUA=UCF2t3oudUA=9tV+cYYudUA=BcgQJZIudUA=JYe9250udUA=jB4GlKkudUA=5m91PLUudUA=8KqRx8AudUA=1DrEOcwudUA=IdrZpNcudUA=NSrFGeMudUA=6EjLne4udUA=YF5DKvoudUA=+9PktgUvdUA=xQP5QxEvdUA=ZlAI2hwvdUA=/UD/fCgvdUA=HxWgIzQvdUA=Thz2xD8vdUA=8wgnZksvdUA=oBS6FFcvdUA=Ut8a1GIvdUA=zZmImG4vdUA=LKh4W3ovdUA=UJpiJoYvdUA=CbpL+pEvdUA=46hsyJ0vdUA=T9r3hqkvdUA=Zg8cObUvdUA=vWoF5cAvdUA=PKf7jswvdUA=kIpjOtgvdUA=TjGW6eMvdUA=huc5ne8vdUA=NT8oVPsvdUA=c3qgCQcwdUA=Ft9muRIwdUA=/RGzZx4wdUA=/bi7FyowdUA=Dhq8wjUwdUA=kJpYYkEwdUA=EYdr8kwwdUA=YfoEcVgwdUA=FPKl6GMwdUA=GYoNZW8wdUA=hxPr5nowdUA=Ffqna4YwdUA=dP9+8pEwdUA=ObmsfJ0wdUA=GZb9CakwdUA=h8OjlrQwdUA=J9RLH8AwdUA=LrMppMswdUA=WIqzKdcwdUA=jw0KueIwdUA=sh4eV+4wdUA=G+CY/fkwdUA=looDpAUxdUA=rwJAShExdUA=k8Qc8xwxdUA=aGe8nigxdUA=kxhBTTQxdUA=Ru4b/j8xdUA=/yOyrUsxdUA=9eowW1cxdUA=i+bBCmMxdUA=ELp3vW4xdUA=iqodc3oxdUA=WqtGMIYxdUA=ptBL9JExdUA=ze2gtp0xdUA=H301dqkxdUA=oOY5OLUxdUA=4eBC/sAxdUA=fBMeyMwxdUA=UD2lktgxdUA=ADhUWeQxdUA=VzI7HfAxdUA=ItO32fsxdUA=iaeLfAcydUA=GU/4+xIydUA=xxyoaB4ydUA=W4iN2ikydUA=gKIGWDUydUA=HhD+20AydUA=mfK9aEwydUA=9WtdBFgydUA=Vru5qmMydUA=BKz9UG8ydUA=1YfM8XoydUA=WgfjjYYydUA=1XqZJpIydUA=xQu7up0ydUA=1nrOSKkydUA=0Hcq17QydUA=+eaScMAydUA=vlCqGMwydUA=mma1zNcydUA=znUNh+MydUA=vekNPu8ydUA=hqeJ5/oydUA=xIUHhAYzdUA=A17oIRIzdUA=Hlmazh0zdUA=c9zrhSkzdUA=7x2aNTUzdUA=Z3XVz0AzdUA=m3maWEwzdUA=1Tw44VczdUA=OP11eWMzdUA=bP/5Im8zdUA=1K2+0XozdUA=CDMqeIYzdUA=7lzEEZIzdUA=XCJXo50zdUA=5o7rMqkzdUA=mYXTw7QzdUA=coxoWMAzdUA=qs6c8sszdUA=zDLwkdczdUA=t1StMOMzdUA=yRe3zO4zdUA=QbO3b/ozdUA=WDOAHQY0dUA=bWMgyRE0dUA=HaN+bR00dUA=52OjEyk0dUA=OD7zuTQ0dUA=XMbAU0A0dUA=BjEU40s0dUA=ekq0eVc0dUA=VhtLIGM0dUA=v4pJzm40dUA=OPTZeHo0dUA=Zd5lGYY0dUA=xp1WrpE0dUA=pMNTPp00dUA=9bs1z6g0dUA=IU2VXbQ0dUA=IipN5780dUA=M1WjdMs0dUA=zh9xEdc0dUA=HDemwOI0dUA=3fIheO40dUA=bCYgK/o0dUA=bKo51gU1dUA=WEuKehE1dUA=TSHfGB01dUA=CxhjtSg1dUA=+hWYWTQ1dUA=acDlCUA1dUA=FIeDu0s1dUA=67f+X1c1dUA=ma/7+WI1dUA=YtnVm241dUA=qi3TTno1dUA=XqIqCIY1dUA=5vaEuZE1dUA=mK86Xp01dUA=ta3B+ag1dUA=/FuTkrQ1dUA=IgetMcA1dUA=+8ot4cs1dUA=IftFpNc1dUA=vOIkbuM1dUA=selQL+81dUA=a9Cg6fo1dUA=82/GpwY2dUA=OB3obhI2dUA=V3gJPB42dUA=khDfAio2dUA=PVpEuzU2dUA=auVHaUE2dUA=/XLYDE02dUA=lOncpFg2dUA=HYEAO2Q2dUA=LCPX1282dUA=afNMe3s2dUA=6q/rJIc2dUA=L1pn1pI2dUA=ZtYLkp42dUA=6de4U6o2dUA=iZrfCbY2dUA=W3NVpcE2dUA=wHwlLs02dUA=rZf0ttg2dUA=lgrURuQ2dUA=bzqR3u82dUA=ctdnf/s2dUA=mTMxJwc3dUA=SFTu1BI3dUA=3nP8ih43dUA=aju1RSo3dUA=qirT+jU3dUA=YyWYpkE3dUA=HOUxUE03dUA=hPz+/Vg3dUA=3UL7r2Q3dUA=2hc0ZXA3dUA=BQsaIHw3dUA=EbmN44c3dUA=vMFTq5M3dUA=7RL2cJ83dUA=/ZRGNKs3dUA=nmfY8rY3dUA=3EWtocI3dUA=0frvPs43dUA=hl8D3Nk3dUA=yB6Ai+U3dUA=PxgOT/E3dUA=1fH0Gf03dUA=DjKM3Ag4dUA=Uy5xjxQ4dUA=BqzdNSA4dUA=iJvP0Ss4dUA=eTodZDc4dUA=STP49UI4dUA=/yicjk44dUA=d6vXLlo4dUA=Mr7C2WU4dUA=64bni3E4dUA=cBqyOH04dUA=/hwX4Ig4dUA=JcMzjJQ4dUA=qPPMO6A4dUA=ea1X7as4dUA=ITD/rLc4dUA=HT23gMM4dUA=ynn3Wc84dUA=UfQ2J9s4dUA=h7bj5OY4dUA=mt1qmfI4dUA=eBFiUf44dUA=vtMoGQo5dUA=rnmc6hU5dUA=RCOPsSE5dUA=v7skZS05dUA=/N+jCDk5dUA=jWqCn0Q5dUA=WfGoMFA5dUA=09amyFs5dUA=cYhTamc5dUA=KEFDCHM5dUA=muSxm345dUA=Sx6rL4o5dUA=9B27zpU5dUA=1U+ddKE5dUA=I3ZCGq05dUA=mAbmxLg5dUA=BTT7e8Q5dUA=TY8xO9A5dUA=CFUk+ds5dUA=rfAosec5dUA=gApxZfM5dUA=EfaZHf85dUA=YqFT2wo6dUA=iaKolhY6dUA=7SSNTCI6dUA=zs0qCC46dUA=329V0Dk6dUA=WfK5m0U6dUA=ZbnPX1E6dUA=nvhsHV06dUA=/t4S22g6dUA=eWlpmXQ6dUA=NLD9U4A6dUA=HqX2CIw6dUA=EPLGtZc6dUA=mN/7WaM6dUA=zzLE+q46dUA=GGnmnLo6dUA=dpypQ8Y6dUA=CpyH79E6dUA=OGpgnt06dUA=IWXxUOk6dUA=LqubB/U6dUA=ZDarvQA7dUA=7TwVcgw7dUA=2h5vKxg7dUA=zT0i6iM7dUA=QeAhoC87dUA=4z2qQjs7dUA=UJhI2EY7dUA=GI2bbFI7dUA=EEG/CF47dUA=MN+PrWk7dUA=p2lKUXU7dUA=IFDq7oA7dUA=6Yc2jow7dUA=NsHuNZg7dUA=x1FJ46M7dUA=8J37ja87dUA=VgKwNbs7dUA=5HVI6sY7dUA=IjdYtNI7dUA=kTeRhN47dUA=ICw5Tuo7dUA=C7VjE/Y7dUA=fCFu1QE8dUA=jgL/kQ08dUA=wKr1Rhk8dUA=hbyT9SQ8dUA=QCMzozA8dUA=vnRqVzw8dUA=+ZuFGEg8dUA=hBVW41M8dUA=MQoIrl88dUA=3jO9dGs8dUA=dhvINXc8dUA=gtAp74I8dUA=A8JjpY48dUA=rRsdYJo8dUA=KmAWH6Y8dUA=ZhST27E8dUA=dj01kL08dUA=FcBjPMk8dUA=y10j5dQ8dUA=C+8XleA8dUA=b4ZRVOw8dUA=9KscHfg8dUA=NQeq4gM9dUA=oZnroA89dUA=mIyyWxs9dUA=8NGcFSc9dUA=CKirzjI9dUA=s4JehT49dUA=qafjOko9dUA=u1/W81U9dUA=Y2eNr2E9dUA=td18Z209dUA=4c8VGnk9dUA=vpkyzIQ9dUA=uEitgJA9dUA=fOP2Npw9dUA=Z7uF7ac9dUA=H4UXo7M9dUA=edFmW789dUA=KhFeHcs9dUA=hoHs5NY9dUA=tYHBoOI9dUA=qfY6SO49dUA=psp65fk9dUA=td1+gQU+dUA=jZzwHRE+dUA=bDHAwBw+dUA=ZgcNbSg+dUA=ey1AHjQ+dUA=MIS40j8+dUA=A4nAiUs+dUA=2DYdOlc+dUA=3YPb2WI+dUA=0Gccb24+dUA=/NGJCno+dUA=86Plt4U+dUA=QRkde5E+dUA=Ic96TZ0+dUA=ytlNH6k+dUA=TBQk6LQ+dUA=q6TIrMA+dUA=yo4lcsw+dUA=tSo+ONg+dUA=7I1f/OM+dUA=hz+kuO8+dUA=6HDNafs+dUA=gACREQc/dUA=ntX8rRI/dUA=4vSYPB4/dUA=VJWKxSk/dUA=MzYlVjU/dUA=DPeM8UA/dUA=BvQPkUw/dUA=5aqLMlg/dUA=loUn2WM/dUA=BLHNhG8/dUA=SKLhM3s/dUA=KL6e44Y/dUA=LQQ/jJI/dUA=6JFVK54/dUA=b69Ly6k/dUA=3aW0d7U/dUA=Pyv3M8E/dUA=mStt+8w/dUA=nk2+xNg/dUA=ppvdhuQ/dUA=oB7dQPA/dUA=pTHp+Ps/dUA=9Ho9sgdAdUA=FspSbhNAdUA=7hCrLx9AdUA=fpF58SpAdUA=dsZ9qTZAdUA=N1OkVkJAdUA=OHrfBU5AdUA=STLIwVlAdUA=OD5ghWVAdUA=BzboRXFAdUA=Bozr/XxAdUA=6dAtrIhAdUA=TzxbUZRAdUA=stpx7p9AdUA=o3ydhKtAdUA=zyqzFLdAdUA=0/NJncJAdUA=37CXIM5AdUA=dluspdlAdUA=CE2BMOVAdUA=SAmMv/BAdUA=7YSaUPxAdUA=ScQo5QdBdUA=GoPBgRNBdUA=NusnJB9BdUA=ov7WxCpBdUA=/XJkZjZBdUA=QSvoEEJBdUA=Q+8Gyk1BdUA=RbMlg1lBdUA=R3dEPGVBdUA=STtj9XBBdUA=S/+BrnxBdUA=TcOgZ4hBdUA=T4e/IJRBdUA=UUve2Z9BdUA=Uw/9kqtBdUA=VdMbTLdBdUA=V5c6BcNBdUA=WVtZvs5BdUA=Wx94d9pBdUA=XeOWMOZBdUA=X6e16fFBdUA=YWvUov1BdUA=Yy/zWwlCdUA=ZfMRFRVCdUA=Z7cwziBCdUA=antPhyxCdUA=bD9uQDhCdUA=bgON+UNCdUA=cMersk9CdUA=covKa1tCdUA=dE/pJGdCdUA=dhMI3nJCdUA=eNcml35CdUA=eptFUIpCdUA=fF9kCZZCdUA=fiODwqFCdUA=gOehe61CdUA=gqvANLlCdUA=hG/f7cRCdUA=hjP+ptBCdUA=iPccYNxCdUA=irs7GehCdUA=jH9a0vNCdUA=jkN5i/9CdUA=kAeYRAtDdUA=ksu2/RZDdUA=lI/VtiJDdUA=llP0by5DdUA=mBcTKTpDdUA=mtsx4kVDdUA=nJ9Qm1FDdUA=nmNvVF1DdUA=oCeODWlDdUA=ouusxnRDdUA=pK/Lf4BDdUA=pnPqOIxDdUA=qDcJ8pdDdUA=qvsnq6NDdUA=rL9GZK9DdUA=roNlHbtDdUA=sEeE1sZDdUA=sgujj9JDdUA=tM/BSN5DdUA=tpPgAepDdUA=uFf/uvVDdUA=uhsedAFEdUA=vN88LQ1EdUA=vqNb5hhEdUA=wGd6nyREdUA=wiuZWDBEdUA=xO+3ETxEdUA=xrPWykdEdUA=yHf1g1NEdUA=yjsUPV9EdUA=zP8y9mpEdUA=zsNRr3ZEdUA=0IdwaIJEdUA=0kuPIY5EdUA=1A+u2plEdUA=1tPMk6VEdUA=2JfrTLFEdUA=2lsKBr1EdUA=3B8pv8hEdUA=3uNHeNREdUA=4KdmMeBEdUA=4muF6utEdUA=5C+ko/dEdUA=5vPCXANFdUA=6LfhFQ9FdUA=6nsAzxpFdUA=7D8fiCZFdUA=7gM+QTJFdUA=8Mdc+j1FdUA=8ot7s0lFdUA=9E+abFVFdUA=9hO5JWFFdUA=+NfX3mxFdUA=+pv2l3hFdUA=/F8VUYRFdUA=/iM0CpBFdUA=AOhSw5tFdUA=AqxxfKdFdUA=BXCQNbNFdUA=BzSv7r5FdUA=CfjNp8pFdUA=C7zsYNZFdUA=DYALGuJFdUA=D0Qq0+1FdUA=EQhJjPlFdUA=E8xnRQVGdUA=FZCG/hBGdUA=F1SltxxGdUA=GRjEcChGdUA=G9ziKTRGdUA=HaAB4z9GdUA=H2QgnEtGdUA=ISg/VVdGdUA=I+xdDmNGdUA=JbB8x25GdUA=J3SbgHpGdUA=KTi6OYZGdUA=K/zY8pFGdUA=LcD3q51GdUA=L4QWZalGdUA=MUg1HrVGdUA=MwxU18BGdUA=NdBykMxGdUA=N5SRSdhGdUA=OViwAuRGdUA=OxzPu+9GdUA=PeDtdPtGdUA=P6QMLgdHdUA=QWgr5xJHdUA=QyxKoB5HdUA=RfBoWSpHdUA=R7SHEjZHdUA=SXimy0FHdUA=SzzFhE1HdUA=TQDkPVlHdUA=T8QC92RHdUA=UYghsHBHdUA=U0xAaXxHdUA=VRBfIohHdUA=V9R925NHdUA=WZiclJ9HdUA=W1y7TatHdUA=XSDaBrdHdUA=X+T4v8JHdUA=YagXec5HdUA=Y2w2MtpHdUA=ZTBV6+VHdUA=Z/RzpPFHdUA=abiSXf1HdUA=a3yxFglIdUA=bUDQzxRIdUA=bwTviCBIdUA=ccgNQixIdUA=c4ws+zdIdUA=dVBLtENIdUA=dxRqbU9IdUA=ediIJltIdUA=e5yn32ZIdUA=fWDGmHJIdUA=fyTlUX5IdUA=gegDC4pIdUA=g6wixJVIdUA=hXBBfaFIdUA=hzRgNq1IdUA=ifh+77hIdUA=i7ydqMRIdUA=jYC8YdBIdUA=j0TbGtxIdUA=kQj60+dIdUA=k8wYjfNIdUA=lZA3Rv9IdUA=l1RW/wpJdUA=mRh1uBZJdUA=m9yTcSJJdUA=</Curve>
        <Curve Name="MWAbsorption (1st harm.)" XType="Time" YType="MW_Absorption" XUnit="s" YUnit="" XOffset="0.045" XSlope="0.002" XSummations="1" Mode="Pre" Compression="Base64">AAAAAAAAAAA=4JLQAhpE5D8=gBMnYb7M8j8=ELZhK9ws+j8=aMdqjRYmAEA=6J8VS3dkAkA=CGiCX0AjBEA=aDmWHBKRBUA=SDViyW/iBkA=YOcit70ZCEA=8LMnC3aLCUA=+KRUgodxC0A=cB5fd97cDUA=oDKP3dtQEEA=PDU4B/vyEUA=POPwWiC5E0A=miZgI1WGFUA=JhfGaXokF0A=BrdH/UGJGEA=GHIcsQuQGUA=gkNIrWkmGkA=9KetQjlAGkA=Lt7ZYHr8GUA=sqvRzU99GUA=qvomTCbeGEA=HOSeL/ZLGEA=zD//FM4QGEA=khmWUItWGEA=+haYyy8mGUA=CEVP0DuKGkA=WpyFHSKOHEA=wKEGLnUZH0A=JOYuTKzyIEA=8ItYMt9eIkA=lhMcYlm2I0A=KgqzyD/WJEA=mcYHWKORJUA=Ox9Dvo7hJUA=T5wOyN23JUA=O5X78V4MJUA=VyEwnIvaI0A=Iko91XQ6IkA=6o4g36VDIEA=XpMvbiklHEA=xiXcHsNnF0A=jPiM+eSUEkA=uMQqxjbBC0A=gDTcPqfJAkA=4H2/ZY5z9D8=QMwGDMWY0z8=oHcyOTL94b8=UAG7Y0Ct9b8=OKZHOsmcAMA=mD8VhOmsBcA=aNJcGOskCsA=aPTioI9DDsA=fOVSlwUIEcA=ZJUxRjK4EsA=YFo/6C09FMA=WPEtLNK2FcA=NOTZIgASF8A=HOkStElJGMA=EJytZQhTGcA=wHkefmNBGsA=kLha1i7yGsA=zNsHvMZeG8A=zNHARn+EG8A=xBeHAYaBG8A=KL/J1jYvG8A=iLjnDfKeGsA=DEjdcWzfGcA=gJ5dTvIYGcA=RF4B5BkqGMA=uKC4rlUjF8A=gOLSvIUTFsA=3MffmssNFcA=8CqweBvtE8A=cJKNEIKnEsA=+CM8zG5OEcA=8AqeilusD8A=WJBGvwRbDMA=KLMEKgG7CMA=SCY+NrEUBcA=qOnC/1FmAcA=MHFR95yd+78=4DjuZ29U9b8=0Hpumj3i8L8=IJbpXN2K7L8=4D3u6yud678=wGpqQD9y778=sN8oEDJt9L8=kP72xnxb+78=sGOBtbo2AsA=UA29pXeYB8A=8LpMzuvCDcA=UFoHaa8cEsA=rOwuDWdpFcA=tE0F/P6zGMA=HNvWdW71G8A=WN1h87wAH8A=apbRhuTjIMA=wn47PLIsIsA=hkRTDuFXI8A=MClvqoZfJMA=PMr4/ypGJcA=zlWebcMYJsA=xpnxwKLVJsA=ej/epYp7J8A=FiNc/u4GKMA=MhmRJgOEKMA=AkQuEvzeKMA=Ds7LqukOKcA=hnGVs6AJKcA=unHPsVDYKMA=2u2j9M9mKMA=ngd3erG1J8A=ruYkNlfBJsA=cswe4ZqeJcA=JA9ywaBKJMA=hGIWWBPOIsA=XoYuKpA2IcA=FEDht/M6H8A=RMRUeOr6G8A=eDw0d5m9GMA=QEWC4kWOFcA=6BvsIVF7EsA=KNHCKhHIDsA=YDctQQqnCMA=SNU9abOXAsA=MNRLDENg+b8=oHERAmkX678=AE81W8PVvr8=gJEqgvJf4T8=cMdfGOtH8j8=EPHUvdu1+j8=gPlL38/lAEA=yAOlqWKaA0A=KPq19ZazBUA=wG8pFqpFB0A=kNUFir+MCEA=SMQsDViUCUA=uN30oIXdCkA=yHVvTDGWDEA=EMFePfnlDkA=oAB3BBPfEEA=TLHJi42dEkA=BKA1dNSjFEA=YujDTf7TFkA=3Bb/Xbf7GEA=+HXzccYIG0A=Nv/gD2LZHEA=SKTqLM04HkA=qM4p7zUKH0A=bl878LxGH0A=Zv9ckC/vHkA=srTO+/7pHUA=vhHa6iRLHEA=XqVES682GkA=+grqBLvNF0A=ZgRMm9UYFUA=7HVbn+FHEkA=sFaxwUrqDkA=KPu3T8STCUA=OCyhpZB5BEA=IMTt//DO/z8=wCTpaA8N+D8=cNmVrCPg8T8=ADnFYUXP6T8=wJl0SCdC4z8=INTynIgk4D8=wCKd08KS4D8=YH7TafWq4z8=QEDQ/6Gq6j8=IKBEgeu/8j8=sHtUMxcI+j8=WAcQtCVFAUA=oG22kK43BkA=+OFZDEK8C0A=FI55iCOzEEA=6Dkl2lNtE0A=8mASKxn9FUA=0MIJ2pwpGEA=8lyvYum+GUA=iPgP7XeqGkA=DKXYhz/qGkA=oJOTLEKJGkA=8Pqf0dl/GUA=XLvdifwNGEA=cDkO4EF1FkA=ztX9ExnsFEA=SHUbwK6oE0A=LNI7RzXvEkA=PI5gwSP2EkA=VIxc/EDiE0A=EHbx2fulFUA=GD92LHdcGEA=Bu0nhOT5G0A=0aHPZCokIEA=uzJxdHKCIkA=klTZpXwJJUA=rrPh5CKbJ0A=VOvgJhcOKkA=WAn3TdM/LEA=yaqVxKcjLkA=IChhtd+lL0A=Eb6/sjRWMEA=5DrFG7GYMEA=jRtwcR2dMEA=zAt1EzNmMEA=2OjDyNjeL0A=zFHYz+KILkA=+h7gHYTcLEA=pjLLJlztKkA=YLum88S8KEA=/G1nFqlnJkA=qAshD5MCJEA=HtwqobyXIUA=xvwf4QZNHkA=0iiADMuXGUA=0ldi0xAkFUA=FBjCqqkIEUA=QN64zgZyCkA=gHpjiG/NA0A=wFF7lbFv/D8=ECLk/8SF8z8=wPL6O9Xs6D8=wD1EMJRO3z8=gLU7CRjv1D8=gEG6b+ab0D8=QMBYgUzz0D8=wCHROLQ01T8=QNalrYRc2z8=QJq6rR6g4D8=YJCJKpNe4z8=oABXYrKZ5j8=AC7YPwQ26j8=wNuKTa/O7j8=oLG1Sym78j8=YAjEiWCu9z8=AC0QDTnJ/j8=iOtQxt3bA0A=WKZWZZh6CUA=fMhNsv4UEEA=qAWeWwTSE0A=3inhzbeuF0A=4FM03KiLG0A=EO5jxB8xH0A=lbKL0XgsIUA=4bmrvIVdIkA=hztsY7wkI0A=4fTnFBV1I0A=EwZpGRBJI0A=6aVJLVSfIkA=xTE9TTyTIUA=zds9Kjo2IEA=umyHOPExHUA=/IU1SaSyGUA=zBjRS3I2FkA=dHd8LOzxEkA=8N6H3pv1D0A=kKOLVc/8CkA=sLLWrxQ2B0A=uOhC3B2zBEA=cO6uncIyA0A=uNiAomK0AkA=oBIILPMFA0A=+A1XdvfxA0A=0G2EYqTxBEA=+HgJ9G3zBUA=UEHovJ21BkA=MOCC1BsuB0A=CE5pqWcOB0A=kErcUruYBkA=4JalVQPvBUA=MLL2HucnBUA=GHZLN2VYBEA=eO2wLzLdA0A=ULOQ/mXKA0A=UNpXZGAsBEA=mMBt74TzBEA=EPjqslM/BkA=EP6dn0zyB0A=QPokKevXCUA=AKLb4nLPC0A=SKFnjEfSDUA=qGG1+RnvD0A=0CZCR/r0EEA=fBj5JuLuEUA=XEKYyFD5EkA=jHqyMtchFEA=OpYvj0ZVFUA=BkPoQw+nFkA=mJgymJgfGEA=+h+CKIukGUA=KmTuUbMAG0A=Jp/tQM8kHEA=GP46X7DyHEA=kPztAwxLHUA=RjtnYcP7HEA=pFwXzZ0aHEA=vNmP6BSzGkA=uDMJ/AHeGEA=JA1Fl4C2FkA=UELosJ6EFEA=lAnsPP2PEkA=XBcRH8P6EEA=mI4eDYfXD0A=YNQ+yuYpD0A=/AazJ2gIEEA=qNq/NswyEUA=IBZkzHz9EkA=BHlGxgtaFUA=0FdZ48ofGEA=Zi83iu0HG0A=ZmYe+TTtHUA=7kK2KE5aIEA=qMKTovGbIUA=emrwURGiIkA=NFFYsVhvI0A=vCUhC5wGJEA=NuhYQaxqJEA=jxZSjg2YJEA=AN+xNZKeJEA=paWjxJaUJEA=0yp0hfiAJEA=TqNJGJVkJEA=fe9/CWJWJEA=hFdCBpldJEA=FHb4tdF5JEA=ZNvAhg2eJEA=EYGIML3UJEA=b8gfXtMRJUA=uq1P+J5AJUA=uKqeHYtJJUA=+QiYJFcoJUA=YG1RT7/JJEA=FoZ+xvYSJEA=LZ8QoCb6IkA=iWSdScCBIUA=qvkTm/JKH0A=KMWe7V63GkA=zsujDY9vFUA=GND72RM9D0A=aCS9qLzeAkA=4Ew8X0MV6D8=YBE7D5XQ6r8=wNRLqRLOAsA=kCqtqlvGDcA=hN5zjTa0E8A=+JfzSjWUF8A=PHSG/O1eGsA=QFM59CIIHMA=tMWvuqmUHMA=uOAEw+X2G8A=+Odr5446GsA=mDzBsfCJF8A=wF2qyEYTFMA=kADh7nzUD8A=sIJdgcmDBsA=AGzambWh+b8=gBK90a4N2b8=IOfZVo8i6T8=YEkEHgMX/j8=2C8iMBGwBkA=4PObT9YZDUA=9LA96k0aEUA=aIWjVmL0EkA=JEhqUKf7E0A=jKkRFVhIFEA=sKrOFTrwE0A=pAfrKscDE0A=0HZq8/l3EUA=6JsdskfzDkA=SMYAZ6Y4CkA=WHcapz31BEA=AK2KTpJe/j8=wN+0lNuk8j8=gKMxG/Cx3D8=AOe9G24Mzr8=QFw9ywD1678=UNeyQ8XN9r8=kGwIYasa/r8=OIVcscfwAcA=OAnnZqsDBMA=eKZNZ9MhBcA=iNrFOTlIBcA=COit6a2XBMA=wC2Bs2X7AsA=+MZGhwhLAMA=sPB2N60J+b8=AOiLMwbv7r8=AFuZQYoFzb8=4LK3kxYG5T8=YEKAT2H7+j8=WG8mZQB5BkA=NOvs1mAfEEA=WCo7TExRFUA=wG+uPJWwGkA=Z9e55WkDIEA=8/4BkP2fIkA=11GdDeIfJUA=AE8/50VwJ0A=jmpCwG10KUA=EW9fASIoK0A=dDCJLMF7LEA=pSydjoNcLUA=iLjl4lq5LUA=Hk2XgUyULUA=MBiJAwzqLEA=Jm1A4hm4K0A=kZmHQrwJKkA=CDeVATD0J0A=Du5078iSJUA=B3jl9YrvIkA=9tJK91QoIEA=hpQCJMS8GkA=6Hk/sYFTFUA=lIev5a0qEEA=kCLM5yrcBkA=cNLqhhLn/D8=4AAymqHc7D8=AMMAQpFkvz8=YJwtEqiF4L8=oOgUvXZR8L8=ACJ3542Y9r8=QPlT/8vG+78=8PT94IKU/78=wI3/2DtHAcA=SDEVKtt1AsA=oNxCnLCcA8A=2AnoVD6mBMA=wFkPfGGZBcA=WGW1z9SOBsA=MNFLI2+NB8A=IOvkyXB0CMA=2EGcM04sCcA=CJ/+lIe2CcA=2HuuOlz6CcA=0L9YCSmyCcA=cKtyfaS2CMA=UMVcFC8rB8A=uHvylE3wBMA=uIQmPlvnAcA=UDsudEAS/L8=UKxfaydo878=QF2tJ22k478=ACR2R5wumj8=AH8LuJzV5T8=YEOwIcbB9D8=EOP80t/r/T8=uC1vI0wFA0A=mLldxjJ4BkA=CDBXce/5CEA=oD6Ns3mvCkA=cAoaSq6iC0A=iCwNgW6+C0A=GKw9Qkr7CkA=yEqW8eKbCUA=QGkOOXqyB0A=SE0kLH40BUA=KPMaNIQmAkA=QHqCL7fN/T8=0IJtGZcG9z8=AKbAXC7z7z8=YGdN17ct4j8=AN6vUEC5xz8=AB4UQwnyvr8=wHpFXlnB1r8=gJZ2YibM3r8=AC2+tMBh3r8=wJMYaF+11L8=AE5s1zE3s78=QBHun6Dc0j8=wMuM3pls6D8=cLV6LIvQ9D8=4KQqsPe0/T8=MDvr0hRnA0A=0EUoWaXTB0A=OFxOMNnjC0A=mB5mnctcD0A=5D6LUx0vEUA=6A38Qz9iEkA=6Kckn8ovE0A=jCbKy8qLE0A=sOa55kyDE0A=KLBD86f4EkA=dOCXotvNEUA=uNisaerSD0A=YLM/dNuiCkA=ECcwS93pA0A=gBloFgb79j8=gDkX5lCVyT8=EFo0I+ng8r8=ANHGmqcsBcA=3K41yRarEMA=+PJLQaiLFsA=qCMDju7pG8A=lLnPRX84IMA=vna1Kc/2IcA=INvlF3wEI8A=zpP7q31TI8A=+rSGIireIsA=WAVE0+q1IcA=6IjcSBjAH8A=tPAmRonzGsA=KCaLHlFhFcA=GBXyFFPtDsA=AL6rDJkCA8A=IN3sRLEc778=AAV2IzPYzj8=sA3Wo53x8j8=wFEg/HEd/T8=gGl+zLTbAEA=iJCBY4YsAEA=oPe3ybJp+T8=AGN8KNn+6j8=gOn1dS7gwr8=YMLR5Fl09b8=UNUOPXkkBcA=mGK/ACS1D8A=JDzWnlLsFMA=MCE/TPuRGcA=VAUBqSB4HcA=Yp6xcPA3IMA=VBtT+kMqIcA=yvJrdjadIcA=zMre5n+EIcA=YopcpjnpIMA=aMYz4zO9H8A=4DwkTb0JHcA=TDc2szPGGcA=gB8z0hYyFsA=lMh566l9EsA=CLES+AHKDcA=MD4P0h7RBsA=GLNtfaJAAMA=8KsmAQ1M9L8=INHljOvL4b8=gEJjbAvxwD8=QCceXvU36j8=kPcdOfIw+D8=OJUYQAvQAUA=kOYMQszjB0A=8HbX2QU1DkA=UOXFmaIyEkA=2mCvIBc+FUA=CMZcqnsWGEA=rliL7ROfGkA=qjpTuf+eHEA=Hrxp/ZsUHkA=XO5PZZn4HkA=GlZbD09SH0A=pICbfPEkH0A=urk9BpajHkA=EAa6yYr+HUA=ejpbAstwHUA=qPaLp0MTHUA=Ls7rduM8HUA=tty7d7USHkA=8GwVIjKmH0A=XuT2DML4IEA=bZhPoSt5IkA=5Mwj93lDJEA=kBhOYa4yJkA=z162SmwlKEA=VH1i3xMCKkA=YU8wYeGqK0A=9HCDRfb4LEA=eB7N3M3hLUA=LPg/UhFfLkA=jMOCGVF7LkA=Rj4AuywzLkA=cBcmXjeoLUA=STnT72T1LEA=Fkh1Qhc7LEA=Fbg3+8mFK0A=6akgh4T6KkA=DXyvp+arKkA=uklgekmpKkA=OY0amcDkKkA=/k0Men5iK0A=KVM94tIZLEA=XgiUPJX4LEA=oHKloprnLUA=jOXTqrDhLkA=hhJ7qp/XL0A=AOCUegRfMEA=570znLrCMEA=Bu5mSqcdMUA=A+3FfM1tMUA=hLiXMfSrMUA=iinalTXYMUA=bmnZrZPyMUA=xNQdhS/5MUA=/4cCZ2XeMUA=3RDwufGeMUA=FCmAoc04MUA=ALJuArWnMEA=i8YNABbAL0A=NDrkktHMLUA=Vhpcynt8K0A=rSPUBF3dKEA=dc+he17xJUA=6BuwmareIkA=sjcoQuSGH0A=bnPI+Fx2GUA=ePIsnRCzE0A=wADIiOYRDUA=eFoFZi1TBEA=sHKoFOyk+j8=IKf498hf8D8=wNulUGiD5D8=gN3fcxN/4D8=QNpKILPL4z8=AOr9K4bc7T8=0INzEulM9z8=2BTysQVAAUA=6JqAWkjKB0A=gOTi6lYjD0A=/Cj9eJiSE0A=pg7MV662F0A=cuoKxUPAG0A=cpGDBJyXH0A=3d1DYSqFIUA=Aef28oz1IkA=VBBmExj5I0A=X/RjSlaEJEA=ugsTv2WEJEA=UJCpIjXtI0A=kY8LrjiyIkA=ST35jdTnIEA=Wny59ac8HUA=5lK/h3rgF0A=CDgKT7jvEUA=UNWjh2XFB0A=gBtt/KI1+D8=AMe1JmQDxz8=4DB3Hi2q7r8=cOEwc+B0/b8=GFkAwAh7A8A=wIUCzc0xBsA=yHqtCv4gB8A=mGzps1mgBsA=eD8aLAIwBcA=KCnkp4ewA8A=SFOtELixAsA=MA3VvkWPAsA=OBHSOy6yA8A=uHatiJNyBsA=GPV15sSDCsA=gHrfaH6nD8A=eFnXsqm4EsA=0PvHX2O+FcA=3JZ0m7mPGMA=aE28j7viGsA=1CZ8Ki+LHMA=8M79IrVrHcA=VOGiHy1ZHcA=RNCt9xxeHMA=uAZsz52QGsA=WPMvMxcmGMA=7O0TV+QxFcA=FNiTJ1jtEcA=oCjlABE4DcA=GJTVR1nvBsA=4P0cqHghAcA=oNdfwwk0+L8=gEnx6DZa8L8=oFFS9tl45b8=gNMwwFdp3L8=gCeTW5U+1b8=AFizvo1m1b8=ACzL/AlL2r8=IOBZGREG4b8=4F+UPu195b8=YB3tjayy6r8=wHD+gKR7778=8OWgtPDB8b8=IAB0QHY9878=IJovYciK9L8=0D/gVqRC9b8=gNLLwfRe9b8=gKtxq3Pe9L8=oGtdvXfH878=MHekNCyn8b8=QDifEeCd7L8=QFaAgeRD478=AFuqX/iwzr8=gFA1ipYfyz8=YDC+ODZ46D8=IHYF8VRL9j8=+CeRgtmQAEA=SCOZIqN0BkA=aKgq8OK1DEA=gI4Q56x9EUA=uMIspt6sFEA=eEvkkH/eF0A=fIpxH1sVG0A=lj2IbDMxHkA=fVzKR7aeIEA=w9tmO5gbIkA=0wive8GKI0A=Yzo7BXbcJEA=qbKNTwgSJkA=HAPUlp0gJ0A=7wywnyf9J0A=VcLXLXuNKEA=EOUTkgrRKEA=K5gqgYHAKEA=5byrOblTKEA=Dwc1gx1+J0A=0BPeUQ1XJkA=h45f8fHxJEA=sdQoLJ1aI0A=JLywae6iIUA=CiXs0hbiH0A=TCyl74rEHEA=OqquAb0DGkA=ctDzPDm0F0A=arvfZy34FUA=IAxWc5DRFEA=rGQsd5wTFEA=5HEw7/WlE0A=ZAby/RNwE0A=mGHRychPE0A=rLcD95wEE0A=ABXhZnmAEkA=HBi+XhC5EUA=lEz3FCycEEA=mL/ydI0lDkA=iGVZD6KBCkA=yInMg05oBkA=sLhmDkkRAkA=0MnS6cwi+z8=sIFLyvh18j8=wHoD/VeO5T8=wHQc/ll50T8=AEqN0jviq78=AGF6CAaM0L8=QMsdjXj41b8=wHACZM9f1L8=AKkgmn2hyb8=ALDfqn76kj8=AJXwEmrr1D8=QHychOql5T8=gKuZ2KDp8D8=EN6RGumK9z8=UJLHMW16/j8=eF3b86WUAkA=2Pwd/tfyBUA=YOSQCBV5CUA=cL9r9PoyDUA=hFfTBWh3EEA=jK4i3ARvEkA=lPZeAAR4FEA=ZoyuQYqAFkA=qmD3cNE5GEA=UAnadAiZGUA=dAHGVl5sGkA=qHlfIil1GkA=oENutrZsGUA=6t2a6k9CF0A=6CW77IPnE0A=iBX+Dd7FDkA=CKGyyvSEA0A=ICG3g8S36j8=AKYIMkOc7L8=QLwygUZrBcA=tLO5jRWsEcA=pMGr//ITGMA=DDrBleSgHcA=UCjHwOwWIcA=ln36f2PMIsA=WMeGmjHmI8A=9gMVxDVvJMA=LrAT5Z2GJMA=yEIu5p4/JMA=3KlrVj+1I8A=NmX2xeQFI8A=qtNRmxBTIsA=aue2lMakIcA=Hh/YQnYGIcA=0vC8TwV4IMA=NBzaStMFIMA=aAt90AMiH8A=bCwLXUklHsA=1PPccZHtHMA=2Alcidl0G8A=4H/h/KqMGcA=yG58NhgrF8A=NCjHuDNZFMA=nNNkT+syEcA=GN3Y1c2AC8A=sGvjHIxABMA=ENGhB0w/+r8=YNspBgTl6b8=AMTcbnsLrr8=QANnGLdz4j8=0MU7G+zw8D8=UFoIs9RQ9j8=EPOXSqSi+T8=wKrMDktc+z8=AIUO1Vx9+z8=IPndN6Qa+z8=MLpTT8DX+j8=8FBi0MZf+z8=gIfgRA3b/D8=mIsnC+UQAEA=SCeD++ejAkA=4BA/APU2BkA=6Eh/IjuTCkA=KMlJ2qq4D0A=XGTggtW2EkA=WnlH51CqFUA=To6ACDGFGEA=RtKiQrEuG0A=pkKkQHuDHUA=qCCIbbtXH0A=NaELCYdIIEA=S8FIWvmaIEA=6yPCXEGlIEA=9WQj9rhmIEA=7tQgplXeH0A=yD8+JS+oHkA=3M81X91iHUA=XBBNoEkGHEA=opfjji7QGkA=0IjA9OjVGUA=+E2K7tQwGUA=DpX/pvS4GEA=7q/S+iR7GEA=/j0QVq5XGEA=ZLERl5g2GEA=lkG27/HaF0A=VnSImwU7F0A=CsS7dr1FFkA=dNjiDkDrFEA=DA/w1pIUE0A=rAmJi1ToEEA=CMeKdfIGDUA=MGcBQ0QOCEA=2P4W/R8TA0A=4JaKuR46/T8=UHdZGgbA9T8=oBvo5w+b7z8=QCOITkPu5j8=oNMrH+QY4j8=4EUbwg+g4D8=IGSbcphE4T8=QCBLDEhR4z8=AFur4Zuf5j8=YHT9c+516j8=IA5QpzGX7T8=AO4/EYkZ8D8=0PGcI2tQ8T8=gPNWOXmN8j8=IBptVkRs8z8=0LXpoRt79D8=oH5BWifv9T8=0LBvveKd9z8=kNyaOzA0+T8=gGA2iZXY+j8=cF6SPNCP/D8=UCf3zBMR/j8=QMssEkbf/j8=wGEWR3U//z8=AMFXL5kv/z8=gE5G90NK/j8=YPfX85dr/D8=8Gj7Cc78+T8=gPVaRPpN9z8=YHMj/KIR9D8=0O4FgWui8D8=4Bsiro8S6z8=gAwWvo6h5j8=gAo7J1V64z8=QJSRU6Qz4j8=YCgtHAJ94z8=wD9tWC0J5z8=QPNJTJRm6z8=gMrlxwEw8D8=sDCjA+Sy8j8=wMQmrfnE9D8=QMGFXxdZ9T8=4EiGib+N9D8=EBoeN2gd8j8=oLEbQ77p6z8=gOEh13TA3j8=AEiCdZr7gD8=gLZ5zfTi4L8=UE3QEZ2q8b8=cODKUitK+78=aCNgJVIOAsA=uLJ/B7HbBcA=AHsrt++vCMA=WD83NjJXCsA=0H+3jt1ZCsA=eIBJbdOlCMA=SOdf5WNHBcA=gB1hp7w4AMA=kAsAFHxB878=AMFYOmouy78=INQ8krHU6z8=8HUfITodAEA=OO5ZTlZwCUA=+Dj+HtZCEUA=vJhnWBNsFUA=VgYMnBcsGUA=LDX1zChwHEA=Wg2/2/EsH0A=tZkH656kIEA=odvbI2RxIUA=6adxF+AEIkA=R/HMfqBoIkA=eQ8YplueIkA=IujaeCDAIkA=3gw7XpnXIkA=SjOEDB/rIkA=xvG10+v6IkA=eOiH2m4QI0A=NjviziksI0A=IX7KpvxAI0A=6A9VZ1o+I0A=RxIozqQjI0A=jz+lcsnmIkA=G/2UELdvIkA=mLs1xLK8IUA=CzwzNuvRIEA=yiDGSkBgH0A=Pk2UzQmiHEA=8EUJCbuNGUA=Dt/p//tKFkA=kBnF6p36EkA=gIFsfidGD0A=AKg6CZgPCUA=GALVpQ6KA0A=wF9nEh4K/j8=4LEv3oD/9j8=gESOQaee8j8=sLwbyEjq8D8=wIDdr2L18T8=kEpqvnxx9T8=4AxUj6t6+z8=qAelT0HaAUA=2FfcKG/IBkA=0AR9yTpBDEA=JE1okPUMEUA=OErgnQYEFEA=qGuuqyPKFkA=cBFpiEQ8GUA=1DhyEUA+G0A=TlU/LBG2HEA=cFfw4wl2HUA=aA/SxseEHUA=WBAKzz7zHEA=ZqTBwojaG0A=vI1vj104GkA=zBlkqk1XGEA=YJIAdpBoFkA=jLlIsXeoFEA=rGK3WmY6E0A=dL7xZ7xlEkA=PP13eWteEkA=oEr/i8JEE0A=WuJARsALFUA=UnJEJPjRF0A=ArzEP3mBG0A=ri5OwMLsH0A=gi+oUnliIkA=aESG6DvtJEA=hgX4M3VvJ0A=C/BK0vG3KUA=Rm67vUCbK0A=iqCZFq8ALUA=0s3aNb/QLUA=EED5JFboLUA=rpj6PCZELUA=EIkEzPTyK0A=NQd/SPIEKkA=NPBFbu+EJ0A=2Sd+oamcJEA=IakjQRR3IUA=fAuJjWtzHEA=ICdA50QBFkA=kAdRg2PSD0A=SEarILfBBEA=0BBqqfso9j8=ANbEkP6g1T8=oBARxsQl4b8=AMeMQcHB878=EM/Av5Ws/L8=IEd7ewIJAsA=YFFIx0DwBMA=+CQTh58UB8A=SMumnfawCMA=+CN70mrVCcA=gBgDuF1MCsA=OO2bT6PxCcA=GJo7IfLUCMA=4BuC5WvnBsA=6DV2ZaUDBMA=qCRDmKccAMA=8GLmV2kN978=YLuMDefb6L8=ANT6psVVlb8=oHonVn3D6T8=ULpjGjWC+j8=GMWM2hAkBEA=oDzcatIMC0A=zCXq4OLqEEA=FO1mYfr/E0A=Lm4/3grNFkA=Vv0kVrFRGUA=pmYhEDqHG0A=SDf1arpEHUA=IhaRHl+7HkA=fqbygrHrH0A=aplvK79pIEA=ygqJqka1IEA=FhXFHlXpIEA=bMEN9uAIIUA=U9Vpl6UGIUA=aF5DtQjkIEA=JIsXPKunIEA=AWiy6YJUIEA=VqlcatnEH0A=pIWX052oHkA=gAjlf7t+HUA=HhiAJytWHEA=/hwkWnUtG0A=usHROBItGkA=AIQBsTF1GUA=mOmSdCIkGUA=pEt7XrQtGUA=yNk6qSasGUA=oOU3GVOuGkA=DtAU4jIrHEA=gMbayef3HUA=MgcHJRUJIEA=Da7SLPcvIUA=lTyi2NdWIkA=X9c58yRnI0A=LOoakJdaJEA=nEHRe1EmJUA=RWM/qh/BJUA=wo8TOJwiJkA=SlYgJWpdJkA=7iqZhAN4JkA=MH/LEgt3JkA=0O/fuMVlJkA=ZB/6R7ZbJkA=92qbonNgJkA=fYQ8MNBxJkA=c0xk7wWSJkA=qHtt8PPCJkA=b7+bV3T+JkA=uOE7ccwxJ0A=+QEIvH9UJ0A=uXOZf5NfJ0A=jj2787dPJ0A=dURElY0LJ0A=txWEYDKdJkA=u7LgzdcFJkA=HvQRT2RKJUA=EHn6TmJhJEA=YWiXQKxkI0A=K4itX7NZIkA=mEdH4e9IIUA=VkID99o2IEA=rnOwR/5vHkA=Kl23gMCyHEA=pPfcNfdLG0A=tGfdHW5BGkA=6nxKBgu/GUA=PiHmNxbaGUA=TpY4lmCPGkA=nD630SniG0A=yPyIdrLUHUA=wzNwxdQtIEA=NVn92YSjIUA=ESwekjY/I0A=sz6zXqPvJEA=/jFK1SujJkA=WVmo1B4+KEA=XHFwX5u6KUA=HAHa6HYOK0A=8Dz5krkxLEA=6IcRuIoZLUA=aohDWP3PLUA=3NXEcuZYLkA=bIqOqQPALkA=irlJNkD1LkA=GO4TUa0LL0A=/uGmh3IBL0A=hpMXZOjbLkA=EJnywN2JLkA=rBVjb/kXLkA=QezpbTaELUA=HCScb2zILEA=XRdJuDjfK0A=0r1EBuLRKkA=te8tBmGjKUA=DWEADDFNKEA=+dgv7qXMJkA=8xfhNPYoJUA=qtnPn/JlI0A=77fEwWJ3IUA=0pfcYi7JHkA=WPShzpRqGkA=ZLDnYTLzFUA=5KMwIzlZEUA=GAm5wK2uCUA=2E/SeHRBAUA=QNz+NOeY8z8=AC8ndU/h2j8=ANdwvu6Ux78=IL899UmS4b8=YEJqqR+h5L8=gNq7Pd/c3b8=AHysBCnumD8=QC4pqGKX6j8=kBCIMIoL/z8=CDnklWqaCkA=MOyDuXLfE0A=gmqPD7NIG0A=ihWQSgOhIUA=nYCJhIu+JUA=dRR65+7aKUA=iAADynLLLUA=gnTfX/WsMEA=B+2q61gwMkA=dPZZEYJjM0A=PBzPPSM5NEA=4yi8LDKlNEA=auugLBSpNEA=pN03uQZKNEA=GZLy3P+VM0A=Q+n6FV2RMkA=9ckVredTMUA=LO85pdTcL0A=PTIToe/qLEA=kVYuTvzeKUA=a+lLZurlJkA=9xtbDs8QJEA=9I/V3zxsIUA=wN8qn1zoHUA=EiyQOoFuGUA=3BqPPiJ3FUA=HJd+AOz7EUA=8Cq4qA/hDUA=eMnR/CzyCEA=oOL+MIZOBUA=4GgW/fbhAkA=CJQw+cy+AUA=gDbIe/sNAkA=QFiPeDDMA0A=GJrPAkmYBkA=eKLtjHVTCkA=AF0/5QfFDkA=BECe0JrKEUA=UMKOvC0AFEA=4k7tdTnvFUA=dMvw3UxmF0A=lJzwJ2dFGEA=vO5HJEdbGEA=eEg7Ba7FF0A=TjeneLKLFkA=ZIAhHe/DFEA=FP4ipFaFEkA=tAtocOsZEEA=qMR4NnlQC0A=6MvKkgCXBkA=gHHsPLlBAkA=EBIhvQ9x/T8=kBPR8bkL+D8=gFJXiBpf9D8=QPtdmd1U8j8=ICK4sGIt8j8=MBnGnme98z8=MMnrrV6O9j8=8EknDQmR+j8=cM9UC7K2/z8=OMeqyfvsAkA=iISCkJcqBkA=wHkdklaKCUA=MLcTuCDuDEA=OJrwZbgVEEA=vGvk4SlsEUA=6HThO69/EkA=YMVdMmo7E0A=0BuWrqGQE0A=oFF3quRzE0A=VLfWOMH6EkA=IFcg/T88EkA=2PdfOWdZEUA=HKL4K9BhEEA=IFQJa9VBD0A=WFHLqZd2DkA=+OiG4Z6wDkA=lDFft8cBEEA=tAkENeleEUA=eNQfRX9uE0A=mFo+YsoPFkA=npPc/uoqGUA=kjQs+BufHEA=EUx67JIeIEA=aQ/mZP3dIUA=R6I638d3I0A=r0YeoyPTJEA=VmPhdrriJUA=qJ/5o6WPJkA=SHCBrWTkJkA=FbrYGYXnJkA=AOvuxv+tJkA=7bDXT4NBJkA=+ujfZ/nKJUA=glhwg21mJUA=KaMgbEInJUA=ivfMbZ4JJUA=RnzjPBshJUA=S7JsVvhdJUA=b6z+fkSwJUA=WAtKPhr1JUA=UV4J7rUbJkA=DjU/KTcNJkA=oJU/oDGwJUA=S2MUYszwJEA=lHhDIBLbI0A=CpsSH0F6IkA=BxgjNWfaIEA=hlSE5ocoHkA=VgjHATacGkA=Rn2/XNdSF0A=CGFm6oVtFEA=6JwCbNUoEkA=SMxGAgChEEA=kLnuCDiyD0A=cPw6bbNZD0A=VCC+EH4OEEA=CHFXz9bOEEA=tGxpEI23EUA=pKIwkbhsEkA=KCxbkaTREkA=JE+aAkazEkA=4GW2BzPvEUA=RP+h5bBZEEA=sAIXZKX6C0A=OP5+CJLKBUA=kBO4cmZ1/D8=gKqos5LQ5T8=4H6VeGZG4L8=ELjHj6YP/L8=6Go0ULcrCMA=KOFIOmUUEcA=VFNve4vHFcA=IMptZtEDGsA=xGBfJgq/HcA=kFoBAitnIMA=ogivLFyIIcA=mIO2WY41IsA=kEg5s/h4IsA=QH6Z799JIsA=WrIs48SfIcA=opHEu3+AIMA=UGwtoY4OHsA=9CEIjlVqGsA=hH1qvm4zFsA=vFuq5UOKEcA=8KprIDNsCcA=0AhgE2jw/r8=4I5aQE6e5b8=QISt7CAf4j8=UCSEhGgd/D8=2PVXuc1FB0A=VKAFK/kYEEA=WB0qNO1VFEA=ZmeJ0y5JGEA=NkeDd64LHEA=LP7hM2GYH0A=qZ9bsO5jIUA=Y2WmbSnOIkA=+yWbHUkLJEA=Hrwc0nUYJUA=iYMzNJznJUA=CAUmExF8JkA=WeqbpSfdJkA=UIX2CLQWJ0A=K+saHzsgJ0A=33A4/lcHJ0A=GnAN3K3aJkA=VI9KmpyeJkA=5aVF9vtNJkA=qRtOvO/1JUA=43Fkz5eZJUA=sVHW0fM1JUA=+tP7HCW5JEA=fDN0mbI0JEA=rphMEIyjI0A=4qoZxYH7IkA=fAmjHhExIkA=ZXeI4iZOIUA=/jdzKxpKIEA=4N6W/0YvHkA=HupRwfFfG0A=XkHR2JUuGEA=TDOa+vOWFEA=pDcxvBl9EEA=0C+9rwzMB0A=YJYmVQz4+z8=APZcd+lu3j8=YOFl2oe06r8=kO4ew2zZAMA=8D4g/nk/CsA=VB/DFnwtEcA=yKEs32iHFMA=gHn8C7zvFsA=ABU1IjRNGMA=UDXnykyqGMA=AEZrZQ8zGMA=RDY8Lvb4FsA=TGjcqtwuFcA=4EOPI0UeE8A=PGkh65oWEcA=OAekmq5bDsA=GKB2TrYCC8A=UPvKYshwCMA=QCQ5Z56XBsA=GAziQ5ElBcA=wJXjegHeA8A=4MjiFwN9AsA=EMcKuPiuAMA=AK5MEHJu/L8=0A9Tz52S9b8=AOVpRYcB6r8=gN3gpEHZxb8=ACWUfFkf4j8=8Inry7vj9T8=4HlPkwp5AUA=qPRrbKLhB0A=6CZLOyvqDUA=BOnOULuwEUA=GIXdHj3kE0A=QO5lrNaNFUA=ANUnvlKZFkA=pjkCoLn/FkA=KiAPFz+cFkA=NluwjDeLFUA=iJuKcmHPE0A=jLvXC25xEUA=WO/2D2/tDEA=iMMSdz0lBkA=kNF+J6eD/T8=YB6JrgXn6z8=ANm+7Cjpv78=wOJ3Oruj8b8=UHdYtTQ4AMA=KCmoeYIdB8A=EGspXepPDcA=2JslfrBWEcA=QGYorE+JE8A=GFj9w1RJFcA=CDl4F5qCFsA=8NKn50YrF8A=hCSbB6ErF8A=6N2kMn+ZFsA=uCzNkBFcFcA=BAMVAgJqE8A=4EGWKULHEMA=WD6ZTqQ/C8A=UDrlYjbwA8A=MAhZ6qmu978=QCwThp1i2r8=gNNPj3Wq5D8=gLIhjpbO+j8=wBLSO6gMBUA=ABoCmiXOC0A=4HWDNEesEEA=NIo7bevFEkA=0Aj6aK8vFEA=JI9T4NLVFEA=zNyb5ha8FEA=DJj/IXv8E0A=nPxsbN22EkA=GKZna28BEUA=KPvIhR0KDkA=IAywvxEOCkA=WGABB1yOBkA=SAUYBdTHA0A=CAHl4sM6AkA=mDGFtnQ3AkA=QOGOF5wGBEA=INUpBTN8B0A=ODBNr4OjDEA=FB+QcsuxEUA=HLvFuYq7FUA=piQW1vQeGkA=9pAogIrLHkA=CVuv7v3GIUA=Sr8ZKGQcJEA=GNJTqQRGJkA=JDIU1jE9KEA=j1A5pJjyKUA=RfpBM6pWK0A=b4NlZbdeLEA=jGubM30OLUA=6d9XkJhkLUA=fhFAaCpYLUA=vtF7f9TtLEA=uhzwFTI3LEA=TgeqsmhAK0A=q8L6vCkNKkA=wdyG0JazKEA=qEfKX+FOJ0A=n4momfXzJUA=uWfuT4elJEA=uObXhOx8I0A=NtG12juKIkA=UshPInvSIUA=+I9411hNIUA=7PrAJNEBIUA=16XEIYLnIEA=A4du5pj0IEA=t+5T/gkSIUA=FnJ7Ev4+IUA=X+im1GZ1IUA=j1O4RFqoIUA=/J1oF1zKIUA=mP44Td7rIUA=Z6cBPoUIIkA=cql82uQeIkA=CS5qp1UmIkA=1VvSShMsIkA=65YDITMxIkA=heQstCEnIkA=U/U4E1wKIkA=SJK3iwzbIUA=y2nNKJuTIUA=TdXrUgwiIUA=9jnzdySFIEA=LvZUUth7H0A=NPaYOpanHUA=3n3hEI9rG0A=BifzXOL0GEA=erL+3SRVFkA=cK89A9WpE0A=1Nx68jPtEEA=IHvlmOOcDEA=gG/jbdC5B0A=GNT7AgBGA0A=UHHZCi6A/j8=0AgfMqK+9z8=IOk0B4Bm8j8=wOOOHpNL7D8=gGogG1CP5T8=gLYShc0q4T8=wLKXNApA3T8=gGFErCC52T8=gKTCeFxW1z8=wIYWd8151j8=AFGEKFlu1j8=gLBuNbef1T8=QKNfdzqA1D8=AAGrvXhK1D8=QARjnK8s1D8=gDntH1Ce0z8=QPvDrilZ0z8=QD0I6JGI0z8=gGZn6HMB1D8=QJ+Eo7010z8=AMNfvBAd0j8=AEvzKHIW0T8=wO6UYtEk0T8=ABCLnsfI0D8=AAK8cy5g0z8=wJLBqPUG2j8=QFaEM/434z8=YLSrsu0b7D8=kB568ZR99D8=EIJsqRAI/T8=ULDsQe/HA0A=2IKZbubOCUA=4Bpe6KdREEA=eCSvmw37E0A=sHQTahCzF0A=3F18biZPG0A=aI8a1tKpHkA=GL2Gs/fPIEA=DURlY4/2IUA=tRW192O7IkA=H/FzxdQVI0A=5spBcSgCI0A=R4sfPqlwIkA=IalPBSxzIUA=5/WQvZ8TIEA=IDmOuhvIHEA=dGz50YnVGEA=VPDIY9OXFEA=OFuuEaJBEEA=cFtZbEnoB0A=QDs//+4E/z8=wBIGvxEH7z8=AIMTNxm3vD8=YAYoCFsN5L8=kJf+n4fL878=QDMeLUb5+r8=IDjVwe5N/78=iNwdEGl3AMA=gAheIAfk/78=MA1SuE7P+78=EGbyUG/59L8=ID2VV8Hm578=AGr36nUPsr8=ADzQC3Ur5j8=QK/xum4/+D8=AH4e/f6kAkA=iIxwHMLmCEA=CHb3FmHSDkA=nAGgZrQiEkA=VHZem61/FEA=vDG7MtGWFkA=/JTkridxGEA=QK9BGgEZGkA=xIurU+B3G0A=eG9yFS+lHEA=fA/KkhOgHUA=aiC36LlgHkA=JHkkXNG3HkA=Nt8uCg65HkA=jIDfDKJPHkA=kE+b2mluHUA=0gzWQiYJHEA=hnWTZLI8GkA=5ESMEEomGEA=uD1EhSTMFUA=lKnQykdPE0A=4N+PyijlEEA=yOLJsDiKDUA=EAEQlS/wCUA=oMQDrD9sB0A=EFHu999JBkA=QHra0qK6BkA=QAN6eUNhCEA=GJrwlBE9C0A=CA55rVAjD0A=RLnkdhTUEUA=9HnpVxMBFEA=+nv6yTjoFUA=wODWPSlOF0A=aCFsc6v+F0A=ZLlV2GK9F0A=surNl/qWFkA=wGslhT2rFEA=XI67e+siEkA=WONci44+DkA=QN7QOaUmCEA=YMPQzUaoAkA=sN59Y+ZU/D8=sEk0C1hB9j8=4KtXqOoH9D8=YK/dxcrh9T8=AKJnfSld+z8=wAxYYV/aAUA=GOPVY9VNB0A=gBqZQ7N6DUA=4Gr3gx7SEUA=fPmOuSXAFEA=QH7W4YJhF0A=7KShLYyUGUA=dHaMXWU6G0A=hFLaJiFxHEA=AGmrJ8RJHUA=3EVoJariHUA=xOQc71FBHkA=bB1M5UCqHkA=fLEJ4VgoH0A=gihSFsbHH0A=erJHTp85IEA=KfbAOrSdIEA=c2pVxZIEIUA=BR/r6NNXIUA=/z3eftWEIUA=zTVPKMuCIUA=yoV1u6BFIUA=5wNMulqzIEA=LkA9DRGSH0A=Hj7benAcHUA=fNHCxr8PGkA=/MUhnFtqFkA=yGjqJ5VTEkA=SAf6vD0ODEA=CHMx4aZ8A0A=IDkCfaVK9j8=wNOt7pk+3T8=AHRRXnQK1b8=YPe2tWMu7b8=wLun0jKq9L8=QKbXlnrh9r8=4FOOZIVF9b8=QIPC9AHX778=wLeKWkFo3r8=gIDckZl+zD8=cLYx21YT8T8=4E89q04eAEA=GAuk+OAgCEA=lN8B5SpBEEA=WBRDo9OKFEA=dlKSoi7RGEA=MIAd5cHzHEA=PagSQSd8IEA=Fs5Asp5fIkA=J4Rk65AWJEA=ANpcEambJUA=fWMRMTfpJkA=wOS+YBb0J0A=3Klhia6yKEA=jycmUtQnKUA=reyDZ/RaKUA=aNaAWxJQKUA=kBa4mqYAKUA=QxE0yR+BKEA=bFuSGXDhJ0A=E0Hi1pYsJ0A=nuEJ7ShmJkA=ZIKTSIGqJUA=f2St870BJUA=0I0dk5Z3JEA=Hnwx9g4MJEA=sICJASbMI0A=ASOu4ETAI0A=7Fq75f/dI0A=mpkWaO8WJEA=VN1OogBtJEA=jm46+nXUJEA=ACdavfQ2JUA=XagYK91+JUA=utHKG9ysJUA=ORxGi3O4JUA=ARvmAIGMJUA=MFi55akrJUA=QFCKp/yfJEA=CMrf/bbxI0A=oMYU/5AiI0A=uwslO21KIkA=KJsiV293IUA=S1GuN9a8IEA=SaI+V2MdIEA=PlMbZUBUH0A=VJ9viRvYHkA=4GRzhxLMHkA=7IEMTLsgH0A=MGiDX5TlH0A=hIYFpteLIEA=MbL+UPldIUA=dkW8njpZIkA=xrJRe0SMI0A=MDWNW83uJEA=AJCF7OZ0JkA=JdptL78PKEA=tb+ofi3CKUA=yQ7QH3h1K0A=8pjL0uAVLUA=wEfXUb+KLkA=PUeoHVvTL0A=hMTQ1A9zMEA=jXN9bBHXMEA=wCJqNakVMUA=vn3h9Os0MUA=ckY3aeU3MUA=U30oJsEdMUA=//YACNXtMEA=XfQfHImxMEA=HKvv7fJrMEA=ChYRYswZMEA=mC/VZYB6L0A=tpAveIOxLkA=Guil0wjOLUA=Mq2gQdC6LEA=HsMjKkd6K0A=KNiGlU8SKkA=PXesO0x/KEA=lTanTO68JkA=kzt7pi7lJEA=Fk/bzv0SI0A=ITz6wmZTIUA=hL7Cp/dqH0A=vuXMo86/HEA=/isyUZfOGkA=Xly8HNmWGUA=os2T+usuGUA=Go6LDu2ZGUA=tuohhPO4GkA=LEUqTCtYHEA=0L1ldaVFHkA=4UACfpMrIEA=rIQ+WX8nIUA=iGDpR5foIUA=B4WqFKNjIkA=ux9sNx+JIkA=51GLVnJPIkA=lM/wKTWpIUA=bLY/NVavIEA=TClbXUbqHkA=BtHXWJooHEA=6knari84GUA=AAuwgbR7FkA=YIqXx7giFEA=QEV46+FaEkA=2JupCu8hEUA=uDXZ1SCdEEA=UNJ6b0XBEEA=tCbLYhxYEUA=lClpnQgyEkA=RBmnQmYoE0A=dN2fVX0SFEA=aPMzXvK5FEA=htSB3FABFUA=VDGW3SL4FEA=YBRWYL20FEA=VOXWtTxJFEA=iOLUt4j2E0A=/OWJ2bv6E0A=GPl3TeWIFEA=FjZYNRC7FUA=foPtw7q9F0A=goWJw9mdGkA=7G72eFZRHkA=1dtsarBTIUA=eAgpMNLAI0A=st3fxBFYJkA=HaOTHL38KEA=cmMQOheJK0A=FtDA123pLUA=j38+XzEJMEA=cAI3Y1j3MEA=6hrWvxm4MUA=FFCEh9hOMkA=8/iEjLi7MkA=AvoW5aP9MkA=2DJg0VEWM0A=XBQ2nUUMM0A=ixdGA7jkMkA=wY1keLucMkA=XBCYW+A4MkA=AmLCJuu+MUA=Lu/9+iUuMUA=B0Ics9SCMEA=lmRbjW6AL0A=rS7OGTnOLUA=qmhqxifsK0A=7XKGwBLRKUA=1vg2DsWMJ0A=0myR/jEhJUA=hGtae3GcIkA=zJ4L++j3H0A=4Dd/p1+7GkA=FKVSmNCqFUA=oKGH2n3oEEA=UF6lhW8iCUA=wMCasvq4AUA=0N/y+aRt9z8=oHg89S3c7D8=gHhKW3my4D8=AO6SfxgK1T8=wKkNZ1vd0j8=gOoOscUI2D8=gFORpVAx4T8=IKTlth4e6D8=oHYu2FHK7z8=YJO8rD5r8z8=cHxIRXy79j8=YKWZp1gH+j8=AHkt3ri3/T8=gIh+DNHlAEA=gMsR/cCUA0A=sFJu3UMvB0A=qMjjRlr2C0A=gM8YmhbkEEA=4I/JQTZeFEA=yMXGu7ldGEA=em50zkrDHEA=rweu3w2kIEA=CCG4jQvkIkA=CpgMJqYKJUA=7ds48YD5JkA=5cbYk5KUKEA=hjm2VNjZKUA=4u07dUvBKkA=fZ080rxBK0A=XmYTBXpfK0A=RAIEAHgvK0A=FMpUYUC4KkA=EeFOwbT8KUA=LuT8OC0HKUA=QtmNS27hJ0A=3cT11VuVJkA=oAvoNGYaJUA=Iem5Iqh8I0A=Xl8sXDXFIUA=3nnnF/UAIEA=7v+reDdLHEA=mh4PvSuMGEA=NonkGLHuFEA=2KWTuCB8EUA=KNX6PixGDEA=EGQaAtIyBkA=CJb5FMzFAEA=EMrnKIb69z8=ALxbjvHi7j8=oJw4SHWg4D8=gPSF+5OZxT8=AAkfbgVJub8=wBwJlTvH0r8=gHO4VNCA2b8=AMzJNRyZ2r8=wLPAVQfG178=wC1t2tnr0b8=AC5tvFy5wb8=AHi6yyuyoT8=gNIA7wBNyD8=AM8r6iIZ1D8=QAE6eOZD2j8=wCg6aCZk3j8=AGPV5Jhk3j8=AE+EXF6A2j8=gKzoTJux0z8=APovsSYrxT8=AMq1rPoap78=QMWqeH8T078=wIE5619q4r8=gEtiKIMy7L8=gIvh8Vqy878=gFlsYcow+b8=cC5QyFEe/r8=6DCXft0PAcA=gDgkjKphAsA=UNPBCZloAsA=UPsXawfTAMA=IO5cqSPh+r8=AM224iFV8L8=APtErawOur8=INkzOqLX8D8=yP8jLIYkA0A=wHVLgxXzDkA=TjZFQXO7FUA=jtMQR4oSHEA=o9Cg3esOIUA=VxUb9bXNI0A=TTFWmMAzJkA=vF9tbW8qKEA=0Dru3xSOKUA=2gNLx6xoKkA=FKUybGW+KkA=8iPwlumWKkA=rKGfwzT/KUA=dt8YOEobKUA=SQ4lsKcOKEA=eE0xCnj5JkA=n2Sey7T2JUA=EqYsWbM1JUA=ndv3nCzOJEA=HAwQlbrIJEA=EnpPixUrJUA=P13Z6Zr6JUA=jWmE2nwlJ0A=Q9xrTCKQKEA=7V5JqnwbKkA=Zfes5wGwK0A=atqQz7YsLUA=RmUdaJFvLkA=tNbBBA9gL0A=dWOrgCjvL0A=cEGtxxkMMEA=AEJ8hSfGL0A=kGMPLHMAL0A=meIgXJDULUA=tOFX+bVJLEA=TD6SlO5fKkA=uq3ZUnk2KEA=ta54prPiJUA=62Hha4B6I0A=UVElnmsQIUA=0pjS8piQHUA=klv9r8puGUA=/hkb12n2FUA=nM4V94YbE0A=iMEC2yEYEUA=gB3eIKbCD0A=WKx1gQ/KDkA=MH52AubbDkA=6OTBZUXLD0A=/C4nz16XEEA=GNayrb5CEUA=TMWF7TysEUA=OD9X4aHBEUA=BO5VQe9oEUA=GOZXCu56EEA=UDXa8IPzDUA=mOYTwQ/yCUA=QK00hYwbBUA=AN53roPg/j8=gMmEJgZo8j8=wLsro+Sg1T8=QOD6ukbY3r8=MImtbefa9L8=6P6P21mfAMA=OKDMfl8gBsA=6FPoQ3XDCsA=IF/u3bZgDsA=kDFXkQpGEMA=mPvKMbKLEMA=0IJ1a5jfD8A=wFcJOvrzDMA=GBvtuYlGCMA=2E+cy3HnAcA=kMeYwHJu9L8=ANHjFixPyb8=4AeAzWh27j8=ENpOaZT+AEA=aJcXZpPjCUA=iIe3Ag3uEEA=0EX3X3xSFEA=ULFbfscBF0A=Fpz87LzIGEA=5j4aReywGUA=+PK43JDLGUA=dDMRFak2GUA=JH/vbaf3F0A=SAxOk/JMFkA=pInI/KBiFEA=LLuLFgJ3EkA=WMrKqIWKEEA=UCM9XLm3DUA=qEznTAIDC0A=iH+kS+ovCUA=4IhCjwEnCEA=iExo6zUiCEA=WHutPk4+CUA=EAwaT79XC0A=iKFtmdE6DkA=uPxCvoD8EEA=yOQ/bWkwE0A=KgtiToCeFUA=ZlDp5RYcGEA=coM0DVigGkA=UipZijMdHUA=pO9psV5xH0A=UhPrtMHIIEA=Dm1uVjLFIUA=SdwjLzCrIkA=43XGFvdyI0A=P41ZaHQhJEA=tSEPs5e+JEA=WADxiNtBJUA=QQpCnZyaJUA=uQ8wapnRJUA=oL3kqLjiJUA=ufbQkrPDJUA=4Hvv+ABmJUA=NXKw033PJEA=f3V55JcEJEA=67AB1VIFI0A=1G8rvaDVIUA=BCv1+X+QIEA=EIGyJjSUHkA=fPHOeawjHEA=tnDTFv/wGUA=giHYMjVJGEA=5JxTNlBOF0A=UAVreK8OF0A=nPA4gkChF0A=KsbMODQMGUA=HpGUgFhCG0A=kBmwxCECHkA=khCqyQOMIEA=ZJBekxgqIkA=PH1ygdy6I0A=iT1bwGMNJUA=4NHaj5MTJkA=T5fgVXOzJkA=4L/CbA7kJkA=z+olaPuXJkA=/+5U42/dJUA=2EgX6grGJEA=+rkRPBhmI0A=VPcrLiXJIUA=bs87hjYZIEA=dJ36AGLMHEA=ksz7VDWEGUA=WrooG4lfFkA=tBin9rCJE0A=KHe/Cfn5EEA=2MaH9h4+DUA=SI0RRnzQCEA=CPf8d7a6BEA=0FlTNaXIAEA=UFG8KjmN+T8=8K6Bfohb8T8=gGndEgm34j8=AENZeOapuj8=ABZJ6nta178=4G/AS0UI6b8=UKe/LPW/8b8=sEnOO7tA9b8=MHjV914K978=QNJSbYOw9r8=sHY4vPsR9L8=IE1YGDDp7r8=gOyEZJP94r8=AEKGGc+awL8=wK/Z0jrR2D8=gB8lW1ex7T8=YBsobhzT9j8=gIEtDE9S/j8=iLETqXJzAkA=2M7qBzwPBUA=8CCaLlLlBkA=OLPN6e0jCEA=aHkE953gCEA=YPohXi4dCUA=gLGw5cfgCEA=+KrVzJxnCEA=mEGb0InQB0A=IHLsyTj6BkA=8MPrPlfwBUA=kPbEX6KuBEA=8LPfqaMRA0A=AMHJNAXOAEA=cM/5VYmY+z8=YBTOJGHN8z8=QLSHuus/5D8=AI69gtoWwL8=wIQ0mfL2778=wJIEKIBX/78=kLdL+OvOB8A=dFNQd3MjEMA=tGhkuSI6FMA=tAjat0YFGMA=ADrfd3hhG8A=fDidvxtSHsA=XNY5SnlVIMA=1CEvvtA2IcA=Ev7HUOXRIcA=Gn5W1kU7IsA=HlFaSwZwIsA=RGR6it50IsA=pGgF9TpXIsA=+peXhnwZIsA=cpMKNzGxIcA=UNWRW0AUIcA=8oZSGWNCIMA=hHasBuRcHsA=AEslFhyJG8A=0IvhElf5F8A=5KGt4pLFE8A=QHOaQYm3DcA=4EjXH0qkAsA=AI8+fM046r8=4F5VWc925z8=+HW4GI9RAkA=AOhaGJNQDkA=yOZWCXmZFEA=5uzjkxMlGUA=8G9MCiSlHEA=sHijRkcCH0A=rz5WSIIRIEA=vOsUaSbxH0A=vrkjXeKjHkA=kHO1HUZuHEA=WEVEE5R+GUA=wBDUZj4JFkA=2C/3O3txEkA=QGVGFF/5DUA=wFeZre2yB0A=SEcyMxhaAkA=oCCZrrq8/D8=YBQ5mqa+9z8=sEfSoWdS9T8=IDvUZbAe9T8=0PIBMCP49j8=INwPf00U+j8=EAEDjlxl/T8=4BIcFxwnAEA=wPQf3bc3AUA=OGZ5Q1eRAUA=ONKh/jXdAEA=gCvo2kBY/j8=YOpAZQQp+T8=AAL9FjRc8j8=wKHgzx3Q4z8=APgs7S8XqD8=IBqagjs74b8=kKM99ia28b8=MEgaLzM++r8=GPX8Og+sAMA=IIl6dOJIA8A=2FSk24rbBMA=EPIR57hOBcA=iKWxRrRxBMA=yM+zgTA/AsA=gL7rtdAI/r8=QH7B2EjP9b8=gGn/jez9578=AO7/r/K0tb8=wKhKik9k4j8=0EaX5NtX8z8=IGdA8eru/D8=6CrfiRG7AkA=eNx+msE6BkA=0DwF0YMiCUA=sH1LoEGbC0A=iKoYVWnPDUA=sC1Fw4usD0A=HE6Zf1bQEEA=HGCcFKHoEUA=2Bf/hWQyE0A=OJnm57+hFEA=inBmgAZZFkA=YhlerLlYGEA=9MRv38WWGkA=sBitD2/7HEA=JGIn84GTH0A=rzznIFwmIUA=s+JYtXODIkA=b+i3kFLWI0A=8pdjb2ciJUA=FTMdStxZJkA=u9nWkEBtJ0A=VbqcCCBXKEA=Z7Gv+nIgKUA=zqS4EaLAKUA=zQTQjEYrKkA=SCAKtUFnKkA=nTMh8ZB5KkA=LzyWNKtZKkA=15XieLr3KUA=Z0hcES1dKUA=xYqGBm2GKEA=f9FNh8dvJ0A=aScMoCsQJkA=TyR8CBd3JEA=lNRUoz6rIkA=k1r7ZLC4IEA=huBEEz9kHUA=bNCm7V5sGUA=VjPfe0zDFUA=fEblLPOYEkA=cH3BIs0JEEA=IMb5S/qzDEA=IAV/V9sgC0A=mPG0c+BLC0A=KMaJsyINDUA=GLy7FBAoEEA=aNm8dtNiEkA=YAuTK3XpFEA=pBUg/QmOF0A=yun0ta0mGkA=TFaPDduLHEA=zv9Y6q96HkA=LD737Lz4H0A=KFk4/H94IEA=1lixmZ+1IEA=zSo2od6oIEA=FpIYKcZjIEA=uNRX1uzcH0A=Lsm54/qjHkA=kKeHGFQWHUA=Yi0FQLJZG0A=xuKEA66FGUA=BLpYSkulF0A=0roi82qqFUA=iKIaQtLFE0A=8HhnVJkEEkA=4CPg4I9dEEA=CGIRaMebDUA=OMVS/urXCkA=UD9MZcpuCEA=sG+Q99EoBkA=KAzLRvniA0A=GEJdAFu9AUA=gJkJ1Kwy/z8=oBzBEflf+j8=YLpQUAs29T8=QJTUSwLL7z8=AHogU3hN5T8=gLHOrpz51T8=AKQjgNrnsD8=gJJTQen8wb8=wDlB0zYm0L8=AH7sqL7K0b8=gKgsvAs5yL8=AGCF+g3Tdj8=QGczHeeA0j8=QH2EtxGB4z8=gPgdC8R17j8=IIEVKfNr9D8=kIZJ9amQ+D8=4HNW+AC/+j8=UAH7Sfff+j8=0ETpOWTm+D8=sAW3Vp9l9D8=wMzp98Jl6z8=wLdud8rz1T8=AKdBQwrvyb8=4COnjrA/6L8=YDnWRVAA9L8=ABGBpRG/+b8=MFAsZqpS/L8=wAiL22Va+78=UB3w+pMF9r8=QAn88+qu578=AJh+GVxDyD8=IHDP6AHv9T8=QNomntVFBkA=CBA5R6GBEUA=kvqDC1VeGEA=lKiZ2mZVH0A=gQIDZ7MgI0A=h5m/5kdvJkA=balJF/x0KUA=8RFUbTkMLEA=1nAjMkMvLkA=UBU73RrPL0A=5aJYbBJyMEA=av6SukqxMEA=dHSWuZy1MEA=jCaPAC+HMEA=L4nVsxouMEA=4kzdOclzL0A=+pLnCJeCLkA=AgQI5eGjLUA=9OIjYZXoLEA=+jpOjxhwLEA=cKBjhKhLLEA=0LqoDwiBLEA=lHIaA+7/LEA=9He5iSDKLUA=vCByYGPSLkA=Yq1DpLgAMEA=RYrFkOmaMEA=EIv9h54xMUA=K1VWMbK6MUA=/7V7cU4sMkA=RJ95Qt93MkA=QEDQJzKeMkA=AugrVnGeMkA=1mraLuRvMkA=I5BkKPgPMkA=W2ap6X2EMUA=eGWal3DRMEA=enkFYEHpL0A=+N9Yfp7aLUA=Goo4/vqFK0A=i9qQj3vsKEA=LE5EeVELJkA=B5tQfI/tIkA=TBc3+BRQH0A=JCC9X1qOGEA=EA1oR+mkEUA=GMK8QQ7DBUA=oJk6DWHo8T8=QO2i4mDe1b8=4Lvw+u0r+r8=sBtwMSCOBcA=gKOzXTfsC8A=DOgTQPAGEMA=0CPnEfIbEcA=sMJoBUI0EcA=8EwIvUlwEMA=CMGQ5oYODsA=ENZf7xmgCsA=cOiJtwTFBsA=uEddG4v0AsA=IHHQFTUd/78=wLKtp1zC+b8=ID0b0ra/9b8=kCx3shlD878=oMukYA9g8r8=QKNx3Trq8r8=kGArHBBF9L8=QN+Blu1G9r8=MMrvAkft+L8=EDwbli3y+78=kK0Cb3r//r8=wPc6iScMAcA=OEAPm3G4AsA=SGAaPe1pBMA=4EN5SpwWBsA=uPzcmia8B8A=wGu4dzJzCcA=KA87Vc4fC8A=aGAVbZWcDMA=MM7nQu3mDcA=sCkcBbYQD8A=eM4WdO/aD8A=8EEi9HYUEMA=oC0+26XSD8A=eEYRbiLtDsA=cDGr9uMzDcA=oMfyHWelCsA=YHAr4vBbB8A=6LReO0eNA8A=0Jx8406R/r8=sHbIYPmc9b8=oEnqtFxu6r8=QMNwq3qt178=AMAy7c9RZL8=gHaEmDmTzz8=AD8BUI2l1T8=gB+kQKlu0T8=AELESRLprj8=QOHqgfoe0b8=IJeIYhDf5r8=oNhJdUe6878=cKqqGQJg/L8=AMvx5OlOAsA=8Mhj3cc6BsA=SO4y2FOKCcA=QJrPHHYVDMA=oP0BqSnfDcA=uEQ9nVY1D8A=uJ4Wi9/5D8A=NLDELfQzEMA=iN7qAGhcEMA=gLBbkcumEMA=wGybxv8HEcA=jGsnaliKEcA=SIvUD1c1EsA=LIcPadkBE8A=mM3wOtLHE8A=9GwsP/VyFMA=BGrYeEn4FMA=LG0XKpxBFcA=LMI4PoIgFcA=JH7NgiGOFMA=KEBBYt2OE8A=LH0xgcoXEsA=oG4T/DAiEMA=6BD9Mxd9C8A=IDeyiGEvBsA=wK4YsolYAMA=8IFKNN849L8=QGcz6Ouq3b8=QNWMtnwY1D8=4BITCYZ18T8=MBoIYuTV/T8=mE5qu1kFBUA=uNgV4wPuCkA=uOezKD92EEA=xE2HIaCHE0A=ZpnJRlqgFkA=IHNUdfKmGUA=IIkPvvmuHEA=GJ02MOSiH0A=LC6SQ0EzIUA=ncRvv0NxIkA=L1YYjuSLI0A=hCUsUjmCJEA=QLCPQU9EJUA=v3btaozaJUA=ODjrMLlLJkA=mylOEVOeJkA=de5vxfzDJkA=eqhTriXJJkA=q27ioaSwJkA=3YiOilp5JkA=rBJEm7IOJkA=sOZ5pCZ7JUA=9hwywge+JEA=+Lf+89nbI0A=IwBJzKjFIkA=v94mHYCPIUA=hltYls1DIEA=it8tLHnUHUA=ZPbT6poGG0A=jvf1KIJbGEA=/Fad01feFUA=UCQyT0OYE0A=9GcJs3eJEUA=KJqddLKvD0A=IIvxC7MEDUA=+Ms5yETwCkA=2Jm1uOppCUA=eFHQLwWZCEA=CJ0r+NhgCEA=4CNFFHuCCEA=IDvS87AVCUA=AFSkMvUyCkA=OJ95Jc7SC0A=qAZxANS/DUA=XEZYjeIfEEA=cJPvIAKwEUA=CJhFJqOUE0A=KiB4fLe0FUA=QNLH9p4sGEA=uvOUY2nwGkA=yg5ZLavmHUA=QCe8qDhvIEA=3g7MIxjoIUA=e3hCX4hHI0A=HrzuJ/J4JEA=57c83JhgJUA=DCLN/mP8JUA=pApmRfxFJkA=81QG+jAxJkA=kuikp8fEJUA=YKeVK1oVJUA=IKr83C0tJEA=Ygn41JURI0A=czT9807XIUA=aVOOYXGSIEA=bNd3yZqXHkA=roJsyKsAHEA=AIW9Utx5GUA=fNBblQQYF0A=Ipy8Ouv1FEA=dJmpytEGE0A=rEfk071hEUA=jIYdwfodEEA=KEMYIv+UDkA=4FtgM22ZDUA=GEWbm758DUA=yD9UXyn9DUA=6Hh982/vDkA=4LUyZafhD0A=sFg4Rr9bEEA=oHUiSYqKEEA=KAVy6qNrEEA=0AHqPRWbD0A=WLmN2VCXDUA=SJueoNHQCkA=GAtFbu1ZB0A=+L8irM9dA0A=AA2Np6ye/j8=cFlkDRbj9j8=4MfcnRWq7z8=4LRm4KZO5D8=ALP3xUTr2D8=gK3sitzw0T8=AFHglRqE0j8=AEVk68Hl2z8=QIF0Au0t5z8=kFnRT5M88j8=gMjQjtwj+j8=QINC882kAUA=cPbgPkCYBkA=sN2PZy3JC0A=cCaKWvZZEEA=3FPUq2CkEkA=8C2DE52yFEA=5iTA9whuFkA=prn0cKi5F0A=SF+lkHO2GEA=qMu9WeNvGUA=TgcgUrPtGUA=OmFV8IJPGkA=+FhDHojIGkA=9PN8l56HG0A=WHR0x9GjHEA=VFkphEo9HkA=PlmbMP86IEA=BWAxET6zIUA=h3b7uyx4I0A=EHwd7J96JUA=USQ9FCGzJ0A=YQykyl//KUA=XIKM5UYxLEA=Xse375AwLkA=4PlxFhHXL0A=ihMp/XGEMEA=HtYAw2bRMEA=plyLxq/TMEA=IlP1cNeIMEA=IWdA+bT0L0A=6gzBoR5bLkA=8RW0rip0LEA=o9T+L2JhKkA=0lhw3WVIKEA=oaOsMPg9JkA=8aoIxONsJEA=MN2+8e3lIkA=jXjHGI6tIUA=3wYCds/FIEA=YxKMp08wIEA=2v4E8cvOH0A=NIqqDcyhH0A=+PMVTwXCH0A=v/AV8wgYIEA=fjEoLS1oIEA=rbagwki/IEA=cx0dzBsbIUA=3tUiGqF6IUA=XV/Cu6DcIUA=Mc2KX+QuIkA=T9c/2zd2IkA=YCs013uwIkA=y5u39ULXIkA=14XOLTfYIkA=4SUs1pK+IkA=X0bjjfiIIkA=XEPt58MyIkA=hiCEt1K1IUA=K41NbWInIUA=FklYlgWSIEA=VgRstOrnH0A=gsGJFlCxHkA=KLTnllClHUA=FjwSPjfgHEA=Ehf2aY5iHEA=AlbMFpwqHEA=XKrR7OJcHEA=AOfp9Vz0HEA=gEVE4/fUHUA=YGU9jLP/HkA=jGoJULI4IEA=mXAYpk0LIUA=GzUT+jriIUA=Q26r2TrDIkA=3A1yd5yjI0A=lUYixI93JEA=yG0X+IwoJUA=X/Zpai28JUA=7lIPRYgkJkA=vAwz2DZaJkA=oO1dNs9DJkA=YOqSqMvsJUA=xVk667tMJUA=KkBeAUtgJEA=Vy8NkyYlI0A=asehfH6xIUA=BObqzK4RIEA=TGPF29+hHEA=cMSiO+b6GEA=SGbJQ75yFUA=fMCiRhkiEkA=MJk02CRIDkA=AIJGp90mCUA=QAqVZ/0eBUA=mHRWmPlFAkA=kDWs3EeHAEA=IK6hhHrO/z8=aKQyNx5yAEA=cGNt7JP3AUA=oDjY59sZBEA=eMU/RCjgBkA=kEWwm2chCkA=ICaqzcCnDUA=MBJ+grqNEEA=tIPKSrI6EkA=2M/kx9HIE0A=gqzsjK8aFUA=pog1woAKFkA=kBoT/0KVFkA=CDmim7avFkA=PGsK5RZZFkA=uraCXveGFUA=lMp361RhFEA=bFynciYNE0A=mAObCT+tEUA=AEMJGgJyEEA=EJV3iMxOD0A=kI+HKbb0DkA=YKhRgyv4D0A=ID5pHNFMEUA=AHEpJqd/E0A=2PnhfWKAFkA=0PZsDsQRGkA=JoCsf68KHkA=AoVzMDIaIUA=bF1r7DMuI0A=7u6auzUVJUA=Jw9tx5XDJkA=X1v1PSkmKEA=xIaDIAI+KUA=0Z/HqD36KUA=L8UnWA9vKkA=xGMOAuKnKkA=llWfT72xKkA=o2m2ipKRKkA=kwHzNaxgKkA=MJxNpw4nKkA=LSW+1MznKUA=K7soUlueKUA=Hw2V+19UKUA=ja5U5H0BKUA=UB8IKpeeKEA=hGtiXhsfKEA=orTEfwaHJ0A=mMyF1LbQJkA=XyHpa4HtJUA=cKSNsPviJEA=iImBFVi7I0A=WmtZdgSDIkA=9EDJ6O07IUA=QKNkN+IDIEA=eHkw8IHhHUA=cPQQ7h4sHEA=xswqMtX0GkA=cmUQx/JkGkA=wPixqGCJGkA=IlUxU4hiG0A=YlDSchnLHEA=SBp/0kK6HkA=0OGnjhOIIEA=O2FBeaPQIUA=f+iBUQEcI0A=9sHQzOdmJEA=93ufbhKlJUA=cl+IDrTEJkA=/GM7CYS0J0A=M9paoU18KEA=gCutWAMZKUA=FWgiFKJ9KUA=MjgvsoSnKUA=ARl3qtOgKUA=Xko3ILRoKUA=w2twYs35KEA=5CqLf3ldKEA=dTRZSiigJ0A=wgUr4qjOJkA=WUAM/rToJUA=u9l9dnUBJUA=h+g5RCouJEA=vYvfX6F5I0A=ssbppjTlIkA=REwAaCCKIkA=7KAi9x1yIkA=ROwjJAahIkA=hDRXiLIMI0A=LYy4FFvCI0A=eq1n6zy1JEA=5sEHA//VJUA=dMV5QTMFJ0A=DkFttBM+KEA=d3vRSa1lKUA=3M5o/VFdKkA=HB20jsQIK0A=RJWJlOxkK0A=vklBL0FoK0A=3IIIKYwEK0A=dc1bjjtBKkA=aW43bIk3KUA=56m+VN37J0A=3Z/1SA2cJkA=2cdNuk47JUA=48wLm7T7I0A=KkXPpsD0IkA=zPw8XSInIkA=meem7/umIUA=ktHYu/5zIUA=dUig6xiAIUA=CVlXdVKxIUA=WxMhqgIFIkA=kGlDBhhoIkA=A4KWAkXEIkA=jjawlecHI0A=Dgh30tw6I0A=epOxUMlZI0A=RcCkAPFiI0A=N1pE0hVaI0A=HMQn9rxRI0A=UTlHyzZPI0A=8icRKxRVI0A=+z+m2KljI0A=qnCmXnWGI0A=HHFUbO67I0A=TSvLLID2I0A=af49oQ8wJEA=kh2XSaVoJEA=fVbCF/aVJEA=cQr00+WjJEA=iwAM1wCXJEA=yvtML6ZrJEA=/Vx48gciJEA=cmEpi9GsI0A=d1/ZfnocI0A=kFz3Z5xzIkA=oAO23FG5IUA=i7QAK/7jIEA=KDf+Qc4EIEA=lsHEDuU1HkA=ZiSd3HxfHEA=GqnpNopnGkA=WkTNKJJzGEA=EiGfViuLFkA=fBGl9xG3FEA=oGsRZhf4EkA=8OXccopuEUA=+K4/LPomEEA=sPeKwes1DkA=MPvGj6aQDEA=sDu16NpUC0A=2BNdCEF/CkA=OA3HIO+fCUA=6Kte32uQCEA=yB8w+s0uB0A=mPAFr+pPBUA=gNcSSj6+AkA=gDjYNrEp/z8=UL5GRUoU+D8=0GPep26m8D8=QNY8B3wj4j8=ADCmdgzOwz8=gICaeofIxL8=wKU67LR51r8=gLcgZGtR2r8=gBMT3OP8078=ALwlw6vSsL8=QADvfx1m0z8=IKoTZh7K5z8=MOjMT7jo8z8=QHxTOJQ4/D8=UEnmyRMSAkA=kBujCXRtBUA=iBqEgbojCEA=IA7VyUocCkA=oNawRiQGC0A=4E00pbTqCkA=kFuvPUvZCUA=iJcRPlLmB0A=WHv+U7PXBEA=wKqyxrvuAEA=0GLz8H9w+D8=IL4ubl3A6z8=ANwEBfHqvz8=4Ofrb2pg5L8=EA2kay5J9r8=GC1TN+K2AMA=GN1T3ybABcA=SGTHe/SxCcA=uEzGkr9CDMA=2H7Kd8xFDcA=2HF7/tPGDMA=oA8C9q+SCsA=cCCmt962BsA=KItozk6UAcA=gOZxnBwM978=QFIS1RYr478=QGKrYLkh0j8=UCefSwcV8j8=gAbTzShW/j8=UNBvg5p+BEA=iGCJY0reCEA=iEK+FpQmDEA=WHiKr0N4DkA=RJxH4c0REEA=iHPmnsi1EEA=aKWXZW01EUA=VPwiZ2zLEUA=7HwZSUqgEkA=7P0bvBbLE0A=OjUAEf0pFUA=GuO1+cHOFkA=ZCyxmo+cGEA=OjslwAhsGkA=EIdAxU/iG0A=yvLdu3vwHEA=QHVHfvtoHUA=0nMGMzwqHUA=4iqpYmgHHEA=0KadqvcgGkA=Dgi1Ca6UF0A=8AZwMUaFFEA=RBIDJdwmEUA=GGjFeISnC0A=eCeVOXCtBUA=kD3eK96rAEA=wO0KMAke+j8=8OL+7wNG9j8=0AU7yO0e9j8=IIYMTUXT+D8=cAUVUklb/j8=sN7Vehr+AkA=kJi/HqGGB0A=YHWBF8EFDEA=jIYOi1crEEA=UOL3jKkWEkA=TELyi8qgE0A=8A9vG1ilFEA=6BxUtWQ+FUA=6JPkqWGIFUA=EnD2TQ+eFUA=mrupN4KMFUA=LLtSVZCmFUA=EkRt+QcZFkA=jsO9WLT/FkA=BkZ4W4RuGEA=Goo369ORGkA=ItHLeeNkHUA=kXQUgIllIEA=xw5qYP1QIkA=R6dsYohlJEA=u4BSITCGJkA=W8s3XoeHKEA=0TfDYiZLKkA=gCGOoOW5K0A=yVSGhuG7LEA=NL2i2qAtLUA=pWfKm/gSLUA=zH2UohhrLEA=sn47mVJDK0A=FloNUx6fKUA=7d63c6SgJ0A=4aCceEZjJUA=lEG1tZQJI0A=y5q9mX6fIEA=9JKagW6XHEA=suV/yJ05GEA=jKriSXNAFEA=dOU/CeWuEEA=2CjkJ501C0A=OPC/2nP5BUA=GJTfNW+OAUA=cKUNV2J/+z8=YHif4MFC9T8=kPcYutVT8D8=oEp1Ni6G6D8=AFktFlqR4j8=wPjHldB+3j8=wBrCvFdh3j8=YPGDhRgL4j8=QGjxCU2F6D8=4PYb9iJ98T8=4OeHZkKT+D8=uPV4zc98AEA=2E7qgOouBUA=8IbmngMbCkA=IB3MyqT8DkA=1JmyujCjEUA=6ENoYfF2E0A=wJW8pBLcFEA=vunnJA7KFUA=XBbNRIweFkA=5kBJReMSFkA=atPXlc21FUA=AjXeH4YtFUA=9Fp51AuNFEA=0COV6UkMFEA=KBNJYkzFE0A=wBopQIvOE0A=QFwIjkwiFEA=JIjnlATZFEA=GJ8C833qFUA=6koPpYgkF0A=TAJQJFhpGEA=BC9+OzadGUA=flmLcr+UGkA=QAQ/6xcSG0A=oB96DT7/GkA=AqoUqb5DGkA=6AlcUY/jGEA=4A0NwOPFFkA=uNRJqrsOFEA=PPyT18raEEA=OBhn50yyCkA=+FF4XpA4A0A=kBsO+n6S9z8=wBTymYE44z8=AAv7vZDAxb8=ANwsXJKa6r8=YHXXeRw69b8=cKIv218o+r8=8KTrKEhZ/L8=gAuTV2Qo/L8=8Ol7DfXO+b8=EEdvtSu39b8=gCv0qaYX8b8=YJD6wKJs6b8=YM7n88BH4r8=wAsLa70n3L8=gBnmjLWX3L8=QIa5DpFw478=wKUG9zPX7L8=YIsjJlQS9b8=oP/v9uei/b8=uNvNNJikA8A=KNIiv2K1CMA=6E43XuW7DcA=/J3IBFpjEcA=HD0k1AnCE8A=iAm07TnqFcA=OEydu/ffF8A=7AjCdvTDGcA=IMTU9d12G8A=yCTKAaMBHcA=zJKa9W5gHsA=wC8yJnOiH8A=On+RdgFIIMA=EuPyS7KCIMA=YB6tZKJ2IMA=7LBa/zYZIMA=JJJocCyfHsA=BLk8+xQeHMA=zFM1eurFGMA=8ONsuE2pFMA=KDedtG+sD8A=qOfikAL9BMA=0F9pkRLx878=AOs7HzK2vD8=ELpa6OM/9j8=qISA7eU9BEA=6I7x2RSEC0A=EKKkD/FcEEA=fCwftCneEUA=bCvk15A7EkA=6GJdfYFeEUA=yHp0KG8KD0A=+GLM4yukCUA=KM2rSGHqAkA=ULUoF1cz9j8=AHnxELfN1T8=ABqF0g/g5r8=wPFmdvgV/L8=YNXwhhMEBsA=wKCGFcM3DcA=9G+DaIG8EcA=xAJCqZBcFMA=VDu3WTt7FsA=XMwJ7/D2F8A=XP/0KTjYGMA=UE5S9U0wGcA=7OeHL6/+GMA=ELlrVGw+GMA=EKgiSyIBF8A=GBryGCByFcA=zDSBPBKGE8A=AMDx6Yo5EcA=yMnTT5QvDcA=eEXTb9d6B8A=2NlpVb4kAcA=YFDgj+5T9L8=QDUKLNhL1b8=AIfr1dBp5D8=4Idd8MFn+j8=iJTB8caIBUA=yAW71xDUDUA=9J2AWeTeEkA=DgbOLlCZFkA=VN319QoBGkA=kLaV3iD1HEA=NEMn70xJH0A=fkjhH7mHIEA=VkGsXJcgIUA=7Nxu9GhrIUA=nGEAc9FrIUA=Vlm9vmQ3IUA=YcS73OjkIEA=528p0iB+IEA=7yFE38kYIEA=nG37AK63H0A=6BlAclK0H0A=6cM30MYZIEA=bENtlnW2IEA=J5nTZta1IUA=HuNv2QMUI0A=L44qdJK2JEA=54CPLL+OJkA=HTN/vnd7KEA=HhE8KL1VKkA=NOKZ3g/sK0A=Wq9tmOglLUA=Dvw0FDHhLUA=AGusY8oKLkA=LicSWcSMLUA=glldJKJzLEA=5miiY/zIKkA=fXKCYcuhKEA=GzapqN4RJkA=I+MxI1BHI0A=b9Qcba1pIEA=Mt1nis4aG0A=Iv7gUbOmFUA=eFjCnBe8EEA=YBEeC5sTCUA=QO/5EBE0AkA=MIjTvIUJ+j8=0I2zAFpI8z8=YIa4SL7+7z8=IKeePcjn7j8=wLvrnS5a8T8=ICQM1eUv9T8=4K7FMJ5F+j8=sDOtJwiI/z8=wIcE0zRUAkA=4O12SFZ2BEA=kL3MqqYFBkA=0M+EW+d4BkA=0BzzmB4FBkA=+L0aeWqIBEA=WEuvwuIBAkA=0DYDt4ip/D8=MMA07Q+08z8=oHVf+And4j8=AHr0YXabvb8=gLQUQg1Y7L8=kEvQTxyV+r8=kH5HjuZOA8A=uCCVwBofCcA=6JX64nyCDsA=1IF+KbKDEcA=kOEdA+s6E8A=3NyhRg9sFMA=sC9rykP2FMA=YBtipdK/FMA=GKveTvXAE8A=NABqNmcSEsA=gDkL7d1hD8A=mGkSTCF5CcA=EARUsXKrAsA=EEurCd0i978=YFLvCGTr4b8=QO/tGrsW0T8=gCS7wspY7z8=0OpyLYwF+D8=YO3U+dc0/T8=oD9imc4S/z8=sDsInxtk/T8=AAyrm69k+D8=IIjZGFoE8T8=4ODu8mRc4D8=AI4KBnKttb8=wG1n5/Kd5b8=oKD+u1z98r8=YBjADEM4+b8=YPESRQ1h/b8=sPxnjU8U/78=gGVyQB8q/r8=EHYupYTf+r8=EBPg5t4D9r8=AKDWiCN9778=IPY64ObN4L8=AExyIEX7kL8=AIpa0zq63j8=ANNfkmKK7z8=MDsZDojY9z8=EAJfMqfp/z8=iF2tK+GyA0A=GDzw5ZJ3B0A=iGWpof08C0A=gBCzlGoUD0A=NPywFhxpEUA=GKCpOYZeE0A=EHY7mpBlFUA=RG3VUMd5F0A=bF9aH/eDGUA=PgJoADmjG0A=LDK2r9fHHUA=0L4W4ELhH0A=c5C8XcjtIEA=jbAdY6niIUA=w2GSos/LIkA=tWUeTfCgI0A=yIT/iVJwJEA=VwP38Fk/JUA=sWF1NfAYJkA=yg2z4VnzJkA=Cq0m8cbdJ0A=f7SNGzTbKEA=vAVE3fnkKUA=kKTnTnzgKkA=Hp1EjwXQK0A=sFf/oEakLEA=zi/T1kRJLUA=DqpKhGeqLUA=tpdottjJLUA=sNzR8IWfLUA=jpjv2aEoLUA=hqjF32FbLEA=qFw6ae5IK0A=4hBLn232KUA=3s455blmKEA=G4R9O6ugJkA=0Uz4dBm5JEA=2NFKvCa+IkA=GPoAxca4IEA=GNHuu+13HUA=GGwh50LFGUA=kI1h0VOOFkA=nKT6ArrhE0A=NKsd6kr1EUA=SKE4h3LlEEA=+FmwU6LPEEA=7Ax6Dw+aEUA=+GzTak5ME0A=kjjtcovVFUA=zG4unIkNGUA=KjnLYWimHEA=7XcggexIIEA=yEL3xedIIkA=yO2f8ko5JEA=T8x3rpT6JUA=5oYYTbCMJ0A=qEhdQOzYKEA=RoWDnBTaKUA=go52EHR8KkA=n+SMtqbFKkA=mutInoCzKkA=VVYeVLU8KkA=RhmHC4ZkKUA=7WOsW2ExKEA=DZ3VSk2wJkA=aJDW86XlJEA=Xk6upAriIkA=CQCeVvjFIEA=InuMhDhcHUA=QKSWem9JGUA=RLSju8OaFUA=KHDT6mJ+EkA=BMSzfbAjEEA=wLtL8l8GDUA=YPBmSk6JC0A=4FIKRnzQC0A=EHTG4TfgDUA=6NB1CjylEEA=AA4efIcHE0A=/las9oXzFUA=VtwZXug/GUA=ciC9SHirHEA=OdAjvagMIEA=7XhSct6uIUA=VEnib7IhI0A=+8sulKlLJEA=m1/nhGoiJUA=BqtN86KjJUA=xAmCPIG/JUA=SBDkyj11JUA=xeybAeDPJEA=nLVo9CTaI0A=sdwq4biTIkA=ii8eh60GIUA=Oj1+0rCbHkA=utJ6drryGkA=2JI6U3ISF0A=9HTXXYosE0A=WCrnNiXeDkA=WECqjYXtB0A=+O8okMqBAUA=YPWGCB1H+D8=MNTOs6kL8D8=ICV9eRqu5T8=ABZvXvYE4T8=QEYcj/824z8=YNPmRsCs7D8=MDRq0CJ79j8=uBuCzgbSAEA=wMVX/4fRB0A=UACojlnoD0A=cG7rsh5cFEA=0ntJPTjaGEA=tqE1MtxfHUA=68NkzZXbIEA=Boo3LwHYIkA=wSFrZ1GOJEA=RuVRQZv9JUA=uwZ94UAaJ0A=cMgcPiLMJ0A=/GKFvrQVKEA=iiiJybnzJ0A=VolfkCNnJ0A=C6JDY85eJkA=iSJPEprsJEA=fjz9O1wdI0A=vOaQvcECIUA=sr8Hdy9RHUA=1A+vm5ZxGEA=AMSrs8+mE0A=mB3+jfZiDkA=sEfNzdBwBkA=wE9mfwAHAEA=QCw+Ofq99j8=UF3iNxEZ8T8=4Ij41zKO7T8=oKQmNTVl7z8=AItExSIc8z8=IAUvaY0b+D8=gCZfzEnY/T8=kJ/dDwYVAkA=eBHjuzBIBUA=QL2o6C1HCEA=SAynnGsgC0A=iHsUHIr+DUA=/LFogtCAEEA=qNhNhtz2EUA=rOnC4z6CE0A=uPp5ilMgFUA=dMIY7rfEFkA=zJx5heNOGEA=simRtkq9GUA=PPCzngsFG0A=GDymjoIXHEA=5OKoV4TcHEA=/jxN7ShuHUA=yF60gdjKHUA=xNOlrfj8HUA=VhKH/6rvHUA=2p3x+y3UHUA=Ho68mlemHUA=PJi4aI9pHUA=ZI4GGZsXHUA=xHvUww3cHEA=wHTlD4ykHEA=qm8uWZljHEA=lP9Rq2sPHEA=/tmM1W+4G0A=oOxPVX9XG0A=dqnnCijOGkA=7mGouaEoGkA=BAd9ssJuGUA=BPd5xwCoGEA=8KSfSabQF0A=1Fy897kJF0A=BKgzdJl2FkA=3syPzEwrFkA=SEtizjIwFkA=9lV/ZIatFkA=sLBVecCxF0A=iBG4B4hHGUA=8DPwtNVfG0A=zBcbBfULHkA=8OmqQWuaIEA=IAWhsGBcIkA=D9lfVhs4JEA=sBgPiMUoJkA=GFNvE+gbKEA=d7FhntQCKkA=A/U3+/nKK0A=5nyDBqh3LUA=nk5O/SIBL0A=dLXSW70tMEA=Kx9XugDDMEA=TdZrZ9pDMUA=+/zaBuqsMUA=2ofgLND5MUA=Bv30aqoqMkA=8lJsTqo/MkA=fd1qG445MkA=5KT2M10RMkA=V+2CRu/NMUA=ND0jvzV0MUA=kSYUc8QMMUA=wypWgeCWMEA=zjD6g3MhMEA=rdk+kwVqL0A=RJHhoAKwLkA=ksa4aU8QLkA=YxhiQKyoLUA=to98QkZ2LUA=GBBc0pB6LUA=qjIxtXaiLUA=sPPDoHXsLUA=farmdAVTLkA=rE7lGh3DLkA=ZkQzjj8rL0A=4Nw3ZpOIL0A=HXC4OXjPL0A=CrZleDHrL0A=QJjDnI/RL0A=gAGfHfSFL0A=vEfDQVEBL0A=PKQ2kt02LkA=ZC2JHCMoLUA=GQXNNc3bK0A=njJPP4JZKkA=8oKjkpuVKEA=dP1zXxudJkA=5Bod9/p7JEA=z67VCm40IkA=nM0RZmqDH0A=cB0A0WJsGkA=+or+ArkkFUA=yA+/MuKJD0A=uE5wOBuHBEA=MA1/ZBBf8z8=AD9sy283uL8=4JftkZg99b8=qOVYBrfBA8A=KFkUdrmxC8A=gJP7pq8fEcA=DFnCgZ60E8A=LCtxonOLFcA=cJoO5m6KFsA=IHEW19ypFsA=xCB1syoRFsA=QAwlp7W/FMA=4LTRvq6oEsA=UFwbXIuzD8A=sDNeu037CMA=wAFisMcjAcA=wPTDzfyx8L8=AF1My8clwz8=UBkbzG3/9T8=+ELA7nbeBEA=wEkloA+FDkA=uPzbT+rLE0A=Ki1QDATQF0A=JCTJB7FKG0A=Ovvqia4lHkA=foaCWtItIEA=LUePj+fsIEA=7Q/VtypnIUA=qs/1KzuqIUA=Zo31j5W9IUA=izaBrLOtIUA=225NYAmSIUA=faSnDMp1IUA=I/ni74BXIUA=RsT0cLc1IUA=hd2xazwYIUA=Sc3cNdT7IEA=/p9TkdrKIEA=ewoCpBeDIEA=1xqYQAMnIEA=WvhnjUFgH0A=imu6+x0oHkA=3KKP7DvQHEA=qI+QMEBlG0A=RjlYO2P9GUA=/kyPujeTGEA=OrM/VA9YF0A=kBobHUhdFkA=Vq/k0xewFUA=pIiGEYY5FUA=PFcFrpwYFUA=LvDTbdBGFUA=6vSzbJ+uFUA=wJzVxUguFkA=XD2qpv7OFkA=cg8CoxWFF0A=UjOZCtouGEA=kow5LUO8GEA=HsWNtlY6GUA=HO97PdmhGUA=Rhefxv/ZGUA=lhgub+bpGUA=4m66TDfZGUA=+hgDuQmgGUA=guS4P8wuGUA=ZAb+8QGJGEA=eIPPhh+/F0A=mNU/WqHTFkA=TCRlxYmxFUA=pDFoi5qAFEA=rA2SO6ZQE0A=SA7vR88+EkA=EJAab71QEUA=8MWk1Su7EEA=VPE/NxeOEEA=pMUnUR/YEEA=oG7jS2yZEUA=EEEhp9HdEkA=mHK65TabFEA=8Gn6qe66FkA=RPU7gnEQGUA=uPMBLnGYG0A=OqKHf+k6HkA=EjHPdDlnIEA=6OLlGYyaIUA=NykKnx+7IkA=YKN0xLm6I0A=oywyaeKKJEA=sxwQZ5omJUA=eiy/7GKNJUA=beTcmKC8JUA=zYtkNbaoJUA=kQ4VekdSJUA=r42EeCS/JEA=ul950aD6I0A=+HEf/Xr6IkA=+jufWybTIUA=DxsG/QmSIEA=XFgECu2KHkA=IjcK7pTLG0A=anTTQWoeGUA=9iHuzEqOFkA=4E7ONHEoFEA=ONkRHODsEUA=WNcFmcf3D0A=gENLzk29DEA=sJ4oVocpCkA=iGjwE0QlCEA=2KXVlebVBkA=YL8LNOQ3BkA=sB0qj/QmBkA=6DGSwbd7BkA=iFD25EpVB0A=QPcToI+0CEA=QC7G8j9XCkA=4HjodXxqDEA=6Kfh9oL+DkA=1B1seOAaEUA=6PZzVwj3EkA=ROBVMc0wFUA=zsuOhf3DF0A=hu5P91uyGkA=4ByIvPnRHUA=liDJHYKKIEA=vBHdpGkyIkA=dg5YNfTMI0A=0rFf3946JUA=ocmONRF1JkA=NXLpohNxJ0A=zDHteRwhKEA=irfJFNhwKEA=Uvvq0FxyKEA=JtnIEYgiKEA=0KDMq8iBJ0A=/DbFPGaSJkA=w4rgBzpnJUA=10uV7o4KJEA=zEznlwiGIkA=xkV/5A3kIEA=Fsehg7J9HkA=uj5i6k1VG0A=NKzFexRcGEA=3nahAZ24FUA=1CqAEXaZE0A=fKAzAPUmEkA=+P3R/opNEUA=7OEQzVAuEUA=9KVVavzQEUA=DM6IxgYoE0A=7nZpErcIFUA=wG7PS8F2F0A=9uYK0kFVGkA=oNH7Fe6OHUA=A8PQP3R2IEA=Eto/NiE2IkA=tnBODVL+I0A=H0IJF0LEJUA=/3tqm0B4J0A=WxQI8+EhKUA=LNYgT6W7KkA=kuo+1HAxLEA=2EC1K01/LUA=YqfOBY2kLkA=Dt+vpBadL0A=SqQ3IA0tMEA=KAz4DLhsMEA=ZzBA9t+OMEA=tRINPU6WMEA=UOMWn3F7MEA=jtpHCMBEMEA=JO0dv4jyL0A=XmQSjME3L0A=wvpEQRRULkA=VIxMfhheLUA=MOGyvYNdLEA=RzHjW19ZK0A=AAd7G/dGKkA=AX9eoUo8KUA=C43ioJ41KEA=fkkxMBwtJ0A=67RjXNUXJkA=9KaWh63+JEA=YY/4b6XfI0A=r6xzRp2wIkA=+dvOhXtsIUA=kZAtg50jIEA=aPEdO/22HUA=umx/G2QxG0A=Wk7hOrXKGEA=yMkgATqoFkA=zNTbGyDrFEA=cOt2TyGWE0A=DPfT/HXAEkA=YGUtNW+BEkA=cL8X8RLWEkA=CDs16LmeE0A=LPRJ7ufgFEA=IINRghZuFkA=MJPOX5IvGEA=VAJrv0nUGUA=yPg0y/tDG0A=arxChZBEHEA=RBIJu4esHEA=RKfrYVo/HEA=Vm0S/aIBG0A=OimIFLTqGEA=JHGXlMf+FUA=xP0075ZPEkA=2NvQnk0+DEA=qObgR85KA0A=wEAnDNWl9D8=AEPOKbm0yz8=AP7PYQ9v578=sMhNjO7s978=2F7Mx2VvAMA=WFh0pU4aA8A=MK5OKOjKA8A=qJzvzFqfAsA=0HuAlCTL/78=0OvFRkiP978=YIyfmucE6r8=AETKHZC4p78=gKgzCEmJ6D8=sDZ0Um4J+j8=+AhtB1AJBEA=aAm6FKUYC0A=EI8JbfHyEEA=wOYWpUtGFEA=iA0iS4iFF0A=Wn7inZepGkA=klklmS6SHUA=Zu10VcsoIEA=/NyLkOtvIUA=q3Q+2VWdIkA=Qbfan8OgI0A=vBijKH19JEA=gglcPDQ2JUA=PKX73QLEJUA=+mePJ9AiJkA=/O7LT89aJkA=MRI24Wx0JkA=Fzu/8h9mJkA=hsj/41U4JkA=YVZm83TuJUA=9jUWsN6SJUA=Gs621gUVJUA=bsXMdceAJEA=bvlPQWrZI0A=fD5jOCMnI0A=a177X11fIkA=xxijURiSIUA=2R5OfQbMIEA=fRviCvgZIEA=8DwQFDfwHkA=zPI0AFD2HUA=+ODtdKpZHUA=JsW4FZAmHUA=ftAOJQ1IHUA=RssJHAfQHUA=skTxRSe4HkA=KhEGWG/aH0A=Q4g96qaPIEA=lEZ4wqtCIUA=2CAnvf/2IUA=Y2/vyQ2YIkA=HsOh3R8dI0A=ffllc5yHI0A=0Aanib3XI0A=Wwc6jVH5I0A=mxJSU/H2I0A=ZEC74ZLVI0A=EFf8K2KVI0A=PU54/QouI0A=jOS4C4itIkA=xCWNQiUZIkA=7mVITAN1IUA=PjmqMq+4IEA=/O2lQy3xH0A=fDDY6CKBHkA=yLEv4Q00HUA=IqX/bigLHEA=YCK2lBoyG0A=3MZ7CiW6GkA=LD2bSladGkA=TFPnwqPJGkA=yLP2E8BLG0A=VPMahPcZHEA=agWLz/cSHUA=lIc9x58KHkA=hLhWXdECH0A=htiEPYriH0A=ip49jCVEIEA=bjRBM71xIEA=dsGQLl2AIEA=skWi3MNqIEA=1ItPCvInIEA=foBq2Ox/H0A=WsaPt495HkA=IOc09rtNHUA=1tiwXX7tG0A=HubyqLt5GkA=zpB8F8cAGUA=YK4vcCyPF0A=4kMobssWFkA=PMI+D3qyFEA=WNrZd8xvE0A=kNtjEgFGEkA=XOLGH1AkEUA=JGUMc8UmEEA=qGiDy7yhDkA=cKo66zMjDUA=CBSntbm1C0A=GJtuIlmJCkA=SDN6hPiTCUA=cJo8q+OsCEA=OPxcu7q9B0A=gHjKu+XwBkA=AM8lbaEtBkA=cLUcVi0vBUA=wA78jJkjBEA=uDbE+WkWA0A=2J6/O/USAkA=cHg1z1DlAEA=UMvaWJWa/z8=AImDM0Hf/T8=IO6/+W6n/D8=cI7yfd+3+z8=sPUidGZm+z8=8Nyv8mPW+z8=ENkzv9Xe/D8=MBBh354k/j8=UFZKT7gMAEA=mFGRZXhLAUA=qPmu7s/rAkA=oCQLopnLBEA=ONnOdNcnB0A=2EQULDMpCkA=CP6I9/XQDUA=5GvZ+VEWEUA=gPdQ04SzE0A=lAsmR4KzFkA=OgIqLoP/GUA=HDQS9jKGHUA=5E4CliWaIEA=lkcINdxzIkA=fVKgPdYxJEA=UZdsyAXIJUA=lmq6Y2AhJ0A=STwvWzcqKEA=yqbHARfMKEA=LAWS1Z0AKUA=9izNbwa/KEA=ZO+rQpcJKEA=aENRs5vXJkA=gAx0UaY9JUA=uOIKNm1MI0A=JPZQrJwWIUA=bEZfMGhNHUA=2Me6x6pPGEA=EJrlDrJfE0A=aAhj+G9WDUA=oPmnOY2rBEA=cHQear5T+j8=wPU8WP4b7D8=QNfeO05O0j8=gDdAUUGcwb8=QKD71vpe2b8=ADX4TkS0378=gCsjV0L+378=wBqcw03d278=QIFkVSWM1b8=gJJUw30Izr8=gFl7KG/5x78=APrm/ycgy78=gK3p+3cT1L8=QPVev2Gx378=QBFbdj3n6L8=MGuqC8mz8b8=8N1i47dA978=UNdB19A2/L8=WF8chkAmAMA=4BhaIahDAcA=4OpOhpAiAcA=sBP7Rfk6/78=UDWfeA1q+b8=QMlrRjZ38L8=wD6rgw0A078=4AOK2bQM4j8=kFWPJEZA+D8=aAWuDzs8BEA=iCp9timRDEA=BB9J9bBOEkA=6Ctf8iYUFkA=gooCjiCNGUA=bJLNkUS2HEA=FCRLgE5vH0A=70km7HjoIEA=fkbaS6/3IUA=RBmQME7vIkA=02fEN6jKI0A=JQ5D8euVJEA=wYTr6zBfJUA=HU7YiJIlJkA=9iIAC8fZJkA=l852gw+DJ0A=xT+7/bQjKEA=PKIqJR+yKEA=AqxzlS4gKUA=++OIrYVyKUA=kM7EYbCiKUA=8cftaMyqKUA=i7jWJbh7KUA=y4H1mvQaKUA=megedFuKKEA=iE3Vwr6/J0A=yhtOWme7JkA=hl+fe+uMJUA=QsNSNgBDJEA=OD9xn2LbIkA=CSyWbd1lIUA=3oRHrGP3H0A=MoGy3Y9WHUA=JvC+kePhGkA=qO9fyZi+GEA=aobj36r5FkA=2lKZDWCmFUA=XMgSpjagFEA=+PjT0Tv3E0A=6Cac30ClE0A=sFAIK4SdE0A=oAO3U5CoE0A=+JD9fM/YE0A=iOPf8bweFEA=zJAFJatmFEA=fMoM46+PFEA=GD6Z5Sy3FEA=RH7/CWrmFEA=zPfbPpAlFUA=VIMusMd8FUA=MoU+I+klFkA=zHseESxDF0A=0Adpk67cGEA=YNViNRoFG0A=olS6BD7iHUA=jzYkBU+0IEA=+43+Sva5IkA=86PnPpD4JEA=3noKSF9fJ0A=+Ewn1bDSKUA=9rN84h8lLEA=MCOMHJk/LkA=N6RJ2lEFMEA=uyfhaQ63MEA=euam8rsoMUA=TkEq5nJaMUA=HHAFtcFPMUA=asXW0sgLMUA=qknWgOSQMEA=GrenlNLjL0A=0kitpqV2LkA=PAQGK1zvLEA=NoIoE0NdK0A=8b6uKs7gKUA=6oD8LruHKEA=ESnVn01VJ0A=1bAScdFJJkA=ijAhqN5vJUA=6x1nDTC/JEA=v01GsQYjJEA=pSr64RCXI0A=Gx9sJpUSI0A=3/nVcnCOIkA=UUS3AmP5IUA=JiiQuMVQIUA=2HRR4+6SIEA=gnXHYg+GH0A=4vP445miHUA=JDnjmdiTG0A=KljNmw9lGUA=lFEE1iMtF0A=eKupTuDhFEA=cI8pVoOxEkA=/BSPbJCuEEA=MGUz7OkKDkA=kKLnFEtyC0A=kNw7wg8RCkA=KKhR54sRCkA=sOWi8N2SC0A=gLtycSeADkA=+JxVcf6BEUA=FIRA5M51FEA=RIwD4zLyF0A=kvrPgv7HG0A=GqtKlpnVH0A=CCLWZ071IUA=nc8oYvzZI0A=GsfUFyiDJUA=e8hi0nrnJkA=dpebKSz+J0A=NzdnTDq/KEA=q0eNy5Q2KUA=35RJoT56KUA=a/p42NehKUA=Yq15TRmvKUA=94GqgmC8KUA=tgCc5YTTKUA=wFaium7xKUA=OtmuWDUHKkA=sH0cQfoLKkA=SdQAcgPtKUA=BxjJOqSbKUA=v0IM4UL9KEA=6DKAvoIUKEA=OgV7GBXmJkA=250a9ZJ0JUA=nFuUbuDGI0A=yH+B0V38IUA=fXg8lUcqIEA=VKh5oNnEHEA=Mm8VUY5yGUA=jgMdopyLFkA=hCAU7dMuFEA=lBipwplaEkA=5O76a3UaEUA=tAnI/VV2EEA=QN6iGNNkEEA=cJ3KLCu6EEA=IH5t9mxnEUA=aInd6M5NEkA=8N1/2vJOE0A=HFJ1D2koFEA=AM12JXPRFEA=gF8x3c8xFUA=7KQsCZA7FUA=OPaiVfXQFEA=OEbFcFgDFEA=dHtdYAfjEkA=rO8Hhk59EUA=iO1IBCSlD0A=6MbkCnkpDEA=cCClAse0CEA=6N144URIBUA=gKd7ZHPXAUA=ILtzfuUj/T8=IPAgpri99j8=AJaU2IVa8D8=4AUJLfuz4z8=gGrERZPOyz8=gAf0iPzOwr8=QFDgcMH23r8=AJ8T9htw6L8=wC4PGyka7r8=4FEgrXL/778=wDVa7mMw7r8=wHARgcrS578=gHZZ8WEB2b8=AB5o0DWSvj8=AFEMx4b75z8=0Ivph2AT+D8=YE+ROmb8AkA=sD6FMvy/CkA=aBCz8G52EUA=dpmBlT3LFUA=qpAhrmI2GkA=OCbqr7KXHkA=U/G3EzJdIUA=h1mmWopGI0A=A7491BntJEA=24N6YWkzJkA=Qcp/XsMHJ0A=LAM88YFkJ0A=p+t5DqI8J0A=6rzF07uBJkA=SCEy6+UzJUA=vkg00XJhI0A=Zb8L5NcRIUA=TGgBHL6AHEA=1KurxG8RFkA=mBAL4gnyDUA=0Bm+ei6R/T8=AInuRMLiwb8=QOxjwqUqAcA=CKoj0i5vEMA=QMiSvWzkF8A=rNt1HOLQHsA=BOAP3itwIsA=8GjsLXL4JMA=DlTCtdjxJsA=uoUUlwZdKMA=Lth9HXcnKcA=DhdDHs5dKcA=tnjWc44LKcA=+sYarJlFKMA=hmGBBaYbJ8A=KmI1cW6nJcA=Np6lfLoJJMA=tiFsfGZaIsA=LmvcAiusIMA=bLct9oQWHsA=REON24UfG8A=vAIm3ziBGMA=BC5KWlQuFsA=UFwQ6Y0cFMA=gFF8wQRZEsA=rJ2/q/zEEMA=uJFRDRGpDsA=mETb4Iv9C8A=gPj5N36pCcA=WJ1bNLeDB8A=QE/URTefBcA=yKvCjDoRBMA=OMvQxa39AsA=IA74iSxEAsA=ePFUpETmAcA=oB3bowwDAsA=AN9SuOuiAsA=sH1J6f6FA8A=ABX+nK+ZBMA=AEuKaFrRBcA=cHgaj0YOB8A=0AvuCyb2B8A=OO4AZKtYCMA=8JPEeLokCMA=6Hak5sgdB8A=UL/CsNoHBcA=GLRlAdjZAcA=0A/1IqVu+78=ELhVj1o/8b8=wExDok581b8=AF3op2O/3z8=UPAoHEay9T8=EDPQa2fUAUA=kMzdXe+yCEA=GEsSILwsD0A=JFrPLIpnEkA=iJu7jXvLFEA=wi0LEIivFkA=goOsWP0LGEA=nL+brmjGGEA=FvECYHkCGUA=DNg04BzJGEA=MmWlf4wlGEA=Xilu1ZAtF0A=6i7JEsAEFkA=2PkF5MjJFEA=oEDbvhuSE0A=WC+VC6deEkA=yFbJrXxAEUA=VCGCQGEzEEA=ED8H5kVADkA=qNOTYWPaC0A=wFMGlNsuCUA=AGnZI84MBkA=OE8ps/IkAkA=sKRTahAB+z8=ULtpK41v8D8=gHaKuWJy0z8=gJd3H8Go3r8=8DIfwN9V9L8=OFhqOKUYAMA=EF+f0FJTBcA=OFV1fymxCcA=gKx05I+4DMA=wE068cI1DsA=IBhG7nsJDsA=4D/skOJMDMA=IBJ3IaLPCMA=SHu7j2WeA8A=kE8TfB3t+b8=YI+q3kBK5L8=ILAk5xV14D8=8CFthoXI/D8=UCDNnBVsCUA=PP6KlU54EkA=UO19CPVcGEA=0KlO1hZHHkA=Wex360v8IUA=qRUGcZOaJEA=IIO3+ybxJkA=F52mSZ/mKEA=U9Rtis9WKkA=yrf6i8s5K0A=Ge8tRY6IK0A=zkw0ylVDK0A=snQXEYdgKkA=2f/rJ0z7KEA=ysF0yV8qJ0A=MUfySCIGJUA=soNK9iWmIkA=yVvWQUA1IEA=eC4f99GkG0A=wCPFpdAxF0A=FLgqLGQpE0A=aMGS/86gD0A=mBwVq9hjCkA=iAZXBkCwBkA=6I3vgOBnBEA=iEd6v4jKA0A=iB1mCTi8BEA=oFRXG3EJB0A=CHJDq4epCkA=8NyR6LKVD0A=EFCGiE7UEkA=FGTirHU9FkA=HJg7AgTtGUA=tnLrEzHGHUA=VVdNUxXMIEA=w3MZXEKIIkA=98UgqFYMJEA=vqY2YZ1AJUA=tXHOK0kWJkA=aQZL20h2JkA=aBiZDqtrJkA=lLZ1gfoDJkA=fm5FxVVOJUA=k0WbHa9TJEA=F2ORMY89I0A=ZvpZk2MoIkA=+7f7wvokIUA=2/e/V9RDIEA=HgE56Ck4H0A=7mhymqhiHkA=9j+w/XUIHkA=wLSh3TIWHkA=IreS6DeOHkA=+r9NrWNXH0A=9apgZ3UjIEA=zrZ3gbujIEA=Q+kj5+wmIUA=D/6GcvykIUA=LIi/4UcLIkA=1pnFCmBZIkA=/ys12C6OIkA=jV9pZT2lIkA=muC6kWaRIkA=wDBd6ZFcIkA=F7mSG9oMIkA=khjGZramIUA=agiXaX4fIUA=w2k0sr2RIEA=g4wg9FoFIEA=9LiHMlwIH0A=yIkclXghHkA=3s0ffXuIHUA=jHO3nYo5HUA=sGG6wBY6HUA=Bt3tb6p0HUA=rISQT1rxHUA=akNZ0+6MHkA=tI5qFq4XH0A=etTnloRjH0A=NqGwAapcH0A=LMhRrwDiHkA=IqSQ8RzUHUA=+ixpf40sHEA=qPUQufv9GUA=iFQBM7teF0A=ZHTnCtNfFEA=JAUFrS80EUA=mAuuY/0hDEA=4ESEy4pYBkA=OGsHXOAtAUA=sJCo5D0d+j8=oGxUVpdx9D8=gNBPhQ1b8T8=MB8YbOd58D8=EHZD5u/a8T8=QCdXBPbt9D8=cCL7biUJ+T8=EFIt9d4g/T8=aG6zp9Z0AEA=MEh1TaPYAUA=KIQN5HSaAkA=ODKpmI1+AkA=IMJLcMqwAUA=wKTYXpx5AEA=YOUVUznx/T8=4AFeGLX/+j8=wI1JMeX++D8=YBEBuNOG+D8=wMc0harQ+T8=ACMCeNwr/T8=kAv6bWRwAUA=SNVUjCaHBUA=sBu+HCByCkA=GLz8XS8TEEA=qHjt5mU9E0A=LoEaM5+RFkA=ZB6XgrnWGUA=Bsdj8AEDHUA=KP1+Zc3wH0A=35PkDq1HIUA=g2MzdvxXIkA=cb5hc/wvI0A=FsbX0HPQI0A=cMuAL8k8JEA=/9pou+loJEA=hrn66dBoJEA=LoNY9kdAJEA=LiFPlfvxI0A=ZLJNK0KBI0A=N4obCmcBI0A=4dHbILl6IkA=1r2LasPwIUA=wBjnM75rIUA=FqoSQkv+IEA=hcapxAi0IEA=B0RPqoWKIEA=1caKw/GJIEA=C1PSsrK/IEA=4p4hfmgwIUA=pK2TG23LIUA=5cE4Be6bIkA=4XbYniCjI0A=qXR5vBTaJEA=ZTuTN0UvJkA=CUW1iCOoJ0A=xgSB7vE6KUA=TLJeb2jjKkA=VDf9JUOILEA=vHewAPAqLkA=4NUnLHPEL0A=j2n95wahMEA=vv9Vd71HMUA=LxleJw3ZMUA=XkZa2N5LMkA=OKOUtO6YMkA=kP6tsDu7MkA=ZOU07dmzMkA=gcUD9xyCMkA=rXIaHZcgMkA=rFmrayCRMUA=5mItlCnbMEA=ORbAVMIDMEA=p22mR6gaLkA=zrWEalUDLEA=ddplrAHaKUA=BC4u+GCxJ0A=wkLlUReQJUA=T5yKHOqPI0A=hHxz8Qa+IUA=B3q7X5cqIEA=Fp7Mf+yPHUA=vsRJpFJNG0A=CiDh/aWDGUA=5gOiLeEYGEA=PDepC23oFkA=7DviR+PsFUA=BAC6TjQMFUA=dHt3ZJ4lFEA=zDHikXQSE0A=wBU5UPrbEUA=LIfimtpvEEA=mHK0Og18DUA=UFttKTeBCUA=wNVD1OMdBUA=GGXrpYKFAEA=QOierHlG9z8=gLm/jQoI6z8=gIcHu8nw0T8=APRMy/qBzL8=oBSUTFsN5b8=AJFXlhTC778=4DcsQA1S878=kIwW8CLa9L8=wE215hfL9L8=QJDexXzi8r8=4ExPktbQ7r8=oBX8ToBr5b8=wJeRr7Gy1b8=AB7jlGD4oj8=QBX8Uru32z8=IFG7VTem6j8=4Ji/i/hY8z8=sJBnooJB+T8=sEW1SpXX/j8=2HYpL7r2AUA=kOaQb40uBEA=WInfyBlDBkA=kO2LCf06CEA=cKGgeCkICkA=WLqVzZq7C0A=oNJP/w2KDUA=8BiYGt1+D0A=BJJbLI3JEEA=UJz6737nEUA=lBANmtQZE0A=+BKXwQpjFEA=SOTvuFOhFUA=+ooNB4riFkA=7tR7abseGEA=Bvfp0qJZGUA=LH3acsSJGkA=dDWFCRu9G0A=DL/Td8/0HEA=hvobl+89HkA=ZkR5UsR3H0A=lb6GqbBWIEA=M/bs/X3mIEA=g9VJUL9YIUA=lvn3rg6ZIUA=0DcmWG+jIUA=E2eLqeNzIUA=L6olgd4AIUA=8yr7EzRDIEA=bCBXBPOaHkA=SIyqFx5RHEA=ZmBtt2C3GUA=/K18NHThFkA=NM5jt6YDFEA=CFEISEEtEUA=2APz1NO+DEA=kDeZOrd6B0A=YPbV7AmuAkA=oLrHGG/Q/D8=UKRy3R0H9T8=QHnpMe5O7D8=4C30xzG54D8=AG7pzyx+zj8=AIiyE5uuiT8=gPGQP5u4wL8=gIrrc6vzxr8=gEGzdZlvwL8=AECRLsy6Vz8=ADtv5DB/zT8=gDQhPjj54T8=ABU5+SPn7j8=ANPPHnA69j8=wBHXQzIy/T8=MBxjO1jbAUA=uI3P6UGPBEA=QCyWyD8tBkA=APlZI/OiBkA=4Ni/un+6BUA=YMKq/x40A0A=oLxsfd39/T8=IPXgOgLr8j8=wB80mxSu1j8=gPt36cu/4r8=4KAF2VgK+b8=QPQWr7MNBMA=CGaUflS2CsA=iGOx1JoPEMA=RArqUXbZEcA=FJuI8Yp6EsA=pE3hyOTqEcA=XDSYVfM5EMA=YI9FT67dCsA=KB0ev9BkA8A=AIGCgzkF9b8=gKAu+K3NwL8=gJSB6Qok8T8=SO7YxQ/IAUA=gOlVVf4ACkA=wIYsqbBPEEA=CDQtVZbTEkA=lAxOX+aAFEA=qiFaZ0lUFUA=6EF0vANjFUA=Wh7fndb/FEA=+A/wMyVbFEA=lGUIpEGqE0A=VLBx5pIeE0A=aL/bQ3MCE0A=+OqGUO1+E0A=+BPK9u+VFEA=gAGL3iNaFkA=RswKWE/cGEA=GBZRSYoIHEA=CLuEfaynH0A=9/Tte0DYIUA=EZVP7ewBJEA=KmEsadY9JkA=uGHChGdlKEA=LlM5QXRrKkA=ACD1zYY5LEA=8RA+F6azLUA=rpAxrT2yLkA=Z/EstmUyL0A=Hl5en9IfL0A=SFkphB54LkA=Hir0wYYoLUA=hmMGfiBOK0A=TEJUVncBKUA=DTkpgT9RJkA=R16SORFaI0A=Qi8IualMIEA=MHvzXb2MGkA=JJtXqce2FEA=MKfDs9e5DkA=OOLIBu1bBUA=wBTe2dzK+j8=IIx4johD6z8=AMWTM1Hcyz8=gMe+DAqQzb8=wJySNoZE4L8=QGot9Ccp5b8=wNkG338n5r8=YAdweH+H478=QH4d3uDe278=gIV8cDLhyr8=AP1haZYXtz8=wLFwAY8f3T8=YKj1y4xX7D8=cAAnzuOe9T8=EN7lt3NE/j8=QAdGkeL7A0A=MEPnjf8tCUA=8D9y9uGJDkA=BMwguEYOEkA=hKy4ePjQFEA=uv7TbCRoF0A=KBKQmsSlGUA=si9t1giKG0A=vIvuSFMCHUA=WO5bbT/vHUA=XjI0kmBgHkA=mqElRBdvHkA=9GH1P7c3HkA=IIqmxhDMHUA=UERw72BoHUA=rnATmfY7HUA=FqKTVH5nHUA=QEymaT3hHUA=sqD5kd/HHkA=+2nPiXwEIEA=9jlnBRLKIEA=yh0WvWaTIUA=RKtbgMNSIkA=AYzT5lz8IkA=44B9vzJ7I0A=r+vUX5G7I0A=4an18azGI0A=ULunRBChI0A=0WNHtTVPI0A=HD9gVizaIkA=jCSUtypdIkA=s6XalNvkIUA=e07qq8FwIUA=wK4Q6QEFIUA=+rhhRleqIEA=iNRtbCxkIEA=okO6lIgcIEA=jKOh7gydH0A=3r3XOO74HkA=ONGFrKtFHkA=+mnJYc5bHUA=lA+khrJQHEA=FIq7lQAwG0A=lj7zJgIJGkA=Gt1uXLjKGEA=aKF4CnOZF0A=4g9pnqSWFkA=zljxEBHMFUA=2qByhJEyFUA=Oo4u5rTuFEA=xIdTtjP/FEA=wqkg+DZvFUA=VL0PgBgWFkA=vIinSTT8FkA=gKWJ47oJGEA=MD1kSi4OGUA=RuwnyGrWGUA=eFLKeXNOGkA=LhhIaH5VGkA=uhsreGStGUA=tAq+tatCGEA=ToBJLW8bFkA=/ENGtuJQE0A=ALLVg7m/D0A=+J95Tyr6B0A=cAFRVWbF/z8=8PRC4Cki8D8=AFDHB+vAuj8=YFnnLwGk5L8=sMzw3WyY8r8=wMXzL3ir9r8=ULHGhjym9r8=cMoE/9ce8r8=gJ8EDFKm4r8=AB8+sMMVyT8=MLXue2Tg8T8=8C3xzxUbAUA=IDjFxkaWCUA=lGE4vAzjEEA=ZMI2bXWHFEA=xIgQxmyeF0A=qkBbKDoXGkA=Eor9tEXSG0A=Ajzh6WvNHEA=pCh9icowHUA=cIYt1iwfHUA=vuriDRGsHEA=3njnszT7G0A=Wq2gWsBAG0A=3pxFqJSZGkA=hCFXJgoHGkA=Bk///SOXGUA=3nwwNXRWGUA=INWJIsw6GUA=cP2qYcQgGUA=DqneIysSGUA=yn8XKGAAGUA=bHkwWALkGEA=kiSGSLKWGEA=3hCYVJc1GEA=FCjW5b66F0A=nqYlcIEoF0A=xgc/BhZdFkA=LMgzI0d7FUA=WMqP2Z97FEA=6KdzdelXE0A=0PmWggj3EUA=GAkG7mRvEEA=+JjW6m6RDUA=yJfZV0HuCUA=GAITRLYRBkA=EPiX+VFFAkA=IEGZAmWD/T8=YLzK2Jca9z8=kBSCDRrW8T8=YDymu1P97D8=wLyhymHu6j8=AEhsEwq47D8=IMRRRlB+8T8=0Lh/igzW9j8=ADNZ7wjW/T8=KBDId2jPAkA=EKDsAn7zBkA=iCk/4G0GC0A=SDw9KE/LDkA=DIjiNG7xEEA=pNTKHs04EkA=bGJjCL5ME0A=aFAgPQU7FEA=rL3PAagbFUA=cj5JQh0zFkA=yoJZGv+eF0A=KM917taAGUA=cMubq/bmG0A=Ulfw7CnuHkA=w1fAyVA/IUA=79ThqSZAI0A=wWgxg5ZdJUA=N3gYpEmJJ0A=dmiKOfWmKUA=zgRDlzaRK0A=QAtG+Gw0LUA=kicolSSGLkA=LgKIWg93L0A=La/LQxX1L0A=Abqp/IoDMEA=tOQq81y5L0A=CRZEcn8aL0A=NJNX9Q4qLkA=wSZUdM4KLUA=04HtEjrQK0A=VL0doyqSKkA=0KpPrRtYKUA=AEeT40NBKEA=0AD0+x1dJ0A=AlN67E60JkA=ZHYB1fpBJkA=hoBaXVYSJkA=trkCihweJkA=SSxhgoxhJkA=H0GX3FLIJkA=rzVPPZxOJ0A=f3+a3KzoJ0A=XU66R5CIKEA=Fb9fJRMfKUA=8zz6hy61KUA=wCnnl2RFKkA=hAMrX9bCKkA=RLSQr4MxK0A=0N2VDJmXK0A=+e2SRFf5K0A=0CMPVBlKLEA=Kht7ER6QLEA=jatBizbULEA=1DTVDA4cLUA=nlpRnbdXLUA=rpDvjviaLUA=1RN90tTnLUA=BSH1+xxELkA=bOuZzrWkLkA=Fbj6nwgWL0A=4qpgaWuQL0A=xBCfE9sGMEA=bbTMUtQ5MEA=xdqAEiZbMEA=lUQiFjZhMEA=pZ+l9YY9MEA=OhFFDSrEL0A=rv9yNByVLkA=74eT9+TkLEA=9njTo1qlKkA=eEOPUhvXJ0A=CuExIJ2SJEA=6lTlgfP0IEA=YrU6uG8qGkA=SB0pFJxEEkA=CPVmK3NOBUA=4OUHJfvD7T8=gLtd0y0R4r8=sGMTVW+Q+78=4KwumbrCA8A=SGOrjB0KBsA=4EFO4h25BMA=cMSg2fx3/78=ACoPVMV97b8=gDz0B+wP3z8=MDUWHJcnAUA=aIdB09DwD0A=jHC8V+2yF0A=XL+2/L5cH0A=uVBXIR9BI0A=9RCejil9JkA=0fVqX+RLKUA=FJifw6mWK0A=NI6N8BlTLUA=qjIvcuWVLkA=tIJ2L8FsL0A=IDFzgHvjL0A=uJ4vjwoFMEA=NA+lpQQCMEA=KM0QK3XlL0A=4uj2CrKoL0A=Sfb6ji5iL0A=ti6gHJcYL0A=GHJ7IE3JLkA=g+fiNudgLkA=/ifAnizdLUA=h+G/qHM2LUA=WPaaZvpfLEA=CI+h+BZHK0A=0ghm0NDtKUA=9pIWF+1bKEA=hwZfgA6OJkA=CcmoTUuEJEA=7ynHaKhVIkA=R+gl3L4QIEA=Zqprb+aAG0A=9mgo5/jQFkA=0IBgc/NBEkA=sHyCSw7HC0A=aESgtHCCA0A=8Dw6t9+k9z8=oNf/ltoN5D8=AArVdlvNtr8=gIPGMo+D5b8=UPqQGWF98b8=sKOCBrg+9b8=8DuHAZLA9b8=YLCI2jRY878=gBOWwZAv7L8=AJjfQv/t178=gMcPeHTV0T8=MKw1uTMZ8D8=4DzxrjqM/D8=UO+/hRGgBEA=WBqgtKKrCkA=ELzoLoD0D0A=6DMUJ6E8EkA=fCuOoaQPFEA=OpLlx4J4FUA=Xsssz7hkFkA=tIDZAW8CF0A=JNYjf69jF0A=2kxbo6WbF0A=KhsFRa6cF0A=GMOCLiOTF0A=aKzq65V5F0A=OnQ0f1A2F0A=uGoAXBa1FkA=iPFknW8MFkA=dIh5hXApFUA=WDJsxCb5E0A=7F4c2geIEkA=jCl75MjvEEA=8MTy/JKLDkA=AHJy2O0gC0A=YOkyo63cB0A=4H5Ht84jBUA=0HxNz8UvA0A=QGfzRnUNAkA=KBiHK98VAkA=ALg2dARmA0A=wNEnHystBkA=YBUvdmonCkA=EITlEgB6D0A=bGh7Pen0EkA=armIjtmiFkA=IAAE2pKKGkA=Ut0rUrGTHkA=QrQioxZIIUA=9G+kr6EjI0A=aTH4PdO+JEA=xTHwTyoOJkA=iuDTS8r+JkA=Kl807TeBJ0A=V84RtjaKJ0A=665T/jgkJ0A=dJa6s+pXJkA=WRu5ZLMpJUA=wyGaMvatI0A=9G9aYyUFIkA=w9E/+4BHIEA=oNkVIW0UHUA=wokfP7neGUA=fIUtJuokF0A=7o9jUT4VFUA=9Dwg05CrE0A=6J/Lwbj8EkA=EPnD5F0GE0A=bF1B9FCuE0A=JOaIlxerFEA=sj6P2gnpFUA=OLuR1iU5F0A=/vfZW1lnGEA=NiejbEcsGUA=KFXEUhWPGUA=zlTB9+OBGUA=rOVVE6MJGUA=Knn03JMnGEA=RlEShqwSF0A=ugBKMXH5FUA=euV6sjfrFEA=qCiCfb8DFEA=2EEiYXNuE0A=NOxN1EA5E0A=DF1zXIZOE0A=FBNTWjSjE0A=oJrrQuEsFEA=5B9H+5jKFEA=Nnkbl3s5FUA=BFKaDfJdFUA=JOHpuw0dFUA=DCva1GhiFEA=NLf9Jk77EkA=RGOKyMj8EEA=kLGVApMFDUA=QJf5gR9SB0A=CPTkDOD8AEA=gML28n8k9T8=gGDDHSDl4T8=AApd7VXnv78=4LDBZQS05r8=wFQkL1BU8r8=cGBto+Sz9r8=cOMFQkik+L8=wMu3XtSo+L8=kBBjMpGS9r8=IJnHp2Ub878=4M5dk9jJ7b8=gH3qb0Wp5b8=QIGVhFHC278=gKfDwn4hzr8=AOyzovoRwL8=AJL8W6Ybvr8=AF4O08oqyb8=wPkyJWsT178=AMy41L/7478=oMmrFT2w7r8=8Dn+3JkN9b8=sN12lJLA+r8=2BvHRg4vAMA=yBN8Wrl2AsA=0FX38eMPBMA=EKcwvSe6BMA=QBYC9buPBMA=WMaiPkg9A8A=kLAoSwvAAMA=oHADTFV2+r8=sMefnf8U8r8=gDZNuOmx4L8=AAjHMhUuwj8=YLR7SZfj6T8=wEGqyDPQ9j8=0HRznv/v/z8=YLDhYmrmA0A=YCXhl3n4BkA=UCygbpUmCUA=oOIyxWyfCkA=UBJHhvKHC0A=wFonFuPeC0A=SNkD2BPnC0A=SAk4/pn2C0A=OIrKkjJJDEA=6J9AvD3WDEA=2GcWX67SDUA=IClQDpNdD0A=iJfIeEm0EEA=4Df3JObMEUA=MI37lBT9EkA=bM+qr88mFEA=GmutH+MnFUA=8rHrrDTKFUA=wJM2hGYdFkA=HsXIkIQTFkA=Cr65dPGvFUA=mEfR+fvwFEA=3FERZCYLFEA=UN28IGcjE0A=vEZxGkBNEkA=ZFHWoxmiEUA=jLIOefdKEUA=IDmTWltVEUA=0PWc3GSrEUA=sFZvA9VHEkA=wD5mPIoqE0A=DNkVq/s7FEA=HCl8w6dbFUA=mNbzV2aBFkA=bixJWEOvF0A=6tME8aLjGEA=ThkN+vcEGkA=otNXMucqG0A=hvHxIlFbHEA=TmBE9aaaHUA=0kuwW3m7HkA=Bq7vr1auH0A=jyVK9JUuIEA=qfNQMkRQIEA=/g29WagZIEA=0r+AZg8LH0A=UmJ8+NINHUA=dv4IKhg3GkA=nHdbPvCIFkA=BB7l/wRAEkA=yGFNbEc0C0A=2AfGIfq4AUA=IDIKEpMq8T8=AFLBPG9vtD8=YN30lbTo5b8=IPNywUnL8r8=4KmNi7TN9b8=MPwAYpB7878=oJjaB34j6L8=AILqOiUNpb8=wDuIQluH6z8=MK/R9EwP/j8=eCXgz6FrB0A=uIuGQMMXD0A=OEwnjOW7EkA=qIInY+wYFUA=atwz8+p4FkA=ztXSK361FkA=2A0+atjrFUA=KFsbz81TFEA=KKN7+lYbEkA=cGY5xgTpDkA=MKndc2BsCUA=2OHDoD50BEA=uOdB9S9IAEA=cK/upsxK+j8=YN8oWhXI9j8=AKYLnEoL9j8=MKkM5A3O9z8=IB1MddJg+z8=KESQZQg1AEA=AGKZLx0yA0A=YEHOUwE2BkA=4IcnjajrCEA=mHFZRF9IC0A=6GxC2XtXDUA=SKExQ03dDkA=oAT7uPTpD0A=BEz9+mRfEEA=1KEse+m8EEA=SPCP4sIAEUA=XCH2NTo+EUA=sEjgBBWIEUA=VI87NpzeEUA=sJv6AWMpEkA=fMSpd6B7EkA=9H1MsTDcEkA=HArKzR9ME0A=oMebaEahE0A=FLxjW/77E0A=wFe/ocZXFEA=7MMsHRulFEA=VGcWE3XCFEA=cM9J9M/MFEA=5BxhUJi1FEA=GHEx2XBxFEA=+F/8of/2E0A=rN+aKQtbE0A=8IStghCxEkA=QMKWKe3uEUA=bLQwltEdEUA=MNqP96laEEA=GHPMBH9XD0A=CERE+JwKDkA=kNRPBsHSDEA=yIp4NBTDC0A=6KAO4ePSCkA=CFfndu68CUA=oPplrLl2CEA=yK1kVsATB0A=UHEgmcJuBUA=EDiagh9EA0A=uEQswYe/AEA=IHDpa3vL+z8=kHEC9ECq9T8=IPbv4uyQ7j8=oIEzc6Ue4z8=wA8yWnot1T8=ADtND7ogyj8=wKYd+ex+0D8=YAzdY3bu4T8=8Kz/4Th08j8=gGLeHudGAEA=yIurX9SECUA=ADfOXLVqEkA=kGapegjWGEA=MqXJNfupH0A=w86mDWJAI0A=e7QZLHeAJkA=AejbS+FjKUA=+SLxWYqzK0A=PGkLXKVSLUA=apqs8eY2LkA=LhpJ2jFhLkA=ZOTgXV7MLUA=kOk3CryZLEA=AvQvROruKkA=/KEiDK72KEA=t9zwj7fLJkA=fP+DVJOdJEA=0HLT/O6MIkA=LY3qtMesIEA=WhNej9YBHkA=8kVbnastG0A=vhg3vqzQGEA=oKZ93lPKFkA=XgGaVO/rFEA=TA28JGYmE0A=bDVGfHJTEUA=6DpZpiiUDkA=EGuo7aD2CUA=8EuSQEjNBEA=0JzNJws9/j8=QD+UfmPv8T8=wGg1zsvG0z8=wN3OqgmU378=IJD5o4n9878=gMaXUMET/78=6CptPq4vBMA=eGNwUWizB8A=8I+iOv/tCcA=SGrtBWgIC8A=GNM4/ILcCsA=CCsEFMCICcA=4Pe+k802B8A=4HWDaxhLBMA=6Dp5PtzRAMA=sEbBGAQC+r8=oMJCvmDt8b8=gAh3cbSR478=AMttKqjHtb8=gEFZuput3T8=EF7sCYu+8D8=8GHnsNya+j8=kNDyxoLFAkA=qJha4PXuCEA=YIUbiPS/D0A=ZIVVfC6CE0A=bNCeLwFgF0A=9o6XQhxjG0A=9pReb41ZH0A=8OYmgyOIIUA=J32aRNI2I0A=Vc8S9MCpJEA=NtTMNdHKJUA=kCNMxbmXJkA=gT6BmvgbJ0A=kUMtaJFhJ0A=etpQL0RpJ0A=bz2QumdKJ0A=sxRsSuYcJ0A=X+lESDfvJkA=jG8XjDrFJkA=F5MTX1SrJkA=PptBFVKsJkA=5WOjrwHEJkA=g8n8uVPkJkA=SYTvyuEVJ0A=PPUFLetWJ0A=P3mtJYqjJ0A=GTqGhjbuJ0A=qgNZX6hCKEA=k09lES+kKEA=y0+N3FYIKUA=+5VVdmpjKUA=LrPYauG6KUA=syILUG0EKkA=r9KKwNslKkA=gfWRwjETKkA=PK6gL4fGKUA=ucEq4iM3KUA=TOMw9OhYKEA=FzOhuJcyJ0A=8lINrLzaJUA=6obB23lnJEA=350lwGDpIkA=Vvly8eqDIUA=x7BDP31dIEA=uphs2oknH0A=CH9AF9xYHkA=BIcjjRyFHkA=0D96dZG5H0A=s3tNIt73IEA=SIKkdop3IkA=xSGKIsFTJEA=f63n1BV1JkA=6I/T97+4KEA=F4VHzxjxKkA=zi+YVioPLUA=LJvBOSH2LkA=nGE7AUhBMEA=Q/8epFHMMEA=yj5AqMUaMUA=GOLuOR0oMUA=HFSngMHvMEA=wQy5TA9vMEA=Gh3NHhlhL0A=Es2uHwR0LUA=DMKVAbojK0A=ShB7SiuLKEA=vMUPxxvHJUA=lMEGl/X7IkA=yhsXO280IEA=imfffh4qG0A=Ug4kly+GFkA=CC/vPIGSEkA=IGPCsSqsDkA=8K3JOOv1CUA=uIaXUW7nBkA=YKq63BtzBUA=KLEllaEZBUA=qN0zTw7GBUA=oIauE70NB0A=oDwMukpxCEA=YDqGU1l9CUA=qB0hYlIRCkA=KDUjQq7sCUA=cFioQ4LiCEA=IMSOJu/lBkA=mOEEwedeBEA=wEwGptyrAUA=MNO4iScI/j8=YAPrfc/i+T8=gPqhCvUZ+D8=cIScqu6T+T8=0IgA9KmN/j8=GNHNmFfkA0A=wBLLNzSeCkA=7N7J1eCoEUA=vC17LVrDFkA=hleYzF9wHEA=PuokeAY4IUA=xV4Vdwg7JEA=kAir388PJ0A=KySZn0mcKUA=R8YD2kXJK0A=Kmq9yFSDLUA=B9JpRoezLkA=lgL0e2tlL0A=jKxu2tSgL0A=dJh/yjJ2L0A=34CO3JPtLkA=3rMdvWErLkA=6ibpItJBLUA=rKQvSj9ELEA=rBWPRM1HK0A=t9iVem9eKkA=TT3kmd2YKUA=rDCIdkv7KEA=7MDPX4qHKEA=2dz8yUZPKEA=II+S9slPKEA=sBRYyYV/KEA=n+2oV6zeKEA=hrF+xNJmKUA=BMid0MkKKkA=EmuxL3qrKkA=2zG+jmVBK0A=GpxNmSC1K0A=5qN9707vK0A=mVit7zDPK0A=um5GMFJOK0A=rvNCGq9cKkA=6pH8hvv4KEA=9ziTARIcJ0A=ix1VjNPbJEA=SpKL/1hQIkA=ZnXkPq4gH0A=SpCj4RJhGUA=WIGlFKy1E0A=IHQ9wVupDEA=QDWmDI/DAkA=oH4+cELx8z8=wOhuzsGv1D8=ADA2E+Zb2r8=IERsnZ297r8=wANhUcYh9b8=AGjTRPnJ978=0LHd1jY9978=sDkEIHae878=oDVS91cT6r8=AAq2srghzL8=AOFw9NkY4j8=UGTNE+Ot9z8=YMA5i1v1A0A=qFwElgGZDEA=/PxXC4CpEkA=/ho41iOmFkA=RIu1gJIZGkA=TvCAiXPKHEA=SlXKqZOEHkA=CjwAvugUH0A=6jvLPeJ8HkA=7ExyvoHIHEA=XA4IfycLGkA=Jv9BooFVFkA=ZKkHEeHlEUA=IFdRYWnnCUA=YK6Ccr+8/j8=4Cf0iPWV4T8=IP/ZTyea6b8=+Kk7pja0AMA=aCsK5BNpCsA=8KQkRrCeEcA=2O0X7RtiFcA=7E4Og0lkGMA=RHg7JoWrGsA=IKRVqaMJHMA=RHCz/P12HMA=mBPhpaDtG8A=PHWQ9feMGsA=DDYsLpJPGMA=nFAsJU5RFcA=1BV9Gb6tEcA=uFrZL1VUC8A=4Ka64UeiAsA=IIC1J0n+8r8=ANgmzKX/mb8=sKnE11rU8T8=kPQj8g7tAUA=+JWTCbXHCkA=XPHzzFuqEUA=kJfsC73DFUA=tAIE0Xm9GUA=rpPZnRCJHUA=iJj8G2mDIEA=PSJa53AWIkA=nVebHeJxI0A=UpEDHIKMJEA=fL5KZGRSJUA=MvUFyhm2JUA=cOp+Ul68JUA=Ue0z2aVnJUA=kG42rvSvJEA=zMy2hf+jI0A=Sts8ooNYIkA=4jr1rt3ZIEA=+t8+oDBaHkA=1GyJ4IfQGkA=UPZsve4wF0A=BFE5uLWNE0A=kFrONgu6D0A=IFm2eyN4CEA=mLA+Nw13AUA=gGGjfV6J9T8=QNbmkil74T8=gB6R/i6vxL8=YK0t8/xe6L8=MMBG/WTf878=sNSllJiD+b8=YNgswUVE/L8=sLqQh9Mx/L8=QGp9SYGM+b8=wOX9EAY29L8=4JzotqaN6L8=AD1xPtekwL8=gJw9Vhn44j8=UESZgS5C9j8=YF5Wp/7iAUA=+Pfnrbi8CEA=uPN0w6I+D0A=kI4YeZKbEkA=MnBf8VxHFUA=lsQ7Grx1F0A=xpEtCef/GEA=Cl53DI3kGUA=ytqUdpkYGkA=UkenPOCKGUA=QOvWEXIoGEA=sjge1y0VFkA=dFBGYRBhE0A=XHkRJZ4ZEEA=8DYBEmW+CEA=uCkiRZTZAEA=4DXyS8B+8T8=AATN9jcXuj8=wEY397nT6r8=IP7P73np+r8=cIYWdlNEA8A=sNVlr/wRCMA=EINvBh3tC8A=wJgxVarODsA=1C0KOIVxEMA=sOlkfAVIEcA=mHt7cc36EcA=QKsT1JilEsA=sMLhNXBZE8A=qFHDFQdEFMA=qMKa/5NdFcA=pNiFPQGqFsA=fOfaHJAkGMA=bIOM5iHcGcA=bOIKrFazG8A=DGiJNo2THcA=iGB0Er94H8A=pHx0eXC1IMA=3qyNlU6hIcA=OJC1ncZ9IsA=NiDtM4RMI8A=UmIyED8RJMA=zEtQPEXBJMA=TJgeFAJcJcA=KmNm4QPpJcA=+kYmUaFqJsA=zjx5+rzYJsA=bjK1ebAwJ8A=4vDfaIxyJ8A=9gVCdD2ZJ8A=2gUdEbiQJ8A=ZqxvNhpPJ8A=Sn67vP7TJsA=BprPJOsOJsA=JBnlUqbzJMA=zuECunB4I8A=YKcT5LimIcA=7BSdx73tHsA=IJvuyGnbGcA=0FttqeciFMA=mLX2v53rC8A=cK7HHGaJ/b8=AEcB7Yxrwr8=cHz3bj9I+T8=qIMbLX8RCkA=wNjHvIR/E0A=QrN2kbiSGUA=JhPxPLkdH0A=ROo8yg/8IUA=2horOMUQJEA=d/nXpVbFJUA=64GzBmQRJ0A=vHIQAHnxJ0A=yat3p6BtKEA=q8ZoZ0GRKEA=CE2ZutVXKEA=ucLCAjPPJ0A=cxKO55YLJ0A=DEqHCBodJkA=2qDRThcLJUA=6B3W9VnlI0A=+/CD11K/IkA=NGo3B0WmIUA=fAQdRzqSIEA=6os5WewaH0A=pJ9m3K5AHUA=AO6p0DSZG0A=EGxyQ3X9GUA=uPqAKBCJGEA=kmI/TXpDF0A=UtsDFuklFkA=zC5NJXYfFUA=1P4GJUZLFEA=SJRvbeq7E0A=UKmw46RsE0A=lKqdQGdLE0A=7CJ9eml8E0A=tKLp2tD9E0A=RIDaDn+3FEA=xjbrE4SbFUA=SpVFDA+yFkA=QHCdjKbtF0A=LqGGksUiGUA=kmXV2cJJGkA=yJsI4SZmG0A=+OQkmWRvHEA=nBCVzE1QHUA=RtJH60oVHkA=GvMIsvjCHkA=OqD17ehfH0A=apwwefXIH0A=SgkLajIJIEA=Q8sz5N4ZIEA=IuRAuNgRIEA=Fv1Z3MGzH0A=Uv7pj9vxHkA=bMQ/sKDFHUA=Ioi3TEEXHEA=MGsMiZa9GUA=WtzI+UzQFkA=7PXORgJAE0A=SAcg/ErsDUA=2EpDHnbKA0A=YIpvsTzS8D8=oNZjx/qM4L8=ANcx2iG4AcA=iO0znCX8D8A=yE38OQU6F8A=JHaKi29QHsA=ctm6kC6LIsA=xiAbx3+oJcA=gonYdutdKMA=lk7mLgqTKsA=NoRDe5BMLMA=/pHLk0J1LcA=Dl99vuYJLsA=0i94EAcSLsA=KkpoqJKkLcA=PsYKAY7PLMA=juXSgkmiK8A=wvuMllIwKsA=2olVfwCiKMA=Bi5N/lz7JsA=DgLPlANSJcA=3AWu/km7I8A=2FTVgfFKIsA=gqg4nav8IMA=aK5qoFioH8A=vF2RFcGrHcA=tFKWy2AKHMA=5PWX9+SiGsA=3Pj9TFJ1GcA=CMK0e7F+GMA=1PQkcfGsF8A=UI5crAvrFsA=DOyqpgcuFsA=KAGzA1iDFcA=RHZmds7SFMA=rOFG14cTFMA=RMWBnW4yE8A=dNyDeLNBEsA=mFQFeR4pEcA=MJzbrmW8D8A=cGrPR9awDMA=KEhRx2xpCcA=0KLcMEG0BcA=aIiM8QaVAcA=oHbrzNEa+r8=oMO7NuHH8L8=QJRCRfqu278=ABQLUJGPyT8=wD9Kao0B6z8=0H2qHdOM9z8=cOBty+G5AEA=0JJLhY2GBUA=cOhjDFksCkA=GGrApiCPDkA=6Mb2RQVqEUA=TKit7RKQE0A=Gk3ywd2pFUA=gDVCSeHEF0A=6kZdRar4GUA=Apo1sSFPHEA=sOK8mRq6HkA=PWh9lmCaIEA=Uc+JL2XgIUA=Z0RmwPYnI0A=gYAfoQVaJEA=DmJ/P5dyJUA=fXp7h+hoJkA=9UgzxP8xJ0A=b5heFhy2J0A=k/JLDej0J0A=Pmv2FcLpJ0A=cuVzSCqVJ0A=R6XOGkjqJkA=hb1xjnf/JUA=9dYo6abaJEA=ScKtojKII0A=Y5kMHvsOIkA=IDMEfyWQIEA=nGIOWyxCHkA=QiId1g+eG0A=7gnrswZSGUA=ENr27sqWF0A=BuCNjdaGFkA=SMtGRwQkFkA=4NBjBIB1FkA=xng/Tv2BF0A=rAwyGNRHGUA=olUxbSKSG0A=kqiu6N5CHkA=2/biF5mgIEA=ZvPYXe0yIkA=I9hhWvCyI0A=KinuAwYUJUA=ahFKhStFJkA=FnZdbRc6J0A=Fm5x+qTWJ0A=utKwj2wfKEA=HBJaB5IRKEA=enYJxnatJ0A=mscDQT/1JkA=2ru8gL77JUA=1yCqhDfWJEA=ObyVW1mVI0A=dKVKY6Y+IkA=HN4Rz/TzIEA=blFp3C6UH0A=RsHnwV2PHUA=6mOxk5PeG0A=LIgxN4uwGkA=rJ6S2TINGkA=kriVO6XbGUA=2OdcoCIUGkA=BM4zsQDEGkA=2vPHVCbfG0A=MoAwHzRBHUA=wqMK0O7qHkA=mWq8COtsIEA=nhr/8YOFIUA=QfOzngqlIkA=CHeSKg7PI0A=8nqXe37/JEA=+UbtjQosJkA=OWoCOzc1J0A=tOyCXnMaKEA=mp9lJC7SKEA=3I8Ziu9FKUA=nkVYQ+VZKUA=ue6GvmYZKUA=Fq5Yl61+KEA=tXwkgIKBJ0A=NIjKToskJkA=YcTuwXyCJEA=X/JlIo2uIkA=apkkdfq3IEA=cmfkggthHUA=Nl4M4cxvGUA=iB3RohjAFUA=mBeJSAtZEkA=yEIz9LKbDkA=+BFtmJJ2CUA=KJws2gBZBUA=UKguCC/xAUA=cMQEjFTj/j8=oO3JC7Tl+z8=4EWalynR+j8=EA630MB/+z8=0BpKXItj/j8=6FFDbTfdAUA=4D7s+vnRBUA=UI1jV0HgCkA=hNf84a6jEEA=cHc86oR2FEA=5oh80SjZGEA=dFa3IEGUHUA=jjYody5OIUA=CRb8PEHmI0A=R+6NDR9xJkA=THDBwV3UKEA=Cefas58CK0A=dGErc7PiLEA=8pIgfnVdLkA=eP/oOktmL0A=gDDlxXf+L0A=Sm3HR7sVMEA=fqmaLJbrL0A=jsewfs5JL0A=qVJKMv5cLkA=i2FMUJE3LUA=eCae9KfjK0A=7A543fB6KkA=z22Quj0TKUA=qnB1vhzBJ0A=uJp6sMCFJkA=alcPod15JUA=sAwhoHytJEA=IR2RP2ciJEA=OQk1ukvPI0A=flSNEhK/I0A=6olvx2zsI0A=2zWnE6dJJEA=je/q90vAJEA=KgP0+L9MJUA=c6TW1FvYJUA=luL1AgtWJkA=IENNqWizJkA=qAyq8Pz0JkA=P49mGe4dJ0A=QjAITHUtJ0A=tJnJDMAvJ0A=E8PFCHM8J0A=+YwuJNdnJ0A=xgKrFzC4J0A=CGLFPjJAKEA=VEk2Fs8LKUA=o0OFsCgWKkA=GldaubdHK0A=AMtyc8uULEA=hLJ2kUHkLUA=HGBmDZoZL0A=JpDjuF4HMEA=JJp9hydZMEA=Bl70irJ7MEA=NFf+y0BmMEA=7zoCrqUVMEA=Ibhx7U4jL0A=yAY3aILALUA=yGjVwgMZLEA=Gbb3xn41KkA=dZjxHQc1KEA=mb+TB3wuJkA=+d+Z8+kyJEA=j9OE9uhGIkA=NqtJ/dt8IEA=5pcENO+3HUA=oPTV6hSzGkA=IlLhZS3jF0A=Zs1Tmm1PFUA=AEZ4UJrvEkA=GORnCCCoEEA=QHulaQHzDEA=WO5HeLHmCEA=aLme2e04BUA=MPWb1JXNAUA=ABSBDQZ4/T8=wIGnMBtG+D8=AL/4vtlF9D8=YBO5kTYK8T8=wHeijhwD7j8=gCluPt9b7D8=IKJRgN1E7T8=wJ4aKVPp7z8=wNpcnV6k8j8=kET7Rx7J9j8=gNVU0Lk2/D8=WOhHrSxZAUA=EIY0GCs3BUA=8H6Nb2+xCUA=mESLrZN6DkA=TA25LY+0EUA=VKxkUflEFEA=wE+Mrc3dFkA=YtOVmV5nGUA=GFdHN5vYG0A=HnTdOYNBHkA=siHWfSZNIEA=qLzREY5kIUA=N4jMh+BnIkA=W2KK8PpZI0A=1Lq2nyQ0JEA=v4i9/PDhJEA=7M95mkFiJUA=L4PoAeG5JUA=koUlO+DqJUA=5nDkwK7tJUA=GuKa4jnYJUA=naEU30+6JUA=ZSRQUtulJUA=P8qaGwWfJUA=muUKCH/CJUA=vX8kHysYJkA=uE92A6qhJkA=VM1yMzBRJ0A=LjDaF7QrKEA=azJkJfYfKUA=2ggMHrwTKkA=LoMSi+7sKkA=it4Xe3ejK0A=C76asNckLEA=2occg49XLEA=WkNQ3nE5LEA=XiVUHcLPK0A=IpcmnAsgK0A=el7ZZG0uKkA=r56od9cUKUA=a+G7kvXvJ0A=C4Y05NDYJkA=DPj5cYfWJUA=SelXlKEOJUA=a9dQEXSXJEA=Jn4Q4wBzJEA=qNHqpDqdJEA=NnjET/ofJUA=ot5TNqLzJUA=aLcGHZ8JJ0A=3SHsPUpLKEA=TuSekO6zKUA=rCxLXkYwK0A=4b5njl+qLEA=Su19QjUQLkA=YSbFB/BfL0A=StkL8GBHMEA=s+VE47TGMEA=YvQRsuotMUA=M9vFcD2CMUA=ih94oAfFMUA=2VtTmMTyMUA=t0u4ZMsQMkA=5zdN+JYjMkA=QLSw5ScsMkA=eFHgRSImMkA=48M/PEAVMkA=8Nl4Bcn4MUA=+pO4bifQMUA=3rEVUoyUMUA=nA90Iu1PMUA=pqxGAUcDMUA=6XMXAe6yMEA=BTdYYuNeMEA=DsHVhT8QMEA=vFyW0tGTL0A=ANSodbAZL0A=3KDl8kmlLkA=5cGTMqI4LkA=5snC2O7KLUA=oqdSUrpHLUA=MJr/wVibLEA=XT7x5FXGK0A=kTEEUGy7KkA=q7O4utlvKUA=u4JdRoPlJ0A=0zScDbQmJkA=S8bHHwNDJEA=UP6o1tc7IkA=qOQimFYlIEA=xsWKukY3HEA=/gzE82taGEA=SKhxgz63FEA=9BFPwlV2EUA=kImnXoI5DUA=OOj5DuZ2CEA=+IQIJQFrBEA=YHIJR7EjAUA=4GmyIlQQ/T8=YEcnK1oD+T8=0AoccSxS9T8=kBmf/b8b8j8=4GZdRb5M7j8=wAORdjU96D8=4MB60NyA4T8=gKFnBNKV1j8=gEvM5zx+xz8=AAQxpaXOpT8=AGqn0NCapr8=AGy7phz/ob8=AOtngmhttj8=wIK1Inmo1T8=gNg/RDrU5j8=cFAU3G2n8z8=cOJZSrPj/T8=mBjJakCpBEA=MOuJ3mqtCkA=MGYiU+hgEEA=jNvX5RNQE0A=RviPp2PgFUA=VPBqTC76F0A=EN4fP96MGUA=sE58D/aVGkA=RpUxKsf5GkA=rkSUiKbXGkA=3qRFK0xMGkA=qLhR0VxxGUA=fgLF+XtKGEA=UOAp/KYRF0A=Pkz6girxFUA=gip89t76FEA=KIbVgIM4FEA=KAPamH3fE0A=9Ie5A3QCFEA=wEngHd2lFEA=zh8tY3nBFUA=1soM7QdXF0A=zFlPEldbGUA=NH1rYXGRG0A=cp1WoqTEHUA=hFinAoLCH0A=2RtFBqmyIEA=iVYqhWcyIUA=PAtlVGtLIUA=K8SgVdD4IEA=BAYx/fs+IEA=fA2SVOogHkA=DMPp4REEG0A=zKC6ZBFbF0A=ZPK3lPNIE0A=2KwAPoiqDUA=oLPr8T54BEA=kGvDshps9j8=AGJu3Lzwzz8=gDzkAyRN7b8=8HhvptSCAMA=gNAwTKWVCcA=LJKukIQ7EcA=8AF069OlFcA=kEqwvPnZGcA=yBp/Cby1HcA=eH8yDgmTIMA=wk3HQHEOIsA=EGpA+joyI8A=RCMZEz3yI8A=sj3Z/XhTJMA=PDTME3NbJMA=MF3e0e8PJMA=JKeqNruBI8A=wHGnZ0LaIsA=xFG4Xy4wIsA=KKSRAS6SIcA=kgRRdUQaIcA=jnq7nJnmIMA=zpQaqrf1IMA=uPlZlRg/IcA=7NLrdWnAIcA=nnlQdHJ+IsA=4B/xJnxVI8A=amNhApU5JMA=rkILmsQdJcA=4t2WPun+JcA=6qR9wz3EJsA=GsSXJ19oJ8A=/kGwJ9ftJ8A=Mutqk5FaKMA=eqn9vDOlKMA=lj/nHRXNKMA=VuyOhlvXKMA=QuMjviXJKMA=aoGQduOWKMA=Sj5I5F9AKMA=SnWnrmPNJ8A=JrKfg1tBJ8A=PuB5Kd2XJsA=dsW0+BTWJcA=dpLGOaoRJcA=MPLQF2ZPJMA=FPa4CTqaI8A=CKyvptL8IsA=3nTOuYKPIsA=GiY6Y7xUIsA=ePq66Q9SIsA=Mt1pRKSJIsA=7HaZ79YBI8A=LmLeuFarI8A=FP0HD6h1JMA=ni1XrjxPJcA=gjGgHAMvJsA=Jma3r0PxJsA=EjGlXy2GJ8A=kjM1hQDbJ8A=8gCM8wvlJ8A=7vOkPYyPJ8A=1tZ/lGnVJsA=yq5FNu23JcA=jioPysM7JMA=KlaUmqZZIsA=oj/V5eEZIMA=3A+iM3MiG8A=rL0MP2uQFcA=6H/YTu4VD8A=AAGvsgVqAsA=YNK4QrI45r8=wMzw45pV7T8=KOpOec/8A0A=eGgVfW0SEEA=dss+BUenFUA=/hy+OtO/GkA=fLDoUMs7H0A=HC95MeaHIUA=X4g/tYAKI0A=W7oX8HAuJEA=QULVqJD3JEA=c0F5lFlsJUA=D7XcZSKNJUA=Y/2KLLtyJUA=Soaph+stJUA=4R/HWkbNJEA=H4F6TGRaJEA=f67rvDnsI0A=njDu9b+RI0A=RmQLvH1PI0A=eXDfOMElI0A=XMYf7oQiI0A=kHY0iDpJI0A=EnwnqfuTI0A=iiQrJl8CJEA=FBig3WGWJEA=CZLptAdSJUA=G+ewdSEpJkA=jjxkiMoYJ0A=aYCMqP0iKEA=zZcSsto+KUA=+LM/Cl9aKkA=OvfSC191K0A=X4xDafiELEA=IihxyEt9LUA=lFfm0KtQLkA=mGW+KPcCL0A=n7hRH1eQL0A=qNa36OD7L0A=YJCFnT0eMEA=AX4bXW8yMEA=M/uG+nQ9MEA=wyyq78Q9MEA=w/U804IwMEA=JRzjbJQZMEA=UNuJwXPtL0A=EBVTaGCAL0A=xyuX+5XcLkA=85t8XF0FLkA=NqCcMDfxLEA=UGxbs+6MK0A=1DNVYd3dKUA=3LorUAbrJ0A=vBelMeC+JUA=2FOGFOBXI0A=x72gjOXLIEA=wvXwHmtwHEA=ru1+cRFpF0A=SL+o5VGZEkA=gFpsZwqSDEA=kI506qpuBUA=AJG5JQ0LAEA=4LHgrePd+D8=QKXHLai/9T8=EOsedhXP9j8=IJAYQcal+z8=aLccS4WeAUA=qDokrIyfBkA=2DOgIktjDEA=aJEPWNIwEUA=YJXYrYMEFEA=Yuy0souTFkA=NqlOSoS3GEA=CCzAeM5EGkA=mt+gb4goG0A=2sbGQ8KBG0A=ghRrE/RLG0A=nL9tsACGGkA=KgU0W3xQGUA=lGpDeMHWF0A=6lZCaI4ZFkA=LHjJKdkjFEA=sJLyl84dEkA=/DTlgw0dEEA=oEpbWDd4DEA=SIcc0tTlCEA=8AKogkzXBUA=4BRtvA5wA0A=aFC12Y7NAUA=AALw66y7AEA=iBRrTWKJAEA=QDR9kngoAUA=cPp3x2pwAkA=uIzd1lwnBEA=sMgs9XFpBkA=aFLodx8LCUA=oNdRwwHWC0A=KJ6z2oShDkA=+PNuO5LMEEA=MK02pjdfEkA=VOamvhAIFEA=RLTxBuvOFUA=rFcXq17YF0A=COqHqaouGkA=yCe6fn/HHEA=fK2aCoy2H0A=Qr1B8jyCIUA=RM9BsiRRI0A=quRqe0AxJUA=TXMgxeIYJ0A=+p6vKbgBKUA=oPEz07jWKkA=EFb97TR+LEA=QM2b1lP3LUA=SN9qH9M6L0A=gXO8cwQiMEA=bTKrJQSHMEA=eNgL0XDaMEA=HDb4newhMUA=8zmxpwFmMUA=lKT2kXqtMUA=vu4jqnIGMkA=tiamcl10MkA=I4hmlf/2MkA=JmaAEQqLM0A=cLfKid4vNEA=Dt0O8N3WNEA=Tpcj3u1xNUA=PLqGg/3xNUA=F2qvPQhNNkA=1POuTOJ3NkA=gI1hIx1mNkA=uim1QZwZNkA=8NFv9MKUNUA=zHUqDRTjNEA=tO776xkHNEA=erBlsy8XM0A=4inu0IolMkA=RTWYIf9BMUA=SmzbzJ5zMEA=Je9w8ZiWL0A=OutOBSqaLkA=NJmNZ1zuLUA=6XxIFISFLUA=TE6UQxBULUA=Lu74zhdCLUA=VAGwMQc5LUA=rovVZk0YLUA=nfD0U9PTLEA=hHjvdAZXLEA=vnBbm2eUK0A=nJvgRyd/KkA=HLqQ2dMjKUA=+i6D4iqKJ0A=CRvLTgmzJUA=qfxZXhGoI0A=JzGP8UR6IUA=EH+n45FvHkA=JMbdZwjEGUA=jjR88QkCFUA=LHZYa9ZBEEA=IFs+Ep4NB0A=sFBPyfEa+z8=IKZqXa/l4D8=wEcoBhPc478=UN6ugfyv+78=6N901vF7BsA=8FIIiduoDsA=HJ+Y3kolE8A=1BFwc4umFsA=bIaKLZXdGcA=UMNIPfKpHMA=FArWcr4BH8A=wl8lmVJsIMA=PJL3wzobIcA=6nI2Nqd+IcA=loCDIAqKIcA=YuH6xFxHIcA=Gq3xFwm0IMA=1MbJgXqRH8A=pKChdIsHHcA=RAygX1b0GcA=8C9ForpqFsA=cFkn0px0EsA=sDEXPZ5QDMA=aD52thV7A8A=MIW/vuUc9b8=gOPOb4VQyr8=YAz0bE9O7D8=EAWJPsi7/j8=CH4l6FlJB0A=8FQD/YrfDkA=nIcERAEbE0A=oCp/+AeZFkA=YKw2SoUKGkA=SIZRAHV4HUA=6qR4mzxyIEA=rIbEZioaIkA=0HcYLjq8I0A=EmyiVBdbJUA=fgvjzxHpJkA=n3s684FYKEA=iUKCE+mwKUA=BxpQxx3vKkA=EDqRZcwPLEA=RLmy9YsNLUA=xQQNNkb0LUA=GAad4/DKLkA=IEuvujGQL0A=MD9ms2omMEA=Cc8VBiaFMEA=9auEb6PpMEA=43J0WX5PMUA=jl98dQC7MUA=b9n9Jg4xMkA=95N4MYCwMkA=hpc7NqkxM0A=LllOzni2M0A=2LVd6Ng9NEA=LJ+QLgLDNEA=5f1/buk6NUA=y4GKC7WoNUA=H9yS4/EMNkA=1y8RYbBkNkA=DMKDdXqrNkA=AVxHSCnpNkA=+KYzCtwfN0A=30yjHatNN0A=jNEp1XVwN0A=7Tih/y2PN0A=tvtxmqSmN0A=028k3wyxN0A=VsEPIhirN0A=EogbT2+TN0A=smRgF5NoN0A=wCT14wwiN0A=yCxWCcTANkA=EK/LYQtJNkA=HxWkr8C7NUA=mzHLdWYYNUA=QdZyPcxnNEA=f78UojCzM0A=kRV3b2v/MkA=CgQf7TdMMkA=fPKySiijMUA=snKx4p4JMUA=wvNQnj2BMEA=ifCa/JQFMEA=sLC7A7s9L0A=sAIEQiWWLkA=sDwmaY4SLkA=ZmaXnTKsLUA=nrocdCloLUA=so6Wq3xELUA=PL7y7ok7LUA=6psS0HtILUA=3n2xN9FuLUA=6NIqI+OsLUA=SsXbvE73LUA=FoUwdxNELkA=wq0QLJCXLkA=wy6GuJLgLkA=dp8JTO0JL0A=uF4ePnkFL0A=jvolAPPGLkA=KqJxNbc+LkA=xAd/CQlSLUA=hMfXicH/K0A=DWKWNzpGKkA=AfyGcJYuKEA=aC1e9iO6JUA=F687Z2MQI0A=SbrfAQZLIEA=BEmp6PkcG0A=4q7NHL3sFUA=7EIcV0JbEUA=OPcvUWZKC0A=8GhCp/rkBUA=ICYKYt+hAkA=MARORr+iAUA=0GrBPtzBAkA=yLmkJ/mzBUA=sOqXLR3lCUA=GKsFaQkXD0A=jNQecvBbEkA=vH8+PdwmFUA=/nmu0+K3F0A=EHad1871GUA=+H7AmirTG0A=VB06zCYzHUA=JJ/tiOkgHkA=MjviAU6yHkA=kpFoNN/yHkA=vN7Z/zXdHkA=9lHKRkeUHkA=LDinq0AfHkA=fs091JuLHUA=RlR5+07JHEA=lj2xENnoG0A=hOoTxxrvGkA=PkVS+k/eGUA=CB+sEZiiGEA=ho/2gGdPF0A=vh+Ew8LxFUA=NK2STrSYFEA=HM+E3ZwvE0A=9D7o7iboEUA=PMBMBRvIEEA=sGSYJ2qhD0A=gPC8WY78DUA=QAQ/KMLaDEA=qGyGqFArDEA=wJ5ZxJ6rC0A=ICjxtcE9C0A=YAMjBgbZCkA=6IgBFC9bCkA=QMaFViRlCUA=CBq9rjnsB0A=iBQei+34BUA=QCtgZ2N+A0A=aKXQObdkAEA=QJbh5izH+T8=IJQBcbla8j8=4KCt9jrg5T8=AJsl3ehyzT8=APULsERMxb8=gH30khCY3r8=4AFtYCav5b8=4N+yVsB86b8=QGOJY67J6b8=wO6S0PQ+578=oHW8CvDU4r8=gP8Rd7i33L8=ABTZ7EXN078=AFDTZ5ypyr8=gPZqcX13xr8=AJE50h69zr8=AGEFszjK178=QG0GIx+P4b8=gOKyrFkz6L8=gInC3Ne87r8=sAWJOG6D8b8=gC1IK20J8r8=gId0oDP88L8=YCktjBEN7L8=wHoTMZEp4r8=gJVC8lKJxL8=AH2Jm9Wg0T8=oDzLwVNo5j8=kBC+3soK8T8=wEN2KuhI9T8=kOf9Zq3O9j8=EDcIwkex9T8=4HXoWeHW8T8=wJ45km6J5j8=AL0oNgLVuz8=oLfD10Vu478=AH6/8kXI9r8=0KS71aeeAsA=2ODTnn2VCsA=2EARmNRwEcA=JLKyqYu8FcA=FBshDaUtGsA=dELu4s7AHsA=6EqpuvuhIcA=qBTiOc3NI8A=ug5AC/bfJcA=DrBqM8vDJ8A=3i/mX+xhKcA=Ukbc6SauKsA=dsuq0kioK8A=XlI8Tl9DLMA=2o1qrHV8LMA=utXvHTFSLMA=7oaLv97dK8A=9ku0q90dK8A=DjJK+msbKsA=iqquR9rpKMA=YqmHtXymJ8A=6vzhpJRLJsA=ev1IgJDpJMA=tmx36EqFI8A=puertnwwIsA=vJS8gq/bIMA=JAGAQrkVH8A=oEAfnXJvHMA=PHIuLunRGcA=xDy8dyUfF8A=IA8mpP1WFMA=iGb+SZSOEcA=yGVQW6a4DcA=eMiayjiICMA=OCdSbQ7CA8A=0A8/Ycp5/78=0K66UbAS+b8=gHw/MNZk9L8=cPro1HCQ8b8=gPW8SRTG8L8=QA+stHue8b8=YIJC5ijH878=QFTnzRPm9r8=cAt/YYIm+78=INZJSLyz/78=oP693k9LAsA=uGoE7tG5BMA=CIqdyMg9B8A=UBxmeeaOCcA=0LA691SFC8A=+GhOBQAFDcA=WOOa0KD2DcA=iNl9HWf8DcA=8K+EZULoDMA=WP8DdEWMCsA=4Ia2TtjpBsA=kA6B/zrsAcA=sNQg9kZ4978=4KDUWMFU4r8=AA3Ctd302D8=gEIGKt3s9T8=IEDoKxqXAkA=kGusBA9sCUA=eNlOH8YpD0A=VGnI5SHaEUA=7N/Fo7l+E0A=1NT7Kc52FEA=tALaB9jqFEA=cCpe9QX/FEA=KOsHagvkFEA=cGd3ZxCdFEA=OOmW+0hnFEA=XG7WA2JNFEA=RPsqatFUFEA=0GaALCphFEA=lCeee1NxFEA=zJu0UatiFEA=2OalJkcbFEA=WJT1srJpE0A=1I/EQr5NEkA=nFtnCpm7EEA=UPUe64xTDUA=OGyR8VYuCEA=EDencipQAkA=0P+7y7/t9z8=YMIbszNF5T8=gK21gbmpxr8=YCxJRZ6u778=MH4YCOwa/L8=2Fq0/pvzA8A=6MH3ma+SCcA=UBIS9RMBD8A=GKPG8HRAEsA=QCQWzsA3FcA=1L0UCcOGGMA=JJMAPew+HMA=WrLk5lo1IMA=xsLTZ6KWIsA=BspWDAYyJcA=dqorJdH3J8A=xtm4yxbYKsA=hpCDUnzELcA=GS6IsRNRMMA=d6yDBuaxMcA=bX6E8Yf9MsA=IZG5ifY1NMA=veW/GN1XNcA=I4grMzZkNsA=QRLgUfxgN8A=Z82/tDRTOMA=OUpVUDo6OcA=UZvw3fQUOsA=1fzsdhTkOsA=0+YjVMijO8A=kb76bDNKPMA=EXSpt03PPMA=TeoLEiU0PcA=n9MyidhyPcA=u/LBJ+yEPcA=V95h7s1rPcA=S+OV+QY0PcA=+4d+K63gPMA=pePjjpN6PMA=5YA5RAIMPMA=tVgvNWKnO8A=t8JeTkBOO8A=4fMXcuwGO8A=rSK5GMvSOsA=B+bQg6y2OsA=D2kjqjamOsA=jTXqXUqbOsA=nbhHh5uOOsA=/dgf+mJ7OsA=52qtCFJROsA=URYsyNcIOsA=YQfztzOiOcA=kYAP1DodOcA=7VzESrVwOMA=tzC2pjeiN8A=2fTgK7u3NsA=S6rBQU+0NcA=fxtZhYebNMA=JaPBDnFwM8A=79CM+h09MsA=Yb4YHOEDMcA=gvaxK0+KL8A=LtKPj9QSLcA=Cv2ijEK3KsA=XuTltil7KMA=ms9smmtqJsA=NJZDXG+UJMA=boN6Up8TI8A=xnftokXgIcA=IKRa6Jr8IMA=MBJxg7JkIMA=0kToXpgOIMA=aAq9XHqoH8A=JKkokO44H8A=5IC0vPyUHsA=8KzWZSp5HcA=oC2qU0iWG8A=nHqaZZCxGMA=FJPZtMSlFMA=KAPeybC9DsA=oGyjLAVvAcA=ADoeQOXZxr8=aEk3g2YAAUA=/PtxyGfTEkA=hkR4A3QUHkA=5bJmnSH9JEA=5R2nLWQQK0A=Jvn8NaaPMEA=7OMf7th/M0A=L1disb1BNkA=80HBx5W4OEA=OJrxJanaOkA=1B5nX6eZPEA=4p92bZ7tPUA=ltcFnx/LPkA=BJqtMlw3P0A=3tNistk5P0A=Sn26zTzXPkA=tNlKJVcTPkA=XxbqP6QAPUA=pjVCc2KqO0A=aiye1iwZOkA=ZlWAq3lYOEA=LFa22Q92NkA=+sjla4x4NEA=dGs7wwlmMkA=/rGbTA1FMEA=MkQ5yH4/LEA=ihecfgb4J0A=/tCNbWmzI0A=LmoHaBv5HkA=0tMHgKjKFkA=aJtJJ9LmDUA=IGIOpxeT/T8=AGfOnuAtsz8=QHE8bIYY+b8=yACxRGecCMA=JD58k27fEcA=SNPin4riFsA=0DsTziNfG8A=vMRD9DJjH8A=7vZt0v2DIcA=qq15n0clI8A=jG35/2mbJMA=OjPy3u/mJcA=ahXanE4TJ8A=Ovps7vgTKMA=8lDr2rbjKMA=PhwpfRmFKcA=8nKJEDj3KcA=4q9f7uIpKsA=7u+NpYQbKsA=TuNO9APSKcA=VhuTYjtOKcA=Lmu6XgyKKMA=GnXSXTmGJ8A=6oPqmVpSJsA=4rBh59fzJMA=yv+VX0ltI8A=OIYPCaDHIcA=bsXo/xEVIMA=QBbDPCK2HMA=UEod4B02GcA=EMpAB52yFcA=ADDtrqxFEsA=8Po0gDS8DcA=cOyL/NzRBsA=cIsOUe5k/78=QDstw2ul8L8=ADw3I+cWpb8=MBs9py7j8D8=oG/bOtYdAkA=MPr1X+O9DEA=gDgmIytBFEA=qgvmRMa8GkA=LLNn6TTfIEA=00xfodiSJEA=UpQjTs15KEA=ggcG7f+HLEA=SBA9nLtQMEA=FhwYQPBaMkA=15FfZFdfNEA=JVmuvblYNkA=sS6thy47OEA=Hl/kpngEOkA=PJn0RwyzO0A=LRyOI5JGPUA=ggiLN9O1PkA=llpf/KEAQEA=rdb49deVQEA=tN3g79saQUA=KuwaQCOMQUA=brCMqsfuQUA=eR3G6PtFQkA=0mmLCkGVQkA=aXR3wjjeQkA=yOHYU1QpQ0A=hiqpbzt8Q0A=KA27hBvaQ0A=eugrbjNCREA=zgqh9K+4REA=eNRdHys7RUA=+KBpCvPERUA=WodD9zlNRkA=Qt4DVSjPRkA=YFU8KFdAR0A=UHGjz8WVR0A=ABdjCMDGR0A=9DE6Km3OR0A=qyVwXvOmR0A=WCFTcYJLR0A=QKtYy5G8RkA=XvlcdPX/RUA=poPso08aRUA=WCMehX8RREA=iV+E4YrxQkA=qZGsPmfFQUA=DjeNtGCWQEA=XzqPBHPWPkA=pvcc0zKfPEA=0I0vBFGUOkA=TATpLN+5OEA=tXVfUhINN0A=THZRyXCTNUA=p1OJLH9GNEA=+AEG8a8cM0A=UOdzYVMIMkA=bT+9qNMFMUA=A1SN9tgKMEA=Kiww5LAeLkA=NjTfqE0bLEA=E2GglGcTKkA=cqqJ9X4DKEA=wW+e4UrvJUA=U6+VQSPYI0A=DQhlVs/QIUA=4Dtkl5jDH0A=3qHeNHcEHEA=HorJaGSLGEA=TDbuWSpnFUA=OPPMO/WjEkA=0P+zTwlIEEA=GALu54T3DEA=yJ6CooWlCkA=QORJxVvmCUA=gEZ99YCLCkA=iCvKZU7NDEA=LKQjNyVFEEA=YF2GdpHDEkA=YsPsD7SqFUA=3rI9ptXXGEA=ILnk3bUAHEA=IF1NBA7yHkA=zZ7zQfG1IEA=xme2Ry2tIUA=67RJq1hQIkA=4v4YBUSVIkA=Lql+rYV0IkA=il84DIj+IUA=tmIUak04IUA=ZihYPfMmIEA=osojGXazHUA=1tgjccXIGkA=HKgVHjC2F0A=1HWZsg6LFEA=sBPqTnd4EUA=yJ9txF5uDUA=wLmIjRfmCEA=aOW2/px8BUA=0Nxw+viQA0A=CHG5KWJlA0A=uLDWb/sNBUA=OOHNNSpdCEA=cDRk5dplDUA=nJS1dwTrEUA=KMIpC9W/FUA=+lV/+UjmGUA=Sqwv19ZWHkA=JNBawQJwIUA=0wHCpOCtI0A=pNImTNTRJUA=+DYll+/bJ0A=HENvQXTJKUA=xr0/nzmUK0A=ho+m7Rw7LUA=KoHK8BDHLkA=U9IBMnUaMEA=yEtN7oS+MEA=1mo4gG9OMUA=qv1hX5LGMUA=lPkzYu0oMkA=zq4W2aJqMkA=HZ+9f3mMMkA=E/TIDdyPMkA=HHUoLKZ4MkA=ZmKHJT5FMkA=zIuW667/MUA=rBnAPT+tMUA=dFhmmOJXMUA=Sr5KCNX+MEA=9xedBDWuMEA=LKxGdbhrMEA=XKfcQsk5MEA=cpgfOcQSMEA=Jr7CQ5n6L0A=8xuBSuLrL0A=ODYnwi3tL0A=KbdPEgPpL0A=as4/FEHbL0A=pCerHCW2L0A=XnXG1fplL0A=7iQRXwHcLkA=3I+t44UWLkA=1jhMIfYYLUA=wMkt6D7cK0A=WIWo4PZpKkA=aZ405cjXKEA=DBrbyGswJ0A=nhJZA/h4JUA=MADnEzfBI0A=gtmdHE0QIkA=733lXydqIEA=ShgHrkRwHUA=ALIdiiUCGkA=MAVKxCCCFkA=INOKXGzXEkA=iALDWtjQDUA=YGsIUQeSBUA=gKo6wsEO+j8=QH/zSukj4T8=4DLU8ZGB4r8=IOlyzzCV+r8=yD6EtUN8BcA=qCSW5UUiDcA=HMmjG+QUEsA=VL3VwD4nFcA=VDZ6jxrAF8A=SLeQy/30GcA=ENdzy13NG8A=JFw0sAM+HcA=CC9BFeRTHsA=3FaEE/4pH8A=8HCW2y/EH8A=up7tI5APIMA=+L3rMn8gIMA=3P2RxossIMA=gpCy97EzIMA=kPpYL5s5IMA=jDtVUhRIIMA=wBspDkN7IMA=1l6AvCjJIMA=dCZoS2s3IcA=UrcNnEbGIcA=Js1Txfx/IsA=flWUBFVJI8A=WkaLbMQVJMA=aL8TnevVJMA=ckMdGyx5JcA=Ek6eLt7hJcA=uoRO5WD7JcA=XlygEG++JcA=KCDcoRklJcA=dsiLb6AeJMA=8k20zpayIsA=TAB0STr2IMA=iBffF5f1HcA=cDQq2PGZGcA=WCVw9V0QFcA=GBQ+ZQyuEMA=+EasXH02CcA=kLIssU/5AcA=AG9ToN0E+L8=QNfN4ue37r8=oOkaxqvo478=gItompJ93r8=wP3D2rb/378=gPkX2VWR5b8=wCcvyarI7b8=EO1/8CGH878=UONq4GTA978=IGd5u10M+78=wIycwKNC/L8=gGtx4TvM+r8=MABq4iF79r8=oNRN5q/17r8=ALmIvNqb1b8=gDCex4b73D8=wHra5ea89T8=4LsLF6WZAkA=UE9rfcuoCkA=IEbKX0xTEUA=oDYKh0ESFUA=OgD1udRcGEA=wFKc4sArG0A=4P11+ndmHUA=lHK9uC7sHkA=uCVGzJvGH0A=1omUO2cAIEA=nu6JH4OrH0A=YNgK3lrJHkA=lH1whJ+HHUA=VkdVKDILHEA=SsgMfzdxGkA=4Hd6TlfNGEA=1CXyWmNQF0A=MEYucTwdFkA=YCGxpDRBFUA=qEL5h/PFFEA=6JdAnOrHFEA=qtFXGv9NFUA=Doc6MrJWFkA=9AviKJvJF0A=4JXP/IG1GUA=roUGZykEHEA=ClyNtYqZHkA=8afcvmCkIEA=A53ntkf7IUA=4FokZKg3I0A=QdT4MR82JEA=ODx6nnLWJEA=wsmcSET+JEA=e0ZuJKqOJEA=SaTwSaZrI0A=wsSgU1KHIUA=LiQ3cdW2HUA=gnKp05XhFkA=QD8pM+cpDUA=oIgf1H8Z9D8=EKx32ZHu9b8=oDPpZ+OYEMA=pKiszDQZHMA=jhHD743DI8A=XrEEfdFBKcA=wl7QZ7JZLsA=vffTwsV9McA=45ow4cqAM8A=SQYSswIzNcA=LXcd1T+TNsA=mdrjbQCvN8A=18heXGiKOMA=HXL9nfUyOcA=xVuPmMy4OcA=hQ+/7tIrOsA=Gd/K4ziTOsA=CfhugWH4OsA=uWbMJYZhO8A=9xHfHS7UO8A=1eKRrxVLPMA=CUALWBrEPMA=9ySwUJBEPcA=8WxZfjzIPcA=H0NMO8xIPsA=86AKeNfEPsA=6bg2ajFBP8A=jwCpZXm1P8A=Csp2lLIOQMA=QnimJaI6QMA=/psXBJFgQMA=zoD6y2B6QMA=BurVIyCGQMA=nvLpROiBQMA=8rSUSY5wQMA=4qRMutpOQMA=QPdsZRAeQMA=G0VyxITDP8A=U+8xc6g/P8A=Wf73GtKvPsA=4QFB9xUePsA=E0PhW1mVPcA=KTG9crkfPcA=lYssNOu8PMA=k4GxZ6JvPMA=ocN8jzU9PMA=t38mJjAlPMA=mV+r18wgPMA=zcETLD4qPMA=o+Qj3MtDPMA=y4Q/MCxlPMA=B7Hp2HWEPMA=yagkSMCaPMA=O5QVoDOtPMA=D/R29fetPMA=q86dmLGcPMA=ax8Bhld4PMA=cecAm5xIPMA=8bTEidQIPMA=zSbKFeu8O8A=zU9eyrVoO8A=B/qtppUSO8A=YYSNsLWzOsA=hTARcBpLOsA=8c6ljMrUOcA=g8WxM6xKOcA=zVUd/imeOMA=Qebkd6bGN8A=S4cMbKW+NsA=jwu2cat+NcA=N8BeltD8M8A=xbAzah03MsA=7zIt4ho4MMA=xuXLOlcKLMA=4lie/VhMJ8A=APe+AutWIsA=8CLEL06+GsA=9NY5lq/+EMA=EHccNcnW/r8=AGauakNmzD8=cIqbMaD7AEA=qEBPh5QzDkA=YDGgAyKvFEA=+FwuvQ5JGUA=xFL/LLzrHEA=wCj2cPfkH0A=asZEX7gsIUA=SY8yyh80IkA=L1Sp7cgNI0A=iHbNFPzLI0A=T+HyfzttJEA=RTL7Je7eJEA=4GEEy2IMJUA=OSTG8KjzJEA=r756aZF8JEA=TLsqqRGaI0A=AoXi0iBDIkA=tF9YEfd/IEA=uEncwUbBHEA=MPXj72/TF0A=/IefG9JlEkA=KHMN66RdCUA=gN5rgX5z+z8=wD/kdsuF0D8=0AUCx+Vz8r8=CDGnfxzoA8A=4Bo3FBjgDcA=mLDik7eiE8A=OIAU94j/F8A=mJPz5YATHMA=0Ac6TIb6H8A=ToVxrIrrIcA=ilWv2W3XI8A=0iVJB+PUJcA=3ox/WPfxJ8A=akJPnI5IKsA=yottyK7RLMA=MkzTEvqNL8A=U8c9KWE/McA=I8IvtIrNMsA=oUvxPx1mNMA=4XiKqFb9NcA=QbaGTNaKN8A=SQjJwJYEOcA=DWtmaEJeOsA=k+A8wDiSO8A=b5jLzgKfPMA=YzkRzcKEPcA=R566emVCPsA=nxxNigbcPsA=fY4STKZcP8A=u3vDDrXBP8A=cjBisxkFQMA=chaU4ngbQMA=KBBElzUlQMA=yPhM85IeQMA=dsP49T8EQMA=p/NIM2CpP8A=GYBWifUhP8A=Y8Ot2yZqPsA=b+/IIvmFPcA=AXYjIX14PMA=460daKNIO8A=M67hjCz3OcA=Q5H7vtOJOMA=q2CYuysDN8A=oWRenfFqNcA=yUhRoay8M8A=yVZVxBT1McA=P4dK6/sWMMA=qnwDKso+LMA=9v/4uZ8NKMA=qrbXQxiQI8A=ELK5lLalHcA=fOFoYMSoE8A=YOCvGS1PAsA=AEUY26qH3D8=ADBB4UvyCUA=7A5YkU1UGEA=liUA1vDlIUA=BpbQio2lJ0A=Q3SlqJNQLUA=i4fYihJ0MUA=WN7FJpI3NEA=lO6+HqfxNkA=GpNjus6dOUA=C5WGGls/PEA=wYs40zvYPkA=OljLVomzQEA=xDMQ4Z/wQUA=AsrretQlQ0A=Ykr4jc1PREA=NF53T5NrRUA=Rf6yvWd0RkA=IpGy959qR0A=cHLh569KSEA=QkFukXIPSUA=bRtr5Oe0SUA=V7IXcSs7SkA=4lc/qLWfSkA=cmgM2vbbSkA=PMq8TrTwSkA=hJi+rS7fSkA=yOGY9sWnSkA=7sNMTJJJSkA=iCsX+0TLSUA=W0bQBG0xSUA=9l1SCFuBSEA=R1TSsqK8R0A=7mi3t/DsRkA=eJGVyp4XRkA=NG+jpx9BRUA=4Cna5HRpREA=2KYcPdeWQ0A=OJQEH9XKQkA=mk7l928FQkA=g0qsKptEQUA=ds1AIEyKQEA=iiqoDG2sP0A=LQO1PO5KPkA=GjEVz//qPEA=8g3Bq4eRO0A=iMVKdvc8OkA=CUdgG9jnOEA=gq8GljqQN0A=WbrLgYo3NkA=+BPv8hzbNEA=7FPivoxzM0A=dFOETyEEMkA=NncgQNGNMEA=ULI0kKslLkA=ivJn/PsjK0A=2sqG+1QqKEA=c1Dm/VRGJUA=otKPEO2OIkA=tpSC4yv4H0A=ZtsAeb5IG0A=Grh2EB4cF0A=+IU5FrFoE0A=3AUJRXYFEEA=gE4xwdnrCUA=yBr0kRouBEA=UJLn6xbr/D8=UBucEojz8D8=AKDS3rq40T8=QMdY0B+O4b8=kEphhSz/9r8=UDm/1L78AsA=aOWE66R/CsA=3DfprcrkEMA=oKbkC99bFMA=yMyYQqF5F8A=9AsdzFoZGsA=uGOBAdIjHMA=LKsRLYSoHcA=GNGiJUSZHsA=KLSuULr7HsA=7COmlQLaHsA=jP3bgJ1pHsA=8JaR99KmHcA=7JNJNDGwHMA=BNLfoR6QG8A=YMVNOWloGsA=7AvdFHIeGcA=TP5a4IayF8A=3JerY98KFsA=fIHoAhorFMA=/PejDkbgEcA=SFCnS7o2DsA=KDi9E2KFB8A=sOC/2xZe/78=IGAPVKT56b8=oKtbpLc54D8=0Fsle2qf/z8=SAPv5c+zDEA=NLRyreJfFUA=yHFkfGrvHEA=LMkPSO93IkA=OKaKg7myJkA=euuEXnIpK0A=8O2t/nXiL0A=ZgRWNypmMkA=IJMiH/X2NEA=7usWmHKhN0A=5+F2GQViOkA=3FHGrRsqPUA=rjzKe3P1P0A=t1EvwEZcQUA=O/TyJfeyQkA=zBeDUBr0Q0A=cpHvYU4cRUA=kHSiNdwlRkA=u/AjWEoLR0A=V6y8hqfGR0A=wDaOoUNaSEA=5ArCQ13GSEA=sgUcY0wNSUA=AGEjTcwwSUA=JbWmpy05SUA=NtW3uH4tSUA=Htx9BZ0RSUA=mpcu21rsSEA=TOwIx7rESEA=SzdBTDygSEA=n33Vm6F+SEA=MOXrfTliSEA=2sl8NN1MSEA=qUszwxY9SEA=eqS1+P0rSEA=cgF36ToXSEA=RNTC/LP6R0A=/D6bEY/TR0A=qnj6ntiZR0A=wmdC6ntOR0A=dIhhdijvRkA=/kSx+nB8RkA=ACD/XX31RUA=slJZUTJeRUA=DvEinZy6REA=0jZ6MbwNREA=9IpG59VZQ0A=bqT591ujQkA=U8dpKSbuQUA=Oey/gDo6QUA=rpCzGs2FQEA=ywYlRrGlP0A=rmaexwpAPkA=FcGsGyPPPEA=7grHY7hPO0A=MppM4zLBOUA=o4FLcJEiOEA=z9kVE/VuNkA=dFMZzmeuNEA=T/C8IjLrMkA=+E16MwoyMUA=PNPamAkML0A=1k2B+X3uK0A=+9LMxxkpKUA=VewefNDNJkA=LaDHbRnbJEA=K0oWfP5iI0A=l3a7ToBmIkA=bU44wqDgIUA=zMKp+IW2IUA=FRHS6HXpIUA=G6Nvbc5nIkA=jyYzaWAdI0A=PFWRyrXvI0A=djvtwMPgJEA=vl8vl7DiJUA=UtIKK9XiJkA=rXbADhbSJ0A=MH8mpw28KEA=H1VbJqOdKUA=ClYBL6JvKkA=DIdPjUo0K0A=whixrXvzK0A=rihz7GewLEA=o0dm50djLUA=XF1PoXcRLkA=SBZsn6m/LkA=vIUImHFlL0A=rqwYZGH6L0A=Ij8+Wx1EMEA=mukd6OSGMEA=NmdXGubEMEA=nEyluvL8MEA=fivBQy43MUA=hKjLXB15MUA=7YC8d1bGMUA=uQoHPlodMkA=errsQruGMkA=O19F8T0CM0A=T5T3m6GJM0A=tTBWCCEXNEA=qYWdaVinNEA=SHCpj2YwNUA=k7TxFESlNUA=9+MpRiD9NUA=7etSrdg1NkA=Vq+nxntKNkA=c22eeXQ1NkA=vt3ZTzL4NUA=wDH0ZE+ZNUA=gIJUN4kcNUA=auR3UgV/NEA=45l8h5vJM0A=fnzxD+n8MkA=k1x7b6cZMkA=KGM1v9saMUA=+CdKN7kIMEA=elMI//PILUA=4G2ZplpoK0A=CWSKvzzzKEA=UVhhSvWLJkA=0YnIBz9KJEA=9gWDE8BLIkA=6V2BJgycIEA=dD8IccLFHkA=PF4aLGxiHUA=PiehbYYcHUA=xDB8YHvvHUA=XGqjHpXiH0A=YETknnRrIUA=a3mNB6hLI0A=K1NgBp1wJUA=DpXcq9K/J0A=O4QQu1wRKkA=LJDsyxI3LEA=mv0ty7wOLkA=RnlPXHV2L0A=+Pe98MsoMEA=cpnm3NI9MEA=uRyhYhDuL0A=RF1/pDmoLkA=Qy23i0WzLEA=09vd0IEYKkA=wcCPLbP5JkA=9dRQXMh9I0A=JN603LaaH0A=tqpI6UQYGEA=tIF4+/DOEEA=cPHCjgUJBEA=IB7GoYsr7z8=wCtud85f2b8=0JynKLJd+b8=6PBqrGfyBMA=SEvNtoBQDMA=iLAqUyatEcA=xCoenfcrFcA=8F39xlTOGMA=4ONE2sTXHMA=KFcXxz2vIMA=Ug/vl5wrI8A=ov5aTSXnJcA=huBdO2rfKMA=zvaABEAHLMA=JsMBEDdIL8A=uSbZNytJMcA=4xjXlmvwMsA=ZQrIWPGPNMA=8dK8++0dNsA=p7YCJzqRN8A=6f1hIZjrOMA=oYbGX9IgOsA=myx1eEYoO8A=ccXmSET8O8A=71Ic3eGfPMA=NdGosgcNPcA=t0VHwPE/PcA=c8Dj6Wc8PcA=Qd5AWzgNPcA=qy0s2GKzPMA=GYHwCw45PMA=ExgDoY6nO8A=xT4s0b0NO8A=5/OXzoVwOsA=8ZFGnzzaOcA=Jcs2GelWOcA=1WF6F63tOMA=0Ys2sEOhOMA=VZNnl+1yOMA=/5bwRC1pOMA=3ZtHIXh/OMA=N4fDqEmvOMA=02HoEJXzOMA=SwXX3TtJOcA=rb1aksanOcA=p6nbWSgFOsA=QQmy1MpZOsA=qTbVkUaqOsA=QcmHWsPtOsA=v1bQrCkkO8A=Xczdjm9MO8A=weZiiEVvO8A=GUDfUnaGO8A=J7AJJp6OO8A=D8JulWmHO8A=8epaV7FwO8A=gZN0NOs4O8A=7ZR2kY3ZOsA=c8KJnzJLOsA=HaXnUV6IOcA=3YjTVeqFOMA=E/ALIGdEN8A=63SYRZPLNcA=F1nZHEIlNMA=mZhPQQ5aMsA=B71SKUF7MMA=ttys1Ms+LcA=Lvmoo7msKcA=nuRl5MxUJsA=IgoJZ2lMI8A=omBhiiKwIMA=COmQFEHrHMA=oAMNSJEnGcA=mCbVJGf8FcA=/GEGtotWE8A=gDyIuGTxEMA=4Mjf5Ns9DcA=+EltN+VjCMA=QPRdLhVAA8A=kPBqu2Ke+r8=4Mn40ckY6r8=AE6Xin3owD8=0DRzW62f8j8=sEwNsPkhAkA=eOG6QzgzC0A=qDsj8UMFEkA=4mu+XQoUFkA=rqQyrCihGUA=MIXBHKeAHEA=LKThdQl1HkA=WuVuznFbH0A=YHWspoA7H0A=kqva2VkaHkA=ymr0xdjsG0A=opdJYn/vGEA=0JwNenRNFUA=NCPseFQ2EUA=cJhZQ9CRCUA=wCoDhpCEAEA=QE6IuTM07j8=gBAAqzl7w78=cAhzQE6b878=mMnL7PYoAsA=KFoYDVxuCsA=hJVgd3dnEcA=PGMhB17aFcA=kMuOaSGVGsA=9Nz5Lau8H8A=BNkpHsO0IsA=ZsnJ3EnYJcA=EiAxEBg/KcA=RieePFjqLMA=CyUazUVnMMA=ldP48MB0MsA=vQW/oCeNNMA=E/oxYBypNsA=eZJgOfDFOMA=V91aCbXWOsA=3d5Jr4XRPMA=D0pNhWKvPsA=6PMrIjs4QMA=ehMm0NMIQcA=2ibRgejHQcA=4EjLPCt3QsA=un45lp0dQ8A=qnDPSnO7Q8A=+vM9bYFVRMA=ukxdayDwRMA=OMFPYRCSRcA=2hFdDyI7RsA=Eu/t8p7tRsA=jEwSJOqmR8A=NiNgMtlmSMA=sg2ykFglScA=mhNqVv3aScA=YnPDGHt+SsA=lqxEJxoKS8A=dqXG5yZxS8A=kOD1zxisS8A=Dg4aDFG3S8A=wBjEXwyPS8A=ohKTxBoyS8A=EtWaYRajSsA=nL/YMxPpScA=YATDeVsKScA=bFSRtRMOSMA=ej4iwcn9RsA=XAMwT7TjRcA=GhOsWN/FRMA=/vAtkOeoQ8A=3nF52BSQQsA=UPkJLuSAQcA=1nNJfaB4QMA=hc3ekaTsPsA=e7FZ40zyPMA=McOTVe0EO8A=ReY6lx0YOcA=yZgiLW8rN8A=JXbEMIM5NcA=N4g2ITFHM8A=/Z3d+eJLMcA=Ev39232KLsA=kvMX+1NvKsA=PjU1dcdNJsA=cL/hfOYfIsA=LN+y7aDPG8A=0GDQ/SxpE8A=EJE1vg88BsA=QGSdlQAT578=EJUdQin09D8=kAz1f3MxCkA=UJIj9p2sFEA=thdoVmr+G0A=9VcJEEOEIUA=u/b5bErVJEA=TNwjzsD3J0A=5pCbZzPsKkA=HIKxLQe2LUA=pkEZO7YhMEA=zgnXhSxRMUA=6r7bbV1mMkA=pTCITa5fM0A=ENDiucovNEA=rUqGE1fbNEA=GCBpAihbNUA=Y+P/+uynNUA=IrDJZAC6NUA=1egePieUNUA=5fgXJNc1NUA=zIkd1RufNEA=wah8kRDUM0A=GCkzSUnkMkA=GbkqXk/cMUA=DVKdXd/CMEA=uhTsbOdFL0A=vE40jEocLUA=9pbMh7wYK0A=5MfDDiczKUA=u0nXzBJ1J0A=Z3A58S/iJUA=WoZRQiVzJEA=73wT2WQCI0A=s6a2K3aNIUA=HOrCcgoHIEA=XG1zgaKzHEA=omaEbxXcGEA=4EOEhy2PFEA=KAQOHcB/D0A=iF/KLZLlBEA=kAYfhJ1H8j8=gHfbmGvB278=kBv0wpe3AMA=2EL7tdKEDsA=YCcOz5hcFsA=rJS4wyNxHcA=WAh+EbczIsA=QmDl2ECSJcA=vpP/fIvMKMA=IrnvOA7QK8A=HhI+i5GaLsA=Oev9XrCbMMA=DwvZQ9/VMcA=kZKNZP7+MsA=855/8v0hNMA=a3/Kqn1ONcA=zfdNjy6LNsA=C/0WPLPfN8A=6ZZ0y7JSOcA=J/tOPrTvOsA=PyKh4A6vPMA=iZiWrZSNPsA=Cmij0xdBQMA=uE3XNL1EQcA=7oayIZBIQsA=NpHxcUhGQ8A=wtoOegA5RMA=nHxkP/EdRcA=ZjX+Yz/vRcA=bJ3dn7qoRsA=Wi6If7hIR8A=3OeID4TPR8A=pK9AzbA3SMA=Qq7Kn9d+SMA=4JrC/yGiSMA=VoQYK+eeSMA=+FX30x5vSMA=aokD2ksNSMA=+AVFzq93R8A=gtg3FHisRsA=WvtzjjypRcA=VEhJ+4tvRMA=fLvgwv4HQ8A=CpLOj751QcA=v3WBo9iBP8A=Z1+vFP7iO8A=XevMMAwmOMA=hQaW3JRYNMA=4QbFOWaFMMA=+l2UnKJpKcA=cLnVhCPdIcA=WKdv2AC0FMA=EPWBTAbC9r8=2MGnkdL2AkA=kB1BmA/lGEA=J6t0iyRmJEA=txBdQsCsLEA=5ZQUfz2oMkA=E9Ah7s8lN0A=zBbkgwDUO0A=34PdSsRUQEA=JrxjzPXMQkA=As9idtRKRUA=OU/WqS7HR0A=Cr6C1Lo5SkA=IO9Y/JCWTEA=9lNNaCrWTkA=74sMSUF4UEA=ERHbiXhvUUA=EagURKdLUkA=pe94aDULU0A=hwfh6iStU0A=FDPHC5cwVEA=TU7YTMSUVEA=uhNkg7PbVEA=3w8CFEQIVUA=o5fMeDUdVUA=kCvx6v4bVUA=Zf2W9n8JVUA=P1A7ELfnVEA=Yv2vtIG5VEA=ev9Ot1F+VEA=QNLg7Qk4VEA=KtTAwtvmU0A=SFySto+KU0A=+uGgp2siU0A=Lj7xl+WvUkA=p/7638QzUkA=s0g3RTGuUUA=VTxdSn4gUUA=aUDAxPaNUEA=KnwkuSjxT0A=3jf/BQzCTkA=qjcgr2yRTUA=JuYGBJZiTEA=VubKBzA2S0A=PKAL+IcISkA=sK+3xkjZSEA=dJP+6nqlR0A=0FwPmi1sRkA=JImVUBwmRUA=XJZTP/HRQ0A=UM6I83twQkA=JiIGjcQBQUA=SrGRNu4GP0A=DtRmSD75O0A=D9mJeB/kOEA=3hgwZsPTNUA=wBI9KWbSMkA=ud2JREPoL0A=pDb8AeeQKkA=VQvCW+i0JUA=uj+eAcFlIUA=HvsnZJWCG0A=rNHkDtuqFUA=pMRugIsxEUA=+DEFSrcbDEA=+I0besKaCEA=YMU49peTB0A=MG42fE2PCEA=0B5ytb8+C0A=ACUJasZxD0A=BK0KcPRiEkA=zLNUealbFUA=Ylnsh0KmGEA=iDoqMNY0HEA=fvL08jsHIEA=mPiV9O8UIkA=seOlRnVbJEA=8Mciq+DpJkA=T0djXY/MKUA=TlMk9XwGLUA=wP3HLk1WMEA=DkE9Y0VdMkA=LiCec7aUNEA=3+cw2Q/xNkA=WxiPFeNxOUA=66PUsRQKPEA=SjoF4mSuPkA=7UxDVWGpQEA=u9Fd9CT6QUA=OlF2S1ZEQ0A=Mln7VUKBREA=BDgCbyutRUA=Y7sfTQXERkA=tfEff43BR0A=WnJw2nidSEA=uFkCrMBSSUA=tLkCrHzdSUA=LgWDQlw7SkA=APZLW7RmSkA=f7kKK3JiSkA=suXanXAySkA=kwPCTNXcSUA=/q8til5nSUA=jd2rQLneSEA=PkgysmNNSEA=2Ws4tfm/R0A=wr2nXCc+R0A=2EEibHrURkA=nNytW6yKRkA=IrwEHuRkRkA=9Ftplj5jRkA=o+4RUzSIRkA=iMDrs+3PRkA=kstlVwo0R0A=yxtb2RisR0A=DAFTrRIxSEA=gco/mMG5SEA=5wdnDC46SUA=LBWcB9WpSUA=fDta1FgCSkA=6LICNnA8SkA=rh+wB0RQSkA=4tWVSGA8SkA=7D5452cASkA=zrbPUPibSUA=CnHx0wQPSUA=fIyJ3UpfSEA=aGGnAo+RR0A=qKbzjgasRkA=oToxEz6yRUA=O8IB0B+uREA=bZSB5LGkQ0A=dpY2JbebQkA=T9l4uPKUQUA=XJQD3MKVQEA=T3IL88U8P0A=xDWByZhePUA=be7Puw2HO0A=VLUdjDC4OUA=BupqCwfsN0A=8bPx37kdNkA=ZxHzkZ9JNEA=k/kV2c1yMkA=hmg3zLSfMEA=9AFEptCqLUA=wb6iK4o2KkA=c+xT3Gb9JkA=KBWVU2IZJEA=KV66YiiRIUA=fI+2ibTeHkA=3ONFMrduG0A=FkW+0P7OGEA=ZscU9aS8FkA=Tqcx9EYXFUA=LPFw1SenE0A=xI221mo7EkA=sA8xRod/EEA=2EcqlF+1DEA=SNFmnx1cB0A=MJyuG9npAEA=QC6Vd4ps8j8=AFqg6Y9ItD8=ULSnZbf48L8=cGqe/bDMAcA=qEkHUOIMC8A=4JygvVzaEcA=DPoxlPm7FcA=EM3LDrwsGcA=VKnS1dItHMA=wCQi2jW0HsA=dqfwHS1oIMA=aqLZelleIcA=AkxuALBLIsA=tGKucYo3I8A=AvViDzwwJMA=sD2rdVVKJcA=7hGbUM+AJsA=qiZLuwnLJ8A=VlZynq4ZKcA=QlHtfRxpKsA=Tgj3mMeZK8A=VsickDyVLMA=0ut44cQ/LcA=fpRAL9yULcA=mkr7Xjh1LcA=0g9RvR7ZLMA=xugheOS+K8A=vrTp1XM2KsA=amcFv2pFKMA=qoP00zwDJsA=cGHrt7qHI8A=okncdU/4IMA=DKKAhPXTHMA=KCTNvgPpF8A=TJKNitRgE8A=WJDgxhHmDsA=yJ3JHRIvCMA=yLtpMyK2AsA=YJQmsl1L/b8=EP9smrG6978=APqWtE0i9L8=cFV3XDz/8b8=wCiFQJYq8b8=YHEcdA3D8L8=QEnyE6Ia8L8=oOvLXs8S7b8=AM8xyXOe6L8=gBTZ7v+S4b8=gEtyyRZGz78=gHAGbLuqwD8=oOGqAST64D8=wIofIDZj7j8=IJyp7mDR9T8=AEFS58HD+z8=CDWc0tIuAEA=QLnwAGfUAUA=4Ja7ILDVAkA=KE63aIEkA0A=cBqSf5yuAkA=yJ6GJWzmAUA=kGToPQrjAEA=4BViSadX/z8=YI650kQK/T8=0BwkNPJi+z8=kByfmY3a+j8=QIO1L5Jd+z8=UPsMSFco/T8=oBwqvcsyAEA=6GyIwZCEAkA=2NXzV84wBUA=sIg78hM1CEA=IMLzhmxiC0A=YPLQf6hwDkA=wExSTAuDEEA=AMC3fQmHEUA=wL16EPgvEkA=wF48nYhqEkA=QE9J7WUTEkA=HHsAPEM2EUA=IEG5lHuZD0A=uGej1earC0A=KCmSWKtdBkA=gAGXIPDa/z8=4MgzncF/8D8=ADxyHXJut78=gIAApc9s9r8=UEtgRBP0BsA=mKfrapcDEsA=PNzIvW5IGcA=IIRGgtWhIMA=6vUTO1nxJMA=Smc/3QmEKcA=qnmI4JRbLsA=Za8seeSxMcA=R33kZORCNMA=45ef/PHUNsA=VRU5gQFgOcA=WWftRwvYO8A=o5PVk5EvPsA=Zs/kOIsuQMA=lNVBRdMuQcA=ONgf9rYTQsA=RmnT3HzbQsA=vGzdLAGEQ8A=lK6METMSRMA=JDnxp0ODRMA=2HO6KqHZRMA=CIW5fcIZRcA=UF0jjlZIRcA=whEllIZmRcA=XmKKbDF5RcA=6DfguFGERcA=CL57KRSPRcA=VFvL+VybRcA=LH8OeOCrRcA=tgIbVqbGRcA=wEVNsVbuRcA=KssNnEUjRsA=lM7PbMhlRsA=LBJdse+3RsA=sGJGfkAYR8A=lNtJ4OqCR8A=0MWkDK/0R8A=SoTW/49tSMA=Ut7YCxbpSMA=fnj4x+5jScA=fIbF5k/bScA=atN45KlSSsA=BPYF2PXHSsA=jsXixyE7S8A=mpNpYSStS8A=ful5kHUiTMA=ILAT/jqXTMA=UCtdCggKTcA=PkJ5NgB4TcA=rl002ebdTcA=vAxbGpAzTsA=jlPE2HxwTsA=dJn0dhCOTsA=PPSfZhmGTsA=lFhH739RTsA=dPXtANnrTcA=PG88lPFUTcA=nncNdu+PTMA=btmjl2ueS8A=aPanJyWGSsA=AlPIgzpSScA=zIMfLysKSMA=MisjQp21RsA=enVbBC9bRcA=Kiy1HgUGRMA=FsZgETW5QsA=cuJpMu92QcA=Jn0+vpJCQMA=xa/4pq9BPsA=uUwC09QePMA=/7og1wcbOsA=n/lWilwzOMA=X8YFyrtuNsA=+yFHZbTENMA=casi4NEvM8A=s76aB0uvMcA=2VicfUJEMMA=ciRiy+/ILcA=fg8n0OEVK8A=xrWgYl5wKMA=0gu8S/reJcA=oJ0l6epRI8A=Tokut8zOIMA=aPtHp+rbHMA=8Fg8hiF3GMA=2O5dHUt7FMA=jLKpwDULEcA=kDzjpjG1DMA=CPB1EJf0CMA=sCnD0A3WBsA=QAgElwtGBsA=KIJvPUhpB8A=YH2tjkrQCcA=+Kc1gaIvDcA=kLno5B6hEMA=AITNh0IAE8A=PDNKoHuEFcA=LNpMQd0lGMA=MNlVbPTqGsA=QMlkVI71HcA=Hh7pE9+eIMA=WGrGRX1zIsA=1N3BTvuFJMA=CmwuU1HmJsA=wiUimYyNKcA=8gjqAm1+LMA=1tVoZqvAL8A=43FKsVqoMcA=heVTTuCOM8A=rUNE6DKVNcA=W78zEwe9N8A=wxbozv0GOsA=aWSjY1NwPMA=E7OEsCT6PsA=4FIXtcjVQMA=pryAk9pAQsA=ejxJbgC8Q8A=9mny2mRFRcA=qsyv9GjdRsA=TmAQGMh8SMA=gAv3E50dSsA=1uVg+kS7S8A=Hs56LDhTTcA=VpOR33zcTsA=KB4jIxQpUMA=8InS5kTYUMA=0KQO8d17UcA=iITaf0ARUsA=rrkOazGXUsA=fqVuz6wOU8A=sbF5W+54U8A=2BQfEYzUU8A=2krkaz4iVMA=ryTWmUZjVMA=hZ5TorSXVMA=BBbuM1G+VMA=gccwa4vWVMA=sT7H5i/gVMA=WGC6KW/ZVMA=tdBDGO2/VMA=lAP4OQ+SVMA=6BQpajxQVMA=NPF3XP34U8A=lfzKlyKMU8A=/LJfCN8JU8A=0/OK8o50UsA=csYwoKrLUcA=T6J4wgkQUcA=DdFA38tBUMA=EqgI5zbDTsA=1mkrjvfZTMA=Uo8hyUnFSsA=nDOE4f6ASMA=0nMd+U0NRsA=MrruMZljQ8A=PsBVESuFQMA=bwlhqx3oOsA=q8YREC5uNMA=whzhsXhQK8A=iHXvt2OtGsA=QFlyTEIJ3D8=Rlz9GZszHkA=oSugG48xLUA=Mi9Ujoh+NUA=NXa/aqQmPEA=/xv7d85CQUA=FlPd7ltLREA=qONXVhkrR0A=+N3gXxjgSUA=dpSbWkhrTEA=DhaD2JzOTkA=63OUZlOFUEA=vYUzhPCNUUA=Ok5zjAiBUkA=WWoHpwFeU0A=hxcj55YjVEA=nL9rLyzOVEA=zovTsf5dVUA=ikkG7svSVUA=mvJ1WWQtVkA=kmu7aTltVkA=NJk2uKiVVkA=b337piepVkA=TOzmMpSqVkA=rtQXFuebVkA=wwFJiJ6AVkA=ATYVzK1bVkA=zjDOj/0sVkA=VJHPiQ/1VUA=YIwjdcy0VUA=yeX0Dl9sVUA=XUQlxjoaVUA=NDKBwCa9VEA=296ZzXdVVEA=pU7fiO3iU0A=EP6zOgFjU0A=NOfSv4jWUkA=j5M7KpM8UkA=mNzEN96VUUA=JbX9worfUEA=17qe/jkaUEA=qFUgsEyNTkA=zjsgM/XKTEA=GNaheIPrSkA=V10wC171SEA=qm8eOgLuRkA=uhI6x7fcREA=I9KPwDvFQkA=IzsukamyQEA=NDbMLaVaPUA=xDgjWPZ0OUA=SBXvPVi+NUA=4Y7T0OdBMkA=Ek7SL7YELkA=lXk9mVQAKEA=+391LPFpIkA=+IO5tbN/GkA=JFjonv/kEEA=IP7i+tQ4/z8=AP0ZI20Ty78=8JeoaSkdAsA=6KOwX8HXEMA=XMWuWKNPGMA=1CRQMbhTH8A=cCa3m+XhIsA=DhwuicW9JcA=6vPLTpE6KMA=cuAH1Sw8KsA=uuFNZua0K8A=1g+aP5+XLMA=AhtZBqDsLMA=0kcIJiyoLMA=dtaZx6fFK8A=JitWSyNOKsA=2nvnYzdQKMA=isHoGHLEJcA=pmS+mdyxIsA=xHxCNOVCHsA=rCZVwalAFsA=+Lh3GyGyCsA=wBUkw8sB7b8=ILp9M8fe+j8=XFnI9seTEUA=hmnNELTbHEA=eo3BDks1JEA=NXrne+QFKkA=LJ8kEW3UL0A=IITYLhjMMkA=l6KSbSOmNUA=WMeMHYZxOEA=dqOvKr8wO0A=QyL6TRXkPUA=Kqj/Qe1FQEA=wzGO4F2PQUA=uHprvfzPQkA=DY8vfyUFREA=V4FEZLUqRUA=ajRjCNM8RkA=uJwP3FY7R0A=TT4ZLYEiSEA=vDGdpuPwSEA=ksx1bT6kSUA=By3M6Vs/SkA=Bo5M+aXESkA=siZVDL80S0A=kDZmhwaSS0A=cPqmUKjkS0A=SnYkxGwyTEA=at7cXd1+TEA=oqN+15DQTEA=pHfIm4AvTUA=Suxy0wOhTUA=+Ht3HH0lTkA=TDnHoLu+TkA=plVuZoltT0A=nYnXbgMYUEA=cI/Patd+UEA=MruVdPPnUEA=SRLMhihQUUA=rNgUphO0UUA=HuocC7UNUkA=8yUgPSlbUkA=uJcSL1yZUkA=QqRxHXXGUkA=eGqewyHgUkA=v8LbO07nUkA=1QDgeeXbUkA=bucxpAi/UkA=sFFAf5KQUkA=Ikn0tG1TUkA=ma3YWVQIUkA=hdKP5HKwUUA=6Jyu7nxMUUA=cF67TJHeUEA=vNyAZshnUEA=/p0/hBTRT0A=BhjLS4PETkA=NM/sQlGuTUA=eEr/QFmTTEA=CtATecV0S0A=ALPp2StYSkA=58nn3VhDSUA=3Ppdd4U5SEA=Htq4yWk6R0A=gz64qsZJRkA=lqWVoYVoRUA=vnwVxMyVREA=qgmS93vNQ0A=u40KuEgMQ0A=SPEbezZRQkA=cRsv2nuXQUA=KgwoL7vYQEA=NgPng80WQEA=fiTmvySjPkA=5Yl6zJoQPUA=WnHDOBJzO0A=tK+T86/XOUA=0tW7NFtEOEA=9DEadjq7NkA=38UsTpQ8NUA=eCaRQYHQM0A=eBnJUWt4MkA=NrDERBAvMUA=RrD9rnnaL0A=2Pst+J5nLUA=QOPEfooJK0A=hetWYp+zKEA=Sf7yWItuJkA=3vIezOpLJEA=YOULEZpeIkA=DFF1276xIEA=zm542A/FHkA=CDu7KlIKHUA=5p8lSNxZHEA=EOg4xcaqHEA=3ntYon8KHkA=9t/xwrUxIEA=3WAZjHzIIUA=wXLiPeWiI0A=/hI7e7irJUA=+hG+urnIJ0A=Uui+T/nbKUA=Fwxg5jLLK0A=/FyI9XeWLUA=Mlp2ZzY9L0A=rTdNO0hiMEA=Um7U9rsdMUA=4BD+IHfkMUA=rYFw1bXGMkA=Zb+1hL7LM0A=Gyo0gir+NEA=Q+g+fjJvNkA=VLYensUjOEA=YGq/AooXOkA=VmxTgNFFPEA=jp3pSyCrPkA=nSw0ktGdQEA=fKbOvNPvQUA=YqCHg9FGQ0A=DRHeY4+cREA=Tj0N82npRUA=EoLIhqAiR0A=MPTKbNdHSEA=yKWXWttVSUA=NmcwgB9KSkA=onw5pFIgS0A=PBtJ+YDbS0A=Wit7TdF8TEA=6B/60gkDTUA=EJNwwmtsTUA=4pgt8Mm8TUA=yPWnLqnzTUA=CMyle54QTkA=yHMWs10STkA=5gE1NCH9TUA=8lr07SzQTUA=RGxvIoWKTUA=orga018uTUA=hBbTvXC8TEA=CN/85Pw1TEA=oMmFA1+YS0A=FoMaBfPlSkA=Xd2YwVkfSkA=9t6iGvpESUA=MLo0WtJUSEA=ilkMpJVRR0A=vSMdq4I9RkA=QFbYDSUZRUA=p60zHD3lQ0A=hgp+EMWnQkA=bvzfbUdlQUA=/ksH0isgQEA=ALcFqRG4PUA=GPLM1kNCO0A=mNUtclrqOEA=VqlO7D64NkA=oMSM6U+tNEA=meiyACTXMkA=FuG67DM4MUA=MFPY1+ecL0A=kJe0IAApLUA=lHfwh2AQK0A=Ew2womNDKUA=sxnUMwelJ0A=2tgZ9eEgJkA=S1163SGsJEA=p19nCUoxI0A=T76mpC2XIUA=pjmLu5q0H0A=kqVqr+XsG0A=wKfYiCHWF0A=BCfgk/xXE0A=aAwMObYPDUA=SBj8A/XqAkA=YCl1uHSh8D8=ANU9iUlN178=oOYgFAgW/b8=KAUdnKSnCsA=WGQPknmoE8A=5BaLjndqGsA=7HivF8LLIMA=sLZXZNqjJMA=ij81esnJKMA=TvVCLKU7LcA=V2ikaTL4MMA=jaSFKx9qM8A=WQkVz//pNcA=T5KI+ydoOMA=91VtBM/LOsA=e0lXOan9PMA=YxE23gntPsA=Ir+4HrdDQMA=/huFYqLeQMA=Rnbz3OlDQcA=lDUKVjd2QcA=QP/128V5QcA=gG4TzudSQcA=rkGX96QLQcA=MgEnXgSyQMA=5kWC+HBOQMA=keJej0fWP8A=6YQLzdcdP8A=SY8rj5mHPsA=XwHvP8IUPsA=90ispbbIPcA=9Uro1paePcA=KaWhCfaXPcA=H3fSLYmpPcA=AR+fRUHJPcA=vae2Q6DzPcA=QeKqgoIoPsA=wdvv44RcPsA=E8fu/N2NPsA=GcjYTtq9PsA=hYMe92ftPsA=HZUszjIYP8A=f9FABf07P8A=dd7WN3deP8A=zQI++S1+P8A=HYSOrY2XP8A=V2bRhSOoP8A=dYKGwsG2P8A=I3FWv7jAP8A=AbJ4S7nEP8A=geq3pMPBP8A=GS/sbD+9P8A=md8j72+xP8A=XUWvPSOZP8A=IwruY7V1P8A=Bdnl8udIP8A=3+fOoZ0KP8A=9eMo07C2PsA=//TG5p9LPsA=0z12N3vOPcA=VX7+Dmw4PcA=T93Dq4yHPMA=Q/GVldK9O8A=44OWvfXdOsA=a/Zl5aXiOcA=h5IlXHPMOMA=EYzYj2WhN8A=MU2sEE5nNsA=72QTqAYcNcA=XaqtqPDEM8A=AUpmWBFwMsA=oyTlzyYiMcA=AhrAi0G6L8A=rvVhmfdJLcA=jpnEXyQGK8A=+lqPniDlKMA=Jg2NI4XgJsA=Qn1Ab3/xJMA=isbV0OAcI8A=7IqGlMlWIcA=TAtrWb41H8A=PCA/O0nYG8A=/Mk6yVjXGMA=VGFUY7pBFsA=aK0xBxZOFMA=3FYnueg/E8A=BG6oWy5pE8A=qCOTz1zdFMA=pHmeqFXIF8A=TDNrhPpEHMA=ps8bGiQqIcA=vodpUKrdJMA=4mgXPTIhKcA=Oi5Rt1ndLcA=ZSCMeaxxMcA=g+nlyDUFNMA=W4XU+6qXNsA=2b13MYEmOcA=CSQxDq6mO8A=Mxj3nAcVPsA=ltPBgss6QMA=eAqnUdptQcA=1CYGwmWmQsA=KBXu+f/oQ8A=LDaY74k4RcA=aBq7iSOaRsA=dKwILOYJSMA=7sqOsSqEScA=MDty/QQCS8A=rhU0UIx+TMA=PD7N99/sTcA=mMOgfgpFT8A=e04fCXZAUMA=wWzLFonOUMA=HB1Q2dRJUcA=zHXAuACyUcA=/NoC9hsJUsA=upWOjeRRUsA=lmC42jaNUsA=zaehcBm+UsA=6IMO4PHnUsA=DwcH0/8MU8A=FST63B8tU8A=CuPdrEVJU8A=B7bFQOtiU8A=pzPLMqZ4U8A=QusVBRKKU8A=W0kgGvaVU8A=TOExOnmcU8A=2fYfw5WbU8A=28f5aJiSU8A=vKx2Ej5/U8A=nzI6RCFiU8A=VtNfnaQ3U8A=WiCD1uT9UsA=4WBIZVuyUsA=0LqJSVdUUsA=MNTf8rLfUcA=sKweZ89SUcA=GrEd7sCsUMA=AP1RsR3bT8A=yBUIwngqTsA=DPSkMKtITMA=9seLVKM8SsA=JGFseE4NSMA=slrbTTnARcA=XFE3N5hbQ8A=4ux2RoPpQMA=jSzkLpThPMA=N4I0aNDrN8A=Sa/l2aL3MsA=BoVyGb8dLMA=iuOlM0BiIsA=ZEbOH2l9EcA=ALdo8cSE2j8=BDhp3TyGFEA=8E8/RFWUI0A=1RGd4ni7LEA=Fo7fjj/VMkA=rE80jckeN0A=LtCCQAowO0A=y3pyWKr8PkA=i1Zn8dc6QUA=mrRlP3fDQkA=V8KgfA8WREA=zNoc/xYwRUA=sn4R0+APRkA=8PYS6JuzRkA=KiFAbKkjR0A=O8loQAVmR0A=ovteSgOAR0A=KQkTdj16R0A=WsL6nXZeR0A=Hrd7wtMzR0A=QPNGsJf9RkA=1mIaMKnARkA=7kJcN4F+RkA=jwrvIx43RkA=cltduDHjRUA=hkB0yqd+RUA=8ID9r+ADRUA=H6XtmSprREA=+Hhh4WSqQ0A=6KblM7a+QkA=ky8vgEijQUA=HkcZ529XQEA=+yZ4avSxPUA=jv1tUbVaOkA=Mqy3nN+1NkA=UUCwCNPRMkA=KDAzlVt2LUA=iiqsQAoVJUA=ptvZXGlCGUA=6HnaHsncAEA=mPciMa5UAMA=tCyO0yZSGMA=EjhVEQ/7I8A=LqfIqT6SK8A=wQEyCJh6McA=0doNAFgSNcA=eRYUwbuTOMA=S5Lg0zQMPMA=E3nR6959P8A=Cq5hINhzQcA=wMB1M6ojQ8A=yKlSB8zPRMA=Wq4DfVN0RsA=JGqkMFULSMA=jNN8HPuOScA=lLiT60/+SsA=bneCxgxSTMA=EuTMHN+ETcA=0HP6OnWTTsA=bKRxZs1/T8A=2aXad6AiUMA=WeqgUQVyUMA=YKuYnRiwUMA=bF5X4LveUMA=4nhgVIT+UMA=+yTtWfsRUcA=26bFi4gbUcA=gNhdUwoeUcA=4cZNys4YUcA=DD0ysGMMUcA=76jC09D5UMA=v3MO0EvgUMA=UKRGZaG8UMA=8tlyWJ2NUMA=9w5oDNNSUMA=1nL+4wMJUMA=SMU0TzJdT8A=5IdE2LGFTsA=HP/8kqaOTcA=DtkHPWN2TMA=Kr3H1eQ+S8A=5GZ6o/3rScA=6Mm+B8SESMA=qIf/ChgJR8A=flLijfZ7RcA=cjJbRsngQ8A=0kloaqg5QsA=nHmbdKCDQMA=a8BiKvB5PcA=CZwGOH7JOcA=XZ43AF74NcA=rQx1pJX9McA=qjhBwmyqK8A=vqfefcQEI8A=FOmvUAgmFMA=wCqI/ueI2b8=nGL5j3mTEUA=0GCyRemgIkA=EvYzZo+0LEA=OM2NFu1/M0A=nS7zZ+q+OEA=Ui5oSzAKPkA=Ygoa7cmuQUA=sFwEXspXREA=luwLbTr6RkA=zjOUlmqLSUA=DEYA0mwGTEA=hM/i5XVkTkA=9PMTzp1OUEA=bCyZYCpUUUA=k9Lm1gVCUkA=QwgJKUIWU0A=gqa3ETrRU0A=1A2psLVxVEA=XMCrLzn7VEA=fCUsr8BvVUA=qwacNbTRVUA=fkqNYrciVkA=yaIcwO5lVkA=Z+d66+ecVkA=+CRQLt/GVkA=Tsv/8lHjVkA=Aobr5JLxVkA=ng/32b/vVkA=HaXQnW3aVkA=aUUIkluvVkA=erDzpFBtVkA=XMNrUSUTVkA=8WqD2m6eVUA=iv5u97IPVUA=WgYBjO1oVEA=fga1I2GrU0A=YI1tPe3XUkA=IrNxpmfyUUA=MnAf0tv+UEA=WqK1+AACUEA=9MzhxNv7TUA=jpfZNQnxS0A=NPFXCxXtSUA=LizwydL4R0A=2opu6zoXRkA=ykZcGfVQREA=BktQGiOpQkA=bUPA3pUfQUA=buYpL2pgP0A=K70Qwt6zPEA=I1/sc3gxOkA=5v0ArDvKN0A=K9aXYSxyNUA=piRhDCEjM0A=RLvpSz/aMEA=/wlK3hIlLUA=O6lky02ZKEA=JAy+z0EmJEA=KA6jiZq6H0A=4pLBYSqPF0A=iEDRxm3mD0A=uKju/lkvAkA=QFh/AaL+6D8=4NNzh2EE4L8=4CvwxRaj+L8=yKJT7h2qAsA=ILpoDu8DB8A=qEKUGy2YCcA=yF41yO9CCsA=WCR9KjP1CMA=GLp9lw3FBcA=CMUDuerXAMA=0FiwRSTp878=AFBJEQOsv78=YDrCF4Mg9D8=uGtRXi8YB0A=8GOApyYlE0A=kJat3LLiG0A=GbRiFcTXIkA=U2zrxaE8KEA=1s02i6YrLkA=Oz5WKRRTMkA=GG1qzbnMNUA=YqWqIS+DOUA=zFmEdMx4PUA=OsOCaODWQEA=dqbAWRUMQ0A=wGmCWelbRUA=vtFvfw/HR0A=wOu6Y9JKSkA=Rlty3wHfTEA=/mE6/RaBT0A=mkkmfRQWUUA=F9d5xWNsUkA=SzuIyiC9U0A=qIhhk9YFVUA=Ggp2jF1CVkA=1gfJuAxuV0A=+37JKpGDWEA=gFMQ0IGBWUA=l5vcpktkWkA=OOzD5qcpW0A=UqVdUoHOW0A=izpcJ2tTXEA=7eaLmzO3XEA=MZxhbBL4XEA=g9UIZ9gVXUA=q+g0oEMSXUA=Xy5SyFXuXEA=JrqJv8CqXEA=FnIAzZZKXEA=a5SOQ+7RW0A=eAfwSGlEW0A=5PI2SpmkWkA=gPRsRun3WUA=YaHOEy5DWUA=/+JqRXmKWEA=YhUZT4TOV0A=gALYu94TV0A=aRqjzCRcVkA=J2ivPE6oVUA=QByoE/z3VEA=eZW+RoxMVEA=eKPgo9alU0A=0bX8dhsDU0A=p/fwnhhjUkA=F5p4FovGUUA=kyyjtwotUUA=BndpWnCVUEA=DmnSKoL+T0A=IMX37EbWTkA=ZqOXrzSyTUA=fL9wFkSQTEA=Srd6U+JvS0A=zNzUO4pUSkA=SFrjbhE/SUA=yrU261IsSEA=1VcdHHsdR0A=dnydICIURkA=QJdB2lMQRUA=YDRuE/wMREA=go6QjGcLQ0A=hKRRLIkLQkA=7FbPRswMQUA=RH9AepULQEA=MNfXte0VPkA=woGoUQwXPEA=cwcQ6Y0fOkA=ZN6WcAUtOEA=pUk9lXBKNkA=1kJ8Ek9+NEA=sscP3YPJMkA=8AUB9iIsMUA=4WTbPTFhL0A=yE+/8QSsLEA=iFxx+6c5KkA=u1nBG9X+J0A=7YudsNYAJkA=59R8hUE2JEA=xpKkQU+PIkA=rGDAZVQBIUA=fDpsdA/9HkA=tiMRd+gBHEA=jFiHshTeGEA=Yp7l52SQFUA=2JsOAG4PEkA=CElhoHylDEA=SPIOsDyJBEA=wIls1s0M+D8=wP13u4zw2T8=AKF378jW5r8=YKfjFAyc/b8=kIcCVGyfB8A=wA988kr+D8A=wHsobgnQE8A=GHTf3vk0F8A=HH6zMekGGsA=ZNfJOn4qHMA=3KezOjqQHcA=2MvDORdOHsA=XEtBaAdWHsA=CGRHAyWqHcA=4JMjLbVrHMA=0GhpYK3FGsA=rOZ00+rRGMA=3F6PSpmbFsA=MEIygC1SFMA=oL0nxmIbEsA=oC8tSuTfD8A=sKKl1C+uC8A=UP5EGQG9B8A=mEYBxbTlA8A=IHJ+05vT/78=YPjEIYsC978=gNdE02Vo6r8=AOa06dyUvL8=gD1xFPeh5z8=sIdt3P3M+z8=yEu2k8DRBkA=xKPlf2dbEEA=RhROfkerFUA=SFqnOV4nG0A=+wxXx/ZDIEA=OpMYo7LUIkA=oviBKt8uJUA=EQyBFFE8J0A=B/u+l0HmKEA=j0dKiqouKkA=GCSLe4MWK0A=uEjEM2GZK0A=cH8pH7W5K0A=9Sqo0UeKK0A=VfLR3o0ZK0A=IT1kRPpjKkA=1tAl4hB4KUA=Nl8VA99jKEA=JabGlmMtJ0A=8bhrzcnPJUA=8CaT7UNWJEA=UT/7aj7JIkA=ZO18rzAxIUA=Vszmlv0XH0A=Lnb1MqzSG0A=9PAV7H2lGEA=YH4fiWKrFUA=rD96iSLeEkA=jAUxmKddEEA=OJvwy2x3DEA=8IyXLmb7CEA=wF0I45obBkA=KCHzDRraA0A=GOqJ/EEbAkA=QN3UvK2mAEA=cCFrrrcj/j8=oLYGZM3L+j8=8NPojyel9j8=8POP2sse8T8=YCu/Nqoq4z8=APAWFZpjdT8=oGu/A9i5578=UB7SIW3N+r8=oM6Rs4JzBsA=9KisM+yIEMA=XMcYlKikFsA=ZBGr5qOdHcA=IImW99SiIsA=wtx8GaC6JsA=svh2Tnn8KsA=PjMCL99YL8A=gaqoNobSMcA=1w9NCC/fM8A=1XlT9LTFNcA=6U7Tj+CDN8A=MV9RjMQOOcA=Z736PJhnOsA=bbiF5iuTO8A=kyENCnCkPMA=TfnlJ1KjPcA=xVgg3ZuePsA=Gf0slYmnP8A=lMscWLVlQMA=Pl7WUQgGQcA=gIul3cu3QcA=PFri0fV6QsA=4hg0BrlMQ8A=yHB0I9skRMA=tkhxzCP+RMA=aBm55f/TRcA=lNZV/NmeRsA=huSymG1aR8A=XGoGPdADSMA=PoS8kHOcSMA=Tvuqt9gjScA=cr1JAsCbScA=LhuAFr4GSsA=NseSAttpSsA=DMsxbjHESsA=7qB/PioVS8A=NkhO/8xbS8A=9Poz1MqYS8A=YJfTGnLFS8A=WGuZOM7dS8A=oARdR+LeS8A=iHS/UqnIS8A=4I3kp9eVS8A=+sZ0/BhHS8A=xEpm58neSsA=RuiZl5BgSsA=lhKs2arNScA=xu84QvErScA=0m9o+tqBSMA=SrLEz1PTR8A=7vx7djokR8A=hHxC5zJ4RsA=Wv1CUf3TRcA=jKZrFRI6RcA=nv1xapKpRMA=IMNnfW4iRMA=QrNdp/2nQ8A=Empx85s2Q8A=9lf/XRXNQsA=EIRWNVlmQsA=6P4ojLoDQsA=XBHwZ+OfQcA=+HTvW/o3QcA=wrD17+PJQMA=XlgFcnxWQMA=gWUgyJaxP8A=v0vvEu6iPsA=K5IqlpmAPcA=lRyXvqNSPMA=B+74aDMUO8A=n/KAA5HIOcA=ic78ZVd1OMA=nVxBl00gN8A=Rzk+m1vMNcA=83cQWOV8NMA=99GXBsw7M8A=D752fnwSMsA=wepRB20EMcA=p4oQ8gwYMMA=Con8OnuyLsA=kis7eP6ULcA=kvkleb/SLMA=3lcG7r5lLMA=lkVDYmdQLMA=yj8kzWJ/LMA=gg1NK1vWLMA=wvE7+0FBLcA=5l3kgFm/LcA=djHxzPw4LsA=OgnpRF2rLsA=Pn7uthcVL8A=ppXKWs2TL8A=ARI3rmQUMMA=bdCxKURyMMA=n51SyZjwMMA=bRL+CiOcMcA=c5ck5ZN1MsA=AbMF/0KDM8A=f7A27n7GNMA=O+pbnodENsA=wXUTiHX0N8A=q27p/7fOOcA=a2Rmk9bUO8A=6562MOkBPsA=GDKJRnklQMA=jFZT3xJVQcA=iE+2nFyQQsA=torFhmfUQ8A=Fg085IQcRcA=EkKr/PJmRsA=Shwto6e2R8A=9jeltjUIScA=sAAl6jNZSsA=qMawr4WpS8A=xiG85DH8TMA=sh9L8kxOTsA=/M4IVmSeT8A=qz8V1ut1UMA=ka1aLKccUcA=AVVzgzrBUcA=uTx0EaViUsA=3Pc3Eqv/UsA=/N1YGwyZU8A=rE1yyDcsVMA=3BUxTCy5VMA=B07kiWBAVcA=2WL/xxDCVcA=hBP84Xo9VsA=TGuAPSKzVsA=QlFG6OAkV8A=pQ3fx2KTV8A=8umLIqb9V8A=ICUW/dliWMA=UKUaM0XEWMA=ZVmW9fweWcA=qbIpVuhwWcA=FL/0cH22WcA=arzik2/vWcA=fRH48KEXWsA=3xkMS6IrWsA=qGou1aspWsA=k2NGrbIRWsA=EVBLhFjgWcA=Dlnw3yyWWcA=1gdqNl4zWcA=X+HAnKO6WMA=Vq35DXcrWMA=ImZrMcmHV8A=zot2P7DRVsA=871n1kwMVsA=C8OgiHQ3VcA=t6ICf4tUVMA=2O4MakllU8A=y+mGIadqUsA=jEd4YCFkUcA=RhD8IK9RUMA=/gzr8ZtoTsA=HCWFOCYZTMA=AKR6rjyzScA=WjNhDB84R8A=qIZCO3WrRMA=rElKRpENQsA=911h3ve9PsA=PUi28FFBOcA=X0kmZoauM8A=EkcxqBEDLMA=0MbMnH92IMA=eJ04M+nKAsA=IHYMMvHpDEA=pZcLOFNgI0A=dmAUrd20L0A=3/koysEWNkA=tj2cgttZPEA=a8mrxihOQUA=Z7dTxktnREA=kB6T34BtR0A=4kJhivBVSkA=7nsEK4IXTUA=UrwXohupT0A=FS9Dqs7/UEA=gUDHnkUKUkA=8ENQJofxUkA=ZJNAYQy1U0A=ADN6jTtTVEA=3amuLrPMVEA=oCtSlIEjVUA=VWfXaKJZVUA=b9TtRkZvVUA=jgR4bLJnVUA=GZ9LkVBFVUA=ysfwkaMKVUA=3nPDfkO3VEA=YnDug3NOVEA=Ex9KyHXRU0A=O0mWzaVBU0A=Y1CUM0+eUkA=db7RklXqUUA=g/MhVF8mUUA=G8HNJylTUEA=niq6/HfhTkA=vkOTXnYDTUA=GKn9Q+8NS0A=mcnxFWQDSUA=dAbFFYbkRkA=ymJw6LS1REA=pGx+e6p6QkA=dHxRx+g0QEA=RG3zgHLNO0A=JJb3WKIqN0A=hHCX26uJMkA=OhN1tf/bK0A=YPjRx8m5IkA=sDSWUbWFE0A=wE64D8Ke4D8=iDj+BTzbDcA=tCvCojtRH8A=3nCFR9OAJ8A=EkOayLLyLsA=uYsliNQCM8A=zQTX5yZUNsA=83eZzwRnOcA=nR6aNAI6PMA=v7nAFC/OPsA=loYk7duMQMA=jInspPGKQcA=HjcFAuNeQsA=EoY3I/gFQ8A=utCKrzZ6Q8A=KChtO0i1Q8A=zkfea/eyQ8A=rFBCTNNxQ8A=WKPxj+HrQsA=BNx5IZceQsA=EB+gb94LQcA=nf0M6FNuP8A=x54DL4BGPMA=GWxbalSpOMA=8bDNGvasNMA=WU1u9NdgMMA=Sro7fCWfJ8A=8FV2HIMgHMA=YOoyLnPvAMA=4DMGlE5tB0A=zc3sPJ43IEA=uRXhSiLXKkA=PC5uIwndMkA=Wq4Uiyl7OEA=ZNZQXn5OPkA=Y5T+VqMtQkA=YoUiBVlORUA=Qv4UoVKJSEA=TrRD6bXZS0A=nDgMURo2T0A=R566F4NIUUA=pd6w9n7wUkA=x1N/+0iLVEA=DEywk/4RVkA=zJsGgll8V0A=/Hy7ZWPHWEA=OvOfTRTvWUA=DRSW0FjvWkA=GxGJRgjIW0A=Fx22NFx7XEA=RUXlSVAMXUA=Zl1IOg98XUA=HihgW1/QXUA=u3vUZnkPXkA=Gqe/B589XkA=GUNVDNddXkA=JQ7d3cB1XkA=V0Box8CIXkA=Esmj8UKZXkA=GllU4genXkA=wEiWSoGzXkA=kEB/glS+XkA=S3ynIWvGXkA=ia/eBF3IXkA=pp56S+zDXkA=RTn3xUi2XkA=P8dapi2dXkA=1jmxCQF2XkA=fLKl+b9AXkA=+sQrndv8XUA=QCCPwl6pXUA=xgSOdCdFXUA=L0Em/prSXEA=aHF19NJRXEA=9TRRnCjCW0A=HWGiXFQkW0A=lgDphPJ5WkA=6P1WdnnCWUA=CyA8uG/9WEA=tNixPmUsWEA=V1CMRpBQV0A=1N6Q3lJrVkA=ODPy2fZ9VUA=KAhqRNmLVEA=I2m0SqiYU0A=aiRppuWnUkA=r1ilntO6UUA=sTQWjlPXUEA=9IVJc6H+T0A=qPCrl+BqTkA=LLXRu8vzTEA=9gzPpqSdS0A=FHhxHatoSkA=zHn6SgpSSUA=BF11NFFUSEA=r8/s6IVtR0A=TvYpSc2XRkA=H4nqrhPKRUA=lWs2h8/7REA=6v97lIYpREA=hlBtMPpMQ0A=+gnv0htgQkA=KHlAUONhQUA=43XD625TQEA=uv2ZOdhxPkA=Qqwg0SAoPEA=PAjgvNLdOUA=uJjmTmejN0A=K/YXu02JNUA=noksW5ebM0A=dNQWxQvtMUA=+24l1bCFMEA=fFzYzAHWLkA=dv4OBVkxLUA=3scQ1KUaLEA=g8AwnjyFK0A=qhk6601jK0A=JNqI3S+NK0A=rT5qyPT9K0A=fqZY/gqfLEA=/krukjVlLUA=1mPUKudALkA=TtWUbmU7L0A=/LVlJ4gsMEA=Tr361aPNMEA=i//HRziIMUA=7l6upgJkMkA=BYs0RXZnM0A=OvQ0Z/mRNEA=UoaQxgnkNUA=L1s0xN9eN0A=0OhpEmgBOUA=uLOBr8O7OkA=xegDHjqLPEA=vHlkx3JoPkA=jZbpfFslQEA=LTfq+JwTQUA=vuhAVyn+QUA=LsNjY3/jQkA=8My1wwLFQ0A=hYIgS52eREA=FVsfOcN1RUA=f6QznSVNRkA=PryKIcImR0A=sFh2Dz4CSEA=I04TMwjjSEA=KE6tWGnKSUA=RsyHws61SkA=nJ6CRDqiS0A=jv3KvY6PTEA=+GuqVL16TUA=rMg0t+lbTkA=eDwk7jAvT0A=hqj7rBTzT0A=14aBsIJRUEA=A66IiCqdUEA=sBdSD67bUEA=/GjKdQ8NUUA=r1wU8N0wUUA=OAGwwqdFUUA=ba0cv5xLUUA=Il1y0IdDUUA=Y7k02UEuUUA=iu5nuBIKUUA=nC4D6hXaUEA=/9K76D2eUEA=vaeqmc1XUEA=6WFo4CQGUEA=sntBIyhYT0A=7mHUN0WVTkA=UnfPJ+nFTUA=vKIWPv7pTEA=dBMdWLAFTEA=chiK1VkcS0A=92YiKbktSkA=3LnSfM85SUA=aaNBPrJFSEA=63RGSwpTR0A=LI0Mf8BgRkA=UKqYs7VwRUA=FL67Jf+FREA=39O/06ChQ0A=DrvCvujBQkA=+P+JONDpQUA=Rdi8UpEZQUA=vZdNdjlTQEA=9FVbcloiP0A=31iHZ1OsPUA=KD5ZfAdEPEA=s9BCuGnlOkA=2mOdWGCGOUA=mZlCkikpOEA=IMET/EPPNkA=7123C3RxNUA=IYoG+ngJNEA=/zI5xZOfMkA=B8qom5U0MUA=W/HKaaKML0A=Hq7cpwCmLEA=xOYo17PGKUA=cgXjhKfoJkA=DiLO+MT+I0A=91DJz1EBIUA=eHYBUmXgG0A=TPWK6PWGFUA=cDfvNnLADUA=0Jei9daG/z8=gILuMHmGxT8=oN47IiKt+r8=+MRihP8xDMA=qEhxlT5VFcA=5IJ266gpHMA=vplOelAwIcA=CoU0r/37I8A=anGMCnZcJsA=KpsqwU9OKMA=Oh87AUTTKcA=Xl4mdXQBK8A=CqohtMbbK8A=MjwnNHB0LMA=XmhbBpjfLMA=2h087UE3LcA=buZ20YV1LcA=EqT2bDqkLcA=diaptLPGLcA=Pmt9myDdLcA=rnaL6MHWLcA=Fs5vMwmwLcA=8mPTznprLcA=ekYmJCEJLcA=yvaI+FSMLMA=suNxo6n+K8A=+uEyOwJ8K8A=0vh4v/sUK8A=FvPUsmbeKsA=qi5ExzPtKsA=xm1yVrpcK8A=cohihrI0LMA=suN63HJsLcA=oggxWuP+LsA=9/QUmPhzMMA=6Ykeq/6DMcA=vY6TaBagMsA=hS6ceR26M8A=h06BkWTKNMA=R2UOCLe/NcA=ncjcxlGONsA=RzQV6wo0N8A=gVIEadOxN8A=4VPPqbUAOMA=YdKwLtUgOMA=S9MQig4ROMA=gSvjK2vXN8A=aRMB6LprN8A=eb8YleLMNsA=p5LobmH8NcA=BeojpLH6NMA=TS+ykz/GM8A=9+ew8fJiMsA=URFSfKDdMMA=OvqUU92DLsA=ehTlKKQ4K8A=rlIFVaD8J8A=Ni9xGW0BJcA=KMUMyfZjIsA=JgmED41EIMA=zDSc4Eh2HcA=CJ8cbfDSG8A=AC0TBFaUG8A=MOHDJEeyHMA=CDgRBbcHH8A=3ICNTUdBIcA=RiE3EbRmI8A=hrnUhXTNJcA=ltlNeehQKMA=ol8iUqnYKsA=JhUawNo4LcA=/kL1l/JXL8A=Cz0FkB2UMMA=Uzi/eYRRMcA=U5bElPTjMcA=y4sS3sRQMsA=U7dQRFqkMsA=0ZJ09pDvMsA=0zKzUrU9M8A=teAZp56ZM8A=cdrGf1UVNMA=f3MxBMy7NMA=O5TWwHaNNcA=GdjBfqqKNsA=oRGp1sG1N8A=y6D7JNQGOcA=j9MGS3BvOsA=wfTNb27mO8A=UeVoGxJpPcA=X7OFbpDpPsA=MvOni3YwQMA=joAKZhzmQMA=+GiJqeSYQcA=gPzfN85HQsA=xoYBXFj2QsA=mHQWw9yoQ8A=hlYHipxmRMA=LrdZnnMwRcA=fPdyBo0MRsA=iKHiGt3+RsA=QAcGx1INSMA=br1bL7Q2ScA=9LwNbn98SsA=yj3OkFrgS8A=MK+UCoNgTcA=Jv/ioC74TsA=8Tf3TK9RUMA=rYf2BsEvUcA=99ITIskSUsA=no4AXaX2UsA=EeRlBWfXU8A=5mMxWrezVMA=CUBNeTyGVcA=f4MB7eZKVsA=C0c8kJv+VsA=ovJerW+gV8A=aMLVf2EsWMA=bqQcEyChWMA=6lafYNb9WMA=Stq85e5CWcA=xZZksPJuWcA=W6w14PeCWcA=eKb1N4mAWcA=+KPeazNpWcA=YcjxNi4+WcA=JL3X+rIBWcA=s5v+Hre2WMA=yGjyb/9fWMA=MWNwv2z+V8A=FncPcy+UV8A=0NDgKJojV8A=qx0mA+KtVsA=G6AJg8UyVsA=h8+SN1ayVcA=3md589ktVcA=pytogcKjVMA=BFyUSywSVMA=bxd0xux3U8A=qBWxAJ3UUsA=+6hgZSgmUsA=eQaatBtrUcA=piL4j3KiUMA=xP7n2iqcT8A=lpsGjabXTcA=vi4joTr4S8A=oklIYnr+ScA=SH5GIcLvR8A=hozO1zTJRcA=ADT1t6iLQ8A=tDGV0zA3QcA=A1EeROyZPcA=BevLBj6ROMA=ScOI0WxUM8A=MoGlGAnNK8A=OkgQAyWYIMA=4HuxLCBDBMA=sMA0mfLTCkA=mmQZRUaMIkA=eq6KPp9QLkA=tXOfmhDvNEA=tVoUSIeDOkA=uO+BuULKP0A=mUIuzvBaQkA=3GfK652ZREA=bHA+c5qbRkA=W37HJIxZSEA=lJWQh1TTSUA=dhhUwUEJS0A=qv+EZRn4S0A=bmMUoNKfTEA=AtfZQVQFTUA=RDCURbQpTUA=yugrCasNTUA=IGVrq6ixTEA=ICNjfyccTEA=DqvuG8JQS0A=WHbtzlJUSkA=LpccaDYqSUA=SH/gqz/bR0A=hlX3z+htRkA=RpzRygHmREA=Wkm/LEVHQ0A=fGvovpGWQUA=7g84tFysP0A=bd5xUM8HPEA=s3oA87o8OEA=zyvGezlKNEA=NpdiGrkvMEA=b7648+jEJ0A=VpiGa4KTHUA=QIL3c0rzBUA=oN/tnEY2AMA=oKIxx3ehG8A=+kmxwzKnJ8A=eaYC0SK6MMA=T/YpYDeJNcA=tQCQWJU8OsA=09uZj2jCPsA=GAh8R8aHQcA=/JWwiZWPQ8A=0L8kNE54RcA=4P/FKQs9R8A=dsCbxfnaSMA=4ldaa3dRSsA=HMY53TqfS8A=ykszTMnATMA=dNNZHl+zTcA=Vi5tZ9l5TsA=xIbxRtoUT8A=AFsK1u2FT8A=EM5c7ZXRT8A=3rc2OOj+T8A=vsMG0G0KUMA=D11svTMLUMA=jDOh5WsEUMA=uNttCwXzT8A=oCvuDFbTT8A=UlvPmk6mT8A=AgCNp4hoT8A=Su2ySjkXT8A=xBN4HKqpTsA=QN/vbZwWTsA=5kedzo9XTcA=HHcRlHxrTMA=rg2zHkpNS8A=aLCDwaD6ScA=bHjEb292SMA=kum783nIRsA=JMFhTGzzRMA=zKB0TPH+QsA=HKt1Ib31QMA=3X3HxSzDPcA=H2DGLkOOOcA=Z1vcAdpbNcA=qwjNhIo6McA=SiHsWF5lKsA=/Nr8LdODIsA=IPh+z3iiFcA=4Eagkp+G+r8=4IyCZu05AEA=AOdGn7y/FkA=2H7etMO8IkA=nxTnckYpKkA=z7pRiFTeMEA=YOkoW1XENEA=76caTuPJOEA=Dqk7IuvlPEA=MiFSZMONQEA=UhZblAK0QkA=HB5+1qbfREA=PAcEH4QIR0A=VCB6KGYsSUA=qJp/V/9GS0A=bJc8VM1RTUA=JvqA5VtGT0A=67sblESSUEA=tRaqZBd0UUA=KqUC27FGUkA=smdBKSIIU0A=FqdW9Eu4U0A=QhcOZKpVVEA=hv88YMHdVEA=m5BeVUFPVUA=3KcKh72qVUA=D+ozulbvVUA=ZRSAIhMcVkA=nPflsqAyVkA=9uPd86U1VkA=Wy3THvEmVkA=L+gdtSQIVkA=9OvoPVrcVUA=rfvGDS2mVUA=uy8MmXNnVUA=P6l3TRQgVUA=xYcw2/fRVEA=Fq56eXl8VEA=4qErh/oeVEA=0nglqse2U0A=CjaiJaFEU0A=d2yHuVbGUkA=dWnPNqI6UkA=XayJeeWfUUA=6YgrCi/3UEA=zrZBFf8/UEA=7tfXWIr0TkA=VMX7fyhNTUA=YoYogU6OS0A=zCfOxCO8SUA=ok/zVUXZR0A=wFqV+MHsRUA=GCO9167+Q0A=CEISr+AWQkA=EDVsy7g5QEA=DrGvCZ3aPEA=z/MB/kVzOUA=Qphxl2tCNkA=SAk+Cs9BM0A=ruWETRxyMEA=Wl95MAKfK0A=7MH8+4eYJkA=aD/Nh8uuIUA=BElbXwWsGUA=qMRSGMvvD0A=gEudUuaq+D8=AJu5FSyo7r8=2DFCevutC8A=wAVYfI63F8A=/kxnnJKlIMA=eOsUG6c2JcA=tnFuZ+ZqKcA=UvuNsVopLcA=cTS4ta02MMA=LejkKQ6XMcA=qcpLvp6wMsA=kYIkNEyGM8A=yQGq6W0hNMA=F3KsJMqDNMA=l/2jCzitNMA=OTpP7pGcNMA=tauHBSNRNMA=bVuuYfLBM8A=0zSfd5LiMsA=fTOqFJCkMcA=vcg2sKIDMMA=Utr/Sc3dK8A=WqfDwCO/JsA=jryBTlOnIMA=eHcy9rlUE8A=4KSOcmzn7L8=8HnS50FBC0A=9YMeAmcNIEA=HRygcuW8KUA=rxcP1kDiMUA=dSbtfTwEN0A=TLe9Shk2PEA=7grGyeG1QEA=cI2GfaFTQ0A=U028+Y/0RUA=Sf13BgSYSEA=gK9Et5s9S0A=BMcb9snpTUA=6rJd1PtOUEA=r7F2LECrUUA=9O5jnJsIU0A=fchIBH1nVEA=+HnrPx7FVUA=al49kvscV0A=P93ZEXVsWEA=kAZfXUWxWUA=BmWevSroWkA=vIaM4tQLXEA=umKWGisbXUA=AHwOWVgVXkA=3LjYhNr4XkA=COCZTZvDX0A=EbgLPCs7YEA=TLqPwOmIYEA=JI5FxHXKYEA=MHFhbSX/YEA=6c6ItlcnYUA=8t2wjdtCYUA=7PPvgJpQYUA=+HEC/29PYUA=0pzLhKg/YUA=O9AwCCohYUA=kTUYDcLzYEA=ZjFfxq23YEA=umwMsaJuYEA=YpTlAfYZYEA=Usc0SoN0X0A=R3vUcB2iXkA=mJFNAbTAXUA=ugTDb7bSXEA=DvDqTwXYW0A=WCU0Y27TWkA=YV9RDunGWUA=WRl/eoGzWEA=io0LtnKZV0A=vYKsRCJ8VkA=KREtYH9dVUA=qvE0FMpAVEA=7A4LbbonU0A=k3Wo0igXUkA=hAMA540SUUA=9Ycl4sQbUEA=1pEHRZxnTkA=wJ4kmR67TEA=TlfPuFgzS0A=rOvvvEjNSUA=zBWTmpSESEA=kGpuZrVYR0A=G7HLpz5DRkA=OU7EbhI8RUA=poH3KCQ9REA=fuSB+ZhDQ0A=l6AUg2VKQkA=ZvjOGpxLQUA=cYnVk2VHQEA=JOJkI+WCPkA=fNZkyXF8PEA=2dLBlGt/OkA=52kH5LKeOEA=DfP55aPrNkA=0MemjQpzNUA=+1e2JM46NEA=QrkkZmROM0A=MCFkoO+uMkA=MeT4WWZZMkA=YlzRKDg9MkA=UaJDNENSMkA=Nh5U2tyGMkA=CmzGzLXHMkA=d5TN/eUAM0A=5z7JFnorM0A=niK3QolAM0A=2FXI4vQ8M0A=yB9iTf8jM0A=f/AyjkcJM0A=psfmtKH7MkA=AOvS4loHM0A=FDsd+ZE/M0A=l3gdl6i2M0A=JAcIFo53NEA=EW/WvqyANUA=/Wy3YF/SNkA=fhsFZnhkOEA=9RmXY+olOkA=EINZW1T/O0A=JMEwdTLgPUA=QkL2i+ayP0A=loFnSRKxQEA=4O+cwmNrQUA=cgO3xCQFQkA=VE0adSt7QkA=AL0xQ3fLQkA=disE0M70QkA=srMrucD+QkA=mh68C6/sQkA=+OgFmFTEQkA=Ru/VQoWJQkA=bglAeYBDQkA=nvL7CVf3QUA=j258fNqmQUA=fPDsqXNSQUA=UL89pUr8QEA=Pvgl5l6nQEA=huLkRFdQQEA=nvMCCHjvP0A=rkW5Kvk/P0A=xgpRQsCWPkA=SJwsdyzzPUA=uOyIB7tcPUA=EgZJNYLcPEA=KrElYdt4PEA=/mo8hrwuPEA=WYwa/cIDPEA=N8X6AO72O0A=vQ4IEIUCPEA=f6gkgtQWPEA=RP+baz4tPEA=WPybUwI8PEA=hao8OPQzPEA=KO6Ud88DPEA=v+4ZDcmuO0A=3VR5kZkxO0A=oPWKnTeKOkA=yCIw++i5OUA=R37uegnROEA=Vrv+txrfN0A=6U4YUuzrNkA=/me/Up8ANkA=kfnyMisvNUA=Zk8WTUd/NEA=T6fvGwbuM0A=AJRUsX18M0A=WoWwDTcoM0A=0LYXHMTqMkA=lOP9HJGyMkA=b9skzO10MkA=on0zBaMoMkA=qy28gby+MUA=aGLp+TsjMUA=nf9226pPMEA=+GGAkgl2LkA=aslnA8m/K0A=ykNdZCpmKEA=qlbrrOlpJEA=YK3dWUKnH0A=lsizQ7tUFUA=yICb+VrOA0A=oMCV22Z+478=EGNel6jGDsA=SA7wGhbHHMA=jrKin304JcA=boNLcyL+K8A=b6sHPdNMMcA=LYRUMN98NMA=zdZlvtSHN8A=f3QBaAtgOsA=G1ciDuQCPcA=k+6y3sR4P8A=yq/qGebhQMA=AIKK3TTyQcA=dEleBCHwQsA=7OVSkITjQ8A=zO2bZtPMRMA=wtQ+NvWqRcA=1iCq3AWARsA=EAKK/q1PR8A=Ps/igE4VSMA=yAvDcCrOSMA=2ADncfN4ScA=4inMv98XSsA=1GOy/dCkSsA=ZnDIBZwdS8A=/K5gAuuCS8A=epk8rhbYS8A=UB+rujYYTMA=Tuxu0KpETMA=4ng2KgRgTMA=oL+ly+NsTMA=iMJHWP1pTMA=6ItS5XZaTMA=7KG1p3FBTMA=MFebVMsiTMA=LsAL69z9S8A=ZMQRp0LXS8A=6nNqv0ezS8A=kpNGJc+SS8A=GGQYPfJ0S8A=XpOwoM9YS8A=Cj89noA/S8A=OBn9IRclS8A=ihuiDQQFS8A=6IPLMFHdSsA=uvQobkyuSsA=3Ck8Qk5zSsA=1qnPbDopSsA=+O0W7MzOScA=KtIUAclnScA=MA9qRA3tSMA=3jyHbZ1dSMA=Hgok1Ju4R8A=VroxnDH9RsA=cI+A6MMkRsA=muUpyIcsRcA=Coq0q4oSRMA=6lImn0TXQsA=wtLkY8p2QcA=kwtsMVrjP8A=59Xcw6icPMA=a5MeWrokOcA=T4JGzRqENcA=XSgKp0DOMcA=puhBUJQ3LMA=+NAPuR77JMA=AJhK6jIWHMA=mCpDo5goDsA=IAPk5mc06r8=0DKZsaH6/D8=FMnJK9xXEEA=qrLZo7zzF0A=tKJAV3HqHUA=2oHWAYssIUA=zxhOE4KjIkA=G1AxWc5fI0A=sLTc4C9eI0A=KYzc21e8IkA=XyKRWYuHIUA=tpDbUv6cH0A=9ozKtPo0G0A=KsihWJoUFkA=IDgJwJpcEEA=wA/WJhQyBEA=YFAGaOt46j8=4BdApC8r778=qFC8jeMDB8A=NM5GRx+ME8A=oAZWBIAOHMA=gDe9EVZ0IsA=5jvApRgLJ8A=krmv4/bOK8A=GbU56lJWMMA=J7dFPkTHMsA=mUyx9swuNcA=u4DAAyuON8A=6WG5qyvZOcA=aagGEIYHPMA=n7r5deIVPsA=Yk5HTkAEQMA=mDNIFt3tQMA=JEBztGXIQcA=9nPNeyWVQsA=nId5lDRaQ8A=BKRKmJkYRMA=xmuBbz3URMA=RPHHztWRRcA=gMQ3b99ZRsA=yOh73g0uR8A=OrQKCUsSSMA=AA0xP+sMScA=dL+wh/YgSsA=wAoxULBLS8A=dgMYKbCLTMA=4p2yVvXgTcA=iGUbKs9FT8A=pgMbjmtZUMA=T/KbbsQQUcA=IupHeArHUcA=NejvG594UsA=QtNkmhsiU8A=cuEV2XLBU8A=KaWrthBXVMA=xTmfEvvhVMA=dByU67hgVcA=+854VFHUVcA=Mhiho9A/VsA=OO7yMr2iVsA=gQNH31L9VsA=OqcvFb9PV8A=O71hUQibV8A=etzjCUXdV8A=pbkhXzgVWMA=zSok7VhBWMA=8H5EN4NhWMA=I5xkMS1yWMA=UyC6y3tyWMA=rvWA05hiWMA=FsKHPTtDWMA=lLmkojwTWMA=xasqQR3TV8A=bFGPFyqFV8A=2xsZYdAqV8A=CT8j6tbDVsA=tkm5Q6lRVsA=fZL+QzDWVcA=A97pLHJSVcA=i23i/KjFVMA=n6m2zHgwVMA=w1ugJL+UU8A=oHIrI5jxUsA=3iBJiQZHUsA=+ZfjPqyUUcA=XwVVGY/cUMA=xLFzb0kcUMA=nHjJue+mTsA=Ms83Q9YBTcA=FFKMVl5MS8A=tHUt6a9/ScA=HgfJdCuZR8A=VhpzfnmZRcA=5KR04RaDQ8A=7nvaLHxSQcA=BYntynkWPsA=u1ehj6hnOcA=3a/QCceiNMA=XgJsZJ6bL8A=jld/HFHrJcA=VGTq3vijGMA=AM8G1Dka978=MCMIkFWGCUA=thgc9Q36HkA=L21hnk9fKEA=5PcaphSNMEA=EWFDpwjZNEA=/yFK1OYUOUA=iK3fvEA6PUA=7f6e0k+mQEA=atQqVduhQkA=Snkg4FyJREA=FhfDmIZURkA=pqHTZwD+R0A=rM/Wn+l8SUA=Oop5PgLLSkA=NK4017DfS0A=LnBgktO4TEA=jLLRSdFTTUA=WHXPgrWuTUA=al8rF2HJTUA=xuZ+DGipTUA=ho2xn+ZQTUA=3jS4XMTCTEA=qqOpuhcCTEA=9o0oYKMUS0A=A1HrvEz8SUA=mNRHemy4SEA=gE4FqTpLR0A=WpYsS0i2RUA=HjAvBoz7Q0A=vJAGs10ZQkA=Cs6FvRcUQEA=u7UaBCLgO0A=n2CnLrlmN0A=r0XxVk/AMkA=NIvRSqn5K0A=eTkEzoFWIkA=BFO3D/ZlEUA=gFn1wznf3L8=CDUY9nGsFMA=HMe90MqJI8A=cuyBcjF1LMA=C7iWjjGJMsA=UQjoQOyjNsA=pzXFyK6EOsA=0T+C65YmPsA=YFTQ+8rEQMA=GLho7cVSQsA=Nt4NWEq8Q8A=yJNHlTEDRcA=AFHwRoIpRsA=aqmNOgowR8A=Un0Om0QZSMA=WE2aWzHrSMA=AMIALoynScA=KpvAFU1PSsA=2JhgvT/hSsA=UNUoE19eS8A=5rFpXGrAS8A=wrmtdCQCTMA=lgJ+5g8dTMA=bJ5Yn1QNTMA=HohVFfvLS8A=0qBCWuZTS8A=/GSQfCmiSsA=MGFNzHO5ScA=GKR+JpOXSMA=ROHnBpU9R8A=EKLG4YeuRcA=hI6IbwbvQ8A=MJreLWb9QcA=qZAt/Aa1P8A=xUFKGdYOO8A=A5LKJxsMNsA=Uzql6c2lMMA=UvwAJGOwJcA=3CAXSG+eEsA=sA9x2vh0/j8=wUooc2CtIUA=C0KvzE8iMEA=HQN7cBa8N0A=7mHTvW+ZP0A=xaO8y4nYQ0A=lvSMDbn6R0A=jtZ40PknTEA=4mprIXMsUEA=IDFgmVxCUkA=GFfLVCNQVEA=GVqhYPpOVkA=iNyLDXs6WEA=IfUKYaANWkA=iqfYuLLDW0A=ooXXfoNWXUA=xcR9keHDXkA=edSsc5QEYEA=lAApYm2SYEA=9p5BamoKYUA=4j4cNXJtYUA=cw1XGUK8YUA=8lbBaeb3YUA=DMbElj0hYkA=99+FNys6YkA=P0jsxA5FYkA=ijbk61pCYkA=tVbbkjgzYkA=VrK/nzYZYkA=u7y7iSL1YUA=tfJ2aK7GYUA=OrQrQe2NYUA=I1nBhylLYUA=dXpgqWX+YEA=QzseFYimYEA=OYYzdjNEYEA=QG1PZZewX0A=TGMGEoDHXkA=fbu45p/NXUA=LV1B41rIXEA=lCYt2cC7W0A=whxrQVqtWkA=DUfAU0CgWUA=kNO2s66bWEA=/79mpqqkV0A=X7QN1mi+VkA=LD84RhrqVUA=m74sXTkqVUA=NTE73QR+VEA=AdknYsnhU0A=pj9tTQBRU0A=uA0h+S/IUkA=ns91CKdCUkA=nf0EGgW7UUA=TUxGmb8tUUA=y3zJ966aUEA=pImhwywAUEA=WPnD3iO8TkA=zCr5OkZuTUA=fsYklUAcTEA=0MrNc+fMSkA=8s9hL5OASUA=jMXwP489SEA=u2m4Zc8ER0A=TlGQHKvWRUA=niZRJ6WuREA=nCYwqkuMQ0A=CMJhAJtsQkA=A2yOlYpMQUA=dJpaVa0oQEA=yr1IvrAGPkA=X25PKIDCO0A=BL6WybCLOUA=l0c8Z19uN0A=SAc5GO5+NUA=s4fa4M7NM0A=gr2o3KFqMkA=ljA7KT9hMUA=73D8Pwa9MEA=M6oPh2uAMEA=Jxe33P+kMEA=XnF6HWQjMUA=mcHQhwrzMUA=9QmA6NMIM0A=H2e+BORPNEA=zpX15qvANUA=hO4s52tQN0A=gXoX9JX5OEA=qOnwnlCwOkA=nVcyVWt4PEA=Ak1qW/VRPkA=v7ayVzYeQEA=ko2nYAMaQUA=NCJaJskeQkA=wsZIng8rQ0A=cnD36wo/REA=SGicN4JWRUA=4nC7j6dzRkA=nFVLjEGVR0A=Ppn3j/q7SEA=lHqjNQzkSUA=dFpl7SkSS0A=2ugfk6BDTEA=DPk37Yh1TUA=0r6HSTSkTkA=HIG1xMTMT0A=FkbHuZt1UEA=b/8I1yn8UEA=oV2YpJB3UUA=7pXnAZHmUUA=hVTJLc1HUkA=9W0UruGZUkA=R9JeCmndUkA=VYdU53gUU0A=0J83WWZAU0A=6bd55hJhU0A=aQ5hrmp4U0A=yqOe0byHU0A=YdeT0liOU0A=lCrwvvSJU0A=orYLscp6U0A=UY/shexeU0A=Bb8Klqc1U0A=Cw4H25b9UkA=q8dBPHu4UkA=zT/MpZJnUkA=FOe8INMMUkA=5iNWJ+yqUUA=gK57uVtGUUA=TPpqgn7iUEA=LHCpWAOCUEA=/umjuOEmUEA=bh+48iuoT0A=JGWx0LgVT0A=hMEus5SUTkA=ZpGgH1gkTkA=0srmJ83ETUA=Sn5iOxp0TUA=Hvn8haUtTUA=yv1tJffwTEA=xBhsn7C8TEA=kMnN4wmPTEA=7jwczDxhTEA=MFad5jIzTEA=DOFaBo8BTEA=sv+1dlrKS0A=4qr4m0CES0A=sB3pkhYvS0A=CpaeFEzGSkA=9qVtJ81ESkA=zfBGF5qjSUA=zD+xy3LjSEA=LXnDu44ASEA=QvJGIkf5RkA=rK7WW2zLRUA=XpNngd57REA=eCR07aMNQ0A=btFtTp+DQUA=WDApgprHP0A=gHBclCFxPEA=Xc3A/AoWOUA=rJTLHXrENUA=OerPDSiNMkA=njRWSg8RL0A=EkMxwgOGKUA=BBKV8UeCJEA=k0Rw/PYeIEA=kOeNDLe/GEA=LNAxAiKREkA=oNFswf4VC0A=8FFS7TpuA0A=gENQPFAh/D8=gLO37k9f9T8=QG2W813k8T8=cHuLT8LI8T8=UJKrDoN+9D8=wD9RDi+V+T8=kBKPU/QTAEA=sBNFY84QBEA=QDDSQ6VqCEA=wKJDfPrEDEA=uEn429BgEEA=vMXSDO8gEkA=5KZlE5J9E0A=EPbVvJ5ZFEA=PLnmNfSlFEA=rG5EYTd/FEA=5ONehrr7E0A=DOzNI7MeE0A=gBRcZo0qEkA=kNxDHclYEUA=HODiRDbbEEA=lNGhv03BEEA=hEJbwJpGEUA=EIq6jrKGEkA=wKKCtZeCFEA=knMbINoQF0A=YFaAg4lBGkA=Fu8WJsblHUA=bQ6osPvoIEA=jIc3wlHoIkA=JWHJR4fjJEA=RbJp9SXHJkA=8ghhQoN4KEA=9ANmJQPhKUA=b9+Mzg//KkA=EpWch4m7K0A=sSWeI2AJLEA=jqmg7pjXK0A=baAOYvIuK0A=3mZFsxAIKkA=BtkitI9lKEA=QM+7wnZcJkA=O/5A+qwFJEA=uXG756CCIUA=+strh1nTHUA=XjcVIiTNGEA=1FRauy9UFEA=dOhnbrSgEEA=wGjDAcOWC0A=gEOgNBABCEA=qL//1/+iBkA=AB+OXAVKB0A=SM75/sR1CUA=CJDnWP/lDEA=5IZAVEyHEEA=IH6Vx+e2EkA=PJlotSmhFEA=3Fm21sEkFkA=uKtIw0MHF0A=yt6a3WkjF0A=eDebvKNSFkA=yEdUbdidFEA=iI8Xlo8EEkA=OIXhJ0oGDUA=IIcQIbdQBEA=gAPsyfSW9D8=AIF/Z5RXu78=wM0zd7Yw+r8=MNROElc3CsA=tOJxC/D3E8A=iK0iG6kBG8A=HtQYvYEoIcA=ois1dJ/fJMA=KgoAwBCgKMA=Ps8dojNgLMA=yRsxjdMSMMA=rY4uiIrvMcA=nUZP7ZDAM8A=vxCV5umANcA=Yyn03JYxN8A=GazQmMbIOMA=+XhCxtNDOsA=E7k4rq+jO8A=/ynETI/tPMA=U49DyrkdPsA=n6GqUlA7P8A=QPKRSdQnQMA=cDEAW7eyQMA=GOVqwDZBQcA=lD9K3U3WQcA=JsadWaF2QsA=iDgGdKglQ8A=/gc3R+jhQ8A=3Om4ClGqRMA=HEJmxHqARcA=dn/vGwxjRsA=EuIRLzFNR8A=brloKmE9SMA=xjAIPNo0ScA=nkhzzC4ySsA=wjG6xL4zS8A=XOBSo1Y5TMA=Zl8p2zVHTcA=amFgwr1bTsA=moQKDOR1T8A=EbfDLDJKUMA=wbrmuIbcUMA=kLYhZuBuUcA=g2CVQ4j+UcA=CERgnmKJUsA=gxUTX9gNU8A=7TBOXmKGU8A=rtVqoGHvU8A=1eOYb91GVMA=IxdtiZuKVMA=Qhf1hke4VMA=Bi/y263OVMA=JV4ex4DPVMA=EFaN3Ta9VMA=Ek3b4UeZVMA=ap/coNNlVMA=ZhEmiIwoVMA=+Jye4vDjU8A=2ty+sVKaU8A=bHhymsNNU8A=quDtbaQBU8A=kPkDb5W2UsA=AK+gKoxsUsA=+7Er4oMkUsA=Hz9Xj8HgUcA=+TZSmyagUcA=IxwxGm5iUcA=Kz9sqZ8oUcA=B4TGseLzUMA=Vx3Ao0fCUMA=FqSKreuSUMA=kgN02KFkUMA=ljj7b+g1UMA=nafuBY0BUMA=nl546lyIT8A=LBNhtdT1TsA=7JI5xUpETsA=ztONYklqTcA=nrkeb7JjTMA=LGvkaYwvS8A=DANJ0V3OScA=lrqSY8g9SMA=cJGBr9GCRsA=3H+45RGnRMA=zkk+gUmvQsA=DPOFRa+iQMA=dW50FxcSPcA=j7Mi7UfaOMA=5d/RRXCqNMA=1zDp6FiPMMA=oqk3EXcpKcA=TLxK0d+WIcA=JLdp9FbRFMA=EEEjvyAX/b8=QMqnJo9x9T8=sMJ9W1ITEUA=QMIQ07kAHEA=rBGirkoaI0A=ce9wUhfkJ0A=TilaM1VeLEA=MgU7pMtOMEA=iBV28URWMkA=efeHpW5CNEA=WVgz7QQUNkA=Lh/o+z/KN0A=9Wd8A1FjOUA=woK8zzrQOkA=mJvc86EHPEA=soDGcx4CPUA=BGIr8oS0PUA=ZL9AyCIMPkA=lleM44oAPkA=hgOfCk2OPUA=vIHG1PWuPEA=Fz8AEHZbO0A=zm0A52CZOUA=VMAxb6lsN0A=2IL10YzcNEA=JJSMJIjoMUA=+/PKT2RELUA=wUq9M10mJkA=HFjQzlISHUA=iKQEQsbbCUA=AGWQSm/O7r8=LAwJI8YaFcA=hG3f72RWI8A=WsmAe2JCLMA=2c6ELKKUMsA=xTlKDuf8NsA=IXoLLshUO8A=1fgbj0yUP8A=6owOqrfXQcA=MH9y6qLPQ8A=SlgC+0KvRcA=GpauRYl0R8A=yv9X25gbScA=2NPLsKeiSsA=rvH4tB8MTMA=7jExae1WTcA=4JdxjuSCTsA=mC1x6LWRT8A=8pT8ufZDUMA=dJEewHOyUMA=jAu3E1wUUcA=NXYOA7RoUcA=Fi+Gk6CwUcA=oKW9+8ToUcA=Kr0qkR4PUsA=YmK4870hUsA=BUFtcgofUsA=6RXNdJcDUsA=UPxq/WXMUcA=WVhUdVJ4UcA=8E+Sv5sHUcA=xFwU4I14UMA=HMY4tpuWT8A=UKdAPP8DTsA=CKRwdvQ+TMA=9k6F0WZKSsA=rtIr1dkrSMA=dmIadffrRcA=Mj4wQoGQQ8A=mEcaXGsdQcA=r++qHH8sPcA=lV1U6bsFOMA=xWcFS1rJMsA=Js89zuvyKsA=8F0jUZwsIMA=WP+w35VfBcA=AOvoMn0+BkA=dy2jTdyHIEA=ZJL6uZ+IK0A=ylqHDs07M0A=P+Hk+lasOEA=StaMxFEQPkA=Fl1aDPCvQUA=LV2lxq9HREA=KK1PCPLPRkA=EBQzjWVHSUA=EiuU+hqsS0A=lO3pm9/6TUA=gBv/Yk8aUEA=upqqan8sUUA=EzZfy8sxUkA=B5ziVZAnU0A=Ena/WzgMVEA=4b+ZsQrdVEA=H+/c4KqUVUA=qZ26UbYvVkA=dhpqenisVkA=JVWDvxYJV0A=/t5Hh/NBV0A=Iy2c9t9YV0A=0dQ9WXxQV0A=rBrJc3orV0A=4Nhew8zrVkA=Jjj+I5uXVkA=HY6z4OwzVkA=738O5mbFVUA=MIZyUghPVUA=NgYayePWVEA=4Wwy7rxfVEA=zEuzsKfrU0A=EGGGHyp7U0A=s6/rk+gPU0A=W/bzVU2pUkA=o685f69FUkA=tjzUNTbiUUA=9MMDg7Z+UUA=ITTE7BgZUUA=0juMKLWuUEA=gTqSjW09UEA=VA1DEbCJT0A=dK868GWJTkA=YJ6FP/x0TUA=5BJvI+xMTEA=RpVha/USS0A=n6K6qWPHSUA=4jBVuwZoSEA=GYAUxwT5RkA=oCjR9zN+RUA=ljSDoeD5Q0A=7bi55MxqQkA=7JsSDIbWQEA=uEu61IqAPkA=hB5qXQFSO0A=o5slbLwgOEA=1msWxMD0NEA=mSg1K1vNMUA=Bvd/uH1aLUA=SS5q3qshJ0A=1sy9c0z+IEA=MPLystHqFUA=uNYx3W8eBEA=QB10UuID2b8=oO8UiKF7CcA=ePZEUnxhF8A=Ah/K+xO4IMA=hhjfdKxiJcA=9kPFZNaUKcA=FjTPEuc8LcA=OSTdhVMtMMA=/y7dWRBvMcA=fzrDLqBgMsA=j7TuU2IDM8A=e6Q5hCtiM8A=3WXeb2l+M8A=1Z4RkTpfM8A=CzcvIU8NM8A=F3sNqUmTMsA=xSIlPM3vMcA=Zy19W30kMcA=D778B8wvMMA=mhJpbIUiLsA=AsiaAzF7K8A=Msmb0axZKMA=BmwwTAq1JMA=hMNgwJeKIMA=jLtVuW+aF8A=gI5S024ECsA=wCn0kgVv1r8=MDYWG+YoBkA=VtiRqnNZGEA=X+kVhGUbI0A=JpV0d+04KkA=GWXcrw+2MEA=gV3hlTFUNEA=OSpjcovsN0A=g5yn3f9uO0A=JtcSRs3WPkA=DOwNNugPQUA=OFnqi52iQkA=BcwYElkgREA=NKDfoZ6MRUA=/WQ7jTTpRkA=slSyw9A5SEA=GvfRCGWBSUA=7iqX8jbISkA=Iv6DawoVTEA=Qr2aySduTUA=0Ij2V0nWTkA=MrCeH04rUEA=T96KPuT4UEA=FyKmnanUUUA=BFVZ5oC9UkA=Kf6NQIuzU0A=XIrcwoS1VEA=B+DgTR2/VUA=qj806xnMVkA=NzGCLU7YV0A=Dm/qtszeWEA=lKHsPSjYWUA=oRVVVi+/WkA=e9erj4+OW0A=QdL2tiNBXEA=kn7jDUbRXEA=UyVuN9E7XUA=Oftsmhh/XUA=ltlt5MaZXUA=p2YpSvyKXUA=5uk5I1RUXUA=IebZbQL5XEA=81thj5F7XEA=Wd3GWV7eW0A=LRJi0w8nW0A=QVXLPa1ZWkA=r5lS4eR5WUA=b9rNpsKJWEA=hTnalieOV0A=lCJSwEeJVkA=S9DxG6h8VUA=30l859VoVEA=kGQWt6ZRU0A=2aHjNos5UkA=Nvhtu+0gUUA=AdNbzZIKUEA=PNJx9cf1TUA=ChDwzzvpS0A=Ii42gDDzSUA=elOxgyYaSEA=apMiM5dkRkA=jorPAbPTREA=nG3CVc9lQ0A=/FuFnOwbQkA=sG4gDir1QEA=QHLM2qjcP0A=XR8EpdL9PUA=g5ngOsJKPEA=1yKhrZe5OkA=Ure4vttAOUA=3ljNHjDQN0A=f475r4ZoNkA=cSKtmusENUA=JgcHvWShM0A=bA8dgo85MkA=mD83ku7TMEA=vAc8lI3tLkA=1mpkIztFLEA=9atZx0a7KUA=cNtbUqRqJ0A=EGeojCJdJUA=jV2FHyKcI0A=23hOpJMvIkA=vrTHJ68tIUA=YCT8RbufIEA=hFMm9sCCIEA=UhLSVKrkIEA=j5rw66vTIUA=1V9NiupMI0A=5O3NunZGJUA=rXK6inHHJ0A=fCKROL/IKkA=h9trsQ1BLkA=gJCSkBUJMUA=4K9FOsQcM0A=h4QeLpZSNUA=GZIq3HagN0A=XswLTEz2OUA=pd53YuhUPEA=EizWBVi1PkA=owFto1yIQEA=WeHlAhmvQUA=iYIkZY/QQkA=yPEUS+TpQ0A=fPVMPpn4REA=lsdrCUD7RUA=4NmisMjzRkA=srypgt7gR0A=/D46JBnBSEA=s25fy62TSUA=ykPFPP1aSkA=+IBu6AQYS0A=HN2NSrjHS0A=qFK8N0trTEA=xHY8ELIDTUA=rubP64+QTUA=PG8wh8ILTkA=3N/Rnop3TkA=SB196LvSTkA=uCUiLHscT0A=whMOpCtRT0A=9IvXO3hyT0A=9Okwr0OAT0A=tm3HwEx5T0A=WsHVy3pbT0A=xDHIJ+cnT0A=vrCC3gbdTkA=/qJzMTJ5TkA=ksOloE/3TUA=nGiS6/ZXTUA=fmsCVBKZTEA=tuGF6GS4S0A=2p1AInK1SkA=f6XQbCeVSUA=D2qcgHFbSEA=Oycp+r4MR0A=aa9jWFewRUA=5ihqelNQREA=dJ2PcVb2QkA=8mk1sBGoQUA=QDNSMsZvQEA=4dfy0NWpPkA=ZhnFpa28PEA=sRacvekTO0A=9FzRwOe3OUA=5m+yXtGkOEA=fXQkWA3TN0A=/PU6XRguN0A=GkTLnCOtNkA=QJyCDtE/NkA=nqpRxavTNUA=8ftxmCxTNUA=KUg7KwW4NEA=c9thaNP4M0A=juUBj1kQM0A=HOr3fRb5MUA=VdeLOa27MEA=3Bjs5ay7LkA=mrO9yAHDK0A=Jn1pgmeWKEA=4H/GSkpOJUA=84peQaz6IUA=uLkXngYqHUA=chcM52dUFkA=ODaM8McYD0A=QMz99/vfAUA=QMl1qaRk4z8=QFZjm8Rc778=iCn5Z4fkA8A=cDRFkv5CD8A=7HIkD7YOFcA=II1GZlYtGsA=OCxaD/8BH8A=VGGeyC3IIcA=BvrO318KJMA=7j9KkRE/JsA=igoASatsKMA=eiLsEvacKsA=DlmO+yzaLMA=0q585CIOL8A=Sz2RCimXMMA=FV7tF1mUMcA=12Na4PB4MsA=JdZMjkwzM8A=SylKVqW6M8A=PYOljhENNMA=G0eklPwnNMA=EdkdiYEJNMA=7z4GCLa2M8A=T+sVXx4/M8A=QTRf7v+vMsA=EQHPb0AQMsA=iRoVNF5tMcA=E6eKomXYMMA=qefZCz9TMMA=UuLceDW8L8A=JrKW+9nxLsA=spkrVSBTLsA=xtg5XoXSLcA=YsKwfhVoLcA=gvkzM6cZLcA=Nu3mp/b/LMA=oqTlXxAULcA=9iAK70pnLcA=TglNLS4RLsA=ToSbQ/0mL8A=KcRg7exSMMA=VZnb4MdEMcA=yynWLqdpMsA=E1I6a4q6M8A=HV59JGckNcA=4SQXyYCWNsA=iRG/MY8COMA=reu/57RYOcA=8404q0mCOsA=E2Ur1pVwO8A=aTZgTYsdPMA=oRlBqg9+PMA=GTTPQoSLPMA=C5fNa2tAPMA=NWfxas2lO8A=bVfLioK4OsA=k8Qvmat3OcA=GWZWjPbpN8A=waUaPuAgNsA=Ux1EiTUfNMA=H8qG0/TxMcA=Thsjny1UL8A=GsTVw5LAKsA=IgeDwpU2JsA=2NDMyCrbIcA=tD8KhbGTG8A=JB38lQM4FMA=IOe+0Lg2C8A=0EiTTKHq/r8=AE2Dd1It5L8=wEJzgDGf4D8=4I2rdAVU+T8=MOakWlOzBEA=GIc/jS5eDEA=BDjeL0PvEUA=yNvi2DW2FUA=BlPHu8J7GUA=Si/T7YMZHUA=4q5S1Zk7IEA=B/7Gnq/DIUA=luL3bf4QI0A=10+g4EMEJEA=WUTkk7KaJEA=u6hCfu/GJEA=t0zvf8p/JEA=b2X+O5u6I0A=7xVcqdyBIkA=Ry1Fo0LYIEA=UGAtdP6OHUA=npefNa6ZGEA=hOPsq4z7EkA=8O0TXdaDCUA=IJjyXCn69z8=QPhj5pka1b8=kBdQnMLvAcA=eJGB2nzvEMA=hKqlFJcmGcA=UuqPFgnLIMA=dKId+h4QJcA=sjSAOsRaKcA=HgYAk0ywLcA=pROCX7gLMcA=uZKI0FdDM8A=J2/Lqmh/NcA=Ib1pa5THN8A=ybdQOO0YOsA=d1lHM7NvPMA=HZxCExvIPsA=dLpBbhiSQMA=ytkoTf67QcA=4pUwOOLdQsA=OkBve5nyQ8A=+EVS9iD5RMA=1h41SGHtRcA=4GKNNtTMRsA=VE2029eTR8A=NnfYgAdGSMA=Rp1ctQThSMA=1gGyBcVmScA=uvyjGEXZScA=VKpd7Yw+SsA=7BhZ9ECXSsA=rB3Z0v3lSsA=9F5lVagtS8A=BAK/hIlxS8A=wFX2Mu2tS8A=RAl3BAzhS8A=bqPOTAkITMA=DLNWqOMdTMA=QJALukUbTMA=GD2zXwj7S8A=LoocRgu7S8A=xgX3HmxYS8A=4IFqKcjRSsA=1N0XNK4pSsA=/BNInARnScA=HDnKVimNSMA=bPLyneuhR8A=GpJsySmrRsA=rrJnQIuzRcA=ErCcHd28RMA=EmY/7n3KQ8A=ksix3U/fQsA=4ERqkXsAQsA=1MebBl4rQcA=hqfAVqtdQMA=q1a8XCwvP8A=CaWxKf+yPcA=6ZGDloo7PMA=faTXXWfCOsA=LyYLQhJGOcA=HYEmv7rEN8A=wSD3aes1NsA=zbUEWeiXNMA=2ye3gE/uMsA=sytl1984McA=spSez5vsLsA=agW6n+FOK8A=9jW8ukipJ8A=bBqvVJn+I8A=iEJOR0tUIMA=6KYVdrJXGcA=kAM/T6w7EsA=YLuW80ymBsA=YGiLyymq8r8=AMTbR46W2j8=kHQR/bIh/j8=QOZyJ/kCCkA=pPHRs+sWEkA=Yg43oMXKFkA=auCn+3IIG0A=roqM5vgKH0A=CrefldNoIUA=UFbW/3s2I0A=2K6CqGPpJEA=+Oal8uKVJkA=U5zcIVA2KEA=dobYpDK/KUA=tldfDKclK0A=Bu+AycduLEA=9BcbpWqMLUA=nIJJ1J9nLkA=SM+vptL8LkA=vH2zEsJNL0A=azFqk8VPL0A=LDieoXTyLkA=LFlGZMs2LkA=Ws5aGxgbLUA=BDP82RGfK0A=Swx/SXGsKUA=Igft2LtJJ0A=s5MFduR5JEA=1xZk9Rk2IUA=OoxYqLrkGkA=cCT9j4d7EkA=2CFCK8JxAkA=AEKnwuImyr8=uIvxuVxNB8A=8DFdV+QRF8A=hh7sLXB+IcA=Yul+HZWoJ8A=wpSNWAX5LcA=LePfpMgpMsA=tXV4sstSNcA=GddXCTtwOMA=ld5HMi13O8A=tz/7AYxZPsA=YvHB7wKGQMA=qkW+CQTGQcA=kBHiadXnQsA=6jfrPWfnQ8A=8paOAp3FRMA=6KB1ufeGRcA=oPx15uAsRsA=cgHZMWe7RsA=YAW8gnE4R8A=mm8VYWCxR8A=MJFn6QQpSMA=UtFQYc6nSMA=XOnrTu8yScA=DmKRTEDQScA=8MTkIz19SsA=+lZ7Cgs4S8A=pv11Q9f6S8A=8BjDnmvATMA=DiHG1NJ6TcA=xMjYXh0fTsA=Tk20qFOiTsA=nD6kBVz6TsA=9jNoFDcaT8A=Mk5eyWj6TsA=vrNOF+eXTsA=pA1/3RHwTcA=NGU+eksCTcA=4qWNL6fQS8A=Hga1fqliSsA=xtgXnyG9SMA=LJVkjcvlRsA=PqRlca3jRMA=Sr+c4RPAQsA=ws7cs5uAQMA=hYACeR9TPMA=VV6ua9t9N8A=E5Pk2iaQMsA=+n401KgQK8A=2Ow4V0nRIMA=yJUXRu6FCcA=IOP4TsTSAEA=/vwqXoz6HUA=XLFDa3TzKUA=TB/EhWKKMkA=Qpd41V8nOEA=emYzU9vOPUA=8xFU9o+9QUA=51acdJWPREA=0FtmgUBXR0A=d3MBNgoRSkA=RMwXopW4TEA=UlNIgOdGT0A=5Kef/K7bUEA=eXs/qN0EUkA=lM5F9GceU0A=yW9B9+olVEA=Yc4udGgcVUA=H76oll8CVkA=u5nn3dLYVkA=As31BBufV0A=KwckjTFXWEA=nZYy+vgBWUA=U03Tb4SgWUA=IA2C/eUwWkA=A9DhDC+0WkA=fPDQBn0pW0A=Oo/Tm1KPW0A=2ZJTwPbhW0A=v7ZkYeQgXEA=+5TZOTxKXEA=Ei7TpolcXEA=4KWsxBJVXEA=MyEPRl01XEA=A/CSt1b+W0A=evrDeTuwW0A=GZe4PM9LW0A=mjEEk+PUWkA=vbOuZx5NWkA=yBASM3C1WUA=wMsvsFgOWUA=zp3gcXRaWEA=kKB4KgeaV0A=RlvfHJTMVkA=mvUmfgPzVUA=ETzYwhIPVUA=S93Jy00iVEA=J2dz3DstU0A=t6oCQfwzUkA=iRvMxDY6UUA=aHBqAvZCUEA=kFhKKf+eTkA=YmPWJvLFTEA=/iQMRwcAS0A=WikfMJhMSUA=C5QiqHipR0A=Be3eIUIWRkA=HEgVJcyQREA=cKWFmrUUQ0A=rV+utZacQUA=I13Mbi0rQEA=FriijUJ/PUA=kYaaU3izOkA=Uz9YwWr2N0A=WvXoLVVUNUA=UQOMITjUMkA=my8+yhl4MEA=UYFw846ILEA=xzeh702CKEA=Eih8AKrlJEA=dfwqyyerIUA=qCM3DRa+HUA=ugVBRMkVGUA=8uvEHD1/FUA=KIivuo/1EkA=CFLo87uvEUA=DJUpWifJEUA=sPz66JxuE0A=NhXf+72fFkA=DH1YXhaIG0A=K421dN8PIUA=WhTU7JcvJUA=jP9BBTIHKkA=bqVl00WKL0A=hGqCuLLOMkA=trms69ANNkA=8xECXKJrOUA=mM0Qhe7bPEA=hseSb4UlQEA=3A4tDd/UQUA=HMb4sRV1Q0A=5CeRWFAFRUA=k96mUPaCRkA=K7KGvhrsR0A=jCX+ZnxCSUA=LeohFWSLSkA=HE76kr7IS0A=ovUnHDf7TEA=gkfPnVwkTkA=WoE/M7JFT0A=patT8C0uUEA=OHcnRpyxUEA=ZP2qNnArUUA=HOVZQIqZUUA=UGxWWG75UUA=3BZr/wNHUkA=LvAvF6GCUkA=332rf66rUkA=fgMKYq3CUkA=HsJB05rHUkA=DlO5GOe+UkA=7NI+M0CrUkA=dMIUSaCPUkA=vrWd7iBvUkA=Ibix5ZpNUkA=kqONOG0tUkA=Ia7SZ68PUkA=iyESHpP0UUA=asgW21zcUUA=B6+glgvGUUA=JyprCdyuUUA=RXPbUsCUUUA=lZf6c212UUA=VdvA+M1RUUA=3H4XyZ0kUUA=DdKa7PDvUEA=VN9k0PuzUEA=moBMYI9yUEA=JkGcIocsUEA=xvGvyLjIT0A=UpdmFNw6T0A=8r+2Nb2zTkA=plvvrhE0TkA=bp7NZSHATUA=crQHSm9YTUA=It65vMH8TEA=PkTb2cCnTEA=cv94UoVYTEA=ukkauA4LTEA=MOu9+s26S0A=VI62ydBhS0A=CNA2CwgBS0A=jpiHWdWUSkA=JJOfF2UbSkA=NNHS9mCSSUA=oa1kg0n8SEA=E53TWxxYSEA=IwdNkfWjR0A=UPs1dkjgRkA=fm5nkIUPRkA=jFSCv6U0RUA=iIA+SkBNREA=MGEdmm9cQ0A=SnDOXUVoQkA=cxTngvNzQUA=bw2rUst+QEA=9LQiOjcbP0A=uPA3cPBHPUA=fmXQ986EO0A=HUpX7czNOUA=4yvN/WYnOEA=19r29tGTNkA=zZbrvM8SNUA=5mHwBHaeM0A=1Ea2+9NAMkA=vSdBLdf/MEA=oJ62w4XAL0A=fI47zgrGLUA=unk5fwIuLEA=Tju9QUYAK0A=sdiCu7w2KkA=joHP4SvIKUA=Mr449XawKUA=OeqzU+nYKUA=ULB6NDIgKkA=vpYR0DhnKkA=sPhgATKbKkA=udqDFqunKkA=/vg6ujV2KkA=Md41DXgDKkA=jNV12QNgKUA=kITP1+edKEA=4+mqI4bPJ0A=h2Ai2Q4WJ0A=lr/jpeKYJkA=LEIzJYlrJkA=4QGnZziTJkA=MvZmPRUrJ0A=8yGNGVgrKEA=Chw34P6GKUA=HOASoKYQK0A=fm03TnvALEA=5/Yx0S9sLkA=PFcGOvHrL0A=GGtDOQ2NMEA=XHAO/0v2MEA=B5wqUqAsMUA=0SmdVBArMUA=5Bb+dhnyMEA=PkBCEY+TMEA=2dq75f4YMEA=bCkyX5AbL0A=ITQ3LnQELkA=6Q5kIkMRLUA=KlsgnD1cLEA=gHvVJv/0K0A=5RgKuTv1K0A=JNrRX7RxLEA=aJ3Z4JtwLUA=AqaZqBTnLkA=7LeKCZBtMEA=Ph162LOeMUA=rzIiMb37MkA=3R3ErqNuNEA=2JyS6xXtNUA=zBlEy9hiN0A=gY/Rtt26OEA=m6hO9iHfOUA=7BrwKHvFOkA=V8undhFhO0A=TVnnuPemO0A=kjQDaOOUO0A=FETFgpc1O0A=pNlAtt+POkA=NSinhg+xOUA=f9JqXkWrOEA=HRCiC3WWN0A=T3Tuw26DNkA=Qf+W/ACCNUA=jilQd2OeNEA=LR7SVs7lM0A=nnucHzRZM0A=zWFPSFPwMkA=LxhmJoKsMkA=n27ixAOFMkA=eFA/K9JxMkA=IPL24jhhMkA=1rFkGU1RMkA=Y7vDwoU6MkA=dCOGyW8VMkA=80PSZgHYMUA=jxjabvyCMUA=CvfLfxwSMUA=6MjqK0KCMEA=n/TN0r6VL0A=lJx2j7LiLUA=0fN+q2jiK0A=5H0mZLSTKUA=DK09ZvfxJkA=/9hUkN8LJEA=hcKpbLjlIEA=YlN09UX7GkA=TFYCaWeuE0A=MDFIip0aCEA=gJynXyF08D8=0Eh6CMKW8L8=sBBr8J5GCcA=8B/sTCxBFcA=jPd9vVHkHcA=ogRlxUxII8A=xo+FN1WNJ8A=ak7EAS6xK8A=zjmK7NGkL8A=n2TY8VeyMcA=i8p1BjNtM8A=bx51nf38NMA=AcxTr69eNsA=vyEr30yaN8A=odnF3mOpOMA=vfOigCGQOcA=eUwc8vFVOsA=g7WaQBUFO8A=q61ghkucO8A=M4x6bu4hPMA=/9HFhAGbPMA=FQzpNZULPcA=B3ITV5FwPcA=6xLtihTJPcA=P+k+GrsWPsA=Fwbaj5lZPsA=ZYfn092QPsA=0yLwUhO9PsA=9RKJXn3oPsA=qYPen+cZP8A=i5ZSC3tUP8A=T7ymYW+dP8A=JjZv1zMAQMA=HDAQdpU9QMA=OuL0qnaEQMA=WC6r3rLQQMA=xgijZZwgQcA=KqY1GaZqQcA=fiOUezCoQcA=Vgq839bSQcA=noiPdgnoQcA=vpw2OcjiQcA=nouWPjDBQcA=IKrVET+FQcA=KohUF+82QcA=8MKI+FTXQMA=vuMhyv5tQMA=fq4daYcCQMA=f0kTGaQ9P8A=U0aNbPKNPsA=08fQFIMAPsA=1Z0XswijPcA=33SoCD5+PcA=9QfAgrCPPcA=owhvw83VPcA=hxAUj0pTPsA=y4S3aOL9PsA=pY0KKXbGP8A=UIhljGtNQMA=Qh3gmwS5QMA=xLCNlJUaQcA=VisZK+JnQcA=EgXaVQKZQcA=+oafBQirQcA=xio+uMKVQcA=FoRtJvRWQcA=2r6M09jtQMA=CI4RERFfQMA=QevDAv1RP8A=9VHKfxihPcA=wcigZWS2O8A=ix1MF7qdOcA=S5xjI2hdN8A=RThTsLT/NMA=A0crR0WTMsA=pbZFwXMoMMA=/n/tln2KK8A=iquQ1s7qJsA=DL07AZCPIsA=QF0Av6wZHcA=AEgwLObYFcA=iBJlivbwDsA=cGJkvHJOBMA=4GS28RWc978=IPncpiml5b8=AETar+0NxL8=AEZyvIqyrz8=AKCimtjQiL8=gFoFYQWx178=YLf8Cp8f8L8=wPGetfEe/78=0EDyMZD6CMA=XMUCYjAdEsA=ZKM1lEV6GMA=CKC8ocCBH8A=sIgjCMRzI8A=WmrlhTw8J8A=klGIOx4BK8A=Zmca2Oq1LsA=28YbXtIdMcA=+4JtwybDMsA=sZ80IiVKNMA=b0GmWQ60NcA=DwDaBosAN8A=uy2Jk5o1OMA=v+Askc1gOcA=yQyGaZmJOsA=z5ZIMy61O8A=9xBPWtPvPMA=T5KiKjhJPsA=GdSoAkDEP8A=6Lqn6E6yQMA=jNrDPdWWQcA=jlNDHrKRQsA=tAeRUfGcQ8A=6IEfRxSyRMA=SspFZLDLRcA=3jsouS/kRsA=jDybg9zvR8A=HN5WdQDnSMA=wnak9ETCScA=2hX7QxaASsA=FFff6dkZS8A=0OYkZN+PS8A=7L7Os3bjS8A=rHwh868YTMA=epCHA3wxTMA=XIlqNJgyTMA=yOPiuV8iTMA=kJbddmYFTMA=TmHjj8DcS8A=Ei791AGqS8A=yETXnkBwS8A=jjeBa3AuS8A=Nqje2O3hSsA=oJU8WGuISsA=8FT9AocjSsA=Tj8Xp3GuScA=Wt7V110mScA=1rdXRjyISMA=/m+oYzPVR8A=MmnDVPsIR8A=jO5LkGUiRsA=1M6hqp4eRcA=ZHECaPr+Q8A=gDP2al2/QsA=XKFvloReQcA=mxz5KVK1P8A=jxRqjs9qPMA=4XSO8vLTOMA=HWrNPMDuNMA=62+0PbC7MMA=VufA3/R+KMA=0CwGmU3MHcA=YAjvajDbAsA=YLDLpDflB0A=IR+eEugPIUA=oXCCZ2+ALEA=nC4o3N0TNEA=70GzbtrqOUA=7m601nyyP0A=nhe81KCsQkA=FvFZIFVmRUA=Yq1xd0/5R0A=7glxB6pfSkA=EG7ivISTTEA=vMJtRlOQTkA=TSeYzbsnUEA=O8kp1HzoUEA=Q8iT0eWKUUA=5EABxOMPUkA=GoTDIqZ3UkA=jgUKtMDFUkA=43+Cdr78UkA=I3dReR0eU0A=8nF3ruwqU0A=rllzo+IlU0A=edTzJeUQU0A=sfP98YrrUkA=BDmx2W21UkA=n7iZaBxwUkA=HhC1BhscUkA=9twbu0y4UUA=tZ2ZAelEUUA=r3GFCwvEUEA=JwkBLQs2UEA=xKnyzM01T0A=vlpGW1XpTUA=yuxPHFyKTEA=gn6dyeocS0A=qpJ3nbCgSUA=Ww/jaOkaSEA=w5aOSMuQRkA=bC8wUJUGRUA=hf0uurN7Q0A=QwgZ/4X1QUA=ibdMIxB4QEA=TDhpsdkLPkA=Tg61obU5O0A=nf41l6uGOEA=fpcA2pryNUA=gIuBiM1+M0A=qA33xhslMUA=tH0FVj7RLUA=w28wTbuPKUA=iZ6bIWV1JUA=seOr3MpwIUA=siabJ7D6GkA=BHUoTOMcE0A=UH2yzV07BkA=wFtRNAMw5z8=oM5467z99b8=OM4JtREpDMA=5MnpvFDiFsA=SEGLGMnAH8A=LJA59Gs+JMA=wg4QtBR4KMA=xruIWWaALMA=cYeIM/gYMMA=x5ee/Um3McA=1bkYxkwRM8A=6RacH10kNMA=RSv+QwLlNMA=D8O7Vb5ONcA=Xe9QIPVgNcA=a/pHWpMhNcA=bwgTNtmMNMA=Xxz1HySmM8A=p89wwZVyMsA=X/0AyDn5MMA=msrjUzFsLsA=wnLkn6JdKsA=hhKjrlvYJcA=MEvdPujnIMA=jNMcqAAjF8A=eBiJQPerB8A=AAg9uLVbn78=ML7uEKykB0A=GsYTw8LYF0A=pXT1QabhIUA=V9u+2CewJ0A=4t6WBxBKLUA=xXitzwBYMUA=4SFjALLxM0A=MDEsC4JsNkA=I/KxeNnSOEA=ks5SAegmO0A=v8mz2tluPUA=viScr9OoP0A=xN4p8iXsQEA=OoP2+ef+QUA=CCmF+b8KQ0A=kqtq+O8LREA=yLy9IRkDRUA=RNFKOKztRUA=sBBSrULLRkA=0H8lerGaR0A=/YHokr5fSEA=stqvxSccSUA=fz/84RnRSUA=hnhYee1/SkA=Akf43NMtS0A=nFHGhS/bS0A=VkjYO42FTEA=UOtyRqIqTUA=mJT9uMHITUA=lDTGkVhcTkA=EO8nZG7eTkA=1muyUCJKT0A=KI7GidmcT0A=tDgU873ST0A=tIZ4ETHnT0A=tkHnhoPaT0A=0PTjKEysT0A=AmgkXRpeT0A=TLrnMTfuTkA=FkAbvJBgTkA=FrMw8PW4TUA=ePmFd6j5TEA=+qQ3xYkiTEA=Nq4qrz48S0A=orfFMNBJSkA=q7pgw0NQSUA=DK6QdBFUSEA=gFO8XeBbR0A=duzDdHRrRkA=LsoYeP2FRUA=j7qYI6arREA=5mQSaKrfQ0A=vJ+kYK8iQ0A=a1VOo65vQkA=fzW5fFvFQUA=DyAgqVIiQUA=3WDvmGeFQEA=eqg2JxHTP0A=lnec+g+ePkA=Wktj+ARxPUA=DXw4vjROPEA=87GQ9/gyO0A=EVxwLO4mOkA=6Y+tMLcvOUA=v54AxMtNOEA=IM3pa5h8N0A=ZMsXqhS+NkA=/Jw5A2cQNkA=en063jpuNUA=RMdKrMnINEA=RQJErJ0gNEA=+pmlCfJuM0A=YQ+Jc7iqMkA=ey0RoVvJMUA=XGRPXpjMMEA=mSr8U5dhL0A=HFI03QfgLEA=sE/iIZIOKkA=pcAS4TL7JkA=ZbMVhXapI0A=Yrkt1zsZIEA=IP483U24GEA=oJsunHIVEUA=6G7uhRL6AkA=gBkiaTEQ4D8=UC78qxhR9L8=MNIjnpUPB8A=KPIls/8bEcA=lHHJNjnHFcA=kOScASBCGcA=1IFncmFpG8A=kJsjtvsuHMA=aDOwpGCWG8A=pGoUEVmHGcA=QKL8pToIFsA=iOEQLjgrEcA=sCHc4Yc9BsA=QAQ2JXlj778=EHzlRhdG8T8=wNcPf8SnCkA=PPrWVnjaFkA=A+kOfd9jIEA=ADW6HkR2JUA=2SEQoAd7KkA=dmT40EJXL0A=vS9J5zQAMkA=bmxQhQMxNEA=xQO1Y6w1NkA=TGE1tagIOEA=b6hPBb2uOUA=Lru7u3QkO0A=JhQz+rplPEA=8Bl+4p92PUA=1lyZhiBcPkA=qOuL4x0cP0A=mRZ55kW0P0A=KDnEbTUZQEA=XCrMQENQQEA=n2ZTrT6EQEA=00ah5P22QEA=ywhD/avyQEA=Fq7QNyc8QUA=y/JpOmKVQUA=f6IRzU/+QUA=XPKD8wR5QkA=bDAL8NwDQ0A=RiPrzWGXQ0A=aDebwiYtREA=clmnsmbBREA=8BcGIiVMRUA=CJ2Zx/rDRUA=JM35HzEjRkA=75cDAchmRkA=wNsxsZyLRkA=NFsYgOGMRkA=ceHCKwNtRkA=AjSbcVkwRkA=d44jJEvaRUA=xOuuaCVsRUA=BU4UK87sREA=GX1OQThiREA=L2YhpXfRQ0A=AkqIM/86Q0A=1uUSdiWkQkA=msyyeaQOQkA=t9XZUBt7QUA=/H1Ss57mQEA=gyhWrlZTQEA=KtBAGMGBP0A=9U+WPs9bPkA=yrtnR1oxPUA=zCyaOLgMPEA=QkO7gjzvOkA=EnVARtjiOUA=lcHE/xfuOEA=2onfYDIjOEA=A3AnB6KLN0A=/c66SIUtN0A=t6hkqngLN0A=Y+vP9G8pN0A=m82JFCZ/N0A=0IKYZ0b7N0A=omLYW/6LOEA=U46F1EEcOUA=DiOQcR6VOUA=N0XCuCjWOUA=iKZ4tzzSOUA=jguM3KR8OUA=lXsvEuTROEA=wCmX6a7PN0A=dqW/EV2DNkA=hZnecAwANUA=7VurKdJbM0A=AbU9l6qpMUA=EYd2qWQIMEA=MjDtBy4WLUA=6IbGbpGEKkA=8G+Vny5lKEA=7Z0i3bvCJkA=NgBhELKTJUA=DdpQH97GJEA=HsGRFaMzJEA=zUf3JkXFI0A=6cIZLk9gI0A=q12UbGPkIkA=bnBTk9M6IkA=JRZgTrRbIUA=bDI+LSRMIEA=WDo5GhcGHkA=YscSzpAcG0A=BrDB2fsBGEA=hNEWSfPWFEA=MNsNjPqWEUA=kJdQzJjRDEA=qNbW5EK9BkA=KMCT0WTyAEA=IJjqiado9j8=gNj3E3uV5j8=AKwCetV0kD8=YBplpVt+5b8=QH9MSJVI9r8=UIvC6BASAcA=KN5UjfYlB8A=aLqYzOJeDcA=eJYwwy73EcA=+IRyTztLFcA=dMHHyfufGMA=0EHNPmz3G8A=/C3ETe9eH8A=IqlcqSJWIcA=Er67qDbmIsA=4AAwV0xnJMA=HuqDYtTQJcA=OkInGm0QJ8A=wogPx9ATKMA=8pOE+ljbKMA=6jmTOv1RKcA=XimemNNmKcA=kvlKPU4KKcA=dnWzl49AKMA=Smrj5/z9JsA=ZkJ2KsFCJcA=5t8/Sc0ZI8A=qhnwYLycIMA=/OgYf5CyG8A=oOGXA2rPFcA=yB/yK+JxD8A=cJ5x+hqGA8A=wCbEJN3o778=QA+YXvKw1z8=0HWSZksZ+j8=+KwKq80IBkA=iB7sv30VDkA=/K8kVbOZEkA=6i4cqBimFUA=9vX72kwdGEA=Tr9x920jGkA=ojJ/t/W9G0A=GnbRx6rPHEA=RMjAS0hoHUA=LCzeVoSfHUA=6GbNPhh8HUA=gkxGOWvzHEA=sPXLreQkHEA=ZMcHVXMsG0A=DkF+n2IUGkA=XI5wF/nUGEA=DiO2jvmGF0A=hIxp5GcwFkA=WARWFTvLFEA=GFPjMq05E0A=KOvPEDqGEUA=wPK8qkRJD0A=WEyW6DYZC0A=eNcmiwRBBkA=yPhS5Rz/AEA=gDjhyeW49j8=YNuXXuGZ5T8=APXo9S+Fub8=4HpmqBOL678=EBQNIQ1O+b8=iEGAfUX8AcA=8Hc/5X7FBsA=8LtoJjTECsA=AAuT3evvDcA=JEFNDu06EMA=LCkwQsYuEcA=OOlfTMveEcA=nHq67kNvEsA=XLsPn90TE8A=kM+9YZbgE8A=rOdcJOHqFMA=zIQlNpVKFsA=RHo7n7wnGMA=ILcTD51yGsA=jDMg74sqHcA=rG5Oe9klIMA=wGnIkzntIcA=otEWXgrTI8A=PpgvcHzMJcA=gqim1TvRJ8A=TnUXLfTiKcA=lkf4UOjsK8A=rgIEkF3sLcA=6shr+QXrL8A=iR2yqu/3MMA=1YB/WDH+McA=Z00xFzYLM8A=N8sCgD8lNMA=l/1/moVRNcA=V6WA/oeINsA=Pxrh/vnKN8A=L/oj8/UXOcA=qbRUagZlOsA=o2RHGGqpO8A=I4wjlpPaPMA=m9K3jKnyPcA=i8HffLfnPsA=IUvjF/ytP8A=dBl+tk0eQMA=puamFIxIQMA=kqWDWwZQQMA=It7lvKoxQMA=y4oSjdPWP8A=m26s7CP/PsA=DR3UibvXPcA=Cfb+5BVlPMA=3xF6OeOsOsA=mRqJgv6/OMA=N4dQrwWiNsA=8eWDnRFgNMA=IV+00xsKMsA=Bp+zZ5xdL8A=9nEr35ehKsA=9srhlin0JcA=vCK09ZdkIcA=PAkZ2mLvGcA=wBplSHVSEcA=EMDAPC/TAcA=gIZfu156yL8=sEG1GmHP/D8=2Pm4aJ0UDkA=0pE7IqHJFkA=7v1e3fFZHkA=H4XHVR7lIkA=vJLj4G+RJkA=HzwlgB8xKkA=jipyQ9KxLUA=qD1yAeWNMEA=zaSSbzU3MkA=sozGytbTM0A=mKAHcbdYNUA=2jsZLpbFNkA=SjcPrCkXOEA=eK3KXJRDOUA=5Va7qsY7OkA=CikGXYP9OkA=glsEyW2AO0A=JgeFWG+5O0A=uJvOm0uhO0A=z2zq4/05O0A=3xGR/v6HOkA=YzDEd4uPOUA=mAqCb11WOEA=kPBaH6HwNkA=ugXBo01vNUA=dlTQtJ/cM0A=avSXwDdHMkA=aklx4Hi+MEA=u5oIYeqZLkA=QPRI+13bK0A=neXwIQJEKUA=rJQey0TWJkA=mHuUoVyIJEA=j9CDHRw9IkA=DAk6yzTsH0A=OoJRGnplG0A=vvnFBZPTFkA=BAt4DJcSEkA=uAdbrNqDCkA=8B6NaLbKAEA=oBuymPGt6z8=QDuGU1/t2b8=ICiR9Dn++r8=4IEuuCTUB8A=aHQlxowpEcA=+BOlZdd/FsA=SMNRzprXG8A=knjSSDCOIMA=fFF93kovI8A=jv7CCaPHJcA=KmtigIJHKMA=qrf/FbipKsA=RmlGdd/4LMA=eseVi1AzL8A=l2W6UDmrMMA=HV24SeGyMcA=Eenre8S6MsA=bb7EE+bAM8A=d0qATYPCNMA=7X8jJn/BNcA=WT8IcvHBNsA=MXtp6fK4N8A=h0LRdJ+gOMA=F+DG3SdzOcA=1e5HNCUwOsA=C1YkgLjKOsA=w38neIY/O8A=1wOIUG2NO8A=JxfJrKu4O8A=vZfHVPK8O8A=6e/R+UGfO8A=QcJt19JnO8A=vXA5Zy0fO8A=34SzISvDOsA=odUTAHhVOsA=h92hS5/eOcA=r/yWtaRbOcA=S0uguBPIOMA=k2iMe50gOMA=I6nLij5nN8A=C7brywaXNsA=UYRNAmyvNcA=bUUs2l6yNMA=OSnQzcOpM8A=z2cToAyZMsA=JwX+r9GDMcA=pYP6SHNvMMA=Dpnpp1/GLsA=+mK1ehq1LMA=mrOB8aCiKsA=sqGNME+FKMA=Pi/nuw1SJsA=xIhItu7pI8A=KDBUHkUzIcA=jMwuUPI3HMA=UI72cYY2FcA=MDsKw+hVCsA=sHuFlcIG8L8=wGmHB/Hz+D8=XJwYMIB7EUA=mPL5Kpe4HUA=cIZb9gljJUA=al3gzvMwLEA=Lu1tmrqVMUA=adZRytMcNUA=lUdG1qmbOEA=PTmnh1H8O0A=ZyBhZWQ1P0A=NALpMI4dQUA=ymkPi5SBQkA=ZOzALoq/Q0A=9y+1zrTXREA=LOiH9EHIRUA=fiv7fGSRRkA=u0OnTx0wR0A=+OdyC6GpR0A=akxDNIQASEA=caEomTM3SEA=skL10khOSEA=jJs2btBMSEA=SGNjSPM3SEA=wdj32j8RSEA=y3widwfcR0A=evmOVL2dR0A=jFePFz1aR0A=sQO7EU4SR0A=1r6YAaDHRkA=FCpODYF8RkA=MtEyfcQwRkA=chaCBvDhRUA=zwDkWFyORUA=0lJ/eqI1RUA=eyS0OtXUREA=TejL85hnREA=6v1RvkbsQ0A=sggROLJhQ0A=zsUdkbTGQkA=/vKGuZQXQkA=dgegVmBVQUA=XGi0sHyBQEA=bkNEjG49P0A=pRzz/ixYPUA=N0E4dApfO0A=SFuMrB1dOUA=c7gnWXldN0A=Lloxs61lNUA=jlb2QYyJM0A=MC6QtfDVMUA=DQi4YE5RMEA=CqNIkoz+LUA=JledIGTTK0A=PogMbxghKkA=S6tesofSKEA=GB4eoCfTJ0A=aD8m2CgPJ0A=EQTKYb9sJkA=yg4K6g7AJUA=g7zR82XvJEA=IsBDGJrpI0A=pftdqmevIkA=t8wSVF4rIUA=FDzkgH3WHkA=8Eg/R8sYG0A=FF3KCK9WF0A=WJ2J5virE0A=yET1stZqEEA=+LKX1Zq3C0A=sKDzH/JdCEA=+Ja/0v/UBkA=cMPwWVtqB0A=0GgOasJOCkA=sDrSKw1gD0A=fAQMKMErE0A=yo/czlemF0A=RKzZO7UHHUA=GJvFmwWUIUA=Sr4d6GjrJEA=Ofjy55SIKEA=cIaXA55bLEA=jq6AfmUjMEA=L1G3noYcMkA=nJ2UR4gYNEA=0fQAzrkPNkA=zXoh3Zf6N0A=ToAA6C7ZOUA=aiOexKuwO0A=HsETBdCFPUA=vKSj+KFZP0A=+dTU84OaQEA=7z5bzy2RQUA=iKg1wRqUQkA=eNPQp2CgQ0A=g7mL1g65REA=Mt+dkLfcRUA=vjzIrMgGR0A=XpAKIIYtSEA=C5jEzIFNSUA=Upk+PgxeSkA=utb0YQ1YS0A=cmb2DAkzTEA=YmiXMufsTEA=XLVRuX+ETUA=2t9CEmn4TUA=dAAGoW5KTkA=gJL0HzmCTkA=tAZlsnamTkA=irlq0Ny7TkA=vI4uYfzHTkA=vFIvECTSTkA=LFwAoC7fTkA=jK9Tw0jtTkA=zkqILyT9TkA=rmFpr9UNT0A=Yju86wwcT0A=zkTm7eAfT0A=nsXx5gEWT0A=9La4VoT7TkA=wtqxxobLTkA=gm/WAWV/TkA=svhDpXAYTkA=yCPs7VaXTUA=eLZXxAz9TEA=RLOtsSVJTEA=DjsjVEaCS0A=VLN8DgCtSkA=c2HfFH3MSUA=ttpC0LDiSEA=DEoZVVf4R0A=ilLblBIRR0A=OuY6Ps8vRkA=cKj1zPFWRUA=f/rKHLuMREA=hJ6vUPzSQ0A=Jqf5LeIpQ0A=6204HFqRQkA=ouog1R8JQkA=5zYuJRaPQUA=NMV8MZgdQUA=Nr6WAuqwQEA=SN2x/QNFQEA=lMEqNDSrP0A=fRyo8Z+2PkA=lNJQJnOtPUA=9j6lXmiLPEA=I590f2JTO0A=3iIbNMQDOkA=cLNEzeymOEA=fYoN3UZFN0A=NfqW0wDlNUA=3WtGfN6FNEA=5Z9wLe0xM0A=GubGGfHpMUA=nj8zGYmrMEA=u2YuEY3bLkA=n/D5dR5iLEA=EClui2PkKUA=O9JleUVUJ0A=pvLyf1upJEA=kpHLpxTvIUA=vPlo4eBZHkA=LtTpj83NGEA=OCpxrwJgE0A=EKeuPcqEDEA=qMiCsb9OA0A=4MvKIX6A9j8=ANJ32mWX4j8=AKiVmNHpm78=QLJ0mxBm2b8=4A+ulCG84b8=wBhn/bVo378=gBLPA6sgzb8=gBuZ8M7Zyj8=4H82530z6D8=QFJpX3RW9j8=WO9mSWa8AEA=OH8Mv6xxBkA=EPxqMATWC0A=jGqb4Et8EEA=cK8ZWK3kEkA=kuYOYr4QFUA=5I2P0yL6FkA=opwKlr/EGEA=UDRsORhyGkA=wImBH20KHEA=EnxTbXeGHUA=ukfkOlf9HkA=mLs8x9c1IEA=zsBQhJTZIEA=R7Q9PPtkIUA=cL9OkGvYIUA=C6/7j78vIkA=NrRsxb5dIkA=SJR9IeJuIkA=AOMNc7FzIkA=VCVwHCt5IkA=8EndqVSGIkA=UIcMdiS1IkA=qFhKrMQaI0A=wBKPcv3AI0A=3qyewj2dJEA=nOuciV61JUA=HNoPcX7/JkA=AiojL4dmKEA=7N9ziT7HKUA=RZnkBZwaK0A=zCOr6DBHLEA=ZFb/r241LUA=K5HJTAPULUA=UiPs48IrLkA=rJ6TLiFCLkA=drOtuwMYLkA=UddDZFC4LUA=xbFMk9BBLUA=Ll9EDO3ELEA=wyHRO6JELEA=+tYepWjRK0A=egiJCsJ4K0A=aG5/NG08K0A=ZjjsrvsLK0A=VNTDGejpKkA=KWEmVUnZKkA=+qMTYUDTKkA=GZx55t/CKkA=6hRmSoK4KkA=2mymm0m7KkA=cviDkRXMKkA=4QZUwAzoKkA=UpV/nikmK0A=VlC2MZCLK0A=SaAYllwZLEA=LvHnVF7GLEA=noneQnyfLUA=Ew+6vFKaLkA=7rdUBEKmL0A=5lcdZ8dWMEA=G5jKzGjWMEA=Q3HeYrFJMUA=r9c6BFGhMUA=yRn5ERfZMUA=IMd1qsfvMUA=7MzScnndMUA=zGxb1LuaMUA=V3sFaOsoMUA=+ZgLVzGKMEA=VQV3eDh/L0A=mJAmVNmKLUA=RkRGiclGK0A=CCA+Re7AKEA=0T9snYAAJkA=ZeOFopkGI0A=LCSIyTDoH0A=6myfA/eqGUA=tHGa2AF8E0A=CJuy9b/BCkA=8HLm0FF+/j8=oFk8ybTr4j8=4LbpZQ1U4r8=ALgDiw4t+b8=MNoW1+3LAsA=OBmHSTIdB8A=eJCacrOBCcA=gOT3STD8CcA=WFftgcCECMA=CKNDn0JRBcA=yKquX/7OAMA=AEzQDMDB9r8=IKKP+LiR5b8=AMbtE3tXtj8=wP5KWqun6D8=gLAMqzA29T8=8FPJT6xw+z8=ABeICcRL/j8=sJTpX/VX/T8=wE/g4t2n+D8=wDTJDPnX8D8=QOPV0/kK2j8=wC9gDOoV178=kOjgbmWN8r8=oPopw8Sk/r8=KGdDYJFnBMA=OJfyTJVQCMA=oCAZT8aWCsA=CFF9t2MUC8A=EHnXUYvoCcA=UKLCi0hsB8A=eBEuvmevA8A=wL897Co//r8=kOm//QNB9L8=wKTPkH8u5L8=AGB6yLLUhz8=wI1mbKHC5D8=kK1x/J0i9D8=QOy+cJRE/T8=MGV0lxEJA0A=4Es6j1kRB0A=0K7wCyxnCkA=eFOlOeTPDEA=CFskXoPrDUA=mDHrcP9tDUA=aFw/w4auCkA=WIMprHWUBUA=oAhgi9f9+z8=YBwHxJ1K4D8=4AWdoJlW8L8=8LKgRvX8BcA=II1VaD5iEsA=RJQ7R7DWGcA=6mACs7iAIMA=LHhbLYG1I8A=OtT90/BUJsA=Pt1XxL0/KMA=VsUvhLloKcA=0tb2DpC2KcA=EpzBAoQpKcA=KgbH5vTTJ8A=KkLIux7UJcA=1ohPHIc6I8A=snxT5S8oIMA=FI+4/IePGcA=TIOuINOBEsA=SCwvbSi+BsA=cNpw4qF58b8=YBzH5wpa4T8=AFt3XsYjAEA=SHvuwlxpCkA=WDCHJmh8EUA=vNhvQcm5FEA=KE2nEfz0FkA=ZJ7ViAE+GEA=ulCHqFWnGEA=drpZIBojGEA=Nr1PK1/mFkA=bIsuI6wPFUA=MIvpHF7EEkA=AA5a2fsBEEA=8IClTSLxCUA=iAwZ8SyUA0A=AIcZIfX4+T8=QI9xrOPo5z8=AGdpO0/Swb8=4FSAeWHC8L8=APs7kC3F/78=MM9Y9F6/B8A=YKo5ttnND8A=XLS7pQEDFMA=qFv0KNFKGMA=cPUMaf2hHMA=OkrPbUB0IMA=QL2OcYSFIsA=ugbBCIuJJMA=Yi2faQ1tJsA=NvOZa3MjKMA=osN6y5SmKcA=QhjMYGv/KsA=nnwFkHYkLMA=2ipJQ4cSLcA=7ux4Pc7LLcA=khlbrS1tLsA=xuIhi57vLsA=6tFzNFxdL8A=quhp7dHGL8A=+/iSc+QhMMA=be0mYfJnMMA=CewduB+6MMA=DxaC2eweMcA=i/Dgmb2WMcA=t4esn3IdMsA=Y4MKldKvMsA=6ceCp2FOM8A=Zau/VlX1M8A=5aNFuxmbNMA=+2d0W7I8NcA=15xJwa3cNcA=o+Ml6td2NsA=72LtEiYFN8A=vyzypeKIN8A=Oc76NfEHOMA=zcf1ly5/OMA=QTGqFkfwOMA=523/Bi9dOcA=kcyeSobMOcA=sQnDPQ86OsA=IUTRA1OkOsA=rU9imkcHO8A=leXVDl5pO8A=1UoS4Ya6O8A=YT36f9X3O8A=l7BOEBYcPMA=dz2fkH0lPMA=LeQC8b4HPMA=t2w1h/6/O8A=nbQLAwpOO8A=AWddETixOsA=H8SkL7DeOcA=1YwC8hXTOMA=99NIANGQN8A=taXPlJURNsA=Ja/wcZtMNMA=5WRPfWRAMsA=MvWkPevgL8A=GiR3XNKwKsA=kkDGFDP2JMA=tG77SM5tHcA=RIoZpSAtEMA=wHSnUIFh4r8=wBhS7u4NCEA=EIwL6SSIGkA=EIx0V9JyJEA=ROHSS5uCK0A=Y18NeM8rMUA=+oMYkipuNEA=Wz9uVZd+N0A=LP7n62pdOkA=H5GiNxMEPUA=8ssK3cttP0A=6pUDViHJQEA=QO0pjum4QUA=b7mLD7mDQkA=acwtmdclQ0A=mGAiKWycQ0A=7pMc86PqQ0A=u/GphqQQREA=qH4b3R8OREA=q8VS+yLnQ0A=aFcoCr2iQ0A=kzyVkTxGQ0A=JK6dysLUQkA=p5JVw6hVQkA=K6B22t3OQUA=tIKl/hNHQUA=iVEJvf28QEA=ImNvUv00QEA=elhMhRlhP0A=4OPgYYdgPkA=KMrD2BxePUA=gQqMlShcPEA=RMXlv2tTO0A=hJIB3U1AOkA=2m+3UpQUOUA=UqFXrpnQN0A=G9f15rRwNkA=DznUjXvyNEA=facoTpJPM0A=IOmE2m+RMUA=vmK/+SB0L0A=zH/QCmiUK0A=fTlSQaKNJ0A=EcBVeg9yI0A=yhbSvmG0HkA=vJteRhSQFkA=sCCVAxssDUA=4H26r73j+z8=APaGZfnwoL8=gNuFsA3F+r8=OI2HnvEBCcA=oEaBQYRyEcA=gO/zPZZqFcA=WIZFayRyGMA=ZBI/Ci1zGsA=WPynK7NpG8A=lPW5FvhgG8A=RDj525CRGsA=XJ7M/RT8GMA=VExN+CjEFsA=fD/qf2kGFMA=HKsPMvv+EMA=sKFKMjFGC8A=CKzJdk36A8A=oI0eYeib+L8=YJ5Glv2x4b8=QEHY7GW/3j8=0LDJ/NQK+T8=8IpIr91lBUA=8I7f0N9aDkA=lFe27d+xE0A=gr0Kbfw3GEA=Euions2YHEA=oGpcZLBbIEA=BrKligBKIkA=IzFyKb8RJEA=T8000+mgJUA=diwX0hf9JkA=/P4wc+8tKEA=/F2FrOg6KUA=n86yBWYaKkA=apwggHPgKkA=No4jUYOYK0A=hIkSV69PLEA=mh3qq24CLUA=O30ndarNLUA=fNRDf6a/LkA=hnLup6fkL0A=FSHozzGfMEA=R+4nPMJzMUA=H+u5bXJzMkA=DeVFyDKgM0A=N/wHRIv1NEA=rdDkxz93NkA=7F8qUO8fOEA=cLWP4o7lOUA=ynSlHaO/O0A=dFB6+/WqPUA=wjUlH2eeP0A=WxobvizGQEA=DI2KL/m2QUA=/FSOAUifQkA=QK3opZZ7Q0A=/rPIci1EREA=INZq0+b4REA=FjmkKcCVRUA=PnKk+bYXRkA=kgRwV4V2RkA=Nl1AYyKzRkA=F9JSz7bLRkA=oFUOf3C+RkA=9vORx7qIRkA=paAa7NwwRkA=Lub13hO7RUA=lDnOWcsqRUA=RLfiXbOEREA=MzXII3nSQ0A=GG056jobQ0A=sVQ+PqFjQkA=HJwEQ6uuQUA=owUeG5sDQUA=qO6CvldkQEA=RWSIpBqgP0A=kSpbbwCNPkA=WlqgqeORPUA=VLuqw3KrPEA=kl6DmbLSO0A=F4yBR20HO0A=BtqUbRBKOkA=JA87d7iZOUA=umLJnmjuOEA=Nh1tChxLOEA=XRJimzyuN0A=b7mcOiQWN0A=Ze7+2856NkA=p5u4xp7hNUA=1UVnlMxDNUA=+H2CM2OiNEA=0U8dF3j2M0A=dEIOcD1EM0A=ANGaxluLMkA=iHXpxw3JMUA=VynN+jT6MEA=lqNLrY8mMEA=tW+qtyudLkA=FAH2GGfjLEA=PnPWECMmK0A=NOKeIzJzKUA=ZQzo3c7WJ0A=O7kbdgZRJkA=B7drqYTxJEA=fCbaVkfFI0A=Rye1eQ7TIkA=nsX4aMQPIkA=tsjW3N18IUA=DdE7kfUTIUA=Bc71AFrHIEA=ZRKxDxR7IEA=v56sLZYoIEA=iLJfleKFH0A=op4nT+qBHkA=WvRJxlAfHUA=UIakByFzG0A=TkaLvUaFGUA=yFBUMEtgF0A=ClgisOAHFUA=pDoRHP2fEkA=LJ66ciA+EEA=mKqEobbrC0A=+BgZeL15B0A=OEQ1ANJdA0A=0MUzfPpV/z8=EGqR9Mh4+D8=QO+PUvgp8j8=IDATS6RU6T8=oCPIF6Bx4D8=APY6gSF10j8=gJJqb5CNwT8=AOW2XsXxtD8=gJqBNbEnwz8=AE/VtkIa1j8=IPduoRaK5j8=wKTRuwTy8z8=GMLUx+oCAEA=yEMGMzaVB0A=6ATWFzthEEA=QsxFWsLLFUA=ApHTt73oG0A=Ah6DYuozIUA=iaecM0GXJEA=p5m6M3sCKEA=2rQ1JupRK0A=MLzFfIleLkA=LLSy9HOMMEA=dBq60zK6MUA=64KbSrOuMkA=voo187FlM0A=bYLIWR7sM0A=AOx1QxtINEA=9VpzHv1/NEA=lqQ0x3idNEA=v/G7k72yNEA=Ayv7epDHNEA=1yVighffNEA=a7Wg7Vr+NEA=Tr3DTHspNUA=Q9qF6DFeNUA=zXeF9f+RNUA=16L/SpzBNUA=avdmSmrmNUA=0iEAmgz4NUA=DdQTPazrNUA=MLac8xfBNUA=AwcRoIJ2NUA=K+9tydMNNUA=1iak4zmCNEA=rlsysXfeM0A=IE7AVUsuM0A=psVdLYN1MkA=OUoS/QC1MUA=JSIsvNj6MEA=nBi0o69NMEA=D/m4HJhgL0A=pPju7HJGLkA=4F7hlV9bLUA=Chlpd4SlLEA=COQz+r0cLEA=rEod/WvBK0A=Ct/9wlKXK0A=c8u8Jw6dK0A=NkY6uSHGK0A=QvrRq5MILEA=gEPLSzBkLEA=th/yXZvSLEA=ztNphD45LUA=o9/dqRuPLUA=MHlPldLMLUA=JWyygkzkLUA=Cem6HP+1LUA=0e+HfjdFLUA=2+SBMhmLLEA=oNNITbSAK0A=1YYLf2ERKkA=hvNVQDRXKEA=pWZxYnJaJkA=vWcf2QkpJEA=mNA4cYjLIUA=7Nflc9rgHkA=hLE53LJcGkA=dq+LmKw6FkA=0DH7iFyfEkA=qCr6IaOYD0A=WB+y5Fq8C0A=kOxqNAe6CUA=CLLisTmhCUA=sKnqM+t/C0A=mDkrhYolD0A=EC+dcSwUEkA=7jnuMKAnFUA=kFMsiWGhGEA=6pMsQ+VCHEA=hjQrggexH0A=sEQNGhNkIUA=0arQlimvIkA=TxAZdHioI0A=dHu5fcY2JEA=i1Lnl9BfJEA=98KWsYsjJEA=NFo9Q9qMI0A=iB86p0qeIkA=0GLw1iV0IUA=3GTsHLogIEA=Xh63EN9cHUA=bMGY01hIGkA=3JIVPhUyF0A=2KeAeR0gFEA=UHnBL0sZEUA=2Iw37a4uDEA=iJQSGhJiBkA=WNfFxonUAEA=UA73WU0F9z8=YDeGPmj76T8=QNCov7820D8=gKQlq6emyr8=4BslTAKJ4r8=IIeRjF5x6r8=4L8ODuy97b8=QDHstFYS7L8=ILZlEdtB5r8=wMHUiTUd2L8=AEeOqrfJsD8=gKU/vXIM5D8=4Pql223i8z8=sEvXDuOY/j8=IHOc5/LvBEA=kCL4ZRC5CkA=nAua7kMbEEA=FIWcF2S2EkA=NqfGyAwNFUA=Glw0YlwEF0A=zB3vIeZvGEA=dhnLX3NRGUA=gMUVtfKaGUA=0q2XiPQ/GUA=NqAxXiRFGEA=+ju5cVbPFkA=cD4vsgv+FEA=hJE7DRPmEkA=yBIO3g29EEA=6D9WBpBxDUA=2IvARxkcCkA=WA4Lt5SYB0A=EPF0geMNBkA=4HiWCj6mBUA=4BdyMzBcBkA=MKuhUk63B0A=mK+3FbuXCUA=sJck1iy7C0A=oN1ToBvRDUA=sPhqiWJWD0A=EE37sZ8aEEA=HK0XNRMqEEA=+EuZTL2XD0A=GHcGyA7dDUA=qC5dcqtuC0A=2OJCUqN0CEA=uPdpL/0RBUA=gNujfV5bAUA=YLSDazsy+z8=QIbTCGkX9D8=wKwRBCvF6j8=gLklPvwp3D8=ACZHzDZ6tz8=AD6czFgyyb8=APbnB5Pe3L8=QPYkHCNU5b8=wOH1QZJ46r8=QGdPkrh47b8=wLdNeebJ7r8=4J5SQx447r8=QGecY2ba6r8=gMTWWH585L8=QJLHzooY2b8=AHBv8GX7s78=AHyuVqwm0j8=QFDCS5L55D8=AOeNHiIx7z8=0DLbcTui8z8=0CwwmTwD9j8=wPDPMNFC9j8=oLpc50ut8z8=4Czi5pM97T8=AKyfBT8w3D8=AIaymXfZxr8=QDv/ZsIm7r8=kMTpyR65/L8=SA1aHMyjBcA=aCo8s0s2DcA=nLkO2Pt7EsA=oMARFBM+FsA=qGIpdYrTGcA=TJxu8Z87HcA=piMdfYY1IMA=gBp4TLWiIcA=TCzf/+jmIsA=NkjfjH0JJMA=yPJeJlQIJcA=0gm3yavZJcA=0hpvefeDJsA=ijerVDgYJ8A=DpAWZi2PJ8A=qtdqDFrpJ8A=zjCrqKUxKMA=tt/9CTN6KMA=8hZGAhO9KMA=siOnKon+KMA=olpLDsxIKcA=UnjPSnqpKcA=MqZZP5UUKsA=cpNojluBKsA=jhAYkxPvKsA=9paepg1ZK8A=IpUyyOaeK8A=NlRkU9iuK8A=eu6wPFZ2K8A=qnZZJpnkKsA=rg0LbJHbKcA=rjtBVQZNKMA=ojZujRRAJsA=NG7BucmyI8A=lvXpgoGrIMA=rImhEAuCGsA=5CScMVlEE8A=CNGdofCoB8A=MAZgZ6IQ8r8=4E9czboP4z8=GH05k0b1AEA=6MVGeN9SC0A=3LTDTh3GEUA=oBxYOz/GFEA=3A7YocaXFkA=EHZmGSl1F0A=0q1HQhaLF0A=+BwYtdQTF0A=1i3sEXw4FkA=hNrozktaFUA=xDqwDk6sFEA=XHh+r/ZSFEA=4DbVPT1tFEA=ThlAgp4xFUA=MHfY/wenFkA=xBFS8r3OGEA=bBVZcjOhG0A=xkFcCl0pH0A=Zmi3fFOuIUA=jqaqCJwOJEA=McRAkhqsJkA=iJ1Ve8mAKUA=cjmgYSGALEA=Jt3Cjf+KL0A=ySLkR7tKMUA=3Ut0OyLIMkA=IdHhoRsxNEA=9bqMA5N1NUA=dY3naj2QNkA=yBTgKBV3N0A=6GA4XoAhOEA=rUmTSF+BOEA=vlRftuuUOEA=0AzamqpaOEA=m1FfJ83PN0A=E0jgo8zzNkA=jOmDcPvQNUA=eLdMLfJwNEA=GA8ObwzfMkA=cpse56UnMUA=ZtFkErS7LkA=pS26Mc0rK0A=qFEn4YGzJ0A=fAUElpxmJEA=T+TaFwNiIUA=JGXG/mdfHUA=+ERIj9qUGEA=MNm7JbJjFEA=oA18k4XREEA=cD0MjlaOC0A=8M/N0yQtBkA=gN9Yf49qAUA=MGcak2Fk+j8=4IZjv7vZ8j8=AGq2jrwn5z8=QMme5vWZ0j8=AByi9GODub8=wGT4RweO3b8=4GVnEEm06b8=EFhFoWaD8b8=kEhAnaAq9b8=wEeQK0Lr978=8KgTqP31+b8=sEYyVooM+78=MPGXf+5u+78=wPpRDd+L+78=cEh6RP3s+78=cAbQT6ST/L8=4M+05rOR/b8=EIPPuZEs/78=eERnCJ20AMA=CMXk6AjTAcA=+DjZQsuoAsA=8EPJLvoPA8A=2DO6CxarAsA=ACKSog8HAcA=4Km5xaq++78=AHjBKEDE8r8=QIIH/P0T3L8=wGDnFnHI3T8=gOfTo1/J9z8=mFqhk2pRBEA=mFrJyXKcDEA=bFks9P4hEkA=jKm9yNdiFUA=HpESjoTIF0A=GAwBeZREGUA=oPBa5WDVGUA=gF63uOOFGUA=srS1sthZGEA=krQF/h6eFkA=7PircjSHFEA=XEO/SmhOEkA=aI40Uf8bEEA=wND4F6KNDEA=eK6oLIDzCUA=4FKZnZqJCEA=+JQ66ORLCEA=eE3mfjmPCUA=GJ6/BrNJDEA=8EMkdJ4dEEA=AM1ReZWXEkA=ugGZiEWTFUA=JtCXIi/sGEA=bJpqYRZfHEA=2l6l+pfpH0A=vpSL1Y25IUA=lqePt7NoI0A=Gt5CbofmJEA=lf8ilRw1JkA=sAZXLfNNJ0A=YQi7hV8oKEA=bfmJgqO5KEA=Pk5CxNgSKUA=Bb8WwjI6KUA=UdcKsRNAKUA=+pR8Ye8qKUA=s7A8x1oaKUA=zSMqi8ogKUA=tArfWOBHKUA=ILp0ABOYKUA=g0zCidMhKkA=zNbYlLvrKkA=unj0BJ3iK0A=mM1kKIQBLUA=kKCvdIpCLkA=VgMfU5WSL0A=riBpAm5pMEA=8McTMGf6MEA=iL/AHh9zMUA=+AcbU6TKMUA=ooytkdLyMUA=aFa0x6nsMUA=yFr32Ju3MUA=8h0RpUpWMUA=5Nm0Lc/JMEA=SAV9rVkiMEA=8htEr57WLkA=llobGhhlLUA=xW05pSYALEA=lHqPHDXKKkA=wij6e8zTKUA=FqOXTmAnKUA=ba2/cCy1KEA=9ab+lhSHKEA=appzAPCFKEA=1leH5WibKEA=Ehy+U0OqKEA=uFyYBLygKEA=7f0oGN1tKEA=+fhgPKHwJ0A=GcRVX7kmJ0A=tGqMB6MTJkA=mNqCtnO+JEA=EaFIk4woI0A=1fgRtNlnIUA=XHmexSwqH0A=XmDl7tCSG0A=vHov0fUbGEA=gGHxmecAFUA=ECZ+fLdcEkA=BDn2noZQEEA=8DvVl6OeDUA=mEQQmubnC0A=UHkCDkmJC0A=mK4BfftgDEA=EN8DKu0RDkA=hIWDenBMEEA=kOSw0SHaEUA=1Mb36FSDE0A=mnoFvKkYFUA=hG59aRKTFkA=hPjM4ZzPF0A=iBKh9QSqGEA=yhVA0iELGUA=4ClRdUcAGUA=QkENSkWMGEA=WqDQyuWpF0A=Bo6V7+1sFkA=ZmucB0z5FEA=zHLROhpzE0A=oKwqeLThEUA=vG3L1eRtEEA=6HJBcqd6DkA=oBAqVlHeDEA=8OLCmjPuC0A=SK7K8+3dC0A=MCL0Oe+/DEA=iDAmxB+eDkA=xMetI+GMEEA=4C8W2nc9EkA=/FrNYFlRFEA=onLY+lrCFkA=JCWJxdByGUA=/rDAwJFzHEA=ECYAHlLCH0A=J2t0rJSqIUA=Nh0w7bGNI0A=MIUfUNOTJUA=7jdLkPK9J0A=8rYvQM0EKkA=JoWBEAlmLEA=5BzhJJjkLkA=bsAKzt/DMEA=op4gb1AfMkA=5KKttlSFM0A=wloRPNf1NEA=CWNEh0luNkA=jbr+jgTnN0A=BYchqZJdOUA=rKC+gMjSOkA=S5M/78pDPEA=5CyiEFqjPUA=hOIEWW7xPkA=tyEMPbEVQEA=UMn1JJWlQEA=vnQTLlghQUA=98KyH+mJQUA=8XyV6yzdQUA=X52GMHAXQkA=UQcDHWwzQkA=vF1i464zQkA=xGeE5ikXQkA=iVquR7HcQUA=uxCqDuaCQUA=8KThjZoPQUA=PdU+kVSGQEA=2PEh/XfTP0A=TIfCFnJ7PkA=UjPN+jIYPUA=NBBJToW0O0A=1HO5pI5YOkA=lnrJpL4OOUA=ZBmP1nfiN0A=mWAuy0HaNkA=GL4qNy7tNUA=S/rwcUogNUA=UUPhxFFxNEA=S1Ectf3aM0A=zKlMiOJPM0A=LCJSg6LOMkA=0FNXPtpSMkA=ILR0GujXMUA=ujciUgtXMUA=DZ8z6M7XMEA=LAsM5MldMEA=eBcKmofRL0A=9haiT53xLkA=52ys7+QqLkA=/HynT7+CLUA=quQ3EovqLEA=hnso8rlTLEA=dgRb0Su/K0A=io81c/4TK0A=xwtpNq08KkA=ioqDmIQrKUA=EuhbSp3mJ0A=6T2SSFZtJkA=cSFhhV7DJEA=juGnduz/IkA=LP9tRe0/IUA=tmb5Cj04H0A=mk6mmp9GHEA=etVf2THgGUA=hEEQrVcrGEA=wFPEL3AtF0A=2oL77+XJFkA=5DDkkPEKF0A=4vQk4XDYF0A=OCHbLd4aGUA=avPwQVyZGkA=suwOBytPHEA=SE87XuMtHkA=m9j3s2UaIEA=VlP+XgUfIUA=oxKus9I2IkA=5764DF1eI0A=lRNEEuOUJEA=xekDJcHVJUA=4Eic41ooJ0A=63LSv4WGKEA=OnAvckfgKUA=pt3GgaImK0A=nrgv+YtTLEA=0cBPSyBQLUA=am8XKOgCLkA=Sh4BxyxYLkA=+PvJfck+LkA=lmLnuRmfLUA=CDc76TxiLEA=OJL9jxqJKkA=+jmqj4keKEA=6zjv2RorJUA=V05mW7y9IUA=QuwQ4YAKHEA=oEVsR0lYFEA=4JL8MEyWCUA=0PmRuF6t9j8=ACZqGT/IwL8=0OTJwhEi9r8=KEfu2/w2AsA=6DpX5W1nBsA=mKGyU+dUB8A=WJ0GB6AhBcA=CAB7brkoAMA=kFhMV/EQ8r8=AIAdnB/Shr8=UAVWzaLp8z8=AIDvBOp6BEA=YH1NZ3LXDkA=gFM9BBRlFEA=3KDr+0/9GEA=9kpmcREXHUA=J857aI1bIEA=nw/e2oT7IUA=lcyMB2N5I0A=Xy4DrA/VJEA=csAf4XgaJkA=vOSBdplRJ0A=MOfmV8t6KEA=sdzHQD17KUA=/y7C+8xOKkA=lOj1sNTkKkA=bpjrsF4uK0A=ZGS/pNQPK0A=MDo+MiaSKkA=5mywpTm0KUA=gxbF3G2AKEA=2tSGbdj5JkA=ps3Hs/hFJUA=ziWYjwV5I0A=UdiTqf2kIUA=bKJQR2SrH0A=bu8Y1QVHHEA=9Of41ishGUA=7nGQrCQrFkA=6GT4uNxQE0A=oMczl+SXEEA=oOVfOAzlC0A=gEg67L5pBkA=aMhHESzSAEA=ENdrEbxt9j8=4C48F4Ti5j8=ACznjDTNmj8=QNgJjbGt478=YOkPucS88r8=oFErBZjX+b8=sHRxHME3/78=kLa9EE0eAcA=CJB9U3A4AcA=cBx+OYak/78=ILWoqUZQ+r8=QPXZr9sL8r8=ALfB+kO+278=ADGOGjTP2j8=sLORnGY89j8=SBXrzlTsA0A=wOi94WeMDUA=ODzJlBLYE0A=cjDlAU//GEA=fiuZD6E0HkA=BqtCtEOuIUA=pprFrzAgJEA=bVdsRThZJkA=dU/9q4RdKEA=TMYoW5keKkA=S58+0oqDK0A=EsmpbdqILEA=ZJ4FS8kvLUA=g5baz8ZzLUA=ib9eFeI/LUA=s5kwhHmhLEA=Qk88qd2aK0A=QZlf6n4wKkA=2eyk19JXKEA=fShb4GcxJkA=LYtHnL3OI0A=fXLEjhZIIUA=+AQC8JdaHUA=aDFpalZYGEA=fAi5sTHHE0A=MFWYqWCvD0A=WP6eAb9iCUA=6NOQJZohBUA=GNUSYhILA0A=oOlSVhz+AkA=UC4r0pTEBEA=2PTf7PxCCEA=uLT82WULDUA=NIuT560vEUA=WASk6q7aE0A=MB2kt0VaFkA=zvQJDLNpGEA=whNyDJfFGUA=mPxYLAljGkA=Xj0XX+NTGkA=YEp8/HCrGUA=Co30afGGGEA=ml+bTjI3F0A=MF5x9TQTFkA=FhRyFSBYFUA=uGpRUzs6FUA=vmp6YwH5FUA=ajvzlwHCF0A=GhHnKJGTGkA=FIWITAJHHkA=prKfgcFoIUA=GzX8GbD/I0A=d7pxtDDEJkA=zmiYn26MKUA=FN+csepDLEA=BOsvZA3HLkA=2RMDDBN7MEA=O0mkeVpbMUA=6Uv7HWoAMkA=gmfW0CFkMkA=4BIE40CAMkA=mBoCYERYMkA=geSPbuj0MUA=Q+CbSg9eMUA=U0s4ivGWMEA=HtLu5dNeL0A=UO1LsYFtLUA=3VH8k+JwK0A=TaE5M1B3KUA=dWBH5VWVJ0A=zuwxq3/dJUA=hNhfsp5SJEA=b7Lh0DDoIkA=oNusML+pIUA=49QG/8aJIEA=AuogrN0FH0A=MCDEoH37HEA=IEN55LYCG0A=uGlJ7Z8OGUA=8CpCX7ciF0A=zuqJClMjFUA=qJg2N1g2E0A=hCVGUUVdEUA=kDSryUcmD0A=AF1bJj6yC0A=OJBe7tqYCEA=oBy9OPTbBUA=+BQ7ab5iA0A=aJGQ3FIqAUA=ICZo5gS6/j8=gG5zu/nV+z8=8PjztqJp+T8=AIchPYdp9z8=UFsi8owJ9j8=4JPokohy9T8=wOZdfyv79D8=IDCQojTv9D8=MM5z0kmX9T8=oELbP6jz9j8=0MRSzYGz+D8=0M4RWK1t+z8=0NFbMDJc/z8=UE4RFylYAkA=kBtNgCCeBUA=6FFyRs+mCUA=KMwNUcJtDkA=fKxapqneEUA=aEktp1WUFEA=FEttowFNF0A=OGOm4ivmGUA=KjfxTDskHEA=KrOFq47NHUA=jA0PWjfWHkA=UIH3dF0pH0A=BPhP0t6jHkA=ji6H2ecyHUA=oCH601f2GkA=5CC3MhEHGEA=+NukC9heFEA=QMykzdM2EEA=+HB1pqiFB0A=4F0FFf7s/D8=gD6LPX115T8=gHLcqNri2b8=gLH+2Bz/9b8=IO2zIt2eAcA=6DPaEkZDB8A=sDfBs+GoC8A=qA4yJ8bNDsA=yIPwNAhxEMA=zG3YaggwEcA=nNnRtuuUEcA=RDMgDum9EcA=tLsXai3JEcA=RP2ytjXhEcA=hB1KYNTwEcA=WA258tP2EcA=qCUT+LoNEsA=aD1MgoI1EsA=8JI6jI9PEsA=uB/AiONPEsA=mETDRdpKEsA=6F8RmtstEsA=RMIrfa3VEcA=UB8Z51IuEcA=/LlgoNBFEMA=sNTBaLD5DcA=+EcI+/luCsA=QE+kvQDGBcA=UL9XfpUpAMA=QJ3FZA3I8r8=gEzNkRBiyL8=wCU2IpSs7T8=ON3+cS/6AEA=8F9jyRcQC0A=uCERw+u4EkA=2gvjvFLgF0A=PnW4Llu+HEA=mvsiwbijIEA=Wi3VHoCrIkA=E+saZ/ZlJEA=Z9Yiosy6JUA=tdpjop6yJkA=z5P/PXtIJ0A=dkzKszFxJ0A=C51b3PIyJ0A=ELaRk/ibJkA=lwZLcoe2JUA=NYaZtLaBJEA=AZrm17wKI0A=Bcc8HOpoIUA=DKyEnm9TH0A=VGezIjGaG0A=lniMMJ7VF0A=aF4ziXkqFEA=JIqE/7e9EEA=cFyZX/cFC0A=yNLG0SpnBUA=sJ4ejDTOAEA=MHwg/6m++j8=AFkckJ3d9T8=oBIGhAtZ8z8=IAqDpNdJ8z8=8J9ed7gr9T8=gO5EGkE0+D8=ACxrZOJS/D8=II43TsB2AEA=KI2UfW+dAkA=cPfrasRPBEA=0CKxFs2QBUA=4K6G7cpDBkA=wKQZyuJMBkA=6JjKT4e1BUA=aMvS3nO9BEA=aA/c1TWVA0A=iOWIylYwAkA=SNT53efVAEA=sLdFxsUm/z8=sC239zoH/T8=UIhGRFjs+j8=UFVcQRL3+D8=kIG1tIQR9z8=0KUA7oU19T8=sPjGUMvs8j8=EBZI+wB18D8=gCRopbqd6z8=oNFU9+sF5j8=wIHnNH963j8=wBYBtTBn0D8=AODf/y9koD8=gGTfaDqKyr8=wFogg+JA3r8=gNPjFNSw578=IARWj5Pq778=0Cd7B9/k878=gNmF0meZ978=AAYeAcVn+r8=MFdaJrPs+78=EG8K0E0Y/L8=IIZb1Eh6+r8=AO28sPZX9r8=oBXIuu+77r8=wCbt3INz1r8=ALD1hHIc3D8=oGGlPx+f9j8=0Ib1hhF1BEA=WCZS3W2EDkA=VK2gIqyUFEA=5NcEyk8PGkA=7LWdnaGFH0A=Fw4JkhpUIkA=2AJRXuWuJEA=Xz/+W/LIJkA=TMxWIpadKEA=/jhyctkdKkA=qIVvGABdK0A=CNdUvNZnLEA=EdE9fxVILUA=1w8Jxef/LUA=ZEUMviKqLkA=Ab78lLBXL0A=VDnbykYDMEA=75MIzf9dMEA=wNC1uM/AMEA=HVTuYAYvMUA=4M5Vh2CkMUA=yerSIqQdMkA=qhuQm0ycMkA=SkkoKBAgM0A=4E1F8VGkM0A=R+GkvaEkNEA=lL8/MkWmNEA=rVzeP+cpNUA=O2Qx5cSmNUA=ioQnR1MgNkA=iLrJaC+bNkA=mS3+DSIWN0A=GWSuZ+GGN0A=8CwCEnTuN0A=StQW5n9JOEA=zE2lSnqTOEA=Guos4vC8OEA=Mj8aY/bGOEA=CgRYR+quOEA=ckF0L9RuOEA=o0df7C4AOEA=TEuVnHlqN0A=/8qR8S6zNkA=2rjp6QPcNUA=IotPNZjlNEA=f2O2E1feM0A=Gwo9OPDLMkA=0XaJTz6xMUA=sF3h2aCQMEA=nL/rsubnLkA=COfy/0bBLEA=32vwrMCmKkA=SIXmeBqeKEA=1oTNTWW3JkA=rLTvyJv7JEA=OHLva7pkI0A=Wrxvg4oBIkA=JzfVYRffIEA=B/1kNM4CIEA=8OmrzozBHkA=0M97MbUNHkA=HjjaJO7sHUA=KAc8w8ZKHkA=WBzC51gBH0A=mqTjVt8CIEA=2c8rnyelIEA=89OAhmFXIUA=Xf3hzvYAIkA=GSbi83inIkA=MyiGfMRCI0A=8IbHa9/NI0A=7jRmUXA+JEA=2om5UGOsJEA=hxemfYQeJUA=DGSwixqQJUA=phrvqMMMJkA=XBZAWHukJkA=j+Iqx2RbJ0A=jiBOoVolKEA=fiIorbEEKUA=wcvgvzPyKUA=z2EVRO/mKkA=CMsoTQfBK0A=AntVKbl7LEA=wHyki5QGLUA=Bu1GmDZYLUA=yB0c0qRYLUA=MM6eOaQJLUA=OgCV4OZtLEA=UiGI25qIK0A=SUpfsLFNKkA=ajJUAsHLKEA=mMXD9vwLJ0A=FRDpf0cPJUA=QacI/hLRIkA=vpTdI8lkIEA=gMVU2+atG0A=OFaXWN5eFkA=vNrMHqfvEEA=sK3fyK5JB0A=UOi84L69+j8=QBV8fK7t4T8=wA7gVSlZ178=EAxH8daI8L8=0PCa9QBo9r8=8H4W03A5978=IP79yXar8r8=IOz5T9To4L8=QLd4QoLO2z8=cCupWgal+j8=mDoNCsTcCEA=YCFjhefdEkA=9p/epYesGUA=6d8v3Qw4IEA=z5bdH1J8I0A=5E6TI9qGJkA=HJ0DdJ1AKUA=YgYQZFWIK0A=q76EpmJjLUA=VFqzTAbTLkA=QFj1d9jWL0A=Mv/toQo7MEA=SLU+hqpjMEA=M2RHXgxrMEA=l6hLilRWMEA=hmxkVggmMEA=yVB5x/fEL0A=ciHRvLwdL0A=3iKUOq5GLkA=Z1XhP4Y9LUA=iom8ULj9K0A=WNR0JyGKKkA=GlsQzDjYKEA=TSusP1HzJkA=yeceXH7sJEA=lZlXwHDYIkA=PrbDkTfKIEA=nJkEXem+HUA=vvNVzQl+GkA=5Fw/jZEUGEA=pKtYSR2hFkA=2q3OT11cFkA=yg+upg5pF0A=doom5CnRGUA=JnluQkpgHUA=KEeE81oHIUA=R1qk+HbRI0A=oNFOaEDnJkA=BT5fSc4RKkA=xEzlybwuLUA=5SEnBzEKMEA=y0hIFVtNMUA=txNr5LBIMkA=rmoMVOL2MkA=Q8fP/+NSM0A=Ol68E0xWM0A=cspNR6cAM0A=7F0xEgFhMkA=jsUwVIuDMUA=n9+zIUFwMEA=9pKOXBhxLkA=vLOZIPzhK0A=3fl4I5NVKUA=ow335zraJkA=VxuzQ2CRJEA=LXjKXWWUIkA=RpW7zwbrIEA=BHEl4JkQH0A=bpuRCC7rHEA=LO9DTEFUG0A=VhFjoHomGkA=hMMn8zcmGUA=Qh+I6OM/GEA=3ME3/gZjF0A=oOfQTGpsFkA=tuO6b7k7FUA=OL1MR2/tE0A=yLTIwPqLEkA=8IjpqOIYEUA=aCuuUedWD0A=EEFNFZECDUA=wJoq5TJrC0A=yL6G+WOeCkA=SJoGCyquCkA=sLQ+5865C0A=0NS6p8+nDUA=IHOCW+wLEEA=oIez62lTEUA=1ETef9eQEkA=aKEavV6YE0A=FFSM1msXFEA=dF0D0owIFEA=fCRkEOthE0A=3MS3x3gmEkA=xC7D/yFGEEA=aLQNPrb7C0A=CKVw5CXtBkA=cCddXWa/AUA=wGMEcehC+T8=QCqYZeYT8D8=QPXz6gBu4T8=AGlIxEo5yz8=ABChDS2IdT8=AK7pYQMVor8=AJ5qU6Fltz8=gKCB+AGc1z8=ADwcJDfp6D8=MHOY1o1Y9T8=yEFOkZoyAEA=iNaoC5N3BkA=MBim2ZBWDUA=LNHdT0duEkA=ZLge6JByFkA=5kctOoJ6GkA=AJ2bUAx5HkA=fGcTGsEsIUA=hBif4Pb5IkA=SuyMTe2OJEA=4cmLKa7gJUA=tePVe2bjJkA=Sv5wLqqPJ0A=Z0uuZMfTJ0A=etA17N+9J0A=twi9qQdUJ0A=q9O8fq6hJkA=j3RxFfGqJUA=wHHecCiSJEA=Yp7ae51yI0A=pi5eCS5iIkA=DEZfa4FwIUA=r6ASa/G9IEA=PZ8oe4tbIEA=GC5sZ4hVIEA=o+PBOeqfIEA=Dn5qSzJFIUA=MhTzq304IkA=NQ+bh0ZgI0A=E5uOLeOnJEA=SDU2f1sBJkA=f0PG7sRXJ0A=PhbZUH6NKEA=nllA1YCbKUA=bY5cveh6KkA=dnvHn9ouK0A=Ul7eAsewK0A=+yGx0kUILEA=gu29AkxILEA=erMeOYeBLEA=AcjzGoO0LEA=O/mwp8j0LEA=SQBMq4NLLUA=cAHRG+i7LUA=BD3kQv00LkA=+Ffopmi3LkA=vJbuXs0zL0A=MC4uyJKXL0A=gUkiB8C/L0A=zq99oPWgL0A=gDeHNR0qL0A=6hhJtkVJLkA=9jp/s0rxLEA=XAOXsJcnK0A=gRG7tyf0KEA=oPtYklRgJkA=8ybcwEOEI0A=WVtvQEOAIEA=lKlrOsDuGkA=Ai2reML/FEA=wI63337sDkA=IDUeMpMcBUA=ILdbXOL2+T8=QJDcufy76T8=gDyCKGg5yz8=gCRwca0qxL8=wAuw6gnT1L8=wGU4HDuQ1r8=ACwQ9ivZ0b8=gIiujBbYwr8=AGjFilMQkr8=AGx19Dufkz8=AGBB4ys9r78=gCPDxQ1X078=YHfE61U7578=0IVZxNDa9b8=2CxydH5bAcA=mMP8RHTACMA=KKFK50VbEMA=kH26e31YFMA=YL8KDvrtF8A=wI1KsFLDGsA=eKCRNECdHMA=YOsbEjBGHcA=TGj3JAuIHMA=pCv6lahTGsA=oNChYIfEFsA=GBSoEfHwEcA=sDfmtyXzB8A=oCCuThSE9L8=wMXuriCL4T8=UOk3HOd5A0A=gLX28vkuEUA=ZFu9MV40GEA=qDD+Fj5jHkA=VuwubM3FIUA=asZpzjrBI0A=gqVOA3wUJUA=kASe1fSzJUA=DdpqiEm2JUA=NnXOeDwwJUA=PHN0L1Y8JEA=PKmb8670IkA=rVr7NumQIUA=6Eqc2sI4IEA=0nZljQIXHkA=sLh9Muw7HEA=DMEuRZsjG0A=0C3fej/mGkA=kLOqxwFfG0A=NCa8/ZKBHEA=Tqj77Pk0HkA=TNkAdvEdIEA=v84mbqMoIUA=8LKkK+IiIkA=vSolCeMCI0A=HuXWiueyI0A=ACIKLAIgJEA=w9tAlMdVJEA=RMaaCBJWJEA=E4zExRsvJEA=tWFcXcLWI0A=7Bb0/WljI0A=wDkMbI7cIkA=D0gznspBIkA=iODxC0GDIUA=5VQhMb2nIEA=BtQkhbRTH0A=0O7+B7PvHEA=hs3lDM/+GUA=/qVcz2OSFkA=tG9IgfWkEkA=+BjF3bxPDEA=+AY8vKxiAkA=oMFSBpH97z8=gEH2H0Yi1L8=ECLWtaur+b8=yPXMDUhhBsA=CPZszeyGDsA=QHTwW9dxEsA=VDP2cEqmFMA=XGJ0Are2FcA=HO5FJaqaFcA=7KsngDxhFMA=0Ndxnkk/EsA=oEzpwwGcDsA=4EpGkFZyB8A=sBjvgTDj/r8=IBYRN9Sb7L8=gKVom0uXxD8=cHbbe8Nf8z8=WPLAFdDjAUA=EMxEl0imCUA=bIU1iMaMEEA=YHZbOgkmFEA=+oTD2bGNF0A=Vkzjjbm1GkA=WoN75VWyHUA=a+xxBPU5IEA=B2EKPrdtIUA=a8sjgTBpIkA=yS8yFyMwI0A=1lVlQBy4I0A=1eYZ74j2I0A=sJ2QTKvwI0A=DgGn9amuI0A=uX7wovc8I0A=/6TD8F2dIkA=TXWof/PnIUA=f3ZdtMwuIUA=MZEb4NF+IEA=FBMQlVa4H0A=9hYPRlSnHkA=8Edm3wHVHUA=pNsWL4w9HUA=iLWlbPm9HEA=2L2SNN5UHEA=jFZny4v4G0A=iNB5vkuQG0A=opr2vAP6GkA=/LeBn5JCGkA=gBykechbGUA=HvaLGo47GEA=4rNA2TnLFkA=0Jmir04cFUA=NHy8c3ksE0A=rF/3/P/sEEA=GN0u8LfKDEA=eBjyP0hjB0A=QD5uolPNAUA=IJmWqmde+D8=IMqP3h8g6z8=AA1kZBoR0D8=AOxOrQy5zL8=gKAt+6M24r8=wFUEqBE26L8=QLJA/Zaw6L8=IG3xQzCR478=AFxnbAyO078=AJz2KsrqwD8=AEplUzu05T8=8EiJ5aLg9D8=cOIF/50q/z8=CO7yT7bRBEA=mCuoG1HzCUA=6NXvxlvlDkA=gD6GsKywEUA=JNi85HfKE0A=LEyhIg/JFUA=UAdcPPemF0A=sKyirkxZGUA=GiYqnGQAG0A=ovE7mEGeHEA=zJm3SXsZHkA=TDJcIkJkH0A=o/jYONNKIEA=+p3ZW+bTIEA=+usjMfpDIUA=5Wiru+6dIUA=Hdb3c4/1IUA=5GPIMu1WIkA=WT231vnEIkA=E1gLJE1TI0A=/6KH3gMQJEA=ZTWHnDsGJUA=3+BFFGwlJkA=rJ/ELdBxJ0A=qWdLnMviKEA=IxkV1DJsKkA=6zDBbivrK0A=vIriUg5bLUA=ql6t+52xLkA=ktUn1fXhL0A=wUXxUYtsMEA=5lXkhLrTMEA=+ANQnqQqMUA=vmDjKlduMUA=ql2mhF6hMUA=4AubLfTKMUA=5ZavHjvsMUA=BTzSyT0AMkA=JpdO/ZEDMkA=3kRMdjz3MUA=s1v8OQ7XMUA=H/1+HxGbMUA=7w474D9FMUA=I4OYs3jZMEA=0EjL4QJbMEA=JdLZIoORL0A=onyStIFdLkA=ZLgh1dMlLUA=TvhtUgj+K0A=BN+3knbjKkA=BOHHHtPnKUA=jdS9REoWKUA=SpDUT39pKEA=Z3m7uj3JJ0A=rBv2DrQ7J0A=y+cbfSaxJkA=+ZgF5SoTJkA=U4uq7Mc5JUA=KlWFWacoJEA=wJ6e9+DRIkA=xlPfA4sqIUA=fi86VolbHkA=eLaYWF/4GUA=QsnGmxJOFUA=MJa8C7uHEEA=gHWYr0vKB0A=4OpN+aW0/j8=AIfdHWRL8D8=gO4iamIV0j8=AMU19Ej00b8=YClDvyuS5b8=YED5QkZU7b8=0O3TIChx8b8=ALTvW9ac878=YC8c0wjL9b8=YKfQ392++L8=UIupJF1S/b8=kFkTc6vFAcA=2OdEiTuFBcA=qDgx6WPZCcA=8DSPwcmeDsA=INmQbkKWEcA=XLHuGgeTE8A=yOodEPMSFcA=NJflSPLpFcA=/FO+E2fSFcA=8D0jpDCvFMA=QA1alX5wEsA=wA3n+aIsDsA=2FNMBGElBcA=cBO3YeUV9L8=QOAzt0ad1T8=eJrTr6yvAEA=8ObHYd1qD0A=WNR6o9UnF0A=jKG+gyRXHkA=+sXyhOR9IkA=++ftXZ92JUA=rt8IJm/+J0A=J09N4079KUA=e+SuUC55K0A=tCKhRPKBLEA=MCn8RXwuLUA=OoAVeOGGLUA=v6CKuu2zLUA=O+p85jjWLUA=DfhfbpIALkA=Erf9VaM5LkA=9a4mUTOYLkA=u/qXZeQbL0A=yBVFGSjBL0A=FBvyN+80MEA=ewHW2EaJMEA=wVLG7uLVMEA=QcTTQnASMUA=0KmvVNE0MUA=O4LFidM+MUA=BuvPXRY1MUA=1h5zMHoSMUA=NAgLxIzaMEA=Ve+8DXuYMEA=ZKZgpZZPMEA=eu4oI9n9L0A=DuTdkLZOL0A=QKk4Q9qXLkA=KmU6ioTcLUA=jJhr3Q0MLUA=YdH+kxwvLEA=f8urFwRNK0A=kfg6fZltKkA=94kFsFiNKUA=Hl7sOEjFKEA=D4B/g+0dKEA=bHU0aRmpJ0A=knNu6zxcJ0A=/90PMYFLJ0A=ancCVMp6J0A=WObtux3lJ0A=4znqhX16KEA=DLo03y48KUA=5u1vgTYpKkA=kkN1IogvK0A=Epr8vJw+LEA=XMIHV1BgLUA=rK7Bz8WJLkA=QFqa8DytL0A=iEIxcKhhMEA=B8uyX0/mMEA=UvfZQDhjMUA=0DHnTbTPMUA=6O/CaaAmMkA=ByoHLGdqMkA=p8osYueUMkA=NRr6spCcMkA=tBmlIDd+MkA=eXbEfM47MkA=wzMdr+zVMUA=vl19a11BMUA=7h3AdmOFMEA=SV9sTnRNL0A=9MVTLXhTLUA=d2Fw4zocK0A=cmSJqITDKEA=C6h8VTRmJkA=IAPQiQwXJEA=OAB9bgDkIUA=HHYn/2LmH0A=lBoWXiC6HEA=MGcw1UpgGkA=wkyoBtrgGEA=Ck17H9RiGEA=oHqruZzUGEA=UG0luRIQGkA=wPw2rIT0G0A=jsS2TfVeHkA=TddpZBKUIEA=VTWRcigDIkA=EJLzl+xtI0A=hpgwo7rFJEA=5HTds6v7JUA=h0U37/zvJkA=5l8Ai42jJ0A=6GlDqz8PKEA=0i2X0nsrKEA=LLqMAYnhJ0A=LKINHos1J0A=2SY+lBctJkA=v6MroCXFJEA=0t+QnwP0IkA=+G/lS/3YIEA=wrKz0LAEHUA=sHJ/1p38F0A=/NDsYyPFEkA=gGHK4oxPC0A=wGWvkSLMAUA=YP2SMz268j8=gBhYE4wN0j8=gIz1EsC0178=IKV0Fa+A6L8=IBAr0zdC7b8=gD4l0H2p6r8=YIrlC1gY4b8=ALRgl2qxrr8=YHonYdw24D8=oI2auMD38T8=QCdyKi2a+z8=OC0cb4EcAkA=8ETUZN9FBUA=0EhxFc07B0A=UOv7VZncB0A=iBVWLYo3B0A=UIup079FBUA=iJcaDaNzAkA=IN88ifcI/j8=UPj7+FS/9j8=4Bb6z2h57j8=wDWNrjaT4T8=AGLo2aqqzT8=AICJ87Qsij8=AD3v1TqeuL8=AJJoo97qsr8=AJKXcwsPsz8=ANdpniz/1D8=4HGrJc0m5T8=YEIiRzdg8T8=0H0nYh0h+T8=qDUQ9LCaAEA=QNanEfC+BEA=+MQbuGzxCEA=KB4GgG0rDUA=WFoFJe6jEEA=YETXnpy2EkA=DGrOLhXpFEA=0B67//FNF0A=cCanj7HaGUA=PPY7JXmqHEA=IuMl7ye+H0A=Hg7GWkqEIUA=U/D3cHEoI0A=yaCTUEa/JEA=WlaIItAsJkA=dcuwyxZYJ0A=10rWuDUVKEA=lCVZjH1dKEA=TtgU7CUjKEA=ab97TrJfJ0A=bjoj10sSJkA=1ufSg9tYJEA=zKLvixNPIkA=+bN4b7ENIEA=pj5BmHVmG0A=oJZNdvXEFkA=gIdKYqZyEkA=WHhDg2ziDEA=oDuxy626BUA=UJbCqDze/j8=sNGWO5nv8z8=QJqOQKbT4z8=ALpLT3fRqT8=AFCL4QZw3r8=gAxNxCyn7r8=AO0yXYHJ9r8=wHRuXmSg/b8=eLlBZxe9AcA=iKSjM1H6A8A=OAuksDaMBcA=uAn8DOMrBsA=yJ7/3LnCBcA=cC5qFhpMBMA=UAOKyq4FAsA=kFgMkT23/b8=QETFBEHJ9b8=oIx3fU6D6b8=gJpLuCeLyL8=QI9oJahR3D8=IKSy2+GK8T8=8KlEQeXv+z8=qEXdYBX8AkA=iH7HeqntB0A=EDyzXArpDEA=5PNybF3bEEA=9M2/VmErE0A=vuAcAihzFUA=7PKK4kWzF0A=kFT6OCzCGUA=DlTNswyiG0A=ZKPk8QFNHUA=7M1jyLW6HkA=1n2tkD/DH0A=lZAeQHw+IEA=oILXe7J9IEA=xEawfBeqIEA=+8ORrBe9IEA=P6Ovv1rPIEA=L/9EAWvyIEA=eunpzpsqIUA=DQWsoGBtIUA=GfIqQHfIIUA=6mkZ9nsyIkA=jj8aMvSTIkA=UQbmNnzVIkA=d6d5fNLzIkA=fDS2mj3eIkA=IRWOFER8IkA=84XM9nvHIUA=5seKhZfMIEA=IM5ValglH0A=ioCxFTxCHEA=JvI+p+MUGUA=TA9jJvnmFUA=2KmyMdzpEkA=SCHA4Jw/EEA=kAawLF1IDEA=kPCoU2+lCUA=0KydV7rACEA=mGlX6lZyCUA=+KgS0NXgC0A=oNbSUlvlD0A=sLDhhy6bEkA=0j+CqTiyFUA=MorSSuIgGUA=lO7Mr7q4HEA=rltNuQQoIEA=yoy4YpXbIUA=1qvArqd4I0A=7Ed+HLP4JEA=e9OV6aFSJkA=+dzlH/t6J0A=3SFXj158KEA=euS19qJVKUA=iDdrLQD5KUA=If3JeVxhKkA=VFbrhquYKkA=bs6qYY6ZKkA=ut+uJhBWKkA=JNmUzbTVKUA=2lg6heYkKUA=gTxtIx5JKEA=zGHw8wxCJ0A=I9ZbLownJkA=dEVtnIAMJUA=Cy6wxxIAJEA=aFmK+1sGI0A=oPGHZu44IkA=5V04crmlIUA=vZKHtyJMIUA=3IuabdofIUA=yXI9wyopIUA=PQeTtylaIUA=k/D1hxqhIUA=IAUKCy/lIUA=rFZvfUknIkA=CEdASQVYIkA=gKxDor5xIkA=4NP7iXltIkA=jxRtgU9eIkA=wiCuajFLIkA=G0zr5JU5IkA=VBtWaUAuIkA=ycKnZO45IkA=C1KcNE5cIkA=TaH8Nk+EIkA=DvDu9YurIkA=TAcREuDFIkA=E7SW9PXFIkA=rZq5xVWRIkA=vJdxNCcsIkA=k1uhAruVIUA=e1JiaKDWIEA=nktr6CbfH0A=hmdun4UQHkA=fEH8+iRzHEA=goYO8PI7G0A=pBeff7GGGkA=8A6NsHaOGkA=6CMGxD9rG0A=GDnrRBsVHUA=xBKS8lFjH0A=Uk7JTGEpIUA=rtefBinUIkA=Vsc1FoyKJEA=4vEA6qMkJkA=GA+OunKQJ0A=EWwMI3qoKEA=Wrv/U7dIKUA=qc7dhA1hKUA=MPagU5DpKEA=y52yCSXfJ0A=kAJovhA+JkA=CoUFfw0WJEA=s/DBRwqFIUA=Lm0kA7NSHUA=/JGivR41F0A=sDk4DbIREUA=QBXA1U18BkA=kOQaKnQ3+D8=ANUSwhh+2j8=wHwUbYa22r8=YKnH7thO7r8=QJJxQE168r8=4MLnVgU88b8=YAoheTMY578=AH09k9aqwL8=wLy8kQ9/5D8=wOQBRI8r+D8=GBkGaL6NA0A=uPrsoRQlC0A=nH/FyNg/EUA=KL4mZKasFEA=5i0J7onUF0A=wpJYGsLMGkA=siyd32GLHUA=3QEprjwRIEA=tdHIocBbIUA=qsZicu6pIkA=tSdHxNDtI0A=tZpu7GgmJUA=Q3hH3aFTJkA=squxUgNlJ0A=zhHX+MU7KEA=wtNU4izQKEA=81bnzrocKUA=PttZ1uoXKUA=op6cQoytKEA=J5dFkaDuJ0A=R3R1TgDmJkA=081+cmSYJUA=7khlZH0GJEA=ay9mDl5QIkA=NZCL5ouGIEA=1swLTPVkHUA=KvEWj4e/GUA=MpLbumZLFkA=SNBPw3c2E0A=BMznomuDEEA=CJvs5F2MDEA=SEuipn9OCUA=aOhnTxldB0A=GF18jviVBkA=8LUOFw7uBkA=YPZATWVmCEA=wEb/tGTECkA=MIjCQBGODUA=zKvNKgxEEEA=HPB/+S+qEUA=1KQU3uPQEkA=HGVVMppuE0A=bLxiIal5E0A=mNj9RhnmEkA=jMbW2JixEUA=oKPm9MWyD0A=mIYvbcA4C0A=EI9tQLBiBkA=gCy7qnqfAUA=MF0udua2+j8=MMeNTXhb9D8=ANvc7jUB8T8=QKwHVC/p8D8=oFAVC6b+8z8=0MM4PJSU+j8=aIHq19oXAkA=WPmQj573B0A=2EueAoOSDkA=iFrK5x/cEkA=XmntiAmGFkA=couO1GAKGkA=hPDNHbdIHUA=dTR1WoIfIEA=Wso2v99oIUA=yN3nffhjIkA=+m60j/EOI0A=X6j910hfI0A=ix5hN81GI0A=OpWXCnKtIkA=U1tVRnmdIUA=8nlFQREYIEA=Jm4doY5JHEA=WHfbIkKgF0A=KLQMByVyEkA=UBnbVdYQCkA=cOY1hy2e/j8=QJVmteEU5D8=AJnNVMon4L8=QIpyDFfx9r8=oDui/ZwWAcA=CAzRbEHJBMA=MAnZbPFmBsA=IHP7WnoJBsA=mLDvzPUkBMA=iGygpK/3AMA=wIdheHOY+b8=IEjwug8Y8L8=AFKfDiIi2r8=AOvZN+N5xT8=oMgnqTkz5j8=sGirrKxv8j8=AMC0irQ5+D8=kP6EfQ7R/D8=EIE/inMoAEA=6J9b8F2CAUA=cK/lFcFwAkA=oBWyyYtSA0A=eA+IYHhKBEA=sHKvDwyGBUA=iLMIiRXrBkA=oGreHte5CEA=kHH5AmzzCkA=oP0Ee02UDUA=yBDMhchDEEA=nD8mDNoBEkA=5C5qg5IKFEA=nvtjS+BhFkA=lkKvdg/9GEA=EjUzg78AHEA=Iu8f+KNoH0A=sm9YEWeSIUA=PPcDgvyUI0A=t04McXS2JUA=qAWPBpPmJ0A=yYk7XIIFKkA=lzL7tiIFLEA=vpA4IK7XLUA=HkCGY+5qL0A=iqlWGIFUMEA=RZG9N0bHMEA=CSCAYTQOMUA=BGXi8OYuMUA=Sk+wLxwnMUA=qduRJbUBMUA=TYFD/47HMEA=49y+1SKAMEA=VAxPGu8qMEA=xl7pvBejL0A=FotetJX0LkA=eujdRcJDLkA=/jhFVBuILUA=nP4+R47ELEA=ls+IrHD1K0A=21I0AnUHK0A=QldVS//zKUA=62M2XIG6KEA=dtewv5RcJ0A=4Ov+47/XJUA=scknW383JEA=2vWBVSWPIkA=6PIv/GnzIEA=bsveNY/IHkA=SG8Q53PuG0A=oHg02Kt4GUA=eF0Ep3SDF0A=1DTTc1DpFUA=WBtG/OfBFEA=dDiZAroBFEA=2I4fFbWZE0A=ONRhAvBRE0A=eGuvonosE0A=sBrztg4QE0A=zBMQErndEkA=5Nokl+lYEkA=cCnk5fWOEUA=hFVP7etiEEA=qJ7I6KyNDUA=WEl/VutSCUA=sHQznvhqBEA=sDejveAg/j8=8IhfyRC68j8=AEDbx1803T8=gJcFYEwwx78=AAhRojUI5r8=MGvx5jyM8L8=gKVQ0VX78r8=kB7ynkpu8b8=IM2D4hdj578=ACdEAfkmw78=wHcgbQ6i5D8=wF95iOHh+T8=MJL2lIq3BUA=wL5oe5+kDkA=KJieNGWrE0A=/vD8cUOpF0A=joD3ZXcLG0A=EHivz2mKHUA=oNj7GGAkH0A=Ng6FcDnTH0A=nNaC9wGiH0A=7gDomn6IHkA=7hA66trKHEA=9i0WrJeLGkA=kAPNsZzjF0A=DONTzfLsFEA=WL7nuLjhEUA=OB1//FHADUA=2FQsmTvhB0A=4C7v3IY7AkA=QCkqPh1O+j8=0MGKIRSx8T8=QJmnOLXB5D8=QCE7aAuC0z8=AC3H7VKUuD8=AKSQUbcvnD8=AEd93+SNsD8=AIK1RJP5zT8=gMGFvNEL4T8=QBTyNCNM7j8=8Cye4d369j8=AADYbWcMAEA=wI/GRWU0BUA=aMMtoH/BCkA=RFjuyp02EEA=8I2DDactE0A=zkD58Ew3FkA=Mi/rZjA0GUA=hh3VRYgCHEA=qkEEzl6nHkA=6mAD8aSBIEA=pracm358IUA=SaUlDb4zIkA=m5ssAwauIkA=yhLRswvoIkA=kopnC0HZIkA=NdrYOoqFIkA=lwV9lX4AIkA=JcdAU3ZWIUA=66SJf12DIEA=MpEi7lxCH0A=iNiX6CB+HUA=EJHvbv7TG0A=VCjcIFY+GkA=xKoPuaTdGEA=WtPxAUmzF0A=aDcGR3TFFkA=LOVeT+fuFUA=ZPoyQyM4FUA=7CjgfribFEA=jOBETR3+E0A=pLhZAWFJE0A=gErsgGiXEkA=8A5fINnvEUA=oJ/Fv7pYEUA=mI6a7xjWEEA=vGWWS2KUEEA=HKsjq5ykEEA=XGSjNmETEUA=qJUpKYbdEUA=kCpInmIaE0A=EIQqBEjBFEA=8OgqGA+lFkA=kL43vkOtGEA=EHfAFffOGkA=Gh3pEn7fHEA=BFb0htq2HkA=2FKrGCIhIEA=rTvJrs6/IEA=FlwMjFc5IUA=m021vpuDIUA=eZ4d/zuvIUA=J2SettLFIUA=nHOcbXbQIUA=5D7ms9/IIUA=b40JZGO2IUA=JMnsfq2XIUA=QCQ661diIUA=7+5sGvT/IEA=Xb+ZXz91IEA=ntIPfCtvH0A=LNyvbv+OHUA=WplkFt4vG0A=FA6p2hF9GEA=MEMEY3ybFUA=0CbHWNCPEkA=KL/zux73DkA=AO1dJ24kCUA=MNnVeAXyA0A=IBbSydXV/j8=wFDVwWpK9z8=ICX0Mv6V8T8=gN4Pbnu26z8=IBMDPsIg5z8=YHteZR725D8=AF7DiTVL5T8=YBzM4xRb5z8=YOLeW6a/6T8=oGyfNxSb7D8=QNBW6PML8D8=gEAPmKos8j8=sFPp3Qtf9D8=UNPsOw8n9z8=IK5k6XvI+j8=oKtRI2Vr/z8=6KNBzQFWAkA=gHk0m3pfBUA=eBLzv1PJCEA=sE8PzYhPDEA=YKJ1EvuND0A=cORbfKtCEUA=2CXRQtCCEkA=kN2nSCBbE0A=1O5dH9rDE0A=LCHxnoXLE0A=fKLuVs2LE0A=QEImu10JE0A=/DeMjp5rEkA=KLrr8CTvEUA=KIhyfSq8EUA=zIW3qErhEUA=mAm0sB57EkA=lK3eg82jE0A=ih/tj4dfFUA=hojZETB0F0A=knZKAXrXGUA=nDM585tjHEA=pu5U5eL2HkA=pfkKD3WeIEA=HMm6tFiWIUA=JHd4y/VYIkA=b5qEOdnWIkA=IXl5nZMBI0A=kzBGer7mIkA=EaKg6ZmPIkA=ZvSWjbT8IUA=t/e2XPAwIUA=1OGzNoZEIEA=lppvHfOIHkA=Iu6J53ViHEA=pLtfDWcdGkA=8D1xFLDoF0A=jLoNWorMFUA=KK87FRS+E0A=pMhZ+v3REUA=kF18HFQkEEA=cAejSuOYDUA=0E5ZPRKWC0A=CP0kIZGNCkA=uIsVUGHTCkA=AKlP1YWMDEA=2DuOgqazD0A=iJPA3YBFEkA=ZmN4VGOWFUA=SFy0QjO/GUA=5OApmQKcHkA=H3fG8nIXIkA=PT/nBu0uJUA=21QyfIJ2KEA=8Ge2wTbMK0A=BnplcZ0eL0A=7upQL6AlMUA=vmgArQKUMkA=h8FpKxLFM0A=p0BufmuvNEA=VrqdB1JDNUA=GDS1TnRwNUA=YMrjA7AxNUA=gTX4Z5qGNEA=Syy6ROF2M0A=hKmQq+YGMkA=acZJqRZKMEA=rPVYnGa0LEA=1JbROrafKEA=7aSm7lt+JEA=A+a7CA2UIEA=PAky6RgsGkA=FKBUK3ldFEA=gNA+Ha6zD0A=SCnxT1zJCUA=mIUNQ1YSB0A=+OBnmHVNB0A=2PaynHvvCUA=oNalscepDkA=ZJK7gmV5EkA=1mU+UAwNFkA=aJBec4CqGUA=ItsA5LQxHUA=RX7S/mMwIEA=JwGzEIGGIUA=rvARVCyDIkA=A8fRTXoxI0A=OSNeUDqRI0A=GmHAEninI0A=5P9QRh6FI0A=bgsB0l5II0A=sW1JetwFI0A=0Q5BjAnRIkA=9Dm3Yoy9IkA=aLrS6CzlIkA=2dLfNaFUI0A=fvrICNQAJEA=hNhcM7jsJEA=wCN45WkQJkA=jo25LkxZJ0A=wyQXzPmcKEA=DS53wEzTKUA=PFBljm7jKkA=kYff0C+7K0A=Pyvmb3VCLEA=B9MAQIGDLEA=UmpbLhqHLEA=uR/MkqtZLEA=Y+43sHwILEA=lFiENY6uK0A=FXup8rhiK0A=gm1JL1MvK0A=EByDt3ERK0A=UnYQt6wZK0A=x+tKDYg/K0A=pBRnxU1uK0A=XzdvJ7aPK0A=2AGwY3GfK0A=RfijLKaUK0A=MF+1dvJRK0A=l9jW5VfZKkA=gJ6nt1g0KkA=LKpyovloKUA=WF461RNxKEA=Yfr6mu1dJ0A=iJNzY/A/JkA=PHXaltIgJUA=lfNA5Sn2I0A=cRVCIYvPIkA=kkCi3X2wIUA=Ux85bu2jIEA=jEGGPj0tH0A=5GiEnuhCHUA=FoWkZi2cG0A=8M0FUHlAGkA=TKlI2Gc1GUA=flYcnr2nGEA=Gix5bU+lGEA=EiEGZ0ssGUA=LKXdrkIlGkA=UmGWfOGbG0A=rs+KHEt7HUA=jm0wwRyWH0A=swV3+xXfIEA=nTE58PX2IUA=dADT1wsDI0A=LS5YXNrjI0A=r0uy8oeVJEA=GZxzJXoaJUA=VZ4KyrVzJUA=OfccC/iUJUA=3+E2i36MJUA=+ruPrcRrJUA=aSEWV3tCJUA=FTrleSoHJUA=NxXjeaLNJEA=8IaD9HGeJEA=t81beLN2JEA=k/icLclBJEA=f6B5npAKJEA=DgHQIqnKI0A=e+XvJYR8I0A=cG58PJANI0A=OtbUg3GTIkA=XTU3LDUWIkA=VzTLAWGYIUA=o86xFqkpIUA=L/rDPS7oIEA=V62p7dXiIEA=0HsuYMYXIUA=WAUfEKKNIUA=Gz+wAflNIkA=7p4pfNZII0A=jwLqq6JZJEA=yqO5IlhsJUA=3jyotHFhJkA=vd9Y3D0fJ0A=3VlCKxJyJ0A=kRFAjLtRJ0A=Zpd6cEG3JkA=jPSwmdubJUA=EUbUxmb/I0A=eh+9jyMIIkA=rAzR1TOoH0A=0HFWFcsBG0A=vKcOPiBTFkA=FJicW3sGEkA=4NIca7yPDEA=oOlHcrJ1BkA=8CltDnazAUA=kFQJjfkW/T8=AFg4SuGv+T8=gPzvHVBs+D8=EBsfO+ST+D8=0PXKjD3O+T8=EFDmya96+z8=kJ0NVwG8/D8=ELmx7lIu/T8=oKxefs/q/D8=ANStq4zk+z8=AOesc3Ls+T8=4CxtXQeP9z8=8Fp/WiJF9T8=8ADVwBOb8z8=cBGsaWp28j8=sPgf0amF8j8=wPL7k8n58z8=wKqrZVj19j8=QCLSJ57X+j8=gDUDm93k/z8=kDwZ3nP2AkA=MNOiylA8BkA=KDdMa8mZCUA=IOCSTWA/DUA=TKctXG+JEEA=kIynDoqIEkA=4AmEmi2ZFEA=+GNtocncFkA=UsTTISxZGUA=jCvW+dH6G0A=Mmk6UmS3HkA=MVywt5TGIEA=o4UEmRc3IkA=jN/GRI+RI0A=fs6smvvFJEA=DvGzee/IJUA=RzExfSuJJkA=sVn/usPuJkA=jv4kUYX4JkA=OMacYeukJkA=bZAKZSfyJUA=vQk9hWPdJEA=QoNId/Z8I0A=qnS/nVHhIUA=YHwIARgeIEA=TAPXOtCAHEA=XGrP1/zBGEA=BjaTEWowFUA=DD5l/MT2EUA=sOwSKfQZDkA=eB5e4idbCUA=aNTdmOG/BUA=+OdC3qNQA0A=gEwZ8bX4AUA=mGmDFazoAUA=eN2kdOcFA0A=iOd9qWIhBUA=iOZ0H9MgCEA=6P+ztTQBDEA=5EyFBsFaEEA=LPoL/Kj8EkA=2GhPZezKFUA=diJlTE64GEA=rBteWXW2G0A=9uDdsPeRHkA=RsmjcXqeIEA=tivVDpLZIUA=JynAJ5LuIkA=/jnjkrfMI0A=J09CL0t6JEA=GB1e1Bj1JEA=z3aNJqk7JUA=bcaCevBCJUA=wtooGsgVJUA=R6UH6cG7JEA=vW3FzeI7JEA=kBcLe6aKI0A=ID0659q4IkA=vxNLWMvSIUA=N+hy2p/ZIEA=gpVQWE2cH0A=fqUB/kqEHUA=Nrj7ICF3G0A=bCZZgZp4GUA=Yp+SDp6SF0A=QN/DPm/sFUA=BMmdcLKVFEA=aNF9KouNE0A=VKnQk9PgEkA=SPK+G1qwEkA=pHrH1ZH5EkA=1MIVPkOwE0A=RLc3wy7bFEA=kkH8Apd8FkA=jMQb+nCaGEA=jM0xs/j6GkA=tPHAp7CwHUA=wTMoIHpcIEA=wEGjcyr9IUA=UG3rzUepI0A=dJrz96toJUA=LU9kcNEwJ0A=KZKVphH4KEA=UfCkDEifKkA=Psgmt3YmLEA=Ggfe2b58LUA=vE6NPmWPLkA=KgN1LCk6L0A=UlNtift2L0A=mBDLG1wvL0A=ZQHn8KZLLkA=Do54EP3BLEA=gtqEqXqiKkA=A+QaRZD0J0A=e9X+Agm/JEA=DQXG4h4fIUA=Uir4TPWKGkA=6KZGAu2sEkA=WHe5cMvIBUA=wP2H/3t17D8=wNsMtuEB6L8=yLtmka8GAcA=sKP+KsraCcA=BAFV4qgREMA=KGL1cU7qEcA=KB8tSHGcEsA=hH5c4xxoEsA=YL5H8t9iEcA=6NvPZquTD8A=0NoIyTDaC8A=YGGLH0MoCMA=QDzkKQyhBMA=WNwQ+ROLAcA=MAMWW+Yr/r8=oPhbJrvB+r8=oIJIZvco+L8=AAp7a34N9r8=4M8LjDdW9L8=wOUESBt68r8=gIHQ7xSF778=4JyosOGv578=gLW9w4A73L8=ABO3fosisr8=gL9Cu0E02D8=QK3D3fR37D8=UDmAbmfH9j8=oCn37tnh/z8=CJq1wgqTBEA=WJzI2klKCUA=8I6evT3BDUA=qCYmGEwQEUA=KKDVlnctE0A=Cni84sZBFUA=3GuWcaknF0A=rBKaRa/5GEA=pBzICv2lGkA=3idNOmQVHEA=OuGRpmIgHUA=aItXxYbRHUA=VrPmY0oUHkA=nN+a0jLZHUA=NqG3pvgOHUA=Ku0nhBfjG0A=AP2hSJ5pGkA=uJUx6WzBGEA=+r45bgoXF0A=CJH87Ii1FUA=QL25nQTRFEA=6NNZA5eDFEA=LO8ykk79FEA=uKzqJwhaFkA=csBZbvCPGEA=Lu+dkeBsG0A=3rhaUwjTHkA=X7M9eQpEIUA=2pz0S4ciI0A=Bj+7YXfVJEA=RGj7oOlDJkA=Rq7Gf4FSJ0A=uPHBAm7sJ0A=VavsfWz5J0A=Dqt7Ti2FJ0A=udHkwUmbJkA=ezm/81NSJUA=iUcbL8a5I0A=v7SB/Pr/IUA=KUmi4OBNIEA=zG73tASGHUA=2Mr2+kH9GkA=cqVj39JFGUA=YE+5xHCLGEA=6DJO+wvPGEA=NNtH5RoeGkA=Ok+SGvZmHEA=emdGhQOTH0A=wDmmeM+qIUA=wD150EC/I0A=+McWQN3lJUA=oBLLZ0YAKEA=8gAjK63ZKUA=AgXwZKpXK0A=6QebyWthLEA=CvAhKcvmLEA=X093teXFLEA=wIpR9WsMLEA=aQ5ai6PBKkA=opryUYP5KEA=pJo9ujzDJkA=VK/ludpRJEA=FXIYKEbLIUA=KpBfERGvHkA=dieEX/gZGkA=5tJnC88uFkA=dBuCYnEdE0A=LLwobnDtEEA=qBDI3+BOD0A=iL09dL+tDkA=UCstxmfID0A=yJ8MeLUhEUA=0MnXYoX0EkA=gg1xvwtBFUA=8vh02D/uF0A=ZtqQH3TKGkA=Jl2hXZjLHUA=g1TB1WV7IEA=sNDR+zkhIkA=a6IeeuDHI0A=UmrCuId3JUA=XKcYxwIxJ0A=Tzh6Ybb4KEA=HOpLyC65KkA=PuCS+ql7LEA=iSWd1/o+LkA=8E5ao4P5L0A=EFwtGArPMEA=lnGK++aXMUA=4q7Y6VJVMkA=xopyU8j+MkA=GpwtPjaOM0A=1c/ucqUENEA=8vtzsQBeNEA=A1rdR/SRNEA=zW3WF4KZNEA=kL+rlVB2NEA=6x4Y+RwlNEA=0Vz3B3CeM0A=2PP1nSPhMkA=jEHTHNXxMUA=kYVOr2rWMEA=Cl6OwFQWL0A=4JK34GM+LEA=FKFfnnhBKUA=Rct6iLI+JkA=VGHL369FI0A=x9s/HwaCIEA=GleJGeAiHEA=ZMQevgYfGEA=wLtXZ4j0FEA=IJxWvMbQEkA=ZMR2GmyuEUA=rIBnSuRpEUA=VBb5LsnPEUA=yPOdFOfdEkA=cA88Xy5fFEA=PKJGLcsdFkA=mnmAl0fpF0A=Tq3SzR65GUA=EF5PebF+G0A=IDaLi8MVHUA=7Bcce4R3HkA=MoymDYLCH0A=t+uBeEZ6IEA=OD+XpBj+IEA=4qmvP4B4IUA=uohNyuXuIUA=xONCulZjIkA=jNzo7/7CIkA=Ya8jxj4UI0A=2uob85NWI0A=xPXo4Xt/I0A=Nqz81+SCI0A=vDaK6mprI0A=AK6hwYw6I0A=rMlOpBjyIkA=7egqUnmOIkA=YxNcFJokIkA=7NO3zNC4IUA=0LN+LrJTIUA=SvWufxrvIEA=6i4G/+ubIEA=4/afjOlaIEA=ow297iYpIEA=h6ZWylYAIEA=JJrxA3jRH0A=Voh2i/m/H0A=ru7qdbWvH0A=eo4GeaOYH0A=PEfHScx7H0A=2on8mAlEH0A=voq741zaHkA=1Bw1ksAwHkA=akmz+SpEHUA=BpKaYYoSHEA=ThoyI/R+GkA=wFwmpAaqGEA=YN85Y7WdFkA=2JXIFtt8FEA=ZD0sqRk4EkA=gFQNsBEOEEA=GF2GDhk2DEA=KDWj958ACUA=gF6OFgdsBkA=mHIsPamzBEA=sNfwxL7vA0A=AN+zACsRBEA=oMtmZY/LBEA=AELYDXAuBkA=CC/ZpKYSCEA=mNSmAmIiCkA=GNtegJIWDEA=IFy+2Hf+DUA=QFMGEIuxD0A=BF3uWwp4EEA=jGFDTdreEEA=yALoZJkbEUA=HLR2H8I1EUA=yEM9q7EdEUA=/E8xmErhEEA=rO0K+OGWEEA=JKNmptFGEEA=IOlxMKOzD0A=cIdXY2/PDkA=QMVlBejaDUA=gMp0YtfdDEA=OBSD/LyIC0A=eAp0bkrtCUA=2C+VUz0SCEA=6MEyj9HpBUA=yCSvW+E1A0A=0Fc4DCYlAEA=gC6/67rP+T8=EKbNc+0K8z8=oBya431G6D8=AH3op3Q62D8=AGJ4qD0btD8=AMj4vHC3vb8=AGUZqnqax78=AFhPf68RtL8=gDo98sKjzD8=YA5FIg6M5j8=ALwbXq3N9T8=EMWZLQeJAUA=iGJ5yqF4CUA=MMWWZw4dEUA=tHoNrcDFFUA=UIdb86qZGkA=rpG71Mh1H0A=eKwiOFAFIkA=hsf0DHshJEA=BzEndEIDJkA=1LXnXtmZJ0A=DxYxVs7HKEA=OzxhbGaOKUA=Cv0R7pLqKUA=EsE9g9vbKUA=KAVFxLFRKUA=dWxfxoFmKEA=7O+BwkMsJ0A=I6PRKsKpJUA=ZjQo+ejxI0A=EF9irsgpIkA=7bg9KqhxIEA=XmYCaly4HUA=NINPyFTpGkA=SAUXD6q1GEA=epynskcoF0A=jvgqkoYjFkA=ohisuX6ZFUA=FPJ+St6AFUA=XBUefiuhFUA=thzlR+yvFUA=uMGzGGGEFUA=YFU1Hhn8FEA=6AbcYBr3E0A=kLxEOMA9EkA=APp6SJOrD0A=6OA+pamzCUA=0AVSmtPJAkA=oHyrxbcE9j8=AFRTl4QO2D8=QIA1Fe/Y4r8=4EU+ROF3978=+Jef1tbDAcA=UJiOY5QpBsA=iL8/Ej6HCMA=4DEvr6a4CMA=WL1+fpDNBsA=qOaP6pd3AsA=UIiMDgLL978=gH1JYuSA278=gBWSiBM76j8=YLoKWdLdAUA=GJ7UozXyDUA=NLRFAG4MFUA=uI54E4rtGkA=rYn+TSk8IEA=s79AdtK3IkA=zJ8DQ5nHJEA=F4d+dYdpJkA=xKze8G+aJ0A=GOC3BrlbKEA=miF1QYagKEA=N7zMHDx8KEA=RwCgmB7/J0A=6M4AN64uJ0A=y99jJ38OJkA=+KETd1a3JEA=u6DU/aA2I0A=f/hBiISTIUA=OK3ds/mfH0A=1rhUx4AQHEA=As8jdyKEGEA=Fst2TnUBFUA=IG+UyAiFEUA=qInAzF2KDEA=aIIYm+GMBkA=CCerSb4gAUA=EKdU2poQ+T8=sO6IWY8u8j8=wMyoykBf7D8=IATy63Ko6j8=kO+hPDsa8D8=cAGyC0EA9z8=+JP6yt8dAUA=EON/zPGYCEA=bAVQOLj1EEA=9s2n5oplFkA=AHG/LnpkHEA=lgygAl5HIUA=f3+vJ8NTJEA=dwWzXgo0J0A=ndxoLNa/KUA=tYTwzODFK0A=fMG1wgY7LUA=Ppf7rYoILkA=cnVeOOIkLkA=ALzNVJWLLUA=bBm/Lb5hLEA=ponVA5a/KkA=3jiypVLGKEA=rJJ01wmbJkA=1qhqayl4JEA=6ShCtAiHIkA=Ve6YLdvhIEA=sP3t9Y5DH0A=MMaEb3OzHUA=bJde4FYbHUA=OCZ9305QHUA=JtsnEQo0HkA=hnSJ2XmWH0A=QEcr9SigIEA=PD4eBvVuIUA=SjUNU00nIkA=Q0q/ixC6IkA=w82IH+QaI0A=YuVKfFE5I0A=CgMra4QiI0A=mDfknwPfIkA=WWGEcwV9IkA=RnCIc4z4IUA=JiC4MpluIUA=sG3ujmPpIEA=WdpUDQNwIEA=di0Bo3/5H0A=1oNAj/I4H0A=wqKDUOWcHkA=Wo74bj4XHkA=FFmSBhmBHUA=KKCMrK/lHEA=oCfnWHlCHEA=2O9VD4V1G0A=OCCaaIZ+GkA=gKNIruJ4GUA=YOZhOVSBGEA=gJNSfB2MF0A=ZlnEdzLAFkA=ngx8BNZGFkA=0M8TuyQxFkA=bhMtYxxtFkA=vj3LMUkWF0A=5nnUoDQoGEA=2ndwokqbGUA=IgdHz08wG0A=IsN+zhnpHEA=BtcmzkKuHkA=m0HbQuA0IEA=YbVdB2zwIEA=8MFvfm6IIUA=01G3Mcv8IUA=Tv/lBi9DIkA=NtkmkmBQIkA=W2wscz0zIkA=GOoyyy/yIUA=EROS4suIIUA=0GzWxXL6IEA=Va2gvuxZIEA=zs/APFFbH0A=8A7a+vbgHUA=kpgD9CBHHEA=dNkw++GqGkA=OJPkSvARGUA=Onts4Q9oF0A=UC8Bfc3EFUA=zETDqJpBFEA=vKYQ6HXqEkA=+OA1YvWlEUA=lKQ6qGmfEEA=wHqUBpTGD0A=MLK7ciMAD0A=ABg3sYu6DkA=aK2lleo0D0A=aGGcK10wEEA=DNpwG0saEUA=cJvHBPQyEkA=IFArcFuQE0A=VMRdrhMbFUA=OHJsXqC4FkA=wt771BNOGEA=JtrZ3NTYGUA=HOujvspQG0A=AKYDtleEHEA=tsBVIfRoHUA=8ihuYfkFHkA=9rnBus5HHkA=XPPbAQYMHkA=XtWVA8dOHUA=HlylyqYTHEA=hAfC0oldGkA=imnXzm4XGEA=KsOOd6BfFUA=EJ3gVAZFEkA=sGMJOHnPDUA=UKRb2XCkBkA=MBjFYCzC/j8=UADEetKZ8D8=gEMpBR8vyz8=ACvLCG7y4b8=QBtPyLO/878=AHRUd5OY/L8=gM0fF1S+AcA=YMNoeMZwBMA=GGkI32spBsA=CODC4TEQB8A=uM61/DpWB8A=OJ4t46Y6B8A=WNju9fCoBsA=OIsMaOW1BcA=gIT/syelBMA=0GObVjJ6A8A=0NTiGcL7AcA=CHmHry82AMA=wPMStCVv/L8=AByzjS2T978=IFeJGGmd8b8=IPFxkCq25L8=AAHKFDdqv78=AEM/z39S4D8=ENHns6ka9D8=QAlxx4ncAEA=KNfe6rpGCEA=8K9PQOkqEEA=bGq53kZiFEA=fv7dbPSUGEA=1LAkWHt/HEA=jLRThRz6H0A=Xv9xnupiIUA=2lciLARUIkA=id3Zqzm1IkA=LWK3MpCJIkA=qZB5AinKIUA=BjRDGGd+IEA=ZKYSbUZnHUA=AIe39fseGUA=pG5w4kJhFEA=SKXEjcbZDkA=4MF1MuwjBUA=YGdZAC2C+D8=wOgLt/sC4z8=AFVPIiDYwL8=wLrs7K4N478=4PpeeS+/6L8=gLlPHlbB5L8=wKqegbsb0b8=wMhQNEpC1j8=QE68EuZ58j8=KIo6rZ2+AEA=QN1ZTZeHCEA=9DRDvF8OEEA=GDCLiiN5E0A=TCQvosxJFkA=XnX3ce06GEA=+KEX2UFNGUA=5GNaiLp7GUA=anwQbwzVGEA=pMsOuj9oF0A=5DRWeZ96FUA=PBV+I+c9E0A=xHvZofTkEEA=oBJrSDQ1DUA=wOHaumYyCUA=OBFEMXwDBkA=ABp2fwOjA0A=yKHPQhkVAkA=AIDimlhnAUA=2KLV71FqAUA=CMOks6GxAUA=OLBfr80BAkA=2NQch1c1AkA=qFtRvygvAkA=uM2EsbuDAUA=+KeBAhhSAEA=ALtd2m1O/T8=sEjpi/xG+T8=wHzIzWV19D8=AFlBx2cW7z8=YBUjCk/95T8=AI78+oad3D8=ANSmqv+ZzT8=AFx2LSN7tD8=ABh1FDn5gL8=AIjoxXtLqb8=AOQukohItL8=AHAKgmlNub8=AJrUFRCxwL8=ALbGuFT3yr8=QAZyGvCW178=IBH1wKEf478=IEnEmBLD7L8=0NPssW6A9L8=IHjvJG2T+78=sFGeizNLAcA=CKKIDVNoBMA=OE3ZLrHOBsA=uLWX898OCMA=GE32zTywB8A=wL8DwJJ6BcA=+O+klVycAcA=cO586Uy+978=YDex+Srt4b8=gAgH6RqE4D8=sLP6gSrJ+j8=YCTe8Xf2BkA=rDvH9fU0EEA=oAmWh7ueFEA=TtiWOIx6GEA=lvwbmiO9G0A=FjWuQHJCHkA=DlM5pjDyH0A=TIaHH2hTIEA=TgIo6Vc8IEA=kv3WsQVpH0A=3IjqFaBtHUA=MCR/UV+SGkA=zHFOwfYKF0A=nMVRGUoGE0A=QG4PauI1DUA=oDlyyngjBEA=EI40Worb9j8=QHHB/NXt2z8=AJ40ZLIU3L8=cDBjv2Fa8r8=0ObTejKk+r8=cKAnjSWi/78=gGZLgOcNAcA=sF5yc2jwAMA=AKn+lPAd/78=kPyKpmxe+r8=sBh6eyOU9L8=4IVahsTl6r8=AL/6MFw01b8=gLnOyGfjyj8=gL9JJzrr5z8=kP3qA5aR9D8=sJsXGoXu/D8=4EV9IyY/AkA=0PXnLDBiBUA=eHXIaEXoB0A=wFKAVGW1CUA=oJYE4neaCkA=EM0zXwGICkA=6IvOXXaxCUA=MFKj4NMaCEA=iAVShQavBUA=SIA/LUHCAkA=8DE3wY1W/z8=0NItIoQ4+T8=4EaFB6F98z8=4KynIULI7T8=oLDdZuaD6D8=QN7K10+X5z8=IAYyaBT+6j8=MGxPGWb+8T8=AKthB3cH+T8=SKNGduQeAUA=MJ+4mnpeBkA=yD+OjZ8gDEA=VNd/XQz8EEA=HJfm/Ri+E0A=mBauZ9YbFkA=OFzQxMkKGEA=hhI8RPhsGUA=JKUKbEcuGkA=9iaIwqtQGkA=omLImr79GUA=gqPJDkFNGUA=MOHHkvlMGEA=lNdGuLIiF0A=dkqKYxDtFUA=/H3mDT/KFEA=xPpDzamzE0A=8NCFugO1EkA=0AiCt2PgEUA=bO1kHrMzEUA=3PUrdCePEEA=oDMYXfMEEEA=OE7es0RID0A=QCoUhw/5DkA=QDWoul0BD0A=kBmA0j6mD0A=4MnYjrODEEA=qFgyMweZEUA=BP+YIMH3EkA=tCRffdCsFEA=1NZ8EFKlFkA=VM647FO+GEA=VLmTCwnFGkA=lMOTHSyxHEA=ljfPOd1bHkA=DsgAvgeZH0A=4uMerWciIEA=EpoPTjwvIEA=Ph+qP3HZH0A=etM3NdqeHkA=ThiKS22qHEA=CP+n3oAeGkA=4FZmrnIQF0A=0LBrm4aAE0A=aBDcIPZQD0A=yFMkPrqBB0A=sFVFQNfn/z8=MJGsomHM8T8=QN8gYt991z8=gLlWZGZZyL8=QJLV6OeZ4L8=gPfQ/dgY5L8=QFRFoaRm378=AE8zcGzVv78=AAUllVi/2z8=QISPsrPB8T8=oLxG+LD8/T8=2NPy/9JSBUA=YG2PtmNVC0A=YDZ015ZAEEA=pLL4saVcEkA=+OGiBfnrE0A=/NcquRHTFEA=jtrpbF4RFUA=CE2AkiDMFEA=hMrLmdIeFEA=hIA342cQE0A=TJvmy2PGEUA=NODY6w1xEEA=aIIkrzpmDkA=EN3c0aoNDEA=4BNzrZgvCkA=WNdk8WwfCUA=ELZuOpYBCUA=gOwd49GyCUA=0LqIR62EC0A=4POuFzKhDkA=pPya6O6BEUA=PL3QywI0FEA=AhyBAyhsF0A=VDBLLJwSG0A=wqC+SJ8BH0A=66T2pEp3IUA=zE58YJJjI0A=OtQRmJU0JUA=n4Xo3w3RJkA=aeyXSqEiKEA=uP+hQvsrKUA=Q4UqGGfsKUA=EaYMhd5bKkA=7EcXlTV3KkA=bb9fiChXKkA=+nesQPj7KUA=ToYirVlcKUA=F+BzReyCKEA=dccJm718J0A=IO9iOK9TJkA=6xaZyWIBJUA=2Sh+16GZI0A=LSnC89AvIkA=ImrU/LHSIEA=StOCE0L8HkA=uM/85W6VHEA=oNXgrpiMGkA=VH0vzAToGEA=thNrhuyHF0A=1p8z2OeJFkA=mgCmRqbZFUA=XioXAudbFUA=WE0OYCrnFEA=bDLcNfWIFEA=xOUEx0g6FEA=IMSIZwXfE0A=RFKl3SZ3E0A=9F9BlAUtE0A=VKqscz8LE0A=jLOko7wLE0A=GLwJ2DNFE0A=mMGwKaPiE0A=VLNayl7pFEA=Xh1i80JDFkA=cjs9FDYAGEA=tjIeQFMxGkA=DCxbAsfIHEA=OFlzO/ukH0A=dCVGiLlnIUA=LswBxSkXI0A=XlkuFujXJEA=y+Dk17+QJkA=XfkEs0Q4KEA=xDOjHHXDKUA=LqZQeZ0dK0A=mqlE9VoxLEA=CJOXr539LEA=OIROCPJ3LUA=ua6OGoqfLUA=ZI5SWdBlLUA=8GqC9KzeLEA=MCYMLWsSLEA=jMnzmMMAK0A=TRbHSZqzKUA=/sSJx5BEKEA=ZSoocPO5JkA=6REH2WEbJUA=xAhDezN1I0A=eCBjQfXbIUA=eBBk18tXIEA=+tWBGTDQHUA=otj78+UnG0A=wi65UwLBGEA=Elg6Bu6oFkA=NF4cTfG8FEA=kA1PDJUYE0A=bNj4wja8EUA=7DCUIlSkEEA=aCecCLZnD0A=+H8eBmr1DUA=kNl6MwsFDUA=4GbR9vJ4DEA=0Il6R0EFDEA=QBtTrrHPC0A=8E8jxgyxC0A=iF1mPgOGC0A=+FTY4fYSC0A=0KTjP4FxCkA=MHnSb+2QCUA=0JtjqmhcCEA=CPKhAzrJBkA=ED3a0FUaBUA=uH9l5mhQA0A=6DZ1COhbAUA=ML0atee4/j8=AHQLoQbZ+j8=wNIQqgM69z8=YC7zZ1+58z8=4DuKQT5j8D8=wD7dIq/o6j8=wPSeHe8l5j8=4FummXmq4T8=wElbHsmW3D8=wB/Re2pc2D8=QJ4IlDw81z8=ABRfIL9g1z8=gBhbGxGa2T8=ACbqxLnT3T8=AL7DNtir4T8=4DfyQ9L+4z8=QJugv7T25j8=wESJu7CJ6j8=IP5bR4237j8=8LM+lc+h8T8=4PZsnUDs9D8=wD0+Nhll+T8=sNJGHY85/z8=aHSWiS46A0A=yGZybSW1B0A=8Eo7wFUbDUA=GC5MXtaNEUA=7K3PohHDFEA=LsuYG/UrGEA=MoNVu5GzG0A=ysGrqWEpH0A=DlVefTs+IUA=RjZqEvDbIkA=qrYdbOJrJEA=aS6ZTyzYJUA=7hZ7yvkpJ0A=o5kPM35hKEA=Nc+CMqV5KUA=y1sjWY5fKkA=ihlglG4UK0A=MrSnTp+QK0A=MA+49cvBK0A=lMLisNeJK0A=l+41mErtKkA=Qwp1BwPfKUA=8SQ6ByFTKEA=NBScNpc7JkA=2oOCi8ytI0A=AZtbqEe0IEA=8DEl9962GkA=3OUcwcJvE0A=EPo5mG3ZB0A=ICjA/BX08T8=IAVzrER45b8=4NotRpSLAsA=yPMZMkTLDcA=GA992LBSE8A=MF9MdFR6FsA=eNiDiFQzGMA=DI5U5zZmGMA=qEHD0wsiF8A=dCGv3TOqFMA=xDfpQ/kEEcA=2EXF4tm4CMA=kDF/7SDK+78=gJPbrEYu0r8=8Ekf1RLw8z8=0L92URtABkA=+NmhnQAJEUA=UinJrcpaFkA=Cq6SFa/6GkA=euN/qsurHkA=hAvtPA2cIEA=bF20fpkzIUA=iu3LU2cdIUA=6yRENDZXIEA=uN/QsKjHHUA=johgl/KxGUA=cGypoGrEFEA=WHvRYZ+cDkA=eJ9kvOtEA0A=AHLC2YeX8D8=ACguJub/xb8=MKRDSiBM8r8=YL7aD+p4/b8=2BrNzIC4AcA=uEB54ZbwAcA=QOzsTMUy/78=YEZko6iU9r8=QHlxpKp95b8=gHH06BVUyD8=MAQdXbGW8T8=8IcrJy9U/z8=AOGpEn7vBUA=gKo/4OhAC0A=2P3vSPh4D0A=ELT+gYM4EUA=mCyKbkpLEkA=ZAhjorsOE0A=IPwz7JujE0A=xLgUP/QhFEA=BKftEePUFEA=JBSiO93UFUA=ZPwQUBItF0A=6mapiSvnGEA=NNzCc5QKG0A=TKWGItiKHUA=UK2Sg2YZIEA=+ascJ1V1IUA=Z2xE3E7MIkA=6ok9cXsOJEA=PZ4RfikdJUA=735UZpT1JUA=QP4hWHyVJkA=IPQJD477JkA=NO2gTmkeJ0A=L5VuuiMRJ0A=ha+UdmTaJkA=uxxCSc6GJkA=VtfgnPMYJkA=DuPlGkWkJUA=eXzafKkuJUA=gxV8jr28JEA=QQ2FFLtKJEA=U+MvelnqI0A=rPGc3qqWI0A=h160M2hMI0A=OxaF1fz9IkA=9od81MqxIkA=/LStf/lcIkA=bss2s8TuIUA=WucmhQFaIUA=NOoYHL2fIEA=WLDAMLd0H0A=SNBngdw6HUA=/LNTptWYGkA=Igu/3SetF0A=eHlE2o2OFEA=5Fgf7IJOEUA=2F7VpOJCDEA=2J3Z7wx6BkA=SBvahRykAUA=0MLWVK6j+z8=4BZTYtLe9j8=YMDJfO8y9T8=4MZlPGbS9j8=gNi66t0F+z8=KIRDPePvAEA=IIUukvtyBUA=+Bj5vP/LCkA=sMW8pxNMEEA=NOB/PChiE0A=9qtY8LONFkA=egW+GOu7GUA=qu6B5kHUHEA=7rS/aEblH0A=MYeG4Nd+IUA=o8Wb3JUGI0A=gqZB4CuEJEA=QjmVsKMBJkA=9DKZILl3J0A=iK4jHxTVKEA=VkYVNbAOKkA=XdQfEsQbK0A=GmGS7gLtK0A=ZlpH4RJmLEA=iVrGzSmCLEA=4/eK8TZBLEA=/KycHEOqK0A=Lun+bMK1KkA=qksmIRB/KUA=DV6pmaEmKEA=lu7SpKXEJkA=KDkOsGNmJUA=M3+b54EuJEA=2Loqc3krI0A=9+RSGu9iIkA=zWDbDTHEIUA=0vBPzpRRIUA=Rce3kc0CIUA=YUpKKg7BIEA=2GfEYDVrIEA=SOz0epMGIEA=NozZ9uIVH0A=7BAn0zrWHUA=OBFPLBdQHEA=UiGlvByvGkA=YPYIO58XGUA=vMCNDcuTF0A=CtVkKiZKFkA=THnCKChrFUA=nogAR88cFUA=YF3PdypTFUA=9FFS9PUlFkA=NC+12PqYF0A=DNJwotqcGUA=CrQhopf1G0A=gJT9gU2cHkA=2RKwoe21IEA=nezogpgYIkA=jZVCcslLI0A=BVWsE+9JJEA=i0xhJ2MBJUA=Sd4nLbxZJUA=8J1alfE6JUA=amlpkNmvJEA=c2p9mzGzI0A=7ltX675DIkA=2aSGU7VnIEA=fnsqORF3HEA=SlIhigmsF0A=6M7EntuCEkA=yNTRkA1mCkA=mEiVsW0bAEA=oGgeLFWC6j8=gAu0a9Npzb8=8GvR5/6y8b8=EEeessft+78=IIQsi+MVAcA=+A7a6CJGAsA=KIXdJldvAcA=8GQg5nNn/b8=oGWqfB+89L8=wOFvLoSv478=gK70B/wjxj8=gHMOl2J/8D8=ADACC9aq/j8=6DS0tmYqBkA=uI9Rs9inDEA=bB1u1lJVEUA=WAODWoL8E0A=ZkAh+5csFkA=GI/OUQr5F0A=2sdYijRXGUA=Iotg6Ls8GkA=kKiRgpWWGkA=QPL8Wut+GkA=ZKX13DnuGUA=0A3lX8PcGEA=Tt2ltx5TF0A=kuXI4EJxFUA=YOWDpVpKE0A=CCJN9lXlEEA=INI4ccbSDEA=YGc5S/z/B0A=qPGQiFCgA0A=wLtTaGhG/z8=kH0Rlz3M+D8=EJ8w98Qd9D8=IHQlP5Bb8T8=gPluyi858D8=ABGnVooE8T8=4ImqYU658z8=MPUUD7E9+D8=4C0O4x0j/j8=8M0AclXDAkA=WAfsdeMXB0A=SM86h4LSC0A=fEyd14lGEEA=EOki4dKaEkA=6IBGMe3HFEA=FB0KZi+dFkA=uoI2b9ruF0A=NoXGljG7GEA=sCLreZfxGEA=+JEnNzKDGEA=evIHpG2EF0A=RvUBvWUXFkA=vH+bBKVfFEA=CN/dBgR5EkA=xKUg26OOEEA=cNPl7OSqDUA=mJ1FTqjiCkA=KGQtJGPKCEA=iDZ+5eGRB0A=4IaB7klGB0A=OK6xfGDMB0A=WOvEKnnBCEA=MBDcoTMMCkA=iPp7BfBUC0A=ODlEs5xNDEA=gP/v1gZZDEA=YKw3k1ZsC0A=8Lh3z51OCUA=sJIG217OBUA=qIqRhZHAAEA=ICID+bbE9D8=QJM+pKpm1z8=QK7gZN+S5b8=oDtEMiyH/L8=8JABHs0tB8A=KP/nNIikD8A=hCSIZqa1E8A=wMBo/tUmF8A=iOUK0HbsGcA=TKLUjvH5G8A=OE/ZiF9kHcA=XPAfimMvHsA=bGgSLZtVHsA=AOml9HDfHcA=tFPnnsjxHMA=EH0tYnGAG8A=gCF2JyWEGcA=oP6aebf/FsA=MKJPmeESFMA=eA93nkenEMA=GGU746SOCcA=IGpQAwcRAcA=cOXA/Neg8L8=AIfz9Ko/sz8=kKbi6YLO8j8=kFgEN/GWAUA=oCUIdGnRCEA=CDteZRkTD0A=KHrMT+UrEkA=TNuZfYk3FEA=nhbjh4+pFUA=WsmXgf2wFkA=2Dy7+HZfF0A=EqQHliaxF0A=QEBj0MazF0A=pMTwb5OEF0A=asLYYdIsF0A=NOSPBu6XFkA=rEw9tS7PFUA=ELe2FHnlFEA=pAVAk1juE0A=7MuLqmPPEkA=EMAOSJ+lEUA=YIEEC6GNEEA=WDX4tKopD0A=WF2J6FtKDUA=0HdwBDC6C0A=+DvJHBSLCkA=AAAQx5WeCUA=SDzHLEvACEA=MBBCwxciCEA=GORFZ7W5B0A=KJvTZ92RB0A=sPydicCFB0A=CFo0xl/fB0A=oEBfE27JCEA=UMOB1NExCkA=4O4MFw8UDEA=OBGuBdGADkA=YM6C3vWtEEA=wH87L58fEkA=vBKpybF4E0A=lJ/iAqyrFEA=8usdEIyaFUA=MGrEBB0RFkA=tED6e7MfFkA=KB+SFCTYFUA=EPok4GhLFUA=uK750k9+FEA=/Grz1R+hE0A=PBeZe9ffEkA=7CoUI2c9EkA=DO5ImfyuEUA=qPJWJnhNEUA=fEJJLLoVEUA=iJKLJVztEEA=VCVlRqSmEEA=YCXueMxWEEA=GOKklwnaD0A=CAFMjOq9DkA=uKaiINpMDUA=GLMFhfK3C0A=MCH8HjYgCkA=eM/ocJyFCEA=cE6vnZXyBkA=YPNK7HiiBUA=oNjIVO2YBEA=AJ6ORMzAA0A=4Gc8/lgqA0A=0EgOKAXuAkA=KF7Y8NEaA0A=qI2oUaqQA0A=kNWu7lKFBEA=WDH7KuYjBkA=8Nna7L95CEA=AKx5TwZuC0A=sAWQn588D0A=bDgUT/3oEUA=JDXsDcaTFEA=ouRWRAR2F0A=2P2kBAyEGkA=JmHsrfOWHUA=zLBen00+IEA=u/wXKuN6IUA=UD+SyNN1IkA=0AfZJToVI0A=iakC0WFGI0A=BQSO75X5IkA=fL0q12M2IkA=6Kxz4hwCIUA=eH/TA9fYHkA=eAS6OtYZG0A=DGE3dEIbF0A=iKbrJFUgE0A=sHm+sYjpDkA=OJpybdmsCEA=iAIr7U4ZBEA=IFn/oARzAUA=eH9EMpKtAEA=GHimA+HZAUA=SAzGcOfBBEA=mL5xc44nCUA=+I+99gp2DkA=WKV0CeQ8EkA=ZKP+ietzFUA=6MhQXvXAGEA=QJ9iVvf3G0A=EpMy4pcbH0A=JshNzU0SIUA=hF1mQReAIkA=zPTjXMvAI0A=RFAhqAjZJEA=GrkCyki3JUA=TWBVtcRHJkA=G+eVQdlwJkA=ie6zIeAwJkA=8zVgsAWEJUA=jWeBeGpjJEA=g5WPsK3YIkA=flLGK48AIUA=5vwXYU7xHUA=CKDIvU+1GUA=KkUrdjeYFUA=bFdmDSDhEUA=qGxhnhy4DUA=uDQslCUnCUA=gEomyQVhBkA=mJCQs4eGBUA=qPKSs396BkA=GEZeRZasCEA=cAEMtLXrC0A=CBgicXfAD0A=pJNupXvVEUA=nBWaZd9/E0A=hA6DqePOFEA=jHUXQniZFUA=LP5vJTHQFUA=XDTyzmlZFUA=wLk7eOJaFEA=uFgf+y7kEkA=UJuA1aEMEUA=mNCnpC6qDUA=OAF7J0buCEA=uJwmnpEQBEA=wKDttVsY/j8=EFSgWqEZ9D8=YIAs6oFJ5T8=AGZL658dwj8=gPwLZCiD1L8=IB1xA2Yy5r8=QI+AFsLf7b8=0OtSAkct8L8=4AP0udRr7r8=INH/L/MY578=ANrbU0es1L8=gAq1giiLzT8=YN0gRqvY6z8=MJFSzTRZ+T8=GKvZfMGdAkA=WHSiDMJzCEA=8EyRcKKIDUA=PFyJ2yDhEEA=bJL3Q0ZzEkA=eGI4H/pgE0A=VJPZTE+QE0A=ULf+vnwlE0A=GG7LXRk3EkA=9DTpOnDbEEA=eOGxv3hXDkA=6Fv6M8TGCkA=yCsYewJoB0A=0A0KzKZLBEA=KPcOtJOoAUA=UKePuH6S/z8=kGnyAo9X/T8=4ET/ggwd/D8=UIISB/Dy+z8=kPTqNbqn/D8=oOEYeHLc/T8=QOU9//bx/j8=GLMU14oRAEA=iBRM3XeyAEA=qIIlY9VzAUA=aMbVUyU/AkA=ePc/SSZsA0A=aHGlTkUuBUA=UH2qXwmqB0A=mKD7sjq2CkA=KMm4rz2nDkA=FOmaFfzBEUA=5ERVAfSOFEA=hhZlDKiaF0A=Sp+L1PzkGkA=vltHoqxMHkA=+OUkitvVIEA=wSeeNSFuIkA=cZ9Sji/rI0A=agKJNGBFJUA=nNCHfIJtJkA=zfX/k8xjJ0A=i3xCgwwyKEA=eYkvBKfWKEA=a0DmESNLKUA=oVyDH2eZKUA=BPCgqizFKUA=OhsIm0bUKUA=Gee0o5W3KUA=MrKOtdp7KUA=pFWybFskKUA=cl3i1GSwKEA=Nb4/09wVKEA=d90tLUxmJ0A=06SzIDelJkA=b7m4HRPWJUA=yc89wtX3JEA=9qNjEaoXJEA=MoEbx8o3I0A=tLe6s4ZcIkA=rhD2WECBIUA=pipAVsW0IEA=lgZztXXqH0A=ZI8pW/JuHkA=dmJcch/oHEA=/K6oYbJZG0A=gNB2pRWlGUA=eOur3XmiF0A=CEbzdPhJFUA=bIK4wa6QEkA=OIn/yMnrDkA=GMXC50+/B0A=YETZ5Amz/z8=oJsqW10Y7j8=AGYmCBGlvb8=kH36rL298r8=GFb3KFQ/AcA=aO2Yib4rCMA=YNaHI1a5DcA=QKbgg07kEMA=QF367Az4EcA=fP3ebdgNEsA=LNH4gNkoEcA=QI3WWbPnDsA=wCBImRH0CcA=OODUCVjeA8A=8BlWim4y+r8=4KKbh7C26L8=ACEtdQ9ytj8=gIXrM3TL7D8=oOvThwj9+T8=wAth4DT0AUA=QHhtIAsqBkA=cEpcem6yCUA=8E4gSW57DEA=WEpCzlqfDkA=4G0FEMQnEEA=LKaEOy3XEEA=9F1VAIBEEUA=RC2o6vGCEUA=cGmevI+jEUA=uO62h9O6EUA=cMX+RmG/EUA=pIfqc5rtEUA=1NoLnB9fEkA=OCyF5ko7E0A=hAdxxsOCFEA=dkYIvWRoFkA=RuxWXPz2GEA=8idfKUgpHEA=2EbWygjQH0A=7BMCdKvsIUA=4+TAN80JJEA=Mu3BoLkYJkA=gHXb5HvvJ0A=QD6GMsJ8KUA=Vh3F3fGrKkA=qvMr8AFhK0A=XBbK0JGVK0A=ZbJS09pYK0A=0NY4UGC9KkA=QuEc4SbSKUA=tvdSAju4KEA=LrZmOGaWJ0A=fh/RadGKJkA=OAmHZnKfJUA=rgMe8WfqJEA=wOhG2vJ2JEA=KAWghxY8JEA=I0hwOe0hJEA=C99K2HkhJEA=GwKs9O8pJEA=9t/TU1kjJEA=Od3IaxT1I0A=qwUMoiyhI0A=3Y4F2uIoI0A=pBJWFmaLIkA=HPm5Jq/FIUA=ltHCKTz5IEA=MeFqlkIwIEA=YFK58BTsHkA=Ivq0EBmfHUA=qG23fMCjHEA=Xtns8FoIHEA=HAB+0ge8G0A=/mq3oJCvG0A=nH2G4troG0A=NqvSldFbHEA=8i0wEfbPHEA=/ufExrNDHUA=yor/Oz60HUA=hHOr6PENHkA=WMkz5VUmHkA=OuMQoFgJHkA=puBh0iOxHUA=nLL5WygKHUA=2NIsVcHzG0A=HG3K4rx9GkA=rq8XOKySGEA=PDJ89eQrFkA=ENeru6cwE0A=6LBBXO2CD0A=cM5W/NXKB0A=8La6OX+u/j8=ADydk6oX6T8=wIaNbZRS1r8=kFNCRasl978=8KslqcyrA8A=sOfpzoOvCsA=FCAossYFEMA=oFhRNb+0EcA=lIGdiShgEsA=NO8hcwH9EcA=NOJ67+J9EMA=SENw5RYkDMA=gLoZrLgDBsA=gHc2eQe3/b8=QIlQ7GaW7L8=AFVfKfuitD8=QKNtH7fd7z8=MG7pa0Bi/T8=MMhqjq6lBEA=OLxUz5G+CUA=0EQ67pjXDUA=3MYLcdmZEEA=MDc48D/5EUA=2LQ2lisdE0A=YLAOMO7/E0A=FI0c/3DQFEA=igaM4qWUFUA=Ehrx17ZZFkA=/D1zW4oIF0A=mCp4Yvu7F0A=6G+Y+otrGEA=7gftTSj5GEA=uG6J88JQGUA=KPjAabl7GUA=mA6uDSZjGUA=9teKcJPvGEA=JD4J048ZGEA=Psuc5XjuFkA=rie/Pxp6FUA=bGBH9w6sE0A=aDJTlNuvEUA=OFiNKU07D0A=qJ2O/DQUC0A=+EznoKACB0A=wNHMS6NSA0A=mNjBdxUWAEA=gJaDzVnh+j8=0JR8zxE49j8=ABDpWeOG8j8=QADDxZH17j8=oOxrUA3o6T8=4BR6wMmV5D8=QM/daQ843z8=QPlB4hoM1j8=gPA4rgNHyz8=AH99aWNzuD8=AERGf8Ndoz8=APoGXlKcsD8=gMTneuNTxj8=QA3+aTs92D8=IEUwZvtZ5j8=UAb16LLx8T8=gIHym//D+T8=OLd2ejYfAUA=gBBbEZ9wBUA=OHgSLIOCCUA=sJIfUnTUDEA=4BFFtt0yD0A=gBmhT8U4EEA=yIPabqZGEEA=aKQxW7NCD0A=wGhwPs3gDEA=sDkCdUS5CUA=6I6T4/UYBkA=YHS6AGUnAkA=gOrckBwT/T8=0FkskRI+9z8=MAqjhAJu8z8=oKedRF+l8T8=IDqaAguT8j8=0KLenygO9j8=4NSLCHGv+z8=COSQW8toAUA=AGkVJy6IBUA=KA3Wti30CUA=MBcWqW89DkA=ECKaLgQPEUA=NGdg0MnKEkA=JOsfMBNDFEA=Enaso/dkFUA=aoKI4ohBFkA=aHMjWUb4FkA=xkKyKP+XF0A=1BN0kfocGEA=pLKDonSoGEA=pGjDbctKGUA=IJUDoDweGkA=poXvsBoBG0A=TFMTSgwKHEA=/lOSGJVDHUA=9Dz/O26cHkA=9pUg6wvxH0A=/ziYuVWtIEA=pU7evvBlIUA=3MiPac0gIkA=rbRDrpbMIkA=X4S42VB4I0A=J8gWu0YlJEA=ICCcvh/LJEA=cNyDyMtnJUA=Fqrl+t0DJkA=DrTakNejJkA=x5Pv93E2J0A=UeH04T29J0A=fulLol40KEA=3IdOUoaYKEA=NW/R7fPQKEA=UBFcn9LWKEA=v8gz4tmsKEA=ypUvthVFKEA=6GvXaVCEJ0A=M3QvY2JyJkA=M0LIW6QRJUA=lnrfkm9mI0A=iNViHUtvIUA=5sOu+zudHkA=QgFIrcQwGkA=+KljSDrDFUA=aH7qlMtxEUA=wBPaYnIVC0A=wMz1V99vBEA=EHSlYi05/j8=kCeK7tFD9j8=ILL0fsfK8T8=oGj+5M6v8D8=INxCkXKK8j8=IKIRhyb89j8=sOJLmiRJ/j8=OIlFnmoSBEA=gIFU5J7yCUA=gGh40t1bEEA=wKqzxFUnFEA=6s7el/ZFGEA=jOy5HauDHEA=Tj2qv2ZnIEA=EnHrMm+FIkA=nHj4VByGJEA=s9L6iLJGJkA=XhvfPYLDJ0A=uwnxh37mKEA=fIFdXYemKUA=qNqqwizvKUA=AQAHneTQKUA=CwS8BKtQKUA=QaXtAuh1KEA=+1SHi8pHJ0A=jQsBIf3hJUA=FVN7LoNWJEA=RgD5ceqsIkA=B2buzKr1IEA=thwwSzGLHkA=7mfEnTJJG0A=aN/P5M4jGEA=Vma6uSslFUA=YO4ZlsZoEkA=yLtfZjvcD0A=UFW/PYFeC0A=WO/cgpBeB0A=aPl1wQEIBEA=sAD16j9rAUA=sAdms3LW/j8=cO7RCOR1/D8=oNvPoGrl+z8=8MdGUYA3/T8=IHCnd9bx/z8=0NWibgkzAkA=AAg2+yROBUA=mGSyogZYCUA=QJ4sIcgRDkA=vOvv7f7aEUA=KFbU02wuFUA=6Cid8nH6GEA=bNAUzGkmHUA=9WUpoGzdIEA=Dxku1kxRI0A=Rb0XmefZJUA=gS2Ht69cKEA=Pb8v/orLKkA=PYGcp6QJLUA=PNSBHtD0LkA=izSaaNM4MEA=I984JMq6MEA=iBb5sx/2MEA=L1oa1cbjMEA=186xeDSEMEA=bOBxW8G2L0A=k5O7ww/mLUA=cOPSHeGVK0A=glIDTOXmKEA=JyZUu2b0JUA=0SwAXGXaIkA=MEqXJ0NRH0A=ODMjAhL9GEA=WNpI96zpEkA=aB6vMk9+CkA=kIGS3e8EAEA=wPjHyJ3/6j8=gHamDHpswr8=QH0hQqL17r8=cIN8yF5/+r8=GE/UjE6PAcA=EJYIh7rYBMA=GFyR3lNgB8A=IBeOTqh+CcA=2FM0ss46C8A=mEbQop2jDMA=8EFbY/XuDcA=GKtnff4uD8A=MNn5R68TEMA=XDE1NgZREMA=ENN+kNFhEMA=WHazWho0EMA=QDZOopBMD8A=uEjmMgdQDcA=yIEcF/OOCsA=cLOtRZnxBsA=sHlOBpdNAsA=AB7IUhxa+b8=wHS7sAuC6b8=AEvw8CPytT8=8K3MhIOw8D8=MHEpMGhQAEA=0CZwqb4WCEA=wJ1/G8CeD0A=0OIvGEQ/E0A=4pO1sW8yFkA=ZkZz0pRpGEA=ALH4ysHmGUA=MKjAecWXGkA=erkIhf9zGkA=xoWhXUpzGUA=tHx68srAF0A=tuiwu8GPFUA=aIA/bJX8EkA=rGTVRTAzEEA=kASIYV8KC0A=GCBzljxEBkA=iO8lCNFTAkA=QOqlR670/j8=YMTiHebo+z8=YCoMQO2O+z8=kB7zC31g/T8=WOT9r4+IAEA=qKgXK4tJA0A=GL196e+QBkA=sK3Lf9/fCUA=CJHI49g0DUA=+EqyV6M4EEA=kBsan2G6EUA=tHK5uOj2EkA=fKt1Vm8GFEA=7ChETIvoFEA=Ru1/Kr+cFUA=RuM3KH8GFkA=Alq9zA5LFkA=WL9fUoh4FkA=pIqLG1yIFkA=PoPq/f50FkA=Am5MsMltFkA=8FOOOhdxFkA=rFmtF+FsFkA=YHZQu1VgFkA=jJUa9dNQFkA=JhXdsHAkFkA=rjdloVOfFUA=tNgN9zjCFEA=oM2f9qR4E0A=vFql5T2qEUA=QAMVOUxaDkA=kK4ddKM8CEA=8DsHpP8fAUA=0FzEAnKT8j8=AN95RsMZvT8=oIxqzc5y7b8=QINtoe8W/r8=qLw6fvGWBcA=YLzCyyOnCsA=4PZNPbWZDcA=wK1FVKkrDsA=+MlmHuwxDMA=aLSTkG/xB8A=kHLxvWRTAcA=kPXNMInV8b8=AHQFSspluT8=4KbBnygw9j8=QPOUURVzBUA=COvF5W4nD0A=BJF4fsvWE0A=/iBrn/lPF0A=vpeGmaj8GUA=ythdTUTVG0A=lvaOqFTZHEA=ePVt9WdOHUA=km6jcvZkHUA=lipY6SZdHUA=htQv8h5VHUA=hMFUTTWOHUA=wrbHnLMdHkA=tnL7IhAcH0A=C+tjzI4xIEA=9oMV5tP7IEA=FIEtsRPbIUA=8YPQOsO6IkA=BVdiYVR6I0A=Si/KzBsXJEA=m/54rOiHJEA=iHryZb3CJEA=D/5nfBLCJEA=zk1mOPeXJEA=tda4p8lSJEA=y+DnM3f4I0A=lL92p3GbI0A=6IcWNN1OI0A=EImC+ucjI0A=y7CArxAeI0A=xzlD4fg+I0A=qG/XVM2PI0A=IQnmCr8UJEA=fOmBXR64JEA=62dJyuh4JUA=oC8DCRZQJkA=4Ge2lOUyJ0A=zTa9mcwHKEA=DzBj+MDKKEA=gSXZoZdxKUA=j1rhYKT1KUA=CBAQjvc5KkA=kegxGcdHKkA=6rZk0F0VKkA=SC7cbgGgKUA=WwLfsO7fKEA=7RItNnnjJ0A=9RySQfKvJkA=0zx99q1SJUA=aG8/7dDUI0A=Vgv8/X5RIkA=02hC0AvhIEA=KOA4NlgYH0A=0OMMuSDCHEA=PtKanEzqGkA=FIAbjJahGUA=0mUl1/nNGEA=5j1kPjRtGEA=8n8FAAJxGEA=YK+JTnnBGEA=RiuEh4ckGUA=EH+IGpWGGUA=thl+ipLPGUA=tsgjSJbpGUA=gCtpXZasGUA=pCEoLkoaGUA=sLQbfOBIGEA=xizKjRxOF0A=5pNTHZ4uFkA=hC9C/TUZFUA=TNZMnko/FEA=FGn/fdK/E0A=TMArXwGqE0A=bB0vfCoeFEA=kEAbINsgFUA=BLjBuCGrFkA=0PVChOuSGEA=uE90mX/PGkA=Sn0I1bdKHUA=FL+Wb/PJH0A=W8SB0w4VIUA=wl4Si+4zIkA=ZETTVfE5I0A=MctWOq0TJEA=dhA4cv69JEA=thj6XCNAJUA=7yN3dYCYJUA=/KuvOCC4JUA=LmV/lxKmJUA=laHFyPNrJUA=E4yo6GkKJUA=N+pzMpp3JEA=uoWH4QTHI0A=J868/2sII0A=y3wWqKlIIkA=dVxEnTSIIUA=07WuM3bhIEA=e0AbvjVkIEA=8BcMUEUXIEA=4u5xJ2DhH0A=vmmELYT6H0A=5HYJrGA3IEA=rAsRsVCHIEA=LwxAW/7XIEA=7tlnkUUoIUA=B6PB7wBmIUA=vf3km+N1IUA=0OIX2G9SIUA=1HC8WVL4IEA=QN6pd1JeIEA=Rt89HifsHkA=KvYiqzeEHEA=lBIV26qNGUA=1l4Sv0AIFkA=bF9Q1HTpEUA=8LIq8QSfCkA=EBns15y5AEA=wEdytwna6T8=YFHLhoAD4L8=MKhjFN3i+78=kMdCQQHrBsA=6ExSGdVlDsA=YE7rVtgLEsA=QKFS3vOxE8A=+CFzl/v5E8A=1NUzi57jEsA=FG4gFT6JEMA=cPTMzwC/CcA=cLwf0/c9AMA=gD9yx+ie5L8=wD5QpHF56z8=WMnLaJRqA0A=OAIupF/HD0A=boG1XKqoFUA=hoJrcLu+GkA=VugfuiofH0A=h1ryKP9TIUA=+0xdJHGdIkA=LiBwnNJzI0A=zN0osvvoI0A=xDh6Pf4OJEA=bC6qamjoI0A=iTEfQCWUI0A=/J7Ces8sI0A=0IagZvXBIkA=5DFrN7JUIkA=q7kg148DIkA=lxhfg27UIUA=VXiDxfjJIUA=0JiDPTTVIUA=SIHQaXH9IUA=+4Ffnqk6IkA=2657vBh2IkA=wj26TAKaIkA=NZWwMpSmIkA=xnAbKkqNIkA=aDWNqRo+IkA=G9IzCL+2IUA=hzQ1zj0FIUA=zduX94ExIEA=Ap9cuwp9HkA=YsTWP25pHEA=JPaA/A5JGkA=Qqykhuw3GEA=pBR5oQUhFkA=QPoLiScPFEA=LDVYJGz8EUA=IFCpQoyxD0A=SEY1HJn4CkA=UAzI+FDVBUA=oEJw4PJaAEA=YKz4cdog9T8=gH6+kUI44T8=gCvp3D0T0L8=oGjlK2cd8L8=4Ix2Bggw+78=CHw9X1iKAsA=8Kkqy61dBsA=sO+gxRr2CMA=wCdsxlAmCsA=cGFuAVNICsA=YPf3EDs+CcA=mFw2JnY/B8A=6KxZXZ26BMA=MNewRKwoAsA=oK33m1V6/78=4I2enYyu+78=gEA3aoei+b8=QBltwCCc+b8=MO4OUOZk+78=MDFYQeZ3/r8=yNr78cmGAcA=eEIQ2osWBMA=iMXWfYmLBsA=MGJzHHWDCMA=sGxsh2vsCcA=+BXdeXx4CsA=wBbjSA3tCcA=UDipYW4/CMA=KDbFdT/BBcA=2HTs8ddTAsA=wN9qcZY6/L8=4IMRA3LE8r8=AMk+L1sO4r8=AEJqhKimsD8=wMdRvmhx5j8=8B0SemYs9T8=AEZ9pKJQ/j8=OLYxYZ5mA0A=wOaaWxNNB0A=OK8EHNG0CkA=KGQmZZZ3DUA=qEAVAhLGD0A=3CMKQ57DEEA=3MSC4I44EUA=wEq2Fek0EUA=dIErXEzJEEA=UENkRv3VD0A=aG/g1p/2DEA=MFEZpPTuCEA=oE/p4I8cBEA=YPtOTAM8/T8=8FKc/oTO8D8=gOAKN7+tzz8=QBzwKZRB4b8=ACMU4EYH9L8=gAv4zwwX/r8=KHlbYQnqAsA=mIsctEdVBcA=IJAwafE+BsA=oKf+OWjlBcA=EE4qL/IGBMA=gGBctsbeAMA=cIDFMH93+b8=QMAI2ty0778=wIowP0Vz1L8=AOz6WzHz2T8=0E+mLQ1j8j8=0DLqkzI3/j8=WG0CARccBUA=aMW7GvEmC0A=3E/XqeSMEEA=hIr4JW9zE0A=uMO6VU9aFkA=xPbrgxYpGUA=zkR1N1+qG0A=iEXHPrTgHUA=buW7Doq1H0A=9AIUv3mFIEA=3baEUYHWIEA=CRCMWzTTIEA=60K6jct4IEA=rOvU6CaUH0A=5CMC6i+JHUA=hJ4qE94CG0A=bqXCp9MhGEA=nsVcqVkVFUA=aD5b9vHiEUA=cNa6YgLBDUA=IMa6eRZvCEA=QIqI57ERBEA=eBfiHIPRAEA=gJZj/gM3/j8=oG+r6Sn4/T8=EKTKAeldAEA=ONL2io0GA0A=+BTBStYBB0A=oBWqhVkbDEA=nA+eQt7dEEA=hKX6AjnOE0A=OLd/JrDDFkA=AKGHcSqLGUA=LNHqbzryG0A=INIT8QnyHUA=IInerauHH0A=ggRBLvBbIEA=Lrj2+jq3IEA=+4KRfZroIEA=r2e4JAD9IEA=HflYMDz9IEA=cVew3M3wIEA=4Dwg1wnuIEA=qG6fXeb9IEA=lsDphzUxIUA=fj3c+l2EIUA=zH7OmcQJIkA=oMU6G4e8IkA=f9LFhPKXI0A=NE8i8mqJJEA=FEC0OKqOJUA=2EsqSIiYJkA=ubLoUMqGJ0A=KqvpP25HKEA=No29eIbRKEA=5BU4k7QbKUA=ri5yDb4XKUA=btHvFnHOKEA=ZZAzKHxIKEA=zd2oJviWJ0A=f0Yrpp3AJkA=JoueNMnbJUA=POtgnNL5JEA=o/zIoh0pJEA=oT/mgJxaI0A=zj11bu2bIkA=4Hn5hbzlIUA=Rovnw6QwIUA=nLZwcmtjIEA=EFPc+l8FH0A=2MsNeVkRHUA=piZUKWD0GkA=bJSlkS+YGEA=6Gq3724rFkA=XAvu5SXdE0A=NDlOv63FEUA=WKuLsiXSD0A=mFbCJO8RDUA=CMpUT1pYC0A=SCvVatOTCkA=CFCgrVipCkA=QAlAsEiSC0A=ePBzMxAqDUA=AIiSQ2oHD0A=3L5SrTN/EEA=5BafyiJ+EUA=THG685lzEkA=rM/rX/I/E0A=1FyyFLftE0A=kK0kgGKJFEA=lMtTqUQoFUA=Fhh4wtK9FUA=cPuKOk5wFkA=bAVWBPNNF0A=rFKaVUpeGEA=yO3PG+6GGUA=VLeRP2nSGkA=PHeMb4BBHEA=UqvTH2i7HUA=cEAimGYLH0A=q+QnvVgeIEA=tEPaUvCiIEA=eveJCvUHIUA=Cx66YXpEIUA=L0mJMp9mIUA=1hu45idyIUA=Sg18FUxnIUA=I25BMulLIUA=FrVlVso8IUA=qvOT/EBFIUA=TPr11spfIUA=fjNXkPSeIUA=n8hXf6UKIkA=K4bSSbGlIkA=vZb8t71aI0A=pHyNaCspJEA=hByRre4JJUA=By08U9TwJUA=JMA9Saa9JkA=CPjSBVNuJ0A=7a2xHnb8J0A=c87h0LdjKEA=ayfoeuWTKEA=rUmCyWSeKEA=gKwqqPCOKEA=1EAVR4ZvKEA=0jmrj80/KEA=y2K3sNcgKEA=piSxlVYhKEA=C7l2UfdHKEA=EW2MMh2VKEA=C54Tq9USKUA=12GsFqG9KUA=zS1oMkB+KkA=KGAj4Zk+K0A=kNdYA//zK0A=av6AUQSDLEA=7tSWjvzELEA=KIwMJHCtLEA=kko/E+s2LEA=gterxKNZK0A=UoYxYZ0IKkA=umk28a9cKEA=Z1qpDAVvJkA=qQE1VdNYJEA=eacYV1whIkA=/sEuXvPmH0A=bAJvZ93VG0A=BD6Hqno2GEA=9F0RsgEOFUA=qNTYF2KREkA=WMeVxDLMEEA=2E8L7ZNlD0A=oD7MPM9UDkA=SGEyx0WNDkA=8HOgEqj8D0A=/FGJogUnEUA=3APF19WxEkA=aLwdaWehFEA=+sP68gXdFkA=biHcOt87GUA=vNMl846sG0A=sv77AAY2HkA=VKIleaddIEA=yo//S5OMIUA=DSvI5hOnIkA=a/sQPqqqI0A=kL1Y77qPJEA=EVoLcd5HJUA=erFrHBLYJUA=UU0vI1RDJkA=ma+gEy+MJkA=y/u1Nw6kJkA=kEKxx6GcJkA=9M/jgi18JkA=xidEiiRIJkA=bBftJVgDJkA=vfvPCaS9JUA=TkPUKc6DJUA=4S6f8QVeJUA=zdkURxBIJUA=xxu56MRYJUA=h/cRVrWWJUA=PWepd7X9JUA=FtJzmPaHJkA=98eFUxo9J0A=6HUXCIcXKEA=BVw/u/kAKUA=a3xNrQ/uKUA=plmuQtDZKkA=qsVfwJm3K0A=6LZXpYtwLEA=fvUxA0QDLUA=ikJDCa1yLUA=PJPg67q7LUA=wighv+7ZLUA=ms8P0jbTLUA=AJnR2j6xLUA=qI/h/1B0LUA=SOKAyBIMLUA=0iyhUfN6LEA=pmEOuSzAK0A=uFEL7KvMKkA=Wytmtb2GKUA=ebx7DMfwJ0A=yjqiZM4DJkA=l+q8VsS5I0A=ZFR9cQMPIUA=Cq27RD48HEA=bMLhD6X1FUA=IKtrDDTsDkA=mGQlpJniAUA=QPkbRLLR5T8=gBWpX4IO578=cH8L7Mj9/r8=sM8S1O92B8A=EBI3+/tgDcA=3AghxoWOEMA=HKmNQxaKEcA=/KeUrVG6EcA=lMt+EDxGEcA=JGbhac5mEMA=kDOo6OzIDsA=4FQR7H7eDMA=ADyGZj1SC8A=wAjNZZVOCsA=GP52Yq49CsA=qOukJ/LsCsA=6CFcXXpLDMA=ANZsLeMjDsA=jF/0FoM4EMA=GJE1RwlhEcA=cFbHtWZlEsA=AExhFtspE8A=uO+MPP6nE8A=nMZhQYGsE8A=VJkNiVM1E8A=IFQZ2nZIEsA=xEkLM1n9EMA=APMyyb+LDsA=uB1sPBykCsA=+LqeAeOKBsA=qHICMzCMAsA=4KNsmz9+/b8=kHkeQHqQ9r8=MDv1SlTh8L8=YIzeoBj36L8=wLLCYE6l4b8=AMw4rkiD1r8=gOgrXRVbyb8=AEIqQo6ao78=gKyGsubcwz8=wNe+StTr2D8=4KE0rH535D8=4JELaOLn7T8=wHETgm859D8=4CBDXImK+T8=UDA2SpYh/j8=wB1Hnw72AEA=QBlOS8E1AkA=uGiXSbeFAkA=QIhzJQeTAUA=wPA7yPS//j8=wDEtHZWv9z8=4Bx/f6vy6j8=AMD96Nldfj8=4MbWU6Pk778=QOuwausuAcA=QGKLGjyCC8A=kPBHwPRRE8A=hJgj7KgAGcA=zIXlSAeYHsA=0ATdpDgCIsA=0NzB+j93JMA=RhM3u2aQJsA=Lv0vv7E1KMA=OhrCIeNfKcA=Rq25iGjyKcA=xt72EvLjKcA=opWU2rUuKcA=OjvIN1HkJ8A=sre81Q71JcA=YtYKNLlyI8A=NJRgNmJrIMA=AMaL+/btGcA=kMbk0bMwEsA=cKVSU0nDA8A=wE/eh0DQ078=sDkPzWHQ/T8=3P8NA28EEEA=EBLh5EYeGEA=9iM7xDB2H0A=QxRYEqXkIkA=JbHEUnN/JUA=UpBQYC96J0A=</Curve>
      </DataCurves>
    </Measurement>
  </Data>
</ESRXmlFile>